time -o output/fe_sphere-h-0.55-g-0.007812023206493102-t-30m.out.time timeout 30m cmake-build-debug/a.out -f graphs/fe_sphere.graph --ignore-multi -r 0 -s --H_phi=0.55 --G_phi=0.007812023206493102 --vol 0.1 -o output/fe_sphere-h-0.55-g-0.007812023206493102-t-30m.ptn >> output/fe_sphere-h-0.55-g-0.007812023206493102-t-30m.outReading graph from graphs/fe_sphere.graph
Reading a graph with V 16386E 49152
49152
16386
H expansion: 0, num cross: 0
H conductance: -nan, num cross: 0
H_single expansion: 0, num cross: 0
H_single conductance: -nan, num cross: 0
Cap 1 ... flow: 23197 (0.976182 s)
Cap 2 ... flow: 24576 (0.811124 s)
Flow search took (seconds) 1.79503
SUBG cut conductance: 0.142234
SUBG cut minside volume 42620
SUBG cut maxside volume 55684
== End round 0 ==
H expansion: 0.24707, num cross: 6072
H conductance: 0.24707, num cross: 6072
H_single expansion: 0.24707, num cross: 6072
H_single conductance: 0.24707, num cross: 6072
Cap 1 ... flow: 22455 (0.916046 s)
Cap 2 ... flow: 24576 (1.08888 s)
Flow search took (seconds) 2.01197
SUBG cut conductance: 0.143194
SUBG cut minside volume 44108
SUBG cut maxside volume 54196
== End round 1 ==
H expansion: 0.537923, num cross: 13220
H conductance: 0.268962, num cross: 13220
H_single expansion: 0.53064, num cross: 13041
H_single conductance: 0.269481, num cross: 13041
Cap 1 ... flow: 21555 (0.941509 s)
Cap 2 ... flow: 24212 (0.947269 s)
Cap 4 ... flow: 24576 (0.958816 s)
Flow search took (seconds) 2.85518
SUBG cut conductance: 0.0204217
SUBG cut minside volume 30164
SUBG cut maxside volume 68140
== End round 2 ==
H expansion: 0.852051, num cross: 20940
H conductance: 0.284017, num cross: 20940
H_single expansion: 0.836589, num cross: 20560
H_single conductance: 0.287047, num cross: 20560
Cap 1 ... flow: 20379 (0.880047 s)
Cap 2 ... flow: 23607 (1.35184 s)
Cap 4 ... flow: 24576 (1.38058 s)
Flow search took (seconds) 3.62184
SUBG cut conductance: 0.0269884
SUBG cut minside volume 44760
SUBG cut maxside volume 53544
== End round 3 ==
H expansion: 1.20296, num cross: 29564
H conductance: 0.300741, num cross: 29564
H_single expansion: 1.17122, num cross: 28784
H_single conductance: 0.304277, num cross: 28784
Cap 1 ... flow: 19567 (0.915554 s)
Cap 2 ... flow: 22979 (1.16131 s)
Cap 4 ... flow: 24401 (3.17894 s)
Cap 8 ... flow: 24576 (1.37364 s)
Flow search took (seconds) 6.64554
SUBG cut conductance: 0.0217476
SUBG cut minside volume 15358
SUBG cut maxside volume 82946
== End round 4 ==
H expansion: 1.55013, num cross: 38096
H conductance: 0.310026, num cross: 38096
H_single expansion: 1.49719, num cross: 36795
H_single conductance: 0.314721, num cross: 36795
Cap 1 ... flow: 18574 (1.04028 s)
Cap 2 ... flow: 22100 (0.961434 s)
Cap 4 ... flow: 24401 (0.678885 s)
Cap 8 ... flow: 24576 (0.553247 s)
Flow search took (seconds) 3.24206
SUBG cut conductance: 0.0401208
SUBG cut minside volume 4636
SUBG cut maxside volume 93668
== End round 5 ==
H expansion: 1.90145, num cross: 46730
H conductance: 0.316908, num cross: 46730
H_single expansion: 1.8186, num cross: 44694
H_single conductance: 0.322151, num cross: 44694
Cap 1 ... flow: 17677 (1.2983 s)
Cap 2 ... flow: 21313 (1.37838 s)
Cap 4 ... flow: 23830 (1.28417 s)
Cap 8 ... flow: 24576 (1.03709 s)
Flow search took (seconds) 5.00749
SUBG cut conductance: 0.0206782
SUBG cut minside volume 31434
SUBG cut maxside volume 66870
== End round 6 ==
H expansion: 2.28662, num cross: 56196
H conductance: 0.32666, num cross: 56196
H_single expansion: 2.16715, num cross: 53260
H_single conductance: 0.331112, num cross: 53260
Cap 1 ... flow: 17372 (1.25283 s)
Cap 2 ... flow: 20596 (1.32587 s)
Cap 4 ... flow: 23122 (1.6446 s)
Cap 8 ... flow: 24576 (1.27243 s)
Flow search took (seconds) 5.50662
SUBG cut conductance: 0.018784
SUBG cut minside volume 46742
SUBG cut maxside volume 51562
== End round 7 ==
H expansion: 2.63395, num cross: 64732
H conductance: 0.329244, num cross: 64732
H_single expansion: 2.48039, num cross: 60958
H_single conductance: 0.334005, num cross: 60958
Cap 1 ... flow: 16552 (1.17362 s)
Cap 2 ... flow: 19894 (1.08732 s)
Cap 4 ... flow: 22933 (1.41731 s)
Cap 8 ... flow: 24576 (1.08988 s)
Flow search took (seconds) 4.7788
SUBG cut conductance: 0.0218394
SUBG cut minside volume 47712
SUBG cut maxside volume 50592
== End round 8 ==
H expansion: 2.96956, num cross: 72980
H conductance: 0.329952, num cross: 72980
H_single expansion: 2.7795, num cross: 68309
H_single conductance: 0.334577, num cross: 68309
Cap 1 ... flow: 15944 (1.02141 s)
Cap 2 ... flow: 18580 (1.06178 s)
Cap 4 ... flow: 20868 (1.19303 s)
Cap 8 ... flow: 23233 (2.08787 s)
Cap 16 ... flow: 24576 (0.938622 s)
Flow search took (seconds) 6.31543
SUBG cut conductance: 0.0135979
SUBG cut minside volume 41624
SUBG cut maxside volume 56680
== End round 9 ==
H expansion: 3.4091, num cross: 83782
H conductance: 0.34091, num cross: 83782
H_single expansion: 3.16597, num cross: 77807
H_single conductance: 0.345319, num cross: 77807
Cap 1 ... flow: 15962 (1.33158 s)
Cap 2 ... flow: 18580 (1.22653 s)
Cap 4 ... flow: 21285 (1.19912 s)
Cap 8 ... flow: 24324 (2.09056 s)
Cap 16 ... flow: 24576 (0.935196 s)
Flow search took (seconds) 6.80051
SUBG cut conductance: 0.032737
SUBG cut minside volume 5254
SUBG cut maxside volume 93050
== End round 10 ==
H expansion: 3.47493, num cross: 85400
H conductance: 0.315903, num cross: 85400
H_single expansion: 3.22021, num cross: 79140
H_single conductance: 0.321224, num cross: 79140
Cap 1 ... flow: 14201 (1.20479 s)
Cap 2 ... flow: 16504 (1.38031 s)
Cap 4 ... flow: 18972 (1.59829 s)
Cap 8 ... flow: 21965 (1.61933 s)
Cap 16 ... flow: 24576 (2.04333 s)
Flow search took (seconds) 7.8575
SUBG cut conductance: 0.013845
SUBG cut minside volume 36114
SUBG cut maxside volume 62190
== End round 11 ==
H expansion: 3.96899, num cross: 97542
H conductance: 0.33075, num cross: 97542
H_single expansion: 3.65674, num cross: 89868
H_single conductance: 0.335732, num cross: 89868
Cap 1 ... flow: 14555 (1.34478 s)
Cap 2 ... flow: 16615 (1.32765 s)
Cap 4 ... flow: 19400 (1.58303 s)
Cap 8 ... flow: 22854 (2.07055 s)
Cap 16 ... flow: 24576 (1.16486 s)
Flow search took (seconds) 7.50333
SUBG cut conductance: 0.0103157
SUBG cut minside volume 47888
SUBG cut maxside volume 50416
== End round 12 ==
H expansion: 3.98291, num cross: 97884
H conductance: 0.306378, num cross: 97884
H_single expansion: 3.65491, num cross: 89823
H_single conductance: 0.309776, num cross: 89823
Cap 1 ... flow: 12632 (1.41807 s)
Cap 2 ... flow: 14135 (1.41154 s)
Cap 4 ... flow: 16169 (1.61026 s)
Cap 8 ... flow: 19361 (2.01693 s)
Cap 16 ... flow: 23902 (2.46549 s)
Cap 32 ... flow: 24576 (0.559153 s)
Flow search took (seconds) 9.49433
SUBG cut conductance: 0.0138139
SUBG cut minside volume 32576
SUBG cut maxside volume 65728
== End round 13 ==
H expansion: 4.30916, num cross: 105902
H conductance: 0.307797, num cross: 105902
H_single expansion: 3.95475, num cross: 97192
H_single conductance: 0.312049, num cross: 97192
Cap 1 ... flow: 12672 (1.36429 s)
Cap 2 ... flow: 14056 (1.39586 s)
Cap 4 ... flow: 15947 (1.25653 s)
Cap 8 ... flow: 18508 (1.52344 s)
Cap 16 ... flow: 22412 (2.85095 s)
Cap 32 ... flow: 24576 (1.34015 s)
Flow search took (seconds) 9.74453
SUBG cut conductance: 0.012642
SUBG cut minside volume 37336
SUBG cut maxside volume 60968
== End round 14 ==
H expansion: 4.86532, num cross: 119570
H conductance: 0.324354, num cross: 119570
H_single expansion: 4.45471, num cross: 109479
H_single conductance: 0.32919, num cross: 109479
Cap 1 ... flow: 13258 (1.32202 s)
Cap 2 ... flow: 14407 (1.39066 s)
Cap 4 ... flow: 15888 (1.79375 s)
Cap 8 ... flow: 18333 (2.46563 s)
Cap 16 ... flow: 22620 (3.34442 s)
Cap 32 ... flow: 24576 (0.505181 s)
Flow search took (seconds) 10.8374
SUBG cut conductance: 0.0155531
SUBG cut minside volume 28676
SUBG cut maxside volume 69628
== End round 15 ==
H expansion: 5.60319, num cross: 137704
H conductance: 0.350199, num cross: 137704
H_single expansion: 5.1344, num cross: 126183
H_single conductance: 0.354952, num cross: 126183
Cap 1 ... flow: 14419 (1.09922 s)
Cap 2 ... flow: 15891 (1.09596 s)
Cap 4 ... flow: 18049 (1.13497 s)
Cap 8 ... flow: 20986 (1.07594 s)
Cap 16 ... flow: 24576 (1.15627 s)
Flow search took (seconds) 5.5761
SUBG cut conductance: 0.019867
SUBG cut minside volume 24664
SUBG cut maxside volume 73640
== End round 16 ==
H expansion: 5.27482, num cross: 129634
H conductance: 0.310284, num cross: 129634
H_single expansion: 4.82442, num cross: 118565
H_single conductance: 0.314497, num cross: 118565
Cap 1 ... flow: 12035 (1.33506 s)
Cap 2 ... flow: 13127 (1.45085 s)
Cap 4 ... flow: 14743 (1.54755 s)
Cap 8 ... flow: 17085 (1.71862 s)
Cap 16 ... flow: 20987 (1.94287 s)
Cap 32 ... flow: 24576 (1.59983 s)
Flow search took (seconds) 9.60788
SUBG cut conductance: 0.0116953
SUBG cut minside volume 36596
SUBG cut maxside volume 61708
== End round 17 ==
H expansion: 5.7876, num cross: 142236
H conductance: 0.321533, num cross: 142236
H_single expansion: 5.26595, num cross: 129416
H_single conductance: 0.323997, num cross: 129416
Cap 1 ... flow: 12338 (1.41831 s)
Cap 2 ... flow: 13099 (1.40741 s)
Cap 4 ... flow: 14093 (1.56655 s)
Cap 8 ... flow: 15921 (1.98693 s)
Cap 16 ... flow: 19478 (3.38645 s)
Cap 32 ... flow: 24576 (1.8968 s)
Flow search took (seconds) 11.6793
SUBG cut conductance: 0.0089502
SUBG cut minside volume 48714
SUBG cut maxside volume 49590
== End round 18 ==
H expansion: 6.40934, num cross: 157516
H conductance: 0.337334, num cross: 157516
H_single expansion: 5.85136, num cross: 143803
H_single conductance: 0.340141, num cross: 143803
Cap 1 ... flow: 13167 (1.5758 s)
Cap 2 ... flow: 14189 (1.5647 s)
Cap 4 ... flow: 15650 (1.83167 s)
Cap 8 ... flow: 17508 (2.49626 s)
Cap 16 ... flow: 21016 (4.49986 s)
Cap 32 ... flow: 24576 (1.4853 s)
Flow search took (seconds) 13.4688
SUBG cut conductance: 0.0117209
SUBG cut minside volume 37028
SUBG cut maxside volume 61276
== End round 19 ==
H expansion: 6.46444, num cross: 158870
H conductance: 0.323222, num cross: 158870
H_single expansion: 5.91231, num cross: 145301
H_single conductance: 0.327381, num cross: 145301
Cap 1 ... flow: 12819 (1.15402 s)
Cap 2 ... flow: 13522 (1.19067 s)
Cap 4 ... flow: 14520 (1.21986 s)
Cap 8 ... flow: 16403 (1.41929 s)
Cap 16 ... flow: 20078 (2.22692 s)
Cap 32 ... flow: 24576 (1.39588 s)
Flow search took (seconds) 8.61961
SUBG cut conductance: 0.011662
SUBG cut minside volume 38930
SUBG cut maxside volume 59374
== End round 20 ==
H expansion: 7.74292, num cross: 190290
H conductance: 0.36871, num cross: 190290
H_single expansion: 7.06527, num cross: 173636
H_single conductance: 0.37188, num cross: 173636
Cap 1 ... flow: 14993 (1.08754 s)
Cap 2 ... flow: 15891 (1.20381 s)
Cap 4 ... flow: 16931 (1.3546 s)
Cap 8 ... flow: 18886 (2.42985 s)
Cap 16 ... flow: 22499 (4.50696 s)
Cap 32 ... flow: 24576 (1.43143 s)
Flow search took (seconds) 12.0283
SUBG cut conductance: 0.00892748
SUBG cut minside volume 49062
SUBG cut maxside volume 49242
== End round 21 ==
H expansion: 5.20898, num cross: 128016
H conductance: 0.236772, num cross: 128016
H_single expansion: 4.78097, num cross: 117497
H_single conductance: 0.240259, num cross: 117497
Cap 1 ... flow: 8316 (1.41756 s)
Cap 2 ... flow: 8925 (1.6793 s)
Cap 4 ... flow: 9937 (1.76374 s)
Cap 8 ... flow: 11805 (2.80105 s)
Cap 16 ... flow: 15422 (4.68225 s)
Cap 32 ... flow: 22478 (4.37971 s)
Cap 64 ... flow: 24576 (1.39653 s)
Flow search took (seconds) 18.1345
SUBG cut conductance: 0.00891667
SUBG cut minside volume 48000
SUBG cut maxside volume 50304
== End round 22 ==
H expansion: 8.62337, num cross: 211928
H conductance: 0.374929, num cross: 211928
H_single expansion: 7.87215, num cross: 193466
H_single conductance: 0.378236, num cross: 193466
Cap 1 ... flow: 14721 (1.08528 s)
Cap 2 ... flow: 15613 (1.13952 s)
Cap 4 ... flow: 16806 (1.27518 s)
Cap 8 ... flow: 18979 (1.6463 s)
Cap 16 ... flow: 22456 (2.24306 s)
Cap 32 ... flow: 24576 (1.51708 s)
Flow search took (seconds) 8.91809
SUBG cut conductance: 0.0117395
SUBG cut minside volume 36458
SUBG cut maxside volume 61846
== End round 23 ==
H expansion: 7.0577, num cross: 173450
H conductance: 0.294071, num cross: 173450
H_single expansion: 6.48027, num cross: 159259
H_single conductance: 0.298983, num cross: 159259
Cap 1 ... flow: 10070 (1.13211 s)
Cap 2 ... flow: 10703 (1.28 s)
Cap 4 ... flow: 11745 (1.28582 s)
Cap 8 ... flow: 13648 (1.65141 s)
Cap 16 ... flow: 17353 (1.97315 s)
Cap 32 ... flow: 24306 (2.13606 s)
Cap 64 ... flow: 24576 (0.55031 s)
Flow search took (seconds) 10.0228
SUBG cut conductance: 0.00887134
SUBG cut minside volume 47118
SUBG cut maxside volume 51186
== End round 24 ==
H expansion: 5.69621, num cross: 139990
H conductance: 0.227848, num cross: 139990
H_single expansion: 5.28617, num cross: 129913
H_single conductance: 0.234381, num cross: 129913
Cap 1 ... flow: 7038 (1.51669 s)
Cap 2 ... flow: 7549 (1.77808 s)
Cap 4 ... flow: 8450 (1.8759 s)
Cap 8 ... flow: 10179 (2.39091 s)
Cap 16 ... flow: 13572 (2.8747 s)
Cap 32 ... flow: 20111 (3.44116 s)
Cap 64 ... flow: 24576 (1.36262 s)
Flow search took (seconds) 15.2599
SUBG cut conductance: 0.00817494
SUBG cut minside volume 48930
SUBG cut maxside volume 49374
== End round 25 ==
H expansion: 9.90299, num cross: 243376
H conductance: 0.380884, num cross: 243376
H_single expansion: 9.06205, num cross: 222709
H_single conductance: 0.385973, num cross: 222709
Cap 1 ... flow: 14647 (1.07713 s)
Cap 2 ... flow: 15456 (1.2564 s)
Cap 4 ... flow: 16418 (1.38604 s)
Cap 8 ... flow: 18200 (2.16239 s)
Cap 16 ... flow: 21467 (3.08976 s)
Cap 32 ... flow: 24576 (1.64601 s)
Flow search took (seconds) 10.6344
SUBG cut conductance: 0.00901866
SUBG cut minside volume 44796
SUBG cut maxside volume 53508
== End round 26 ==
H expansion: 10.3551, num cross: 254486
H conductance: 0.383521, num cross: 254486
H_single expansion: 9.48564, num cross: 233119
H_single conductance: 0.387509, num cross: 233119
Cap 1 ... flow: 14793 (1.48211 s)
Cap 2 ... flow: 15456 (1.62601 s)
Cap 4 ... flow: 16382 (1.7795 s)
Cap 8 ... flow: 18121 (3.3233 s)
Cap 16 ... flow: 21520 (4.49446 s)
Cap 32 ... flow: 24576 (1.45557 s)
Flow search took (seconds) 14.178
SUBG cut conductance: 0.00919207
SUBG cut minside volume 45474
SUBG cut maxside volume 52830
== End round 27 ==
H expansion: 10.2556, num cross: 252042
H conductance: 0.366272, num cross: 252042
H_single expansion: 9.41215, num cross: 231313
H_single conductance: 0.371516, num cross: 231313
Cap 1 ... flow: 13644 (1.50255 s)
Cap 2 ... flow: 14333 (1.38666 s)
Cap 4 ... flow: 15366 (1.55422 s)
Cap 8 ... flow: 17329 (2.30585 s)
Cap 16 ... flow: 21171 (3.57398 s)
Cap 32 ... flow: 24576 (1.50358 s)
Flow search took (seconds) 11.8463
SUBG cut conductance: 0.00987347
SUBG cut minside volume 48210
SUBG cut maxside volume 50094
== End round 28 ==
H expansion: 12.692, num cross: 311918
H conductance: 0.437654, num cross: 311918
H_single expansion: 11.5859, num cross: 284734
H_single conductance: 0.440617, num cross: 284734
Cap 1 ... flow: 18467 (0.90346 s)
Cap 2 ... flow: 19224 (1.09703 s)
Cap 4 ... flow: 20130 (1.32693 s)
Cap 8 ... flow: 21840 (2.45092 s)
Cap 16 ... flow: 24576 (1.74563 s)
Flow search took (seconds) 7.536
SUBG cut conductance: 0.00928725
SUBG cut minside volume 45654
SUBG cut maxside volume 52650
== End round 29 ==
H expansion: 12.3123, num cross: 302586
H conductance: 0.410409, num cross: 302586
H_single expansion: 11.266, num cross: 276874
H_single conductance: 0.415693, num cross: 276874
Cap 1 ... flow: 15935 (1.03685 s)
Cap 2 ... flow: 16646 (1.13892 s)
Cap 4 ... flow: 17654 (1.36996 s)
Cap 8 ... flow: 19558 (2.10723 s)
Cap 16 ... flow: 23154 (3.9801 s)
Cap 32 ... flow: 24576 (1.56275 s)
Flow search took (seconds) 11.2096
SUBG cut conductance: 0.00944827
SUBG cut minside volume 46146
SUBG cut maxside volume 52158
== End round 30 ==
H expansion: 12.5326, num cross: 308002
H conductance: 0.404278, num cross: 308002
H_single expansion: 11.4635, num cross: 281728
H_single conductance: 0.409274, num cross: 281728
Cap 1 ... flow: 15892 (1.24873 s)
Cap 2 ... flow: 16770 (1.15721 s)
Cap 4 ... flow: 17836 (1.46624 s)
Cap 8 ... flow: 19765 (2.92896 s)
Cap 16 ... flow: 23182 (3.31128 s)
Cap 32 ... flow: 24576 (0.632329 s)
Flow search took (seconds) 10.7609
SUBG cut conductance: 0.00941253
SUBG cut minside volume 43134
SUBG cut maxside volume 55170
== End round 31 ==
H expansion: 13.9832, num cross: 343650
H conductance: 0.436974, num cross: 343650
H_single expansion: 12.7872, num cross: 314257
H_single conductance: 0.442751, num cross: 314257
Cap 1 ... flow: 18285 (1.28558 s)
Cap 2 ... flow: 19238 (1.75109 s)
Cap 4 ... flow: 20214 (1.97968 s)
Cap 8 ... flow: 21979 (3.53469 s)
Cap 16 ... flow: 24576 (1.66868 s)
Flow search took (seconds) 10.2375
SUBG cut conductance: 0.0115703
SUBG cut minside volume 37164
SUBG cut maxside volume 61140
== End round 32 ==
H expansion: 11.0011, num cross: 270362
H conductance: 0.333365, num cross: 270362
H_single expansion: 10.1169, num cross: 248632
H_single conductance: 0.340493, num cross: 248632
Cap 1 ... flow: 11473 (1.518 s)
Cap 2 ... flow: 12096 (1.55827 s)
Cap 4 ... flow: 13095 (1.63876 s)
Cap 8 ... flow: 14941 (1.53455 s)
Cap 16 ... flow: 18520 (3.3183 s)
Cap 32 ... flow: 24576 (1.99265 s)
Flow search took (seconds) 11.5739
SUBG cut conductance: 0.00964421
SUBG cut minside volume 46038
SUBG cut maxside volume 52266
== End round 33 ==
H expansion: 12.8825, num cross: 316600
H conductance: 0.378897, num cross: 316600
H_single expansion: 11.748, num cross: 288718
H_single conductance: 0.38275, num cross: 288718
Cap 1 ... flow: 14149 (1.31244 s)
Cap 2 ... flow: 14902 (1.28652 s)
Cap 4 ... flow: 15842 (1.59054 s)
Cap 8 ... flow: 17496 (3.28449 s)
Cap 16 ... flow: 20645 (4.3281 s)
Cap 32 ... flow: 24576 (1.70173 s)
Flow search took (seconds) 13.5178
SUBG cut conductance: 0.0084328
SUBG cut minside volume 46248
SUBG cut maxside volume 52056
== End round 34 ==
H expansion: 14.5592, num cross: 357806
H conductance: 0.415976, num cross: 357806
H_single expansion: 13.2706, num cross: 326138
H_single conductance: 0.421128, num cross: 326138
Cap 1 ... flow: 16232 (1.18615 s)
Cap 2 ... flow: 16920 (1.4413 s)
Cap 4 ... flow: 17869 (1.75407 s)
Cap 8 ... flow: 19630 (3.44263 s)
Cap 16 ... flow: 22870 (3.30958 s)
Cap 32 ... flow: 24576 (1.37987 s)
Flow search took (seconds) 12.53
SUBG cut conductance: 0.0081391
SUBG cut minside volume 48654
SUBG cut maxside volume 49650
== End round 35 ==
H expansion: 11.7017, num cross: 287580
H conductance: 0.325046, num cross: 287580
H_single expansion: 10.7362, num cross: 263854
H_single conductance: 0.333327, num cross: 263854
Cap 1 ... flow: 10690 (1.29613 s)
Cap 2 ... flow: 11256 (1.36014 s)
Cap 4 ... flow: 12220 (1.49861 s)
Cap 8 ... flow: 14129 (1.86055 s)
Cap 16 ... flow: 17898 (2.24548 s)
Cap 32 ... flow: 24576 (2.0773 s)
Flow search took (seconds) 10.3515
SUBG cut conductance: 0.0100143
SUBG cut minside volume 46134
SUBG cut maxside volume 52170
== End round 36 ==
H expansion: 13.4618, num cross: 330836
H conductance: 0.363831, num cross: 330836
H_single expansion: 12.2765, num cross: 301707
H_single conductance: 0.369054, num cross: 301707
Cap 1 ... flow: 12480 (1.31362 s)
Cap 2 ... flow: 13091 (1.36746 s)
Cap 4 ... flow: 14129 (1.52815 s)
Cap 8 ... flow: 16110 (2.05264 s)
Cap 16 ... flow: 19889 (2.1731 s)
Cap 32 ... flow: 24576 (1.42058 s)
Flow search took (seconds) 9.87163
SUBG cut conductance: 0.0102256
SUBG cut minside volume 44594
SUBG cut maxside volume 53710
== End round 37 ==
H expansion: 15.4307, num cross: 379224
H conductance: 0.40607, num cross: 379224
H_single expansion: 14.0804, num cross: 346039
H_single conductance: 0.413692, num cross: 346039
Cap 1 ... flow: 15234 (1.2482 s)
Cap 2 ... flow: 15941 (1.32297 s)
Cap 4 ... flow: 17029 (1.48538 s)
Cap 8 ... flow: 18994 (2.66481 s)
Cap 16 ... flow: 22730 (2.44985 s)
Cap 32 ... flow: 24576 (0.723788 s)
Flow search took (seconds) 9.91108
SUBG cut conductance: 0.00985733
SUBG cut minside volume 46260
SUBG cut maxside volume 52044
== End round 38 ==
H expansion: 15.5183, num cross: 381378
H conductance: 0.397905, num cross: 381378
H_single expansion: 14.1908, num cross: 348754
H_single conductance: 0.405824, num cross: 348754
Cap 1 ... flow: 14970 (1.38491 s)
Cap 2 ... flow: 15654 (1.4781 s)
Cap 4 ... flow: 16632 (1.67518 s)
Cap 8 ... flow: 18417 (2.19268 s)
Cap 16 ... flow: 21843 (3.28862 s)
Cap 32 ... flow: 24576 (1.4157 s)
Flow search took (seconds) 11.449
SUBG cut conductance: 0.00898073
SUBG cut minside volume 45876
SUBG cut maxside volume 52428
== End round 39 ==
H expansion: 15.5563, num cross: 382312
H conductance: 0.388908, num cross: 382312
H_single expansion: 14.1553, num cross: 347881
H_single conductance: 0.394905, num cross: 347881
Cap 1 ... flow: 14133 (1.47965 s)
Cap 2 ... flow: 14852 (1.715 s)
Cap 4 ... flow: 15835 (1.71665 s)
Cap 8 ... flow: 17667 (2.49653 s)
Cap 16 ... flow: 21205 (3.95912 s)
Cap 32 ... flow: 24576 (1.57617 s)
Flow search took (seconds) 12.9593
SUBG cut conductance: 0.00902595
SUBG cut minside volume 47862
SUBG cut maxside volume 50442
== End round 40 ==
H expansion: 14.4985, num cross: 356314
H conductance: 0.353621, num cross: 356314
H_single expansion: 13.2325, num cross: 325201
H_single conductance: 0.362856, num cross: 325201
Cap 1 ... flow: 11961 (1.5664 s)
Cap 2 ... flow: 12579 (1.54067 s)
Cap 4 ... flow: 13525 (1.72007 s)
Cap 8 ... flow: 15259 (2.22249 s)
Cap 16 ... flow: 18565 (3.71917 s)
Cap 32 ... flow: 24576 (1.74889 s)
Flow search took (seconds) 12.5335
SUBG cut conductance: 0.00861632
SUBG cut minside volume 47352
SUBG cut maxside volume 50952
== End round 41 ==
H expansion: 19.1144, num cross: 469756
H conductance: 0.455105, num cross: 469756
H_single expansion: 17.3186, num cross: 425621
H_single conductance: 0.461885, num cross: 425621
Cap 1 ... flow: 19301 (1.19267 s)
Cap 2 ... flow: 20303 (1.29768 s)
Cap 4 ... flow: 21411 (1.41564 s)
Cap 8 ... flow: 23289 (2.29561 s)
Cap 16 ... flow: 24576 (1.04418 s)
Flow search took (seconds) 7.25789
SUBG cut conductance: 0.00913013
SUBG cut minside volume 47754
SUBG cut maxside volume 50550
== End round 42 ==
H expansion: 15.7397, num cross: 386818
H conductance: 0.366039, num cross: 386818
H_single expansion: 14.348, num cross: 352617
H_single conductance: 0.375584, num cross: 352617
Cap 1 ... flow: 12971 (1.54798 s)
Cap 2 ... flow: 13605 (1.5869 s)
Cap 4 ... flow: 14522 (1.73877 s)
Cap 8 ... flow: 16230 (2.89084 s)
Cap 16 ... flow: 19534 (2.99273 s)
Cap 32 ... flow: 24576 (1.68345 s)
Flow search took (seconds) 12.4545
SUBG cut conductance: 0.00843101
SUBG cut minside volume 48630
SUBG cut maxside volume 49674
== End round 43 ==
H expansion: 19.5979, num cross: 481638
H conductance: 0.445407, num cross: 481638
H_single expansion: 17.6623, num cross: 434068
H_single conductance: 0.45087, num cross: 434068
Cap 1 ... flow: 18206 (0.86558 s)
Cap 2 ... flow: 19052 (0.834183 s)
Cap 4 ... flow: 20035 (1.11656 s)
Cap 8 ... flow: 21876 (1.47149 s)
Cap 16 ... flow: 24576 (1.36628 s)
Flow search took (seconds) 5.66814
SUBG cut conductance: 0.0110245
SUBG cut minside volume 40818
SUBG cut maxside volume 57486
== End round 44 ==
H expansion: 13.8267, num cross: 339806
H conductance: 0.307261, num cross: 339806
H_single expansion: 12.7093, num cross: 312344
H_single conductance: 0.32003, num cross: 312344
Cap 1 ... flow: 9372 (1.35095 s)
Cap 2 ... flow: 9911 (1.13764 s)
Cap 4 ... flow: 10768 (1.56551 s)
Cap 8 ... flow: 12412 (2.36636 s)
Cap 16 ... flow: 15577 (3.78507 s)
Cap 32 ... flow: 21739 (3.74324 s)
Cap 64 ... flow: 24576 (1.05032 s)
Flow search took (seconds) 15.0167
SUBG cut conductance: 0.00790514
SUBG cut minside volume 48576
SUBG cut maxside volume 49728
== End round 45 ==
H expansion: 18.4264, num cross: 452846
H conductance: 0.400573, num cross: 452846
H_single expansion: 16.6532, num cross: 409270
H_single conductance: 0.408268, num cross: 409270
Cap 1 ... flow: 14553 (1.11465 s)
Cap 2 ... flow: 15214 (1.30216 s)
Cap 4 ... flow: 16236 (1.45887 s)
Cap 8 ... flow: 18195 (2.57055 s)
Cap 16 ... flow: 22038 (3.81741 s)
Cap 32 ... flow: 24576 (1.40772 s)
Flow search took (seconds) 11.6853
SUBG cut conductance: 0.00973506
SUBG cut minside volume 48690
SUBG cut maxside volume 49614
== End round 46 ==
H expansion: 19.5422, num cross: 480270
H conductance: 0.415792, num cross: 480270
H_single expansion: 17.601, num cross: 432562
H_single conductance: 0.421236, num cross: 432562
Cap 1 ... flow: 15636 (0.928232 s)
Cap 2 ... flow: 16291 (1.05377 s)
Cap 4 ... flow: 17225 (1.20797 s)
Cap 8 ... flow: 18911 (1.88665 s)
Cap 16 ... flow: 22133 (4.06789 s)
Cap 32 ... flow: 24576 (1.30068 s)
Flow search took (seconds) 10.4622
SUBG cut conductance: 0.00839685
SUBG cut minside volume 46446
SUBG cut maxside volume 51858
== End round 47 ==
H expansion: 17.7995, num cross: 437440
H conductance: 0.370822, num cross: 437440
H_single expansion: 16.0739, num cross: 395031
H_single conductance: 0.378829, num cross: 395031
Cap 1 ... flow: 12745 (1.18864 s)
Cap 2 ... flow: 13312 (1.24615 s)
Cap 4 ... flow: 14220 (1.38094 s)
Cap 8 ... flow: 15961 (3.23157 s)
Cap 16 ... flow: 19290 (2.52567 s)
Cap 32 ... flow: 24576 (1.92621 s)
Flow search took (seconds) 11.5131
SUBG cut conductance: 0.00849917
SUBG cut minside volume 48240
SUBG cut maxside volume 50064
== End round 48 ==
H expansion: 14.3787, num cross: 353370
H conductance: 0.293442, num cross: 353370
H_single expansion: 13.1831, num cross: 323988
H_single conductance: 0.30218, num cross: 323988
Cap 1 ... flow: 8722 (1.3772 s)
Cap 2 ... flow: 9303 (1.35675 s)
Cap 4 ... flow: 10287 (1.55423 s)
Cap 8 ... flow: 12189 (2.12398 s)
Cap 16 ... flow: 15897 (2.92259 s)
Cap 32 ... flow: 23016 (3.39399 s)
Cap 64 ... flow: 24576 (1.43421 s)
Flow search took (seconds) 14.1779
SUBG cut conductance: 0.00881813
SUBG cut minside volume 48990
SUBG cut maxside volume 49314
== End round 49 ==
H expansion: 21.9301, num cross: 538954
H conductance: 0.438602, num cross: 538954
H_single expansion: 19.6979, num cross: 484096
H_single conductance: 0.443652, num cross: 484096
Cap 1 ... flow: 17263 (1.13602 s)
Cap 2 ... flow: 18045 (1.27325 s)
Cap 4 ... flow: 19085 (1.44446 s)
Cap 8 ... flow: 20989 (2.8837 s)
Cap 16 ... flow: 24557 (2.46232 s)
Cap 32 ... flow: 24576 (1.48228 s)
Flow search took (seconds) 10.6952
SUBG cut conductance: 0.0103952
SUBG cut minside volume 41750
SUBG cut maxside volume 56554
== End round 50 ==
H expansion: 18.2769, num cross: 449174
H conductance: 0.358371, num cross: 449174
H_single expansion: 16.6171, num cross: 408383
H_single conductance: 0.366612, num cross: 408383
Cap 1 ... flow: 11912 (1.45071 s)
Cap 2 ... flow: 12535 (1.47218 s)
Cap 4 ... flow: 13546 (1.5927 s)
Cap 8 ... flow: 15497 (1.83342 s)
Cap 16 ... flow: 19312 (3.36541 s)
Cap 32 ... flow: 24576 (1.91603 s)
Flow search took (seconds) 11.6438
SUBG cut conductance: 0.00966952
SUBG cut minside volume 49020
SUBG cut maxside volume 49284
== End round 51 ==
H expansion: 21.6653, num cross: 532446
H conductance: 0.41664, num cross: 532446
H_single expansion: 19.5613, num cross: 480738
H_single conductance: 0.422311, num cross: 480738
Cap 1 ... flow: 15459 (1.35165 s)
Cap 2 ... flow: 16100 (1.52658 s)
Cap 4 ... flow: 17101 (1.81785 s)
Cap 8 ... flow: 19039 (3.78755 s)
Cap 16 ... flow: 22597 (3.53453 s)
Cap 32 ... flow: 24576 (1.39542 s)
Flow search took (seconds) 13.4281
SUBG cut conductance: 0.0109126
SUBG cut minside volume 39404
SUBG cut maxside volume 58900
== End round 52 ==
H expansion: 21.7551, num cross: 534654
H conductance: 0.410474, num cross: 534654
H_single expansion: 19.6342, num cross: 482529
H_single conductance: 0.417189, num cross: 482529
Cap 1 ... flow: 15199 (1.04794 s)
Cap 2 ... flow: 15912 (1.15692 s)
Cap 4 ... flow: 16784 (1.3127 s)
Cap 8 ... flow: 18420 (3.14373 s)
Cap 16 ... flow: 21564 (3.86061 s)
Cap 32 ... flow: 24576 (1.39246 s)
Flow search took (seconds) 11.9274
SUBG cut conductance: 0.00861223
SUBG cut minside volume 44820
SUBG cut maxside volume 53484
== End round 53 ==
H expansion: 18.4088, num cross: 452414
H conductance: 0.340903, num cross: 452414
H_single expansion: 16.7336, num cross: 411245
H_single conductance: 0.352203, num cross: 411245
Cap 1 ... flow: 10610 (1.42294 s)
Cap 2 ... flow: 11206 (1.61482 s)
Cap 4 ... flow: 12221 (1.78321 s)
Cap 8 ... flow: 14158 (2.18238 s)
Cap 16 ... flow: 17947 (3.14565 s)
Cap 32 ... flow: 24576 (1.04513 s)
Flow search took (seconds) 11.2147
SUBG cut conductance: 0.011707
SUBG cut minside volume 39976
SUBG cut maxside volume 58328
== End round 54 ==
H expansion: 23.772, num cross: 584220
H conductance: 0.432218, num cross: 584220
H_single expansion: 21.4375, num cross: 526849
H_single conductance: 0.440097, num cross: 526849
Cap 1 ... flow: 16609 (1.1682 s)
Cap 2 ... flow: 17283 (1.30208 s)
Cap 4 ... flow: 18155 (1.54624 s)
Cap 8 ... flow: 19761 (3.30688 s)
Cap 16 ... flow: 22856 (2.98959 s)
Cap 32 ... flow: 24576 (0.950412 s)
Flow search took (seconds) 11.2768
SUBG cut conductance: 0.00809717
SUBG cut minside volume 47424
SUBG cut maxside volume 50880
== End round 55 ==
H expansion: 22.1971, num cross: 545516
H conductance: 0.396377, num cross: 545516
H_single expansion: 20.0869, num cross: 493655
H_single conductance: 0.40475, num cross: 493655
Cap 1 ... flow: 14322 (1.42175 s)
Cap 2 ... flow: 15086 (1.51482 s)
Cap 4 ... flow: 16167 (1.71723 s)
Cap 8 ... flow: 18188 (2.35634 s)
Cap 16 ... flow: 22013 (3.34457 s)
Cap 32 ... flow: 24576 (1.39965 s)
Flow search took (seconds) 11.7681
SUBG cut conductance: 0.00999268
SUBG cut minside volume 46434
SUBG cut maxside volume 51870
== End round 56 ==
H expansion: 25.8989, num cross: 636492
H conductance: 0.454367, num cross: 636492
H_single expansion: 23.184, num cross: 569769
H_single conductance: 0.459054, num cross: 569769
Cap 1 ... flow: 18835 (1.06455 s)
Cap 2 ... flow: 19694 (1.18227 s)
Cap 4 ... flow: 20695 (1.52249 s)
Cap 8 ... flow: 22563 (2.48842 s)
Cap 16 ... flow: 24576 (1.54025 s)
Flow search took (seconds) 7.80999
SUBG cut conductance: 0.00944856
SUBG cut minside volume 47838
SUBG cut maxside volume 50466
== End round 57 ==
H expansion: 24.2747, num cross: 596574
H conductance: 0.418529, num cross: 596574
H_single expansion: 21.8195, num cross: 536235
H_single conductance: 0.425602, num cross: 536235
Cap 1 ... flow: 15650 (1.12576 s)
Cap 2 ... flow: 16405 (1.25496 s)
Cap 4 ... flow: 17398 (1.48589 s)
Cap 8 ... flow: 19243 (2.904 s)
Cap 16 ... flow: 22699 (3.87461 s)
Cap 32 ... flow: 24576 (1.57366 s)
Flow search took (seconds) 12.2328
SUBG cut conductance: 0.00858844
SUBG cut minside volume 47040
SUBG cut maxside volume 51264
== End round 58 ==
H expansion: 24.6238, num cross: 605154
H conductance: 0.417352, num cross: 605154
H_single expansion: 22.0964, num cross: 543040
H_single conductance: 0.425403, num cross: 543040
Cap 1 ... flow: 15415 (1.04293 s)
Cap 2 ... flow: 16192 (1.23755 s)
Cap 4 ... flow: 17178 (1.49939 s)
Cap 8 ... flow: 18947 (2.0454 s)
Cap 16 ... flow: 22312 (2.4678 s)
Cap 32 ... flow: 24576 (1.57007 s)
Flow search took (seconds) 9.87956
SUBG cut conductance: 0.00883524
SUBG cut minside volume 45726
SUBG cut maxside volume 52578
== End round 59 ==
H expansion: 24.9053, num cross: 612072
H conductance: 0.415088, num cross: 612072
H_single expansion: 22.3493, num cross: 549257
H_single conductance: 0.423282, num cross: 549257
Cap 1 ... flow: 15015 (1.23541 s)
Cap 2 ... flow: 15716 (1.29879 s)
Cap 4 ... flow: 16738 (1.46204 s)
Cap 8 ... flow: 18653 (1.79518 s)
Cap 16 ... flow: 22248 (2.57935 s)
Cap 32 ... flow: 24576 (1.67481 s)
Flow search took (seconds) 10.059
SUBG cut conductance: 0.00911409
SUBG cut minside volume 47838
SUBG cut maxside volume 50466
== End round 60 ==
H expansion: 18.0743, num cross: 444194
H conductance: 0.2963, num cross: 444194
H_single expansion: 16.565, num cross: 407101
H_single conductance: 0.307402, num cross: 407101
Cap 1 ... flow: 8620 (1.39627 s)
Cap 2 ... flow: 9151 (1.69018 s)
Cap 4 ... flow: 10072 (1.74539 s)
Cap 8 ... flow: 11836 (2.29248 s)
Cap 16 ... flow: 15303 (3.00307 s)
Cap 32 ... flow: 21944 (3.14272 s)
Cap 64 ... flow: 24576 (1.42237 s)
Flow search took (seconds) 14.7074
SUBG cut conductance: 0.0083647
SUBG cut minside volume 47820
SUBG cut maxside volume 50484
== End round 61 ==
H expansion: 20.5116, num cross: 504092
H conductance: 0.330832, num cross: 504092
H_single expansion: 18.6726, num cross: 458898
H_single conductance: 0.340107, num cross: 458898
Cap 1 ... flow: 10214 (1.34255 s)
Cap 2 ... flow: 10806 (1.3632 s)
Cap 4 ... flow: 11732 (1.51768 s)
Cap 8 ... flow: 13534 (1.6712 s)
Cap 16 ... flow: 16987 (3.17476 s)
Cap 32 ... flow: 23582 (3.60293 s)
Cap 64 ... flow: 24576 (1.2087 s)
Flow search took (seconds) 13.8995
SUBG cut conductance: 0.00856997
SUBG cut minside volume 46908
SUBG cut maxside volume 51396
== End round 62 ==
H expansion: 28.7167, num cross: 705742
H conductance: 0.455821, num cross: 705742
H_single expansion: 25.6715, num cross: 630904
H_single conductance: 0.46035, num cross: 630904
Cap 1 ... flow: 18339 (0.922501 s)
Cap 2 ... flow: 19078 (1.0983 s)
Cap 4 ... flow: 20057 (1.19379 s)
Cap 8 ... flow: 21908 (2.566 s)
Cap 16 ... flow: 24576 (1.57453 s)
Flow search took (seconds) 7.36707
SUBG cut conductance: 0.00969368
SUBG cut minside volume 46422
SUBG cut maxside volume 51882
== End round 63 ==
H expansion: 23.9574, num cross: 588776
H conductance: 0.374334, num cross: 588776
H_single expansion: 21.6626, num cross: 532379
H_single conductance: 0.385551, num cross: 532379
Cap 1 ... flow: 12299 (1.19614 s)
Cap 2 ... flow: 12922 (1.17295 s)
Cap 4 ... flow: 13914 (1.38006 s)
Cap 8 ... flow: 15808 (1.7278 s)
Cap 16 ... flow: 19544 (2.74773 s)
Cap 32 ... flow: 24576 (1.78873 s)
Flow search took (seconds) 10.0267
SUBG cut conductance: 0.00979218
SUBG cut minside volume 46772
SUBG cut maxside volume 51532
== End round 64 ==
H expansion: 27.2545, num cross: 669806
H conductance: 0.4193, num cross: 669806
H_single expansion: 24.4364, num cross: 600549
H_single conductance: 0.423998, num cross: 600549
Cap 1 ... flow: 15470 (1.03326 s)
Cap 2 ... flow: 16102 (1.14914 s)
Cap 4 ... flow: 17086 (1.26795 s)
Cap 8 ... flow: 18955 (2.89613 s)
Cap 16 ... flow: 22497 (2.89168 s)
Cap 32 ... flow: 24576 (1.35268 s)
Flow search took (seconds) 10.6098
SUBG cut conductance: 0.00985065
SUBG cut minside volume 44058
SUBG cut maxside volume 54246
== End round 65 ==
H expansion: 22.3, num cross: 548044
H conductance: 0.337878, num cross: 548044
H_single expansion: 20.277, num cross: 498328
H_single conductance: 0.350021, num cross: 498328
Cap 1 ... flow: 10410 (1.25873 s)
Cap 2 ... flow: 10949 (1.41199 s)
Cap 4 ... flow: 11830 (1.68596 s)
Cap 8 ... flow: 13505 (2.63528 s)
Cap 16 ... flow: 16723 (3.91125 s)
Cap 32 ... flow: 22950 (3.46287 s)
Cap 64 ... flow: 24576 (0.868937 s)
Flow search took (seconds) 15.2502
SUBG cut conductance: 0.00809717
SUBG cut minside volume 47424
SUBG cut maxside volume 50880
== End round 66 ==
H expansion: 27.441, num cross: 674390
H conductance: 0.409567, num cross: 674390
H_single expansion: 24.6908, num cross: 606801
H_single conductance: 0.419054, num cross: 606801
Cap 1 ... flow: 14735 (1.38156 s)
Cap 2 ... flow: 15398 (1.40956 s)
Cap 4 ... flow: 16380 (1.61476 s)
Cap 8 ... flow: 18272 (2.59804 s)
Cap 16 ... flow: 21888 (2.72797 s)
Cap 32 ... flow: 24576 (0.733906 s)
Flow search took (seconds) 10.4825
SUBG cut conductance: 0.0120589
SUBG cut minside volume 35990
SUBG cut maxside volume 62314
== End round 67 ==
H expansion: 30.4323, num cross: 747904
H conductance: 0.447534, num cross: 747904
H_single expansion: 27.3258, num cross: 671559
H_single conductance: 0.456404, num cross: 671559
Cap 1 ... flow: 17776 (1.17766 s)
Cap 2 ... flow: 18563 (1.23439 s)
Cap 4 ... flow: 19583 (1.42442 s)
Cap 8 ... flow: 21452 (2.32176 s)
Cap 16 ... flow: 24576 (2.03443 s)
Flow search took (seconds) 8.2047
SUBG cut conductance: 0.00953337
SUBG cut minside volume 47832
SUBG cut maxside volume 50472
== End round 68 ==
H expansion: 27.98, num cross: 687636
H conductance: 0.405507, num cross: 687636
H_single expansion: 25.1675, num cross: 618516
H_single conductance: 0.413477, num cross: 618516
Cap 1 ... flow: 14599 (1.35313 s)
Cap 2 ... flow: 15348 (1.35052 s)
Cap 4 ... flow: 16408 (1.66475 s)
Cap 8 ... flow: 18389 (2.43031 s)
Cap 16 ... flow: 22206 (3.22201 s)
Cap 32 ... flow: 24576 (1.40031 s)
Flow search took (seconds) 11.4345
SUBG cut conductance: 0.0101143
SUBG cut minside volume 45480
SUBG cut maxside volume 52824
== End round 69 ==
H expansion: 32.6312, num cross: 801944
H conductance: 0.46616, num cross: 801944
H_single expansion: 29.0419, num cross: 713734
H_single conductance: 0.471318, num cross: 713734
Cap 1 ... flow: 19347 (0.942627 s)
Cap 2 ... flow: 20223 (1.01735 s)
Cap 4 ... flow: 21307 (1.69706 s)
Cap 8 ... flow: 23299 (2.11165 s)
Cap 16 ... flow: 24576 (0.217171 s)
Flow search took (seconds) 5.99802
SUBG cut conductance: 0.0117156
SUBG cut minside volume 41654
SUBG cut maxside volume 56650
== End round 70 ==
H expansion: 24.507, num cross: 602284
H conductance: 0.345169, num cross: 602284
H_single expansion: 22.2714, num cross: 547342
H_single conductance: 0.358356, num cross: 547342
Cap 1 ... flow: 11080 (1.51987 s)
Cap 2 ... flow: 11681 (1.54084 s)
Cap 4 ... flow: 12578 (1.76415 s)
Cap 8 ... flow: 14277 (2.35507 s)
Cap 16 ... flow: 17499 (3.08398 s)
Cap 32 ... flow: 23779 (3.34319 s)
Cap 64 ... flow: 24576 (1.11759 s)
Flow search took (seconds) 14.7404
SUBG cut conductance: 0.00863187
SUBG cut minside volume 44718
SUBG cut maxside volume 53586
== End round 71 ==
H expansion: 25.9381, num cross: 637454
H conductance: 0.360251, num cross: 637454
H_single expansion: 23.4555, num cross: 576442
H_single conductance: 0.372146, num cross: 576442
Cap 1 ... flow: 11631 (1.41234 s)
Cap 2 ... flow: 12236 (1.59127 s)
Cap 4 ... flow: 13178 (1.78129 s)
Cap 8 ... flow: 14983 (2.23614 s)
Cap 16 ... flow: 18383 (2.98781 s)
Cap 32 ... flow: 24576 (2.30759 s)
Flow search took (seconds) 12.33
SUBG cut conductance: 0.00880681
SUBG cut minside volume 46782
SUBG cut maxside volume 51522
== End round 72 ==
H expansion: 25.2921, num cross: 621578
H conductance: 0.346467, num cross: 621578
H_single expansion: 22.8958, num cross: 562687
H_single conductance: 0.361065, num cross: 562687
Cap 1 ... flow: 10823 (1.4244 s)
Cap 2 ... flow: 11422 (1.40087 s)
Cap 4 ... flow: 12396 (1.61213 s)
Cap 8 ... flow: 14261 (2.77583 s)
Cap 16 ... flow: 17834 (3.48829 s)
Cap 32 ... flow: 24575 (3.00206 s)
Cap 64 ... flow: 24576 (0.659191 s)
Flow search took (seconds) 14.3807
SUBG cut conductance: 0.00866573
SUBG cut minside volume 47082
SUBG cut maxside volume 51222
== End round 73 ==
H expansion: 34.163, num cross: 839590
H conductance: 0.461662, num cross: 839590
H_single expansion: 30.4072, num cross: 747288
H_single conductance: 0.468159, num cross: 747288
Cap 1 ... flow: 19051 (1.03595 s)
Cap 2 ... flow: 19920 (1.10483 s)
Cap 4 ... flow: 20803 (1.37724 s)
Cap 8 ... flow: 22430 (2.40767 s)
Cap 16 ... flow: 24576 (1.46436 s)
Flow search took (seconds) 7.40149
SUBG cut conductance: 0.00969609
SUBG cut minside volume 41460
SUBG cut maxside volume 56844
== End round 74 ==
H expansion: 27.4508, num cross: 674632
H conductance: 0.366011, num cross: 674632
H_single expansion: 24.7834, num cross: 609077
H_single conductance: 0.378873, num cross: 609077
Cap 1 ... flow: 11792 (1.1952 s)
Cap 2 ... flow: 12391 (1.27308 s)
Cap 4 ... flow: 13323 (1.46915 s)
Cap 8 ... flow: 15038 (2.44571 s)
Cap 16 ... flow: 18270 (4.16575 s)
Cap 32 ... flow: 24548 (2.76702 s)
Cap 64 ... flow: 24576 (1.05884 s)
Flow search took (seconds) 14.3899
SUBG cut conductance: 0.00790514
SUBG cut minside volume 48576
SUBG cut maxside volume 49728
== End round 75 ==
H expansion: 30.0322, num cross: 738072
H conductance: 0.395161, num cross: 738072
H_single expansion: 26.9535, num cross: 662410
H_single conductance: 0.404608, num cross: 662410
Cap 1 ... flow: 13807 (1.12251 s)
Cap 2 ... flow: 14486 (1.14331 s)
Cap 4 ... flow: 15494 (1.30682 s)
Cap 8 ... flow: 17337 (2.06344 s)
Cap 16 ... flow: 20924 (2.73562 s)
Cap 32 ... flow: 24576 (1.43613 s)
Flow search took (seconds) 9.82109
SUBG cut conductance: 0.0100668
SUBG cut minside volume 44304
SUBG cut maxside volume 54000
== End round 76 ==
H expansion: 27.8687, num cross: 684902
H conductance: 0.361932, num cross: 684902
H_single expansion: 25.0669, num cross: 616044
H_single conductance: 0.370658, num cross: 616044
Cap 1 ... flow: 11744 (1.67112 s)
Cap 2 ... flow: 12387 (1.71555 s)
Cap 4 ... flow: 13477 (1.93763 s)
Cap 8 ... flow: 15508 (2.33457 s)
Cap 16 ... flow: 19414 (4.48235 s)
Cap 32 ... flow: 24576 (1.73773 s)
Flow search took (seconds) 13.8923
SUBG cut conductance: 0.0111641
SUBG cut minside volume 43174
SUBG cut maxside volume 55130
== End round 77 ==
H expansion: 33.9109, num cross: 833394
H conductance: 0.434755, num cross: 833394
H_single expansion: 30.1358, num cross: 740617
H_single conductance: 0.440178, num cross: 740617
Cap 1 ... flow: 16464 (1.12761 s)
Cap 2 ... flow: 17163 (1.3518 s)
Cap 4 ... flow: 18126 (1.59348 s)
Cap 8 ... flow: 19929 (3.56251 s)
Cap 16 ... flow: 23322 (3.78937 s)
Cap 32 ... flow: 24576 (1.32065 s)
Flow search took (seconds) 12.7591
SUBG cut conductance: 0.0086074
SUBG cut minside volume 46704
SUBG cut maxside volume 51600
== End round 78 ==
H expansion: 35.2576, num cross: 866492
H conductance: 0.446299, num cross: 866492
H_single expansion: 31.3452, num cross: 770340
H_single conductance: 0.452796, num cross: 770340
Cap 1 ... flow: 17392 (1.18449 s)
Cap 2 ... flow: 18149 (1.31563 s)
Cap 4 ... flow: 19145 (1.52339 s)
Cap 8 ... flow: 21010 (3.45509 s)
Cap 16 ... flow: 24530 (3.30081 s)
Cap 32 ... flow: 24576 (1.03738 s)
Flow search took (seconds) 11.8308
SUBG cut conductance: 0.0104952
SUBG cut minside volume 40590
SUBG cut maxside volume 57714
== End round 79 ==
H expansion: 33.5291, num cross: 824012
H conductance: 0.419114, num cross: 824012
H_single expansion: 29.9491, num cross: 736030
H_single conductance: 0.430845, num cross: 736030
Cap 1 ... flow: 15210 (1.13297 s)
Cap 2 ... flow: 15925 (0.993227 s)
Cap 4 ... flow: 16930 (1.24167 s)
Cap 8 ... flow: 18828 (1.37591 s)
Cap 16 ... flow: 22323 (1.57094 s)
Cap 32 ... flow: 24576 (1.41578 s)
Flow search took (seconds) 7.74859
SUBG cut conductance: 0.0133473
SUBG cut minside volume 30568
SUBG cut maxside volume 67736
== End round 80 ==
H expansion: 32.5927, num cross: 800998
H conductance: 0.402379, num cross: 800998
H_single expansion: 29.0915, num cross: 714952
H_single conductance: 0.40986, num cross: 714952
Cap 1 ... flow: 13999 (1.13551 s)
Cap 2 ... flow: 14674 (1.16833 s)
Cap 4 ... flow: 15745 (1.39177 s)
Cap 8 ... flow: 17777 (1.82762 s)
Cap 16 ... flow: 21718 (3.15345 s)
Cap 32 ... flow: 24576 (1.36086 s)
Flow search took (seconds) 10.0539
SUBG cut conductance: 0.010446
SUBG cut minside volume 46908
SUBG cut maxside volume 51396
== End round 81 ==
H expansion: 36.2686, num cross: 891338
H conductance: 0.4423, num cross: 891338
H_single expansion: 32.1335, num cross: 789712
H_single conductance: 0.448282, num cross: 789712
Cap 1 ... flow: 17047 (0.964141 s)
Cap 2 ... flow: 17766 (1.0003 s)
Cap 4 ... flow: 18707 (1.30422 s)
Cap 8 ... flow: 20476 (3.02905 s)
Cap 16 ... flow: 23852 (3.5315 s)
Cap 32 ... flow: 24576 (1.36086 s)
Flow search took (seconds) 11.204
SUBG cut conductance: 0.00852842
SUBG cut minside volume 46902
SUBG cut maxside volume 51402
== End round 82 ==
H expansion: 30.7316, num cross: 755260
H conductance: 0.37026, num cross: 755260
H_single expansion: 27.5835, num cross: 677891
H_single conductance: 0.383767, num cross: 677891
Cap 1 ... flow: 11715 (1.36822 s)
Cap 2 ... flow: 12331 (1.19637 s)
Cap 4 ... flow: 13335 (1.31124 s)
Cap 8 ... flow: 15235 (1.77013 s)
Cap 16 ... flow: 18888 (2.22386 s)
Cap 32 ... flow: 24576 (1.87611 s)
Flow search took (seconds) 9.75923
SUBG cut conductance: 0.009495
SUBG cut minside volume 47604
SUBG cut maxside volume 50700
== End round 83 ==
H expansion: 34.3744, num cross: 844786
H conductance: 0.409219, num cross: 844786
H_single expansion: 30.5943, num cross: 751885
H_single conductance: 0.418983, num cross: 751885
Cap 1 ... flow: 14746 (1.24517 s)
Cap 2 ... flow: 15397 (1.27791 s)
Cap 4 ... flow: 16286 (1.5239 s)
Cap 8 ... flow: 17957 (1.96867 s)
Cap 16 ... flow: 21146 (3.02469 s)
Cap 32 ... flow: 24576 (1.67406 s)
Flow search took (seconds) 10.7309
SUBG cut conductance: 0.00845549
SUBG cut minside volume 47070
SUBG cut maxside volume 51234
== End round 84 ==
H expansion: 31.8568, num cross: 782912
H conductance: 0.374786, num cross: 782912
H_single expansion: 28.5144, num cross: 700770
H_single conductance: 0.382845, num cross: 700770
Cap 1 ... flow: 12049 (1.48042 s)
Cap 2 ... flow: 12635 (1.53093 s)
Cap 4 ... flow: 13624 (1.8137 s)
Cap 8 ... flow: 15546 (3.05661 s)
Cap 16 ... flow: 19287 (3.32275 s)
Cap 32 ... flow: 24576 (1.85188 s)
Flow search took (seconds) 13.0724
SUBG cut conductance: 0.0101164
SUBG cut minside volume 45866
SUBG cut maxside volume 52438
== End round 85 ==
H expansion: 35.1301, num cross: 863358
H conductance: 0.40849, num cross: 863358
H_single expansion: 31.276, num cross: 768639
H_single conductance: 0.41772, num cross: 768639
Cap 1 ... flow: 14184 (1.27742 s)
Cap 2 ... flow: 14810 (1.44518 s)
Cap 4 ... flow: 15731 (1.48056 s)
Cap 8 ... flow: 17423 (2.46389 s)
Cap 16 ... flow: 20648 (3.51193 s)
Cap 32 ... flow: 24576 (1.58262 s)
Flow search took (seconds) 11.775
SUBG cut conductance: 0.00830816
SUBG cut minside volume 47664
SUBG cut maxside volume 50640
== End round 86 ==
H expansion: 35.3844, num cross: 869608
H conductance: 0.406718, num cross: 869608
H_single expansion: 31.5207, num cross: 774653
H_single conductance: 0.413836, num cross: 774653
Cap 1 ... flow: 14207 (1.35215 s)
Cap 2 ... flow: 14811 (1.5404 s)
Cap 4 ... flow: 15760 (1.68176 s)
Cap 8 ... flow: 17562 (2.69242 s)
Cap 16 ... flow: 21014 (2.7714 s)
Cap 32 ... flow: 24576 (1.56777 s)
Flow search took (seconds) 11.6222
SUBG cut conductance: 0.00861358
SUBG cut minside volume 48528
SUBG cut maxside volume 49776
== End round 87 ==
H expansion: 41.7972, num cross: 1027208
H conductance: 0.474968, num cross: 1027208
H_single expansion: 36.9081, num cross: 907053
H_single conductance: 0.478437, num cross: 907053
Cap 1 ... flow: 20219 (0.899556 s)
Cap 2 ... flow: 21047 (1.35845 s)
Cap 4 ... flow: 21912 (2.15414 s)
Cap 8 ... flow: 23524 (2.04591 s)
Cap 16 ... flow: 24576 (1.18349 s)
Flow search took (seconds) 7.66013
SUBG cut conductance: 0.00820526
SUBG cut minside volume 48018
SUBG cut maxside volume 50286
== End round 88 ==
H expansion: 36.0317, num cross: 885516
H conductance: 0.404851, num cross: 885516
H_single expansion: 32.1621, num cross: 790416
H_single conductance: 0.416796, num cross: 790416
Cap 1 ... flow: 14117 (1.20237 s)
Cap 2 ... flow: 14761 (1.42747 s)
Cap 4 ... flow: 15707 (1.44812 s)
Cap 8 ... flow: 17464 (2.96952 s)
Cap 16 ... flow: 20748 (3.99856 s)
Cap 32 ... flow: 24576 (0.975187 s)
Flow search took (seconds) 12.0373
SUBG cut conductance: 0.00876852
SUBG cut minside volume 46302
SUBG cut maxside volume 52002
== End round 89 ==
H expansion: 30.0733, num cross: 739082
H conductance: 0.334148, num cross: 739082
H_single expansion: 27.2128, num cross: 668782
H_single conductance: 0.351089, num cross: 668782
Cap 1 ... flow: 9705 (1.29447 s)
Cap 2 ... flow: 10321 (1.33835 s)
Cap 4 ... flow: 11322 (1.43394 s)
Cap 8 ... flow: 13257 (1.80259 s)
Cap 16 ... flow: 17000 (1.95649 s)
Cap 32 ... flow: 24231 (2.5614 s)
Cap 64 ... flow: 24576 (1.50557 s)
Flow search took (seconds) 11.9069
SUBG cut conductance: 0.0100745
SUBG cut minside volume 43476
SUBG cut maxside volume 54828
== End round 90 ==
H expansion: 26.9281, num cross: 661786
H conductance: 0.295914, num cross: 661786
H_single expansion: 24.57, num cross: 603832
H_single conductance: 0.309519, num cross: 603832
Cap 1 ... flow: 7915 (1.35034 s)
Cap 2 ... flow: 8541 (1.53346 s)
Cap 4 ... flow: 9565 (1.76503 s)
Cap 8 ... flow: 11542 (2.28087 s)
Cap 16 ... flow: 15421 (3.84795 s)
Cap 32 ... flow: 22961 (4.47962 s)
Cap 64 ... flow: 24576 (1.35317 s)
Flow search took (seconds) 16.6251
SUBG cut conductance: 0.0096729
SUBG cut minside volume 47142
SUBG cut maxside volume 51162
== End round 91 ==
H expansion: 41.1064, num cross: 1010230
H conductance: 0.446808, num cross: 1010230
H_single expansion: 36.3164, num cross: 892512
H_single conductance: 0.454469, num cross: 892512
Cap 1 ... flow: 16888 (0.792612 s)
Cap 2 ... flow: 17601 (0.990703 s)
Cap 4 ... flow: 18625 (1.06566 s)
Cap 8 ... flow: 20453 (1.63081 s)
Cap 16 ... flow: 24032 (2.47653 s)
Cap 32 ... flow: 24576 (1.44203 s)
Flow search took (seconds) 8.41137
SUBG cut conductance: 0.0106916
SUBG cut minside volume 41528
SUBG cut maxside volume 56776
== End round 92 ==
H expansion: 37.6581, num cross: 925486
H conductance: 0.404926, num cross: 925486
H_single expansion: 33.602, num cross: 825803
H_single conductance: 0.414221, num cross: 825803
Cap 1 ... flow: 13991 (1.1633 s)
Cap 2 ... flow: 14593 (1.15613 s)
Cap 4 ... flow: 15570 (1.60281 s)
Cap 8 ... flow: 17450 (2.11802 s)
Cap 16 ... flow: 21099 (2.48531 s)
Cap 32 ... flow: 24576 (1.39984 s)
Flow search took (seconds) 9.9385
SUBG cut conductance: 0.00933567
SUBG cut minside volume 47988
SUBG cut maxside volume 50316
== End round 93 ==
H expansion: 29.6528, num cross: 728746
H conductance: 0.315455, num cross: 728746
H_single expansion: 26.9387, num cross: 662045
H_single conductance: 0.328235, num cross: 662045
Cap 1 ... flow: 8983 (1.26414 s)
Cap 2 ... flow: 9599 (1.34386 s)
Cap 4 ... flow: 10612 (1.52202 s)
Cap 8 ... flow: 12530 (2.03593 s)
Cap 16 ... flow: 16259 (2.92418 s)
Cap 32 ... flow: 23104 (4.23437 s)
Cap 64 ... flow: 24576 (1.36566 s)
Flow search took (seconds) 14.7043
SUBG cut conductance: 0.00846626
SUBG cut minside volume 48900
SUBG cut maxside volume 49404
== End round 94 ==
H expansion: 44.8585, num cross: 1102442
H conductance: 0.472195, num cross: 1102442
H_single expansion: 39.4825, num cross: 970322
H_single conductance: 0.477519, num cross: 970322
Cap 1 ... flow: 19703 (0.925217 s)
Cap 2 ... flow: 20456 (1.23194 s)
Cap 4 ... flow: 21417 (2.45729 s)
Cap 8 ... flow: 23177 (1.90759 s)
Cap 16 ... flow: 24576 (0.844205 s)
Flow search took (seconds) 7.37899
SUBG cut conductance: 0.0120382
SUBG cut minside volume 36218
SUBG cut maxside volume 62086
== End round 95 ==
H expansion: 37.3717, num cross: 918448
H conductance: 0.389289, num cross: 918448
H_single expansion: 33.5269, num cross: 823958
H_single conductance: 0.402971, num cross: 823958
Cap 1 ... flow: 13318 (1.03319 s)
Cap 2 ... flow: 13974 (1.41708 s)
Cap 4 ... flow: 14897 (1.61159 s)
Cap 8 ... flow: 16580 (1.98584 s)
Cap 16 ... flow: 19758 (3.14888 s)
Cap 32 ... flow: 24576 (1.46361 s)
Flow search took (seconds) 10.6737
SUBG cut conductance: 0.00836892
SUBG cut minside volume 46362
SUBG cut maxside volume 51942
== End round 96 ==
H expansion: 41.638, num cross: 1023296
H conductance: 0.429258, num cross: 1023296
H_single expansion: 36.9523, num cross: 908140
H_single conductance: 0.440875, num cross: 908140
Cap 1 ... flow: 15719 (1.07399 s)
Cap 2 ... flow: 16444 (1.27455 s)
Cap 4 ... flow: 17409 (1.42232 s)
Cap 8 ... flow: 19239 (2.2229 s)
Cap 16 ... flow: 22563 (3.40598 s)
Cap 32 ... flow: 24576 (1.00919 s)
Flow search took (seconds) 10.4222
SUBG cut conductance: 0.00855992
SUBG cut minside volume 47664
SUBG cut maxside volume 50640
== End round 97 ==
H expansion: 45.1501, num cross: 1109608
H conductance: 0.460715, num cross: 1109608
H_single expansion: 39.8771, num cross: 980019
H_single conductance: 0.468486, num cross: 980019
Cap 1 ... flow: 18746 (0.945748 s)
Cap 2 ... flow: 19634 (1.10225 s)
Cap 4 ... flow: 20529 (1.25919 s)
Cap 8 ... flow: 22194 (1.99568 s)
Cap 16 ... flow: 24576 (1.39597 s)
Flow search took (seconds) 6.71242
SUBG cut conductance: 0.0108427
SUBG cut minside volume 37998
SUBG cut maxside volume 60306
== End round 98 ==
H expansion: 45.134, num cross: 1109214
H conductance: 0.455899, num cross: 1109214
H_single expansion: 39.8026, num cross: 978189
H_single conductance: 0.463047, num cross: 978189
Cap 1 ... flow: 18102 (0.949107 s)
Cap 2 ... flow: 18965 (1.16238 s)
Cap 4 ... flow: 20001 (1.2936 s)
Cap 8 ... flow: 21879 (2.4961 s)
Cap 16 ... flow: 24576 (1.5828 s)
Flow search took (seconds) 7.49567
SUBG cut conductance: 0.0094598
SUBG cut minside volume 48204
SUBG cut maxside volume 50100
== End round 99 ==
H expansion: 32.0973, num cross: 788824
H conductance: 0.320973, num cross: 788824
H_single expansion: 29.0554, num cross: 714065
H_single conductance: 0.338561, num cross: 714065
Cap 1 ... flow: 9144 (1.55531 s)
Cap 2 ... flow: 9736 (1.58081 s)
Cap 4 ... flow: 10675 (1.52095 s)
Cap 8 ... flow: 12441 (2.20923 s)
Cap 16 ... flow: 15882 (2.92594 s)
Cap 32 ... flow: 22327 (3.40029 s)
Cap 64 ... flow: 24576 (0.928399 s)
Flow search took (seconds) 14.1358
SUBG cut conductance: 0.00812508
SUBG cut minside volume 48738
SUBG cut maxside volume 49566
== End round 100 ==
H expansion: 44.1512, num cross: 1085060
H conductance: 0.437141, num cross: 1085060
H_single expansion: 39.0273, num cross: 959136
H_single conductance: 0.447754, num cross: 959136
Cap 1 ... flow: 16498 (0.918407 s)
Cap 2 ... flow: 17261 (1.22713 s)
Cap 4 ... flow: 18194 (1.37054 s)
Cap 8 ... flow: 19804 (2.5171 s)
Cap 16 ... flow: 22900 (4.11984 s)
Cap 32 ... flow: 24576 (1.4281 s)
Flow search took (seconds) 11.5987
SUBG cut conductance: 0.00790514
SUBG cut minside volume 48576
SUBG cut maxside volume 49728
== End round 101 ==
H expansion: 42.2555, num cross: 1038472
H conductance: 0.41427, num cross: 1038472
H_single expansion: 37.4106, num cross: 919403
H_single conductance: 0.422137, num cross: 919403
Cap 1 ... flow: 14718 (1.0577 s)
Cap 2 ... flow: 15515 (1.14923 s)
Cap 4 ... flow: 16618 (1.2672 s)
Cap 8 ... flow: 18551 (2.13856 s)
Cap 16 ... flow: 22301 (2.94525 s)
Cap 32 ... flow: 24576 (1.31275 s)
Flow search took (seconds) 9.88401
SUBG cut conductance: 0.0105008
SUBG cut minside volume 44568
SUBG cut maxside volume 53736
== End round 102 ==
H expansion: 30.5234, num cross: 750144
H conductance: 0.296344, num cross: 750144
H_single expansion: 27.7692, num cross: 682456
H_single conductance: 0.314739, num cross: 682456
Cap 1 ... flow: 7785 (1.41136 s)
Cap 2 ... flow: 8356 (1.42295 s)
Cap 4 ... flow: 9297 (1.60836 s)
Cap 8 ... flow: 11111 (1.94761 s)
Cap 16 ... flow: 14644 (3.06241 s)
Cap 32 ... flow: 21407 (2.95228 s)
Cap 64 ... flow: 24576 (0.951448 s)
Flow search took (seconds) 13.3714
SUBG cut conductance: 0.00859431
SUBG cut minside volume 47706
SUBG cut maxside volume 50598
== End round 103 ==
H expansion: 48.2712, num cross: 1186314
H conductance: 0.464147, num cross: 1186314
H_single expansion: 42.3877, num cross: 1041719
H_single conductance: 0.470051, num cross: 1041719
Cap 1 ... flow: 18984 (0.915919 s)
Cap 2 ... flow: 20080 (1.07537 s)
Cap 4 ... flow: 21057 (1.22361 s)
Cap 8 ... flow: 22773 (2.41343 s)
Cap 16 ... flow: 24576 (1.37482 s)
Flow search took (seconds) 7.01702
SUBG cut conductance: 0.011355
SUBG cut minside volume 36636
SUBG cut maxside volume 61668
== End round 104 ==
H expansion: 49.0043, num cross: 1204330
H conductance: 0.466708, num cross: 1204330
H_single expansion: 43.0028, num cross: 1056836
H_single conductance: 0.473062, num cross: 1056836
Cap 1 ... flow: 19128 (1.1669 s)
Cap 2 ... flow: 20025 (1.50278 s)
Cap 4 ... flow: 21020 (1.97365 s)
Cap 8 ... flow: 22697 (2.98559 s)
Cap 16 ... flow: 24576 (1.18344 s)
Flow search took (seconds) 8.82768
SUBG cut conductance: 0.00923077
SUBG cut minside volume 42900
SUBG cut maxside volume 55404
== End round 105 ==
H expansion: 40.6667, num cross: 999424
H conductance: 0.383648, num cross: 999424
H_single expansion: 36.2251, num cross: 890267
H_single conductance: 0.397729, num cross: 890267
Cap 1 ... flow: 12603 (1.19463 s)
Cap 2 ... flow: 13272 (1.23012 s)
Cap 4 ... flow: 14239 (1.43118 s)
Cap 8 ... flow: 15964 (2.68631 s)
Cap 16 ... flow: 19281 (2.9509 s)
Cap 32 ... flow: 24576 (1.69741 s)
Flow search took (seconds) 11.2037
SUBG cut conductance: 0.00811393
SUBG cut minside volume 48312
SUBG cut maxside volume 49992
== End round 106 ==
H expansion: 50.0875, num cross: 1230950
H conductance: 0.468107, num cross: 1230950
H_single expansion: 43.8247, num cross: 1077035
H_single conductance: 0.475217, num cross: 1077035
Cap 1 ... flow: 18955 (1.06449 s)
Cap 2 ... flow: 19835 (1.04433 s)
Cap 4 ... flow: 20837 (2.04525 s)
Cap 8 ... flow: 22711 (1.85116 s)
Cap 16 ... flow: 24576 (0.251034 s)
Flow search took (seconds) 6.26855
SUBG cut conductance: 0.0111219
SUBG cut minside volume 41180
SUBG cut maxside volume 57124
== End round 107 ==
H expansion: 34.8963, num cross: 857612
H conductance: 0.323114, num cross: 857612
H_single expansion: 31.5716, num cross: 775904
H_single conductance: 0.342359, num cross: 775904
Cap 1 ... flow: 9185 (1.29194 s)
Cap 2 ... flow: 9733 (1.32604 s)
Cap 4 ... flow: 10630 (1.45263 s)
Cap 8 ... flow: 12336 (1.74172 s)
Cap 16 ... flow: 15564 (3.09038 s)
Cap 32 ... flow: 21824 (4.5001 s)
Cap 64 ... flow: 24576 (0.969513 s)
Flow search took (seconds) 14.387
SUBG cut conductance: 0.00785415
SUBG cut minside volume 49146
SUBG cut maxside volume 49158
== End round 108 ==
H expansion: 47.3206, num cross: 1162952
H conductance: 0.434134, num cross: 1162952
H_single expansion: 41.6467, num cross: 1023510
H_single conductance: 0.442499, num cross: 1023510
Cap 1 ... flow: 16061 (1.2979 s)
Cap 2 ... flow: 16770 (1.5069 s)
Cap 4 ... flow: 17806 (1.78734 s)
Cap 8 ... flow: 19700 (5.46483 s)
Cap 16 ... flow: 23302 (3.41919 s)
Cap 32 ... flow: 24576 (1.18792 s)
Flow search took (seconds) 14.678
SUBG cut conductance: 0.0115224
SUBG cut minside volume 38360
SUBG cut maxside volume 59944
== End round 109 ==
