time -o output/fe_tooth-h-0.55-g-0.003577456919897103-t-30m.out.time timeout 30m cmake-build-debug/a.out -f graphs/fe_tooth.graph --ignore-multi -r 0 -s --H_phi=0.55 --G_phi=0.003577456919897103 --vol 0.1 -o output/fe_tooth-h-0.55-g-0.003577456919897103-t-30m.ptn >> output/fe_tooth-h-0.55-g-0.003577456919897103-t-30m.outReading graph from graphs/fe_tooth.graph
Reading a graph with V 78136E 452591
452591
78136
H expansion: 0, num cross: 0
H conductance: -nan, num cross: 0
H_single expansion: 0, num cross: 0
H_single conductance: -nan, num cross: 0
Cap 1 ... flow: 226240 (8.72893 s)
Cap 2 ... flow: 226295 (6.5075 s)
Flow search took (seconds) 15.2793
SUBG cut conductance: 0.122725
SUBG cut minside volume 11921
SUBG cut maxside volume 893261
== End round 0 ==
H expansion: 0.24879, num cross: 56300
H conductance: 0.248791, num cross: 56300
H_single expansion: 0.24879, num cross: 56300
H_single conductance: 0.248791, num cross: 56300
Cap 1 ... flow: 225769 (20.0361 s)
Cap 2 ... flow: 226295 (7.00981 s)
Flow search took (seconds) 27.1708
SUBG cut conductance: 0.099987
SUBG cut minside volume 146669
SUBG cut maxside volume 758513
== End round 1 ==
H expansion: 0.542818, num cross: 122837
H conductance: 0.27141, num cross: 122837
H_single expansion: 0.53641, num cross: 121387
H_single conductance: 0.271702, num cross: 121387
Cap 1 ... flow: 223242 (33.2016 s)
Cap 2 ... flow: 226295 (10.9665 s)
Flow search took (seconds) 44.2625
SUBG cut conductance: 0.0957274
SUBG cut minside volume 349952
SUBG cut maxside volume 555230
== End round 2 ==
H expansion: 0.869816, num cross: 196835
H conductance: 0.28994, num cross: 196835
H_single expansion: 0.855326, num cross: 193556
H_single conductance: 0.292715, num cross: 193556
Cap 1 ... flow: 218457 (34.6522 s)
Cap 2 ... flow: 226295 (9.03273 s)
Flow search took (seconds) 43.7621
SUBG cut conductance: 0.124248
SUBG cut minside volume 416474
SUBG cut maxside volume 488708
== End round 3 ==
H expansion: 1.22779, num cross: 277843
H conductance: 0.306948, num cross: 277843
H_single expansion: 1.19802, num cross: 271105
H_single conductance: 0.311612, num cross: 271105
Cap 1 ... flow: 212211 (41.4298 s)
Cap 2 ... flow: 226295 (20.9476 s)
Flow search took (seconds) 62.4622
SUBG cut conductance: 0.137982
SUBG cut minside volume 450550
SUBG cut maxside volume 454632
== End round 4 ==
H expansion: 1.5941, num cross: 360737
H conductance: 0.318821, num cross: 360737
H_single expansion: 1.53882, num cross: 348228
H_single conductance: 0.323841, num cross: 348228
Cap 1 ... flow: 204467 (39.9375 s)
Cap 2 ... flow: 225755 (29.7764 s)
Cap 4 ... flow: 226295 (12.2856 s)
Flow search took (seconds) 82.0691
SUBG cut conductance: 0.0393476
SUBG cut minside volume 91848
SUBG cut maxside volume 813334
== End round 5 ==
H expansion: 1.96214, num cross: 444022
H conductance: 0.327023, num cross: 444022
H_single expansion: 1.8761, num cross: 424553
H_single conductance: 0.332315, num cross: 424553
Cap 1 ... flow: 197368 (42.3938 s)
Cap 2 ... flow: 224816 (17.6627 s)
Cap 4 ... flow: 226295 (12.0901 s)
Flow search took (seconds) 72.2252
SUBG cut conductance: 0.0394658
SUBG cut minside volume 168627
SUBG cut maxside volume 736555
== End round 6 ==
H expansion: 2.33233, num cross: 527795
H conductance: 0.333191, num cross: 527795
H_single expansion: 2.20946, num cross: 499989
H_single conductance: 0.338536, num cross: 499989
Cap 1 ... flow: 189279 (44.0554 s)
Cap 2 ... flow: 220482 (35.4611 s)
Cap 4 ... flow: 226295 (17.4407 s)
Flow search took (seconds) 97.056
SUBG cut conductance: 0.0290547
SUBG cut minside volume 382967
SUBG cut maxside volume 522215
== End round 7 ==
H expansion: 2.67183, num cross: 604621
H conductance: 0.333979, num cross: 604621
H_single expansion: 2.50938, num cross: 567860
H_single conductance: 0.338783, num cross: 567860
Cap 1 ... flow: 179538 (50.0271 s)
Cap 2 ... flow: 214802 (51.226 s)
Cap 4 ... flow: 226295 (15.8643 s)
Flow search took (seconds) 117.228
SUBG cut conductance: 0.0607037
SUBG cut minside volume 332830
SUBG cut maxside volume 572352
== End round 8 ==
H expansion: 3.02843, num cross: 685318
H conductance: 0.336493, num cross: 685318
H_single expansion: 2.82531, num cross: 639354
H_single conductance: 0.341026, num cross: 639354
Cap 1 ... flow: 172665 (52.6712 s)
Cap 2 ... flow: 205854 (36.9405 s)
Cap 4 ... flow: 225613 (48.7288 s)
Cap 8 ... flow: 226295 (14.6661 s)
Flow search took (seconds) 153.167
SUBG cut conductance: 0.0315438
SUBG cut minside volume 106138
SUBG cut maxside volume 799044
== End round 9 ==
H expansion: 3.37323, num cross: 763346
H conductance: 0.337324, num cross: 763346
H_single expansion: 3.13017, num cross: 708342
H_single conductance: 0.341215, num cross: 708342
Cap 1 ... flow: 165615 (53.7423 s)
Cap 2 ... flow: 198179 (44.4339 s)
Cap 4 ... flow: 217940 (65.3057 s)
Cap 8 ... flow: 226295 (26.891 s)
Flow search took (seconds) 190.509
SUBG cut conductance: 0.0158149
SUBG cut minside volume 372497
SUBG cut maxside volume 532685
== End round 10 ==
H expansion: 3.62428, num cross: 820157
H conductance: 0.329481, num cross: 820157
H_single expansion: 3.34896, num cross: 757853
H_single conductance: 0.332542, num cross: 757853
Cap 1 ... flow: 153140 (57.0301 s)
Cap 2 ... flow: 181655 (47.4944 s)
Cap 4 ... flow: 205965 (51.0897 s)
Cap 8 ... flow: 226087 (90.56 s)
Cap 16 ... flow: 226295 (18.4463 s)
Flow search took (seconds) 264.795
SUBG cut conductance: 0.0216046
SUBG cut minside volume 137239
SUBG cut maxside volume 767943
== End round 11 ==
H expansion: 4.0334, num cross: 912739
H conductance: 0.336118, num cross: 912739
H_single expansion: 3.71942, num cross: 841687
H_single conductance: 0.339003, num cross: 841687
Cap 1 ... flow: 150647 (58.3175 s)
Cap 2 ... flow: 176731 (45.1058 s)
Cap 4 ... flow: 201788 (34.6096 s)
Cap 8 ... flow: 223874 (63.8466 s)
Cap 16 ... flow: 226295 (17.3237 s)
Flow search took (seconds) 219.349
SUBG cut conductance: 0.0117892
SUBG cut minside volume 402657
SUBG cut maxside volume 502525
== End round 12 ==
H expansion: 4.43054, num cross: 1002610
H conductance: 0.340812, num cross: 1002610
H_single expansion: 4.08009, num cross: 923304
H_single conductance: 0.342836, num cross: 923304
Cap 1 ... flow: 148793 (58.0542 s)
Cap 2 ... flow: 173382 (49.2211 s)
Cap 4 ... flow: 200377 (51.4824 s)
Cap 8 ... flow: 224844 (38.3542 s)
Cap 16 ... flow: 226295 (15.025 s)
Flow search took (seconds) 212.254
SUBG cut conductance: 0.0203909
SUBG cut minside volume 113580
SUBG cut maxside volume 791602
== End round 13 ==
H expansion: 4.82895, num cross: 1092767
H conductance: 0.344925, num cross: 1092767
H_single expansion: 4.44927, num cross: 1006847
H_single conductance: 0.347127, num cross: 1006847
Cap 1 ... flow: 148379 (57.7149 s)
Cap 2 ... flow: 168832 (44.339 s)
Cap 4 ... flow: 193809 (44.6794 s)
Cap 8 ... 