time -o output/wing_nodal-h-0.55-g-0.009562047438257351-t-30m.out.time timeout 30m cmake-build-debug/a.out -f graphs/wing_nodal.graph --ignore-multi -r 0 -s --H_phi=0.55 --G_phi=0.009562047438257351 --vol 0.1 -o output/wing_nodal-h-0.55-g-0.009562047438257351-t-30m.ptn >> output/wing_nodal-h-0.55-g-0.009562047438257351-t-30m.outReading graph from graphs/wing_nodal.graph
Reading a graph with V 10937E 75488
75488
10937
H expansion: 0, num cross: 0
H conductance: -nan, num cross: 0
H_single expansion: 0, num cross: 0
H_single conductance: -nan, num cross: 0
Cap 1 ... flow: 37743 (0.334037 s)
Cap 2 ... flow: 37744 (0.196671 s)
Flow search took (seconds) 0.553109
SUBG cut conductance: 0.952381
SUBG cut minside volume 42
SUBG cut maxside volume 150934
== End round 0 ==
H expansion: 0.247139, num cross: 9328
H conductance: 0.247139, num cross: 9328
H_single expansion: 0.247139, num cross: 9328
H_single conductance: 0.247139, num cross: 9328
Cap 1 ... flow: 37744 (0.387948 s)
Flow search took (seconds) 0.392226
SUBG cut conductance: 999
SUBG cut minside volume 0
SUBG cut maxside volume 150976
== End round 1 ==
H expansion: 0.548696, num cross: 20710
H conductance: 0.274348, num cross: 20710
H_single expansion: 0.543689, num cross: 20521
H_single conductance: 0.274856, num cross: 20521
Cap 1 ... flow: 37666 (0.525074 s)
Cap 2 ... flow: 37744 (0.273548 s)
Flow search took (seconds) 0.807151
SUBG cut conductance: 0.0734616
SUBG cut minside volume 14089
SUBG cut maxside volume 136887
== End round 2 ==
H expansion: 0.874947, num cross: 33024
H conductance: 0.291649, num cross: 33024
H_single expansion: 0.863131, num cross: 32578
H_single conductance: 0.294333, num cross: 32578
Cap 1 ... flow: 37102 (1.32889 s)
Cap 2 ... flow: 37744 (0.24074 s)
Flow search took (seconds) 1.58314
SUBG cut conductance: 0.133383
SUBG cut minside volume 61552
SUBG cut maxside volume 89424
== End round 3 ==
H expansion: 1.23564, num cross: 46638
H conductance: 0.30891, num cross: 46638
H_single expansion: 1.20968, num cross: 45658
H_single conductance: 0.312932, num cross: 45658
Cap 1 ... flow: 35704 (1.23845 s)
Cap 2 ... flow: 37703 (1.29931 s)
Cap 4 ... flow: 37744 (0.559991 s)
Flow search took (seconds) 3.11756
SUBG cut conductance: 0.0299393
SUBG cut minside volume 14496
SUBG cut maxside volume 136480
== End round 4 ==
H expansion: 1.60147, num cross: 60446
H conductance: 0.320295, num cross: 60446
H_single expansion: 1.55434, num cross: 58667
H_single conductance: 0.325164, num cross: 58667
Cap 1 ... flow: 34766 (1.27802 s)
Cap 2 ... flow: 37744 (0.575973 s)
Flow search took (seconds) 1.86548
SUBG cut conductance: 0.146667
SUBG cut minside volume 68768
SUBG cut maxside volume 82208
== End round 5 ==
H expansion: 1.97764, num cross: 74644
H conductance: 0.329606, num cross: 74644
H_single expansion: 1.90022, num cross: 71722
H_single conductance: 0.334456, num cross: 71722
Cap 1 ... flow: 33699 (1.48182 s)
Cap 2 ... flow: 37744 (0.886006 s)
Flow search took (seconds) 2.37965
SUBG cut conductance: 0.149039
SUBG cut minside volume 73115
SUBG cut maxside volume 77861
== End round 6 ==
H expansion: 2.35105, num cross: 88738
H conductance: 0.335864, num cross: 88738
H_single expansion: 2.23683, num cross: 84427
H_single conductance: 0.34051, num cross: 84427
Cap 1 ... flow: 32874 (1.37933 s)
Cap 2 ... flow: 37725 (2.11691 s)
Cap 4 ... flow: 37744 (0.556295 s)
Flow search took (seconds) 4.07455
SUBG cut conductance: 0.031763
SUBG cut minside volume 18764
SUBG cut maxside volume 132212
== End round 7 ==
H expansion: 2.67248, num cross: 100870
H conductance: 0.33406, num cross: 100870
H_single expansion: 2.52175, num cross: 95181
H_single conductance: 0.338521, num cross: 95181
Cap 1 ... flow: 30629 (1.68432 s)
Cap 2 ... flow: 37361 (0.736158 s)
Cap 4 ... flow: 37744 (0.566052 s)
Flow search took (seconds) 2.99899
SUBG cut conductance: 0.167606
SUBG cut minside volume 7631
SUBG cut maxside volume 143345
== End round 8 ==
H expansion: 2.99799, num cross: 113156
H conductance: 0.33311, num cross: 113156
H_single expansion: 2.81115, num cross: 106104
H_single conductance: 0.337492, num cross: 106104
Cap 1 ... flow: 29363 (1.79075 s)
Cap 2 ... flow: 35765 (1.60494 s)
Cap 4 ... flow: 37744 (0.554773 s)
Flow search took (seconds) 3.96486
SUBG cut conductance: 0.0410262
SUBG cut minside volume 51528
SUBG cut maxside volume 99448
== End round 9 ==
H expansion: 3.47144, num cross: 131026
H conductance: 0.347144, num cross: 131026
H_single expansion: 3.23596, num cross: 122138
H_single conductance: 0.350611, num cross: 122138
Cap 1 ... flow: 29399 (1.61084 s)
Cap 2 ... flow: 36326 (1.90354 s)
Cap 4 ... flow: 37744 (0.586255 s)
Flow search took (seconds) 4.11594
SUBG cut conductance: 0.0679496
SUBG cut minside volume 68698
SUBG cut maxside volume 82278
== End round 10 ==
H expansion: 3.54393, num cross: 133762
H conductance: 0.322175, num cross: 133762
H_single expansion: 3.29268, num cross: 124279
H_single conductance: 0.32605, num cross: 124279
Cap 1 ... flow: 25444 (1.56122 s)
Cap 2 ... flow: 31663 (1.5145 s)
Cap 4 ... flow: 37744 (1.29548 s)
Flow search took (seconds) 4.38597
SUBG cut conductance: 0.0755274
SUBG cut minside volume 68121
SUBG cut maxside volume 82855
== End round 11 ==
H expansion: 3.86716, num cross: 145962
H conductance: 0.322263, num cross: 145962
H_single expansion: 3.56904, num cross: 134710
H_single conductance: 0.324043, num cross: 134710
Cap 1 ... flow: 24662 (1.80394 s)
Cap 2 ... flow: 30429 (1.91494 s)
Cap 4 ... flow: 35874 (2.1473 s)
Cap 8 ... flow: 37488 (2.08492 s)
Cap 16 ... flow: 37744 (0.588487 s)
Flow search took (seconds) 8.56704
SUBG cut conductance: 0.0264853
SUBG cut minside volume 13970
SUBG cut maxside volume 137006
== End round 12 ==
H expansion: 4.64466, num cross: 175308
H conductance: 0.357281, num cross: 175308
H_single expansion: 4.28312, num cross: 161662
H_single conductance: 0.357925, num cross: 161662
Cap 1 ... flow: 27628 (1.14211 s)
Cap 2 ... flow: 33272 (1.0861 s)
Cap 4 ... flow: 35696 (0.473701 s)
Cap 8 ... flow: 37225 (0.434855 s)
Cap 16 ... flow: 37744 (0.32099 s)
Flow search took (seconds) 3.47818
SUBG cut conductance: 0.0262744
SUBG cut minside volume 13359
SUBG cut maxside volume 137617
== End round 13 ==
H expansion: 4.56094, num cross: 172148
H conductance: 0.325781, num cross: 172148
H_single expansion: 4.21421, num cross: 159061
H_single conductance: 0.326368, num cross: 159061
Cap 1 ... flow: 22670 (1.92114 s)
Cap 2 ... flow: 27550 (1.78896 s)
Cap 4 ... flow: 34200 (2.17616 s)
Cap 8 ... flow: 37744 (0.678781 s)
Flow search took (seconds) 6.58511
SUBG cut conductance: 0.0430763
SUBG cut minside volume 65767
SUBG cut maxside volume 85209
== End round 14 ==
H expansion: 4.85863, num cross: 183384
H conductance: 0.323908, num cross: 183384
H_single expansion: 4.49568, num cross: 169685
H_single conductance: 0.324661, num cross: 169685
Cap 1 ... flow: 23038 (2.17604 s)
Cap 2 ... flow: 27633 (1.5234 s)
Cap 4 ... flow: 32506 (1.23021 s)
Cap 8 ... flow: 37744 (1.45479 s)
Flow search took (seconds) 6.4015
SUBG cut conductance: 0.0481782
SUBG cut minside volume 34746
SUBG cut maxside volume 116230
== End round 15 ==
H expansion: 5.44288, num cross: 205436
H conductance: 0.34018, num cross: 205436
H_single expansion: 5.03969, num cross: 190218
H_single conductance: 0.340979, num cross: 190218
Cap 1 ... flow: 23148 (1.85322 s)
Cap 2 ... flow: 27569 (1.70366 s)
Cap 4 ... flow: 32687 (1.88544 s)
Cap 8 ... flow: 37744 (1.21221 s)
Flow search took (seconds) 6.67222
SUBG cut conductance: 0.0377951
SUBG cut minside volume 57362
SUBG cut maxside volume 93614
== End round 16 ==
H expansion: 5.40833, num cross: 204132
H conductance: 0.318137, num cross: 204132
H_single expansion: 5.02257, num cross: 189572
H_single conductance: 0.319481, num cross: 189572
Cap 1 ... flow: 21098 (2.12374 s)
Cap 2 ... flow: 24769 (1.75824 s)
Cap 4 ... flow: 30688 (2.04009 s)
Cap 8 ... flow: 37744 (0.962221 s)
Flow search took (seconds) 6.90421
SUBG cut conductance: 0.0446834
SUBG cut minside volume 62126
SUBG cut maxside volume 88850
== End round 17 ==
H expansion: 6.49195, num cross: 245032
H conductance: 0.360664, num cross: 245032
H_single expansion: 6.03211, num cross: 227676
H_single conductance: 0.362793, num cross: 227676
Cap 1 ... flow: 24860 (1.99472 s)
Cap 2 ... flow: 29569 (2.66162 s)
Cap 4 ... flow: 35308 (2.66244 s)
Cap 8 ... flow: 37744 (0.838076 s)
Flow search took (seconds) 8.17739
SUBG cut conductance: 0.0661509
SUBG cut minside volume 35419
SUBG cut maxside volume 115557
== End round 18 ==
H expansion: 4.99825, num cross: 188654
H conductance: 0.263066, num cross: 188654
H_single expansion: 4.65873, num cross: 175839
H_single conductance: 0.26537, num cross: 175839
Cap 1 ... flow: 16469 (2.07006 s)
Cap 2 ... flow: 20369 (1.52519 s)
Cap 4 ... flow: 26720 (1.64349 s)
Cap 8 ... flow: 33940 (3.45018 s)
Cap 16 ... flow: 37117 (2.33638 s)
Cap 32 ... flow: 37744 (0.83964 s)
Flow search took (seconds) 11.8984
SUBG cut conductance: 0.0258589
SUBG cut minside volume 13651
SUBG cut maxside volume 137325
== End round 19 ==
H expansion: 6.52941, num cross: 246446
H conductance: 0.32647, num cross: 246446
H_single expansion: 6.06308, num cross: 228845
H_single conductance: 0.327248, num cross: 228845
Cap 1 ... flow: 20979 (1.7417 s)
Cap 2 ... flow: 23272 (1.72373 s)
Cap 4 ... flow: 27163 (2.35113 s)
Cap 8 ... flow: 34544 (2.15873 s)
Cap 16 ... flow: 37744 (0.703983 s)
Flow search took (seconds) 8.70336
SUBG cut conductance: 0.0243799
SUBG cut minside volume 75226
SUBG cut maxside volume 75750
== End round 20 ==
H expansion: 7.39948, num cross: 279286
H conductance: 0.352356, num cross: 279286
H_single expansion: 6.88565, num cross: 259892
H_single conductance: 0.353984, num cross: 259892
Cap 1 ... flow: 23129 (1.89971 s)
Cap 2 ... flow: 26509 (1.5872 s)
Cap 4 ... flow: 30670 (1.60763 s)
Cap 8 ... flow: 37546 (2.22511 s)
Cap 16 ... flow: 37744 (0.547238 s)
Flow search took (seconds) 7.89125
SUBG cut conductance: 0.0252634
SUBG cut minside volume 64362
SUBG cut maxside volume 86614
== End round 21 ==
H expansion: 7.01786, num cross: 264882
H conductance: 0.318994, num cross: 264882
H_single expansion: 6.5385, num cross: 246789
H_single conductance: 0.320596, num cross: 246789
Cap 1 ... flow: 19607 (2.02755 s)
Cap 2 ... flow: 22324 (1.73399 s)
Cap 4 ... flow: 27070 (2.06148 s)
Cap 8 ... flow: 34961 (2.85973 s)
Cap 16 ... flow: 37744 (1.60138 s)
Flow search took (seconds) 10.3064
SUBG cut conductance: 0.0311639
SUBG cut minside volume 62091
SUBG cut maxside volume 88885
== End round 22 ==
H expansion: 8.09326, num cross: 305472
H conductance: 0.351881, num cross: 305472
H_single expansion: 7.54621, num cross: 284824
H_single conductance: 0.353812, num cross: 284824
Cap 1 ... flow: 22065 (2.09601 s)
Cap 2 ... flow: 25246 (1.89033 s)
Cap 4 ... flow: 29821 (1.48129 s)
Cap 8 ... flow: 37230 (2.23525 s)
Cap 16 ... flow: 37744 (0.627419 s)
Flow search took (seconds) 8.3537
SUBG cut conductance: 0.0260244
SUBG cut minside volume 68359
SUBG cut maxside volume 82617
== End round 23 ==
H expansion: 9.22923, num cross: 348348
H conductance: 0.384551, num cross: 348348
H_single expansion: 8.60248, num cross: 324692
H_single conductance: 0.38631, num cross: 324692
Cap 1 ... flow: 24983 (1.96486 s)
Cap 2 ... flow: 27776 (1.81782 s)
Cap 4 ... flow: 32244 (2.51635 s)
Cap 8 ... flow: 37744 (1.43698 s)
Flow search took (seconds) 7.75542
SUBG cut conductance: 0.0336534
SUBG cut minside volume 62282
SUBG cut maxside volume 88694
== End round 24 ==
H expansion: 7.72785, num cross: 291680
H conductance: 0.309114, num cross: 291680
H_single expansion: 7.22417, num cross: 272669
H_single conductance: 0.311561, num cross: 272669
Cap 1 ... flow: 18504 (1.8807 s)
Cap 2 ... flow: 22118 (1.75527 s)
Cap 4 ... flow: 28064 (1.4929 s)
Cap 8 ... flow: 37744 (1.69996 s)
Flow search took (seconds) 6.84666
SUBG cut conductance: 0.0388515
SUBG cut minside volume 68260
SUBG cut maxside volume 82716
== End round 25 ==
H expansion: 7.79584, num cross: 294246
H conductance: 0.29984, num cross: 294246
H_single expansion: 7.29544, num cross: 275359
H_single conductance: 0.302413, num cross: 275359
Cap 1 ... flow: 17556 (1.86674 s)
Cap 2 ... flow: 21261 (1.92139 s)
Cap 4 ... flow: 27459 (2.54693 s)
Cap 8 ... flow: 34372 (4.02235 s)
Cap 16 ... flow: 37445 (2.40777 s)
Cap 32 ... flow: 37744 (0.783267 s)
Flow search took (seconds) 13.5787
SUBG cut conductance: 0.0258589
SUBG cut minside volume 13651
SUBG cut maxside volume 137325
== End round 26 ==
H expansion: 6.70862, num cross: 253210
H conductance: 0.248467, num cross: 253210
H_single expansion: 6.28828, num cross: 237345
H_single conductance: 0.25063, num cross: 237345
Cap 1 ... flow: 13734 (1.29972 s)
Cap 2 ... flow: 16996 (2.24845 s)
Cap 4 ... flow: 22634 (1.64178 s)
Cap 8 ... flow: 33031 (2.15128 s)
Cap 16 ... flow: 37744 (0.718824 s)
Flow search took (seconds) 8.08513
SUBG cut conductance: 0.0364476
SUBG cut minside volume 70128
SUBG cut maxside volume 80848
== End round 27 ==
H expansion: 10.7396, num cross: 405356
H conductance: 0.383558, num cross: 405356
H_single expansion: 10.0227, num cross: 378298
H_single conductance: 0.384609, num cross: 378298
Cap 1 ... flow: 24176 (1.8452 s)
Cap 2 ... flow: 27363 (1.65833 s)
Cap 4 ... flow: 31870 (2.41557 s)
Cap 8 ... flow: 36729 (3.15888 s)
Cap 16 ... flow: 37744 (1.07147 s)
Flow search took (seconds) 10.1759
SUBG cut conductance: 0.0258671
SUBG cut minside volume 13608
SUBG cut maxside volume 137368
== End round 28 ==
H expansion: 8.08404, num cross: 305124
H conductance: 0.27876, num cross: 305124
H_single expansion: 7.59602, num cross: 286704
H_single conductance: 0.281705, num cross: 286704
Cap 1 ... flow: 15033 (2.13456 s)
Cap 2 ... flow: 17729 (1.90582 s)
Cap 4 ... flow: 22571 (1.60133 s)
Cap 8 ... flow: 31465 (1.94864 s)
Cap 16 ... flow: 37744 (0.89997 s)
Flow search took (seconds) 8.51337
SUBG cut conductance: 0.02996
SUBG cut minside volume 71562
SUBG cut maxside volume 79414
== End round 29 ==
H expansion: 11.5084, num cross: 434374
H conductance: 0.383614, num cross: 434374
H_single expansion: 10.7607, num cross: 406151
H_single conductance: 0.385315, num cross: 406151
Cap 1 ... flow: 23823 (1.72789 s)
Cap 2 ... flow: 26861 (1.88309 s)
Cap 4 ... flow: 31729 (1.78142 s)
Cap 8 ... flow: 37196 (0.893084 s)
Cap 16 ... flow: 37744 (0.479552 s)
Flow search took (seconds) 6.78747
SUBG cut conductance: 0.0262813
SUBG cut minside volume 14497
SUBG cut maxside volume 136479
== End round 30 ==
H expansion: 10.5622, num cross: 398660
H conductance: 0.340716, num cross: 398660
H_single expansion: 9.90115, num cross: 373709
H_single conductance: 0.343275, num cross: 373709
Cap 1 ... flow: 19732 (1.72803 s)
Cap 2 ... flow: 23322 (1.6883 s)
Cap 4 ... flow: 29400 (1.77257 s)
Cap 8 ... flow: 37264 (2.35541 s)
Cap 16 ... flow: 37744 (0.980579 s)
Flow search took (seconds) 8.55098
SUBG cut conductance: 0.0259616
SUBG cut minside volume 13597
SUBG cut maxside volume 137379
== End round 31 ==
H expansion: 9.7013, num cross: 366166
H conductance: 0.303166, num cross: 366166
H_single expansion: 9.13605, num cross: 344831
H_single conductance: 0.306992, num cross: 344831
Cap 1 ... flow: 16688 (2.26742 s)
Cap 2 ... flow: 19352 (1.76847 s)
Cap 4 ... flow: 23864 (1.76799 s)
Cap 8 ... flow: 31469 (2.16011 s)
Cap 16 ... flow: 37744 (1.00265 s)
Flow search took (seconds) 8.99202
SUBG cut conductance: 0.0288373
SUBG cut minside volume 65332
SUBG cut maxside volume 85644
== End round 32 ==
H expansion: 13.6216, num cross: 514132
H conductance: 0.412774, num cross: 514132
H_single expansion: 12.741, num cross: 480895
H_single conductance: 0.414827, num cross: 480895
Cap 1 ... flow: 26442 (1.89697 s)
Cap 2 ... flow: 29163 (1.91183 s)
Cap 4 ... flow: 33369 (1.79828 s)
Cap 8 ... flow: 37744 (1.00434 s)
Flow search took (seconds) 6.62924
SUBG cut conductance: 0.031008
SUBG cut minside volume 57082
SUBG cut maxside volume 93894
== End round 33 ==
H expansion: 13.6282, num cross: 514382
H conductance: 0.400829, num cross: 514382
H_single expansion: 12.767, num cross: 481877
H_single conductance: 0.403555, num cross: 481877
Cap 1 ... flow: 25423 (1.75193 s)
Cap 2 ... flow: 28686 (1.83609 s)
Cap 4 ... flow: 33101 (5.37827 s)
Cap 8 ... flow: 34865 (2.23752 s)
Cap 16 ... flow: 37744 (1.70958 s)
Flow search took (seconds) 12.9396
SUBG cut conductance: 0.0262608
SUBG cut minside volume 15803
SUBG cut maxside volume 135173
== End round 34 ==
H expansion: 13.4565, num cross: 507904
H conductance: 0.384473, num cross: 507904
H_single expansion: 12.6156, num cross: 476162
H_single conductance: 0.388323, num cross: 476162
Cap 1 ... flow: 23407 (1.77777 s)
Cap 2 ... flow: 27182 (1.98072 s)
Cap 4 ... flow: 33628 (1.37989 s)
Cap 8 ... flow: 37744 (0.802375 s)
Flow search took (seconds) 5.96112
SUBG cut conductance: 0.0485624
SUBG cut minside volume 51789
SUBG cut maxside volume 99187
== End round 35 ==
H expansion: 12.0584, num cross: 455134
H conductance: 0.334957, num cross: 455134
H_single expansion: 11.3062, num cross: 426743
H_single conductance: 0.338535, num cross: 426743
Cap 1 ... flow: 19590 (2.09357 s)
Cap 2 ... flow: 23111 (1.5824 s)
Cap 4 ... flow: 27836 (1.80104 s)
Cap 8 ... flow: 34704 (3.89454 s)
Cap 16 ... flow: 37744 (1.14665 s)
Flow search took (seconds) 10.5421
SUBG cut conductance: 0.0283123
SUBG cut minside volume 55347
SUBG cut maxside volume 95629
== End round 36 ==
H expansion: 13.3101, num cross: 502378
H conductance: 0.359734, num cross: 502378
H_single expansion: 12.475, num cross: 470856
H_single conductance: 0.363518, num cross: 470856
Cap 1 ... flow: 21544 (1.99795 s)
Cap 2 ... flow: 24656 (1.70591 s)
Cap 4 ... flow: 29202 (1.80763 s)
Cap 8 ... flow: 36961 (2.63277 s)
Cap 16 ... flow: 37744 (0.708007 s)
Flow search took (seconds) 8.87622
SUBG cut conductance: 0.0270351
SUBG cut minside volume 60107
SUBG cut maxside volume 90869
== End round 37 ==
H expansion: 14.6514, num cross: 553002
H conductance: 0.385563, num cross: 553002
H_single expansion: 13.6997, num cross: 517083
H_single conductance: 0.38862, num cross: 517083
Cap 1 ... flow: 22883 (2.18082 s)
Cap 2 ... flow: 25622 (2.09024 s)
Cap 4 ... flow: 30233 (1.98371 s)
Cap 8 ... flow: 37744 (1.76635 s)
Flow search took (seconds) 8.03922
SUBG cut conductance: 0.0311289
SUBG cut minside volume 71991
SUBG cut maxside volume 78985
== End round 38 ==
H expansion: 14.4398, num cross: 545014
H conductance: 0.37025, num cross: 545014
H_single expansion: 13.5085, num cross: 509864
H_single conductance: 0.37326, num cross: 509864
Cap 1 ... flow: 21684 (2.19879 s)
Cap 2 ... flow: 25027 (1.64249 s)
Cap 4 ... flow: 30338 (1.63646 s)
Cap 8 ... flow: 35186 (0.769381 s)
Cap 16 ... flow: 37744 (0.571311 s)
Flow search took (seconds) 6.83882
SUBG cut conductance: 0.0274248
SUBG cut minside volume 17393
SUBG cut maxside volume 133583
== End round 39 ==
H expansion: 17.1196, num cross: 646162
H conductance: 0.42799, num cross: 646162
H_single expansion: 15.9509, num cross: 602051
H_single conductance: 0.429752, num cross: 602051
Cap 1 ... flow: 27768 (1.10078 s)
Cap 2 ... flow: 30872 (1.40355 s)
Cap 4 ... flow: 35599 (1.4667 s)
Cap 8 ... flow: 37744 (0.767706 s)
Flow search took (seconds) 4.75746
SUBG cut conductance: 0.0330335
SUBG cut minside volume 67144
SUBG cut maxside volume 83832
== End round 40 ==
H expansion: 14.8124, num cross: 559078
H conductance: 0.361277, num cross: 559078
H_single expansion: 13.8513, num cross: 522805
H_single conductance: 0.364687, num cross: 522805
Cap 1 ... flow: 20807 (1.77991 s)
Cap 2 ... flow: 24289 (1.71972 s)
Cap 4 ... flow: 30745 (1.29994 s)
Cap 8 ... flow: 37744 (1.0181 s)
Flow search took (seconds) 5.83663
SUBG cut conductance: 0.0457803
SUBG cut minside volume 69353
SUBG cut maxside volume 81623
== End round 41 ==
H expansion: 14.4396, num cross: 545008
H conductance: 0.3438, num cross: 545008
H_single expansion: 13.5445, num cross: 511224
H_single conductance: 0.348497, num cross: 511224
Cap 1 ... flow: 19271 (1.95293 s)
Cap 2 ... flow: 22225 (1.61304 s)
Cap 4 ... flow: 26880 (1.66889 s)
Cap 8 ... flow: 35192 (2.44712 s)
Cap 16 ... flow: 37744 (0.888781 s)
Flow search took (seconds) 8.59684
SUBG cut conductance: 0.0268401
SUBG cut minside volume 72876
SUBG cut maxside volume 78100
== End round 42 ==
H expansion: 14.6457, num cross: 552786
H conductance: 0.340597, num cross: 552786
H_single expansion: 13.7458, num cross: 518823
H_single conductance: 0.344852, num cross: 518823
Cap 1 ... flow: 18613 (1.79798 s)
Cap 2 ... flow: 20746 (1.72528 s)
Cap 4 ... flow: 24594 (1.65792 s)
Cap 8 ... flow: 31857 (2.01272 s)
Cap 16 ... flow: 37744 (0.969798 s)
Flow search took (seconds) 8.18907
SUBG cut conductance: 0.0233846
SUBG cut minside volume 74750
SUBG cut maxside volume 76226
== End round 43 ==
H expansion: 17.5311, num cross: 661692
H conductance: 0.398433, num cross: 661692
H_single expansion: 16.3525, num cross: 617210
H_single conductance: 0.401084, num cross: 617210
Cap 1 ... flow: 23876 (2.02713 s)
Cap 2 ... flow: 27011 (1.90696 s)
Cap 4 ... flow: 32068 (2.41215 s)
Cap 8 ... flow: 37744 (1.72253 s)
Flow search took (seconds) 8.08775
SUBG cut conductance: 0.0361735
SUBG cut minside volume 66568
SUBG cut maxside volume 84408
== End round 44 ==
H expansion: 15.2298, num cross: 574834
H conductance: 0.33844, num cross: 574834
H_single expansion: 14.3012, num cross: 539786
H_single conductance: 0.34314, num cross: 539786
Cap 1 ... flow: 18984 (1.96954 s)
Cap 2 ... flow: 22032 (2.00106 s)
Cap 4 ... flow: 27170 (1.98982 s)
Cap 8 ... flow: 33718 (2.80776 s)
Cap 16 ... flow: 36997 (2.44529 s)
Cap 32 ... flow: 37744 (0.874232 s)
Flow search took (seconds) 12.1185
SUBG cut conductance: 0.0258589
SUBG cut minside volume 13651
SUBG cut maxside volume 137325
== End round 45 ==
H expansion: 19.6018, num cross: 739850
H conductance: 0.426126, num cross: 739850
H_single expansion: 18.2535, num cross: 688960
H_single conductance: 0.428191, num cross: 688960
Cap 1 ... flow: 27154 (1.6449 s)
Cap 2 ... flow: 30635 (1.76597 s)
Cap 4 ... flow: 35009 (1.36456 s)
Cap 8 ... flow: 37744 (0.73451 s)
Flow search took (seconds) 5.52973
SUBG cut conductance: 0.0425645
SUBG cut minside volume 35687
SUBG cut maxside volume 115289
== End round 46 ==
H expansion: 16.5613, num cross: 625090
H conductance: 0.352368, num cross: 625090
H_single expansion: 15.5358, num cross: 586384
H_single conductance: 0.357464, num cross: 586384
Cap 1 ... flow: 19871 (1.94611 s)
Cap 2 ... flow: 23075 (1.99845 s)
Cap 4 ... flow: 27688 (1.51095 s)
Cap 8 ... flow: 34634 (2.7396 s)
Cap 16 ... flow: 37665 (2.11885 s)
Cap 32 ... flow: 37744 (0.78153 s)
Flow search took (seconds) 11.1247
SUBG cut conductance: 0.0258589
SUBG cut minside volume 13651
SUBG cut maxside volume 137325
== End round 47 ==
H expansion: 19.5928, num cross: 739510
H conductance: 0.408183, num cross: 739510
H_single expansion: 18.2601, num cross: 689211
H_single conductance: 0.410869, num cross: 689211
Cap 1 ... flow: 24712 (1.88747 s)
Cap 2 ... flow: 27932 (1.8661 s)
Cap 4 ... flow: 32858 (1.19051 s)
Cap 8 ... flow: 35937 (0.635231 s)
Cap 16 ... flow: 37744 (0.447602 s)
Flow search took (seconds) 6.04777
SUBG cut conductance: 0.0260903
SUBG cut minside volume 15523
SUBG cut maxside volume 135453
== End round 48 ==
H expansion: 19.8833, num cross: 750474
H conductance: 0.405781, num cross: 750474
H_single expansion: 18.5208, num cross: 699048
H_single conductance: 0.408272, num cross: 699048
Cap 1 ... flow: 24778 (1.88563 s)
Cap 2 ... flow: 28109 (1.89569 s)
Cap 4 ... flow: 32934 (1.17611 s)
Cap 8 ... flow: 35678 (0.685243 s)
Cap 16 ... flow: 37744 (0.485902 s)
Flow search took (seconds) 6.14921
SUBG cut conductance: 0.0262608
SUBG cut minside volume 15803
SUBG cut maxside volume 135173
== End round 49 ==
H expansion: 18.9636, num cross: 715764
H conductance: 0.379273, num cross: 715764
H_single expansion: 17.746, num cross: 669804
H_single conductance: 0.384366, num cross: 669804
Cap 1 ... flow: 22288 (1.64039 s)
Cap 2 ... flow: 25373 (1.15874 s)
Cap 4 ... flow: 30705 (1.09346 s)
Cap 8 ... flow: 37744 (0.873649 s)
Flow search took (seconds) 4.784
SUBG cut conductance: 0.0487189
SUBG cut minside volume 50309
SUBG cut maxside volume 100667
== End round 50 ==
H expansion: 21.2099, num cross: 800548
H conductance: 0.415881, num cross: 800548
H_single expansion: 19.7511, num cross: 745486
H_single conductance: 0.418465, num cross: 745486
Cap 1 ... flow: 24827 (1.36352 s)
Cap 2 ... flow: 26819 (1.31158 s)
Cap 4 ... flow: 30243 (0.973688 s)
Cap 8 ... flow: 36724 (1.07917 s)
Cap 16 ... flow: 37744 (0.604869 s)
Flow search took (seconds) 5.35677
SUBG cut conductance: 0.0361235
SUBG cut minside volume 42244
SUBG cut maxside volume 108732
== End round 51 ==
H expansion: 19.876, num cross: 750200
H conductance: 0.382231, num cross: 750200
H_single expansion: 18.549, num cross: 700115
H_single conductance: 0.385817, num cross: 700115
Cap 1 ... flow: 21743 (2.08823 s)
Cap 2 ... flow: 24570 (1.49519 s)
Cap 4 ... flow: 29815 (2.16266 s)
Cap 8 ... flow: 36627 (1.01284 s)
Cap 16 ... flow: 37744 (0.510574 s)
Flow search took (seconds) 7.29232
SUBG cut conductance: 0.0259281
SUBG cut minside volume 13576
SUBG cut maxside volume 137400
== End round 52 ==
H expansion: 19.2456, num cross: 726406
H conductance: 0.363125, num cross: 726406
H_single expansion: 17.9968, num cross: 679271
H_single conductance: 0.367213, num cross: 679271
Cap 1 ... flow: 20680 (1.74856 s)
Cap 2 ... flow: 23640 (1.59432 s)
Cap 4 ... flow: 28086 (2.14907 s)
Cap 8 ... flow: 35916 (1.91329 s)
Cap 16 ... flow: 37744 (0.629656 s)
Flow search took (seconds) 8.05834
SUBG cut conductance: 0.025041
SUBG cut minside volume 74438
SUBG cut maxside volume 76538
== End round 53 ==
H expansion: 19.1506, num cross: 722820
H conductance: 0.354641, num cross: 722820
H_single expansion: 17.9125, num cross: 676090
H_single conductance: 0.358551, num cross: 676090
Cap 1 ... flow: 19856 (1.87313 s)
Cap 2 ... flow: 22922 (1.796 s)
Cap 4 ... flow: 27865 (2.36267 s)
Cap 8 ... flow: 35972 (3.37096 s)
Cap 16 ... flow: 37744 (1.14045 s)
Flow search took (seconds) 10.5674
SUBG cut conductance: 0.0328381
SUBG cut minside volume 50612
SUBG cut maxside volume 100364
== End round 54 ==
H expansion: 21.9538, num cross: 828624
H conductance: 0.39916, num cross: 828624
H_single expansion: 20.4757, num cross: 772835
H_single conductance: 0.40254, num cross: 772835
Cap 1 ... flow: 23757 (1.88536 s)
Cap 2 ... flow: 26978 (2.13448 s)
Cap 4 ... flow: 31663 (2.79594 s)
Cap 8 ... flow: 37744 (1.48489 s)
Flow search took (seconds) 8.32075
SUBG cut conductance: 0.0340064
SUBG cut minside volume 62400
SUBG cut maxside volume 88576
== End round 55 ==
H expansion: 20.9581, num cross: 791044
H conductance: 0.374252, num cross: 791044
H_single expansion: 19.5836, num cross: 739162
H_single conductance: 0.378476, num cross: 739162
Cap 1 ... flow: 21517 (1.6925 s)
Cap 2 ... flow: 25339 (1.77279 s)
Cap 4 ... flow: 31134 (1.36245 s)
Cap 8 ... flow: 37363 (2.72459 s)
Cap 16 ... flow: 37744 (0.978633 s)
Flow search took (seconds) 8.55667
SUBG cut conductance: 0.0261269
SUBG cut minside volume 13511
SUBG cut maxside volume 137465
== End round 56 ==
H expansion: 20.3583, num cross: 768404
H conductance: 0.357163, num cross: 768404
H_single expansion: 19.0501, num cross: 719026
H_single conductance: 0.361659, num cross: 719026
Cap 1 ... flow: 19847 (1.97395 s)
Cap 2 ... flow: 22028 (1.36154 s)
Cap 4 ... flow: 25743 (1.72291 s)
Cap 8 ... flow: 32632 (2.20024 s)
Cap 16 ... flow: 37744 (0.939071 s)
Flow search took (seconds) 8.22416
SUBG cut conductance: 0.0243407
SUBG cut minside volume 69842
SUBG cut maxside volume 81134
== End round 57 ==
H expansion: 18.9929, num cross: 716868
H conductance: 0.327464, num cross: 716868
H_single expansion: 17.8189, num cross: 672558
H_single conductance: 0.332536, num cross: 672558
Cap 1 ... flow: 16642 (1.81564 s)
Cap 2 ... flow: 19654 (2.10973 s)
Cap 4 ... flow: 25213 (2.25816 s)
Cap 8 ... flow: 35623 (2.77939 s)
Cap 16 ... flow: 37744 (0.675611 s)
Flow search took (seconds) 9.66183
SUBG cut conductance: 0.0351634
SUBG cut minside volume 72348
SUBG cut maxside volume 78628
== End round 58 ==
H expansion: 23.3597, num cross: 881688
H conductance: 0.395927, num cross: 881688
H_single expansion: 21.7767, num cross: 821940
H_single conductance: 0.399568, num cross: 821940
Cap 1 ... flow: 23005 (1.97072 s)
Cap 2 ... flow: 26210 (1.61242 s)
Cap 4 ... flow: 31506 (2.12445 s)
Cap 8 ... flow: 37047 (2.68536 s)
Cap 16 ... flow: 37744 (0.963519 s)
Flow search took (seconds) 9.38266
SUBG cut conductance: 0.0262958
SUBG cut minside volume 15820
SUBG cut maxside volume 135156
== End round 59 ==
H expansion: 22.9901, num cross: 867738
H conductance: 0.383168, num cross: 867738
H_single expansion: 21.4841, num cross: 810897
H_single conductance: 0.387807, num cross: 810897
Cap 1 ... flow: 21514 (1.67462 s)
Cap 2 ... flow: 23689 (1.73022 s)
Cap 4 ... flow: 27410 (2.02 s)
Cap 8 ... flow: 34371 (2.1265 s)
Cap 16 ... flow: 37744 (0.77857 s)
Flow search took (seconds) 8.35558
SUBG cut conductance: 0.0238299
SUBG cut minside volume 72598
SUBG cut maxside volume 78378
== End round 60 ==
H expansion: 26.3967, num cross: 996318
H conductance: 0.432733, num cross: 996318
H_single expansion: 24.538, num cross: 926161
H_single conductance: 0.436086, num cross: 926161
Cap 1 ... flow: 26774 (1.67279 s)
Cap 2 ... flow: 30935 (1.38743 s)
Cap 4 ... flow: 37744 (1.97526 s)
Flow search took (seconds) 5.04993
SUBG cut conductance: 0.0573922
SUBG cut minside volume 67483
SUBG cut maxside volume 83493
== End round 61 ==
H expansion: 22.6948, num cross: 856592
H conductance: 0.366045, num cross: 856592
H_single expansion: 21.2277, num cross: 801218
H_single conductance: 0.371474, num cross: 801218
Cap 1 ... flow: 20189 (2.18197 s)
Cap 2 ... flow: 22218 (2.42323 s)
Cap 4 ... flow: 25750 (2.3272 s)
Cap 8 ... flow: 32498 (3.08951 s)
Cap 16 ... flow: 37744 (1.3449 s)
Flow search took (seconds) 11.3908
SUBG cut conductance: 0.0322633
SUBG cut minside volume 49716
SUBG cut maxside volume 101260
== End round 62 ==
H expansion: 22.6225, num cross: 853862
H conductance: 0.359087, num cross: 853862
H_single expansion: 21.1187, num cross: 797106
H_single conductance: 0.363689, num cross: 797106
Cap 1 ... flow: 19681 (2.19979 s)
Cap 2 ... flow: 23849 (2.14712 s)
Cap 4 ... flow: 30787 (2.51278 s)
Cap 8 ... flow: 37744 (1.08763 s)
Flow search took (seconds) 7.96856
SUBG cut conductance: 0.0477481
SUBG cut minside volume 70118
SUBG cut maxside volume 80858
== End round 63 ==
H expansion: 24.4575, num cross: 923124
H conductance: 0.382148, num cross: 923124
H_single expansion: 22.8183, num cross: 861255
H_single conductance: 0.387297, num cross: 861255
Cap 1 ... flow: 21636 (2.08713 s)
Cap 2 ... flow: 23509 (2.11028 s)
Cap 4 ... flow: 26755 (2.37754 s)
Cap 8 ... flow: 32994 (2.1443 s)
Cap 16 ... flow: 37744 (1.20173 s)
Flow search took (seconds) 9.94555
SUBG cut conductance: 0.0265784
SUBG cut minside volume 58318
SUBG cut maxside volume 92658
== End round 64 ==
H expansion: 28.125, num cross: 1061550
H conductance: 0.432692, num cross: 1061550
H_single expansion: 26.131, num cross: 986290
H_single conductance: 0.436997, num cross: 986290
Cap 1 ... flow: 27938 (1.53643 s)
Cap 2 ... flow: 31112 (1.16553 s)
Cap 4 ... flow: 34031 (2.19775 s)
Cap 8 ... flow: 35670 (2.26167 s)
Cap 16 ... flow: 37744 (1.22565 s)
Flow search took (seconds) 8.41319
SUBG cut conductance: 0.0261105
SUBG cut minside volume 15511
SUBG cut maxside volume 135465
== End round 65 ==
H expansion: 20.9125, num cross: 789320
H conductance: 0.316855, num cross: 789320
H_single expansion: 19.6349, num cross: 741098
H_single conductance: 0.323669, num cross: 741098
Cap 1 ... flow: 15951 (2.30816 s)
Cap 2 ... flow: 19045 (2.02953 s)
Cap 4 ... flow: 24417 (1.90339 s)
Cap 8 ... flow: 33844 (3.66237 s)
Cap 16 ... flow: 37744 (1.8406 s)
Flow search took (seconds) 11.7762
SUBG cut conductance: 0.0344514
SUBG cut minside volume 61594
SUBG cut maxside volume 89382
== End round 66 ==
H expansion: 20.8207, num cross: 785856
H conductance: 0.310757, num cross: 785856
H_single expansion: 19.4917, num cross: 735694
H_single conductance: 0.316469, num cross: 735694
Cap 1 ... flow: 15347 (2.06712 s)
Cap 2 ... flow: 18895 (1.27879 s)
Cap 4 ... flow: 24716 (1.17037 s)
Cap 8 ... flow: 35269 (1.67801 s)
Cap 16 ... flow: 37744 (0.680264 s)
Flow search took (seconds) 6.89704
SUBG cut conductance: 0.0432986
SUBG cut minside volume 58570
SUBG cut maxside volume 92406
== End round 67 ==
H expansion: 24.3323, num cross: 918400
H conductance: 0.357829, num cross: 918400
H_single expansion: 22.6856, num cross: 856245
H_single conductance: 0.362987, num cross: 856245
Cap 1 ... flow: 19317 (1.79677 s)
Cap 2 ... flow: 22715 (1.73678 s)
Cap 4 ... flow: 28420 (2.31338 s)
Cap 8 ... flow: 35222 (2.77321 s)
Cap 16 ... flow: 37744 (1.56143 s)
Flow search took (seconds) 10.207
SUBG cut conductance: 0.0274469
SUBG cut minside volume 17379
SUBG cut maxside volume 133597
== End round 68 ==
H expansion: 25.6205, num cross: 967022
H conductance: 0.371312, num cross: 967022
H_single expansion: 23.854, num cross: 900344
H_single conductance: 0.376312, num cross: 900344
Cap 1 ... flow: 21251 (2.03072 s)
Cap 2 ... flow: 24307 (2.12283 s)
Cap 4 ... flow: 28681 (2.03691 s)
Cap 8 ... flow: 36287 (2.29986 s)
Cap 16 ... flow: 37744 (0.671414 s)
Flow search took (seconds) 9.18925
SUBG cut conductance: 0.0351887
SUBG cut minside volume 52460
SUBG cut maxside volume 98516
== End round 69 ==
H expansion: 29.277, num cross: 1105032
H conductance: 0.418243, num cross: 1105032
H_single expansion: 27.1282, num cross: 1023927
H_single conductance: 0.421889, num cross: 1023927
Cap 1 ... flow: 24544 (1.88956 s)
Cap 2 ... flow: 27614 (2.08381 s)
Cap 4 ... flow: 32454 (2.12691 s)
Cap 8 ... flow: 37744 (1.00303 s)
Flow search took (seconds) 7.12964
SUBG cut conductance: 0.0329724
SUBG cut minside volume 65297
SUBG cut maxside volume 85679
== End round 70 ==
H expansion: 25.7997, num cross: 973782
H conductance: 0.363375, num cross: 973782
H_single expansion: 24.0399, num cross: 907362
H_single conductance: 0.369072, num cross: 907362
Cap 1 ... flow: 19968 (1.78577 s)
Cap 2 ... flow: 22265 (1.74894 s)
Cap 4 ... flow: 25968 (1.54667 s)
Cap 8 ... flow: 33221 (1.89364 s)
Cap 16 ... flow: 37744 (0.856249 s)
Flow search took (seconds) 7.85377
SUBG cut conductance: 0.0261025
SUBG cut minside volume 69342
SUBG cut maxside volume 81634
== End round 71 ==
H expansion: 30.2924, num cross: 1143358
H conductance: 0.420728, num cross: 1143358
H_single expansion: 28.0507, num cross: 1058744
H_single conductance: 0.425002, num cross: 1058744
Cap 1 ... flow: 25862 (1.35147 s)
Cap 2 ... flow: 28832 (1.31678 s)
Cap 4 ... flow: 33042 (1.00246 s)
Cap 8 ... flow: 35378 (0.619523 s)
Cap 16 ... flow: 37744 (0.483727 s)
Flow search took (seconds) 4.79724
SUBG cut conductance: 0.0258589
SUBG cut minside volume 13651
SUBG cut maxside volume 137325
== End round 72 ==
H expansion: 31.0086, num cross: 1170390
H conductance: 0.424776, num cross: 1170390
H_single expansion: 28.6843, num cross: 1082662
H_single conductance: 0.428489, num cross: 1082662
Cap 1 ... flow: 25715 (1.91899 s)
Cap 2 ... flow: 28373 (1.74724 s)
Cap 4 ... flow: 32764 (1.91896 s)
Cap 8 ... flow: 37744 (1.14103 s)
Flow search took (seconds) 6.74554
SUBG cut conductance: 0.0322207
SUBG cut minside volume 63903
SUBG cut maxside volume 87073
== End round 73 ==
H expansion: 30.3251, num cross: 1144590
H conductance: 0.409798, num cross: 1144590
H_single expansion: 28.0934, num cross: 1060357
H_single conductance: 0.414275, num cross: 1060357
Cap 1 ... flow: 24286 (1.7071 s)
Cap 2 ... flow: 27226 (1.19021 s)
Cap 4 ... flow: 31359 (1.23934 s)
Cap 8 ... flow: 36843 (1.04878 s)
Cap 16 ... flow: 37744 (0.47584 s)
Flow search took (seconds) 5.68737
SUBG cut conductance: 0.0266564
SUBG cut minside volume 15606
SUBG cut maxside volume 135370
== End round 74 ==
H expansion: 28.6699, num cross: 1082118
H conductance: 0.382266, num cross: 1082118
H_single expansion: 26.5911, num cross: 1003653
H_single conductance: 0.38711, num cross: 1003653
Cap 1 ... flow: 21554 (2.06806 s)
Cap 2 ... flow: 24719 (2.16618 s)
Cap 4 ... flow: 29616 (2.30557 s)
Cap 8 ... flow: 37296 (2.627 s)
Cap 16 ... flow: 37744 (0.614223 s)
Flow search took (seconds) 9.80382
SUBG cut conductance: 0.0261204
SUBG cut minside volume 69754
SUBG cut maxside volume 81222
== End round 75 ==
H expansion: 27.2794, num cross: 1029634
H conductance: 0.35894, num cross: 1029634
H_single expansion: 25.3751, num cross: 957758
H_single conductance: 0.364209, num cross: 957758
Cap 1 ... flow: 18854 (2.25343 s)
Cap 2 ... flow: 21890 (2.44424 s)
Cap 4 ... flow: 27132 (2.28537 s)
Cap 8 ... flow: 35420 (2.37646 s)
Cap 16 ... flow: 37744 (1.30956 s)
Flow search took (seconds) 10.695
SUBG cut conductance: 0.0264755
SUBG cut minside volume 15486
SUBG cut maxside volume 135490
== End round 76 ==
H expansion: 27.5047, num cross: 1038136
H conductance: 0.357203, num cross: 1038136
H_single expansion: 25.6051, num cross: 966440
H_single conductance: 0.363125, num cross: 966440
Cap 1 ... flow: 18895 (2.18382 s)
Cap 2 ... flow: 21853 (2.04084 s)
Cap 4 ... flow: 26847 (1.65928 s)
Cap 8 ... flow: 36059 (1.96095 s)
Cap 16 ... flow: 37744 (0.618722 s)
Flow search took (seconds) 8.48714
SUBG cut conductance: 0.0319302
SUBG cut minside volume 69464
SUBG cut maxside volume 81512
== End round 77 ==
H expansion: 34.2124, num cross: 1291314
H conductance: 0.438621, num cross: 1291314
H_single expansion: 31.6161, num cross: 1193317
H_single conductance: 0.443161, num cross: 1193317
Cap 1 ... flow: 27154 (1.56726 s)
Cap 2 ... flow: 31250 (1.64567 s)
Cap 4 ... flow: 36971 (1.01651 s)
Cap 8 ... flow: 37744 (0.707695 s)
Flow search took (seconds) 4.95644
SUBG cut conductance: 0.0652781
SUBG cut minside volume 19685
SUBG cut maxside volume 131291
== End round 78 ==
H expansion: 27.1102, num cross: 1023248
H conductance: 0.343167, num cross: 1023248
H_single expansion: 25.2883, num cross: 954482
H_single conductance: 0.35031, num cross: 954482
Cap 1 ... flow: 17884 (2.08658 s)
Cap 2 ... flow: 19933 (1.43885 s)
Cap 4 ... flow: 23282 (1.35384 s)
Cap 8 ... flow: 29572 (1.28401 s)
Cap 16 ... flow: 37555 (0.99985 s)
Cap 32 ... flow: 37744 (0.420317 s)
Flow search took (seconds) 7.60764
SUBG cut conductance: 0.0258671
SUBG cut minside volume 13608
SUBG cut maxside volume 137368
== End round 79 ==
H expansion: 32.3254, num cross: 1220090
H conductance: 0.404068, num cross: 1220090
H_single expansion: 29.8842, num cross: 1127949
H_single conductance: 0.408728, num cross: 1127949
Cap 1 ... flow: 23291 (1.75559 s)
Cap 2 ... flow: 26953 (2.17592 s)
Cap 4 ... flow: 32317 (1.8046 s)
Cap 8 ... flow: 37744 (1.0405 s)
Flow search took (seconds) 6.79696
SUBG cut conductance: 0.0369512
SUBG cut minside volume 59511
SUBG cut maxside volume 91465
== End round 80 ==
H expansion: 34.4271, num cross: 1299416
H conductance: 0.425026, num cross: 1299416
H_single expansion: 31.7679, num cross: 1199047
H_single conductance: 0.428667, num cross: 1199047
Cap 1 ... flow: 25433 (2.09054 s)
Cap 2 ... flow: 29020 (1.91156 s)
Cap 4 ... flow: 34236 (1.82554 s)
Cap 8 ... flow: 37744 (0.794663 s)
Flow search took (seconds) 6.64423
SUBG cut conductance: 0.0329959
SUBG cut minside volume 66887
SUBG cut maxside volume 84089
== End round 81 ==
H expansion: 33.6934, num cross: 1271724
H conductance: 0.410895, num cross: 1271724
H_single expansion: 31.1163, num cross: 1174454
H_single conductance: 0.415429, num cross: 1174454
Cap 1 ... flow: 24144 (1.77688 s)
Cap 2 ... flow: 27916 (1.73013 s)
Cap 4 ... flow: 33899 (1.53094 s)
Cap 8 ... flow: 37744 (0.727565 s)
Flow search took (seconds) 5.78381
SUBG cut conductance: 0.0495809
SUBG cut minside volume 53448
SUBG cut maxside volume 97528
== End round 82 ==
H expansion: 30.253, num cross: 1141868
H conductance: 0.364494, num cross: 1141868
H_single expansion: 28.0969, num cross: 1060490
H_single conductance: 0.37105, num cross: 1060490
Cap 1 ... flow: 19430 (1.94055 s)
Cap 2 ... flow: 22003 (1.79029 s)
Cap 4 ... flow: 26470 (1.64706 s)
Cap 8 ... flow: 34558 (1.32819 s)
Cap 16 ... flow: 37690 (0.839605 s)
Cap 32 ... flow: 37744 (0.44348 s)
Flow search took (seconds) 8.01291
SUBG cut conductance: 0.0258671
SUBG cut minside volume 13608
SUBG cut maxside volume 137368
== End round 83 ==
H expansion: 28.1896, num cross: 1063988
H conductance: 0.33559, num cross: 1063988
H_single expansion: 26.2448, num cross: 990583
H_single conductance: 0.342166, num cross: 990583
Cap 1 ... flow: 16835 (2.13862 s)
Cap 2 ... flow: 19783 (2.06783 s)
Cap 4 ... flow: 24994 (1.94191 s)
Cap 8 ... flow: 33072 (2.09474 s)
Cap 16 ... flow: 37744 (0.753077 s)
Flow search took (seconds) 9.02435
SUBG cut conductance: 0.0300742
SUBG cut minside volume 60916
SUBG cut maxside volume 90060
== End round 84 ==
H expansion: 31.0777, num cross: 1172996
H conductance: 0.36562, num cross: 1172996
H_single expansion: 28.7794, num cross: 1086250
H_single conductance: 0.370478, num cross: 1086250
Cap 1 ... flow: 19978 (1.94258 s)
Cap 2 ... flow: 23816 (1.6033 s)
Cap 4 ... flow: 29555 (1.38318 s)
Cap 8 ... flow: 37744 (1.77554 s)
Flow search took (seconds) 6.72258
SUBG cut conductance: 0.0511803
SUBG cut minside volume 47870
SUBG cut maxside volume 103106
== End round 85 ==
H expansion: 36.3781, num cross: 1373054
H conductance: 0.423001, num cross: 1373054
H_single expansion: 33.543, num cross: 1266047
H_single conductance: 0.427029, num cross: 1266047
Cap 1 ... flow: 25623 (1.75663 s)
Cap 2 ... flow: 28823 (1.85936 s)
Cap 4 ... flow: 34101 (2.40697 s)
Cap 8 ... flow: 37341 (2.30475 s)
Cap 16 ... flow: 37744 (0.892795 s)
Flow search took (seconds) 9.24654
SUBG cut conductance: 0.0263011
SUBG cut minside volume 14372
SUBG cut maxside volume 136604
== End round 86 ==
H expansion: 34.9883, num cross: 1320600
H conductance: 0.402165, num cross: 1320600
H_single expansion: 32.3432, num cross: 1220763
H_single conductance: 0.407032, num cross: 1220763
Cap 1 ... flow: 22847 (1.72374 s)
Cap 2 ... flow: 25838 (1.46523 s)
Cap 4 ... flow: 31097 (1.64857 s)
Cap 8 ... flow: 36589 (2.22283 s)
Cap 16 ... flow: 37744 (1.02286 s)
Flow search took (seconds) 8.11723
SUBG cut conductance: 0.0258779
SUBG cut minside volume 13641
SUBG cut maxside volume 137335
== End round 87 ==
H expansion: 29.8961, num cross: 1128398
H conductance: 0.339728, num cross: 1128398
H_single expansion: 27.8545, num cross: 1051340
H_single conductance: 0.346829, num cross: 1051340
Cap 1 ... flow: 17045 (1.93351 s)
Cap 2 ... flow: 19403 (2.3045 s)
Cap 4 ... flow: 23473 (1.94911 s)
Cap 8 ... flow: 31191 (1.91254 s)
Cap 16 ... flow: 37744 (1.02918 s)
Flow search took (seconds) 9.1518
SUBG cut conductance: 0.0251896
SUBG cut minside volume 72133
SUBG cut maxside volume 78843
== End round 88 ==
H expansion: 38.3719, num cross: 1448308
H conductance: 0.431145, num cross: 1448308
H_single expansion: 35.3479, num cross: 1334173
H_single conductance: 0.436036, num cross: 1334173
Cap 1 ... flow: 26169 (1.88598 s)
Cap 2 ... flow: 29089 (1.86471 s)
Cap 4 ... flow: 33675 (2.91432 s)
Cap 8 ... flow: 36059 (2.68024 s)
Cap 16 ... flow: 37744 (1.20203 s)
Flow search took (seconds) 10.5759
SUBG cut conductance: 0.0261324
SUBG cut minside volume 13776
SUBG cut maxside volume 137200
== End round 89 ==
H expansion: 34.5558, num cross: 1304276
H conductance: 0.383954, num cross: 1304276
H_single expansion: 31.977, num cross: 1206939
H_single conductance: 0.390272, num cross: 1206939
Cap 1 ... flow: 21334 (1.81286 s)
Cap 2 ... flow: 24421 (1.80987 s)
Cap 4 ... flow: 29695 (1.99405 s)
Cap 8 ... flow: 37744 (2.00668 s)
Flow search took (seconds) 7.64469
SUBG cut conductance: 0.0362806
SUBG cut minside volume 69624
SUBG cut maxside volume 81352
== End round 90 ==
H expansion: 32.021, num cross: 1208602
H conductance: 0.35188, num cross: 1208602
H_single expansion: 29.7323, num cross: 1122217
H_single conductance: 0.358299, num cross: 1122217
Cap 1 ... flow: 18504 (1.96239 s)
Cap 2 ... flow: 21600 (1.87129 s)
Cap 4 ... flow: 25868 (1.70559 s)
Cap 8 ... flow: 32418 (1.2671 s)
Cap 16 ... flow: 37289 (0.754576 s)
Cap 32 ... flow: 37744 (0.38104 s)
Flow search took (seconds) 7.96858
SUBG cut conductance: 0.0258589
SUBG cut minside volume 13651
SUBG cut maxside volume 137325
== End round 91 ==
H expansion: 28.9341, num cross: 1092090
H conductance: 0.314501, num cross: 1092090
H_single expansion: 26.943, num cross: 1016935
H_single conductance: 0.321539, num cross: 1016935
Cap 1 ... flow: 15131 (2.07584 s)
Cap 2 ... flow: 18070 (1.70191 s)
Cap 4 ... flow: 22968 (1.79049 s)
Cap 8 ... flow: 31691 (2.5388 s)
Cap 16 ... flow: 37744 (1.04569 s)
Flow search took (seconds) 9.17565
SUBG cut conductance: 0.0286651
SUBG cut minside volume 73190
SUBG cut maxside volume 77786
== End round 92 ==
H expansion: 38.0815, num cross: 1437348
H conductance: 0.409478, num cross: 1437348
H_single expansion: 35.095, num cross: 1324625
H_single conductance: 0.414023, num cross: 1324625
Cap 1 ... flow: 23829 (2.04785 s)
Cap 2 ... flow: 27732 (1.77374 s)
Cap 4 ... flow: 33851 (2.89302 s)
Cap 8 ... flow: 37744 (0.929897 s)
Flow search took (seconds) 7.66406
SUBG cut conductance: 0.0448659
SUBG cut minside volume 62163
SUBG cut maxside volume 88813
== End round 93 ==
H expansion: 41.2348, num cross: 1556368
H conductance: 0.438669, num cross: 1556368
H_single expansion: 37.8867, num cross: 1429995
H_single conductance: 0.442519, num cross: 1429995
Cap 1 ... flow: 26878 (1.70341 s)
Cap 2 ... flow: 30080 (1.69243 s)
Cap 4 ... flow: 34345 (2.91527 s)
Cap 8 ... flow: 36747 (2.61684 s)
Cap 16 ... flow: 37744 (1.00581 s)
Flow search took (seconds) 9.95969
SUBG cut conductance: 0.0262178
SUBG cut minside volume 14227
SUBG cut maxside volume 136749
== End round 94 ==
H expansion: 37.524, num cross: 1416304
H conductance: 0.394989, num cross: 1416304
H_single expansion: 34.6326, num cross: 1307174
H_single conductance: 0.400296, num cross: 1307174
Cap 1 ... flow: 22636 (1.86668 s)
Cap 2 ... flow: 24958 (1.66295 s)
Cap 4 ... flow: 28545 (2.28329 s)
Cap 8 ... flow: 35468 (2.82761 s)
Cap 16 ... flow: 37744 (0.882651 s)
Flow search took (seconds) 9.54789
SUBG cut conductance: 0.0302301
SUBG cut minside volume 56533
SUBG cut maxside volume 94443
== End round 95 ==
H expansion: 40.607, num cross: 1532670
H conductance: 0.422989, num cross: 1532670
H_single expansion: 37.3251, num cross: 1408798
H_single conductance: 0.427121, num cross: 1408798
Cap 1 ... flow: 25351 (1.97254 s)
Cap 2 ... flow: 28591 (2.10265 s)
Cap 4 ... flow: 33080 (2.26636 s)
Cap 8 ... flow: 37744 (1.03616 s)
Flow search took (seconds) 7.39645
SUBG cut conductance: 0.030568
SUBG cut minside volume 63596
SUBG cut maxside volume 87380
== End round 96 ==
H expansion: 38.8057, num cross: 1464682
H conductance: 0.400059, num cross: 1464682
H_single expansion: 35.7486, num cross: 1349296
H_single conductance: 0.40509, num cross: 1349296
Cap 1 ... flow: 23085 (1.64514 s)
Cap 2 ... flow: 26683 (1.88889 s)
Cap 4 ... flow: 32018 (2.56051 s)
Cap 8 ... flow: 37744 (1.31952 s)
Flow search took (seconds) 7.43643
SUBG cut conductance: 0.0385092
SUBG cut minside volume 51676
SUBG cut maxside volume 99300
== End round 97 ==
H expansion: 38.5751, num cross: 1455978
H conductance: 0.393623, num cross: 1455978
H_single expansion: 35.6674, num cross: 1346232
H_single conductance: 0.401557, num cross: 1346232
Cap 1 ... flow: 22282 (1.7745 s)
Cap 2 ... flow: 25498 (1.6419 s)
Cap 4 ... flow: 30105 (0.995366 s)
Cap 8 ... flow: 36266 (0.949151 s)
Cap 16 ... flow: 37744 (0.710329 s)
Flow search took (seconds) 6.09196
SUBG cut conductance: 0.0457228
SUBG cut minside volume 28126
SUBG cut maxside volume 122850
== End round 98 ==
H expansion: 37.6785, num cross: 1422136
H conductance: 0.380591, num cross: 1422136
H_single expansion: 34.7864, num cross: 1312976
H_single conductance: 0.387073, num cross: 1312976
Cap 1 ... flow: 20926 (1.70407 s)
Cap 2 ... flow: 23761 (1.66847 s)
Cap 4 ... flow: 28591 (1.67538 s)
Cap 8 ... flow: 34297 (2.7196 s)
Cap 16 ... flow: 37687 (2.29148 s)
Cap 32 ... flow: 37744 (0.806274 s)
Flow search took (seconds) 10.9046
SUBG cut conductance: 0.0258589
SUBG cut minside volume 13651
SUBG cut maxside volume 137325
== End round 99 ==
