time -o final/auto-hphi-0.55.out.time timeout 15m cmake-build-debug/a.out -f graphs/auto.graph -r 0 -s --H_phi=0.55 --G_phi=0.0014928782301014921 --vol 0.1 -o final/auto-hphi-0.55.ptn >> final/auto-hphi-0.55.outReading graph from graphs/auto.graph
Reading a graph with V 448695E 3314611
H expansion: 0, num cross: 0
H conductance: -nan, num cross: 0
H_single expansion: 0, num cross: 0
H_single conductance: -nan, num cross: 0
Cap 1 ... flow: 1657305 (105.592 s)
Flow search took (seconds) 105.888
SUBG cut conductance: 999
SUBG cut minside volume 0
SUBG cut maxside volume 6629222
== End round 0 ==
H expansion: 0.250078, num cross: 414456
H conductance: 0.250078, num cross: 414456
H_single expansion: 0.250078, num cross: 414456
H_single conductance: 0.250078, num cross: 414456
Cap 1 ... flow: 1657251 (298.976 s)
Cap 2 ... flow: 1657305 (165.577 s)
Flow search took (seconds) 465.113
SUBG cut conductance: 0.281068
SUBG cut minside volume 2398
SUBG cut maxside volume 6626824
== End round 1 ==
H expansion: 0.54449, num cross: 902386
H conductance: 0.272245, num cross: 902386
H_single expansion: 0.538537, num cross: 892520
H_single conductance: 0.272513, num cross: 892520
Cap 1 ... 