time -o final/fe_sphere-hphi-0.55.out.time timeout 15m cmake-build-debug/a.out -f graphs/fe_sphere.graph -r 0 -s --H_phi=0.55 --G_phi=0.007812023206493102 --vol 0.1 -o final/fe_sphere-hphi-0.55.ptn >> final/fe_sphere-hphi-0.55.outReading graph from graphs/fe_sphere.graph
Reading a graph with V 16386E 49152
H expansion: 0, num cross: 0
H conductance: -nan, num cross: 0
H_single expansion: 0, num cross: 0
H_single conductance: -nan, num cross: 0
Cap 1 ... flow: 23197 (1.0222 s)
Cap 2 ... flow: 24576 (0.846976 s)
Flow search took (seconds) 1.87741
SUBG cut conductance: 0.142234
SUBG cut minside volume 42620
SUBG cut maxside volume 55684
== End round 0 ==
H expansion: 0.24707, num cross: 6072
H conductance: 0.24707, num cross: 6072
H_single expansion: 0.24707, num cross: 6072
H_single conductance: 0.24707, num cross: 6072
Cap 1 ... flow: 22455 (0.95982 s)
Cap 2 ... flow: 24576 (1.13751 s)
Flow search took (seconds) 2.10522
SUBG cut conductance: 0.143194
SUBG cut minside volume 44108
SUBG cut maxside volume 54196
== End round 1 ==
H expansion: 0.537923, num cross: 13220
H conductance: 0.268962, num cross: 13220
H_single expansion: 0.53064, num cross: 13041
H_single conductance: 0.26907, num cross: 13041
Cap 1 ... flow: 21555 (0.983389 s)
Cap 2 ... flow: 24212 (0.926276 s)
Cap 4 ... flow: 24576 (0.950392 s)
Flow search took (seconds) 2.87038
SUBG cut conductance: 0.0204217
SUBG cut minside volume 30164
SUBG cut maxside volume 68140
== End round 2 ==
H expansion: 0.852051, num cross: 20940
H conductance: 0.284017, num cross: 20940
H_single expansion: 0.836589, num cross: 20560
H_single conductance: 0.286862, num cross: 20560
Cap 1 ... flow: 20379 (1.04373 s)
Cap 2 ... flow: 23607 (1.39304 s)
Cap 4 ... flow: 24576 (1.40379 s)
Flow search took (seconds) 3.85036
SUBG cut conductance: 0.0269884
SUBG cut minside volume 44760
SUBG cut maxside volume 53544
== End round 3 ==
H expansion: 1.20296, num cross: 29564
H conductance: 0.300741, num cross: 29564
H_single expansion: 1.17122, num cross: 28784
H_single conductance: 0.304277, num cross: 28784
Cap 1 ... flow: 19567 (0.950337 s)
Cap 2 ... flow: 22979 (1.14516 s)
Cap 4 ... flow: 24401 (3.12768 s)
Cap 8 ... flow: 24576 (1.35552 s)
Flow search took (seconds) 6.59552
SUBG cut conductance: 0.0217476
SUBG cut minside volume 15358
SUBG cut maxside volume 82946
== End round 4 ==
H expansion: 1.55013, num cross: 38096
H conductance: 0.310026, num cross: 38096
H_single expansion: 1.49719, num cross: 36795
H_single conductance: 0.314721, num cross: 36795
Cap 1 ... flow: 18574 (0.90848 s)
Cap 2 ... flow: 22100 (0.908018 s)
Cap 4 ... flow: 24401 (0.670251 s)
Cap 8 ... flow: 24576 (0.551086 s)
Flow search took (seconds) 3.0458
SUBG cut conductance: 0.0401208
SUBG cut minside volume 4636
SUBG cut maxside volume 93668
== End round 5 ==
H expansion: 1.90145, num cross: 46730
H conductance: 0.316908, num cross: 46730
H_single expansion: 1.8186, num cross: 44694
H_single conductance: 0.322151, num cross: 44694
Cap 1 ... flow: 17677 (1.10342 s)
Cap 2 ... flow: 21313 (1.31918 s)
Cap 4 ... flow: 23830 (1.29446 s)
Cap 8 ... flow: 24576 (1.04703 s)
Flow search took (seconds) 4.77363
SUBG cut conductance: 0.0206782
SUBG cut minside volume 31434
SUBG cut maxside volume 66870
== End round 6 ==
H expansion: 2.28662, num cross: 56196
H conductance: 0.32666, num cross: 56196
H_single expansion: 2.16715, num cross: 53260
H_single conductance: 0.331112, num cross: 53260
Cap 1 ... flow: 17372 (1.06655 s)
Cap 2 ... flow: 20596 (1.23533 s)
Cap 4 ... flow: 23122 (1.63198 s)
Cap 8 ... flow: 24576 (1.26722 s)
Flow search took (seconds) 5.21221
SUBG cut conductance: 0.018784
SUBG cut minside volume 46742
SUBG cut maxside volume 51562
== End round 7 ==
H expansion: 2.63395, num cross: 64732
H conductance: 0.329244, num cross: 64732
H_single expansion: 2.48039, num cross: 60958
H_single conductance: 0.333768, num cross: 60958
Cap 1 ... flow: 16552 (1.00617 s)
Cap 2 ... flow: 19894 (0.998841 s)
Cap 4 ... flow: 22933 (1.38942 s)
Cap 8 ... flow: 24576 (1.08166 s)
Flow search took (seconds) 4.48971
SUBG cut conductance: 0.0218394
SUBG cut minside volume 47712
SUBG cut maxside volume 50592
== End round 8 ==
H expansion: 2.96956, num cross: 72980
H conductance: 0.329952, num cross: 72980
H_single expansion: 2.7795, num cross: 68309
H_single conductance: 0.334286, num cross: 68309
Cap 1 ... flow: 15944 (1.01761 s)
Cap 2 ... flow: 18580 (1.05944 s)
Cap 4 ... flow: 20868 (1.19573 s)
Cap 8 ... flow: 23233 (2.09408 s)
Cap 16 ... flow: 24576 (0.936544 s)
Flow search took (seconds) 6.31663
SUBG cut conductance: 0.0135979
SUBG cut minside volume 41624
SUBG cut maxside volume 56680
== End round 9 ==
H expansion: 3.4091, num cross: 83782
H conductance: 0.34091, num cross: 83782
H_single expansion: 3.16597, num cross: 77807
H_single conductance: 0.344799, num cross: 77807
Cap 1 ... flow: 15962 (1.12979 s)
Cap 2 ... flow: 18580 (1.10383 s)
Cap 4 ... flow: 21285 (1.1265 s)
Cap 8 ... flow: 24324 (2.07769 s)
Cap 16 ... flow: 24576 (0.936142 s)
Flow search took (seconds) 6.3903
SUBG cut conductance: 0.032737
SUBG cut minside volume 5254
SUBG cut maxside volume 93050
== End round 10 ==
H expansion: 3.47493, num cross: 85400
H conductance: 0.315903, num cross: 85400
H_single expansion: 3.22021, num cross: 79140
H_single conductance: 0.320571, num cross: 79140
Cap 1 ... flow: 14201 (1.20409 s)
Cap 2 ... flow: 16504 (1.3767 s)
Cap 4 ... flow: 18972 (1.5896 s)
Cap 8 ... flow: 21965 (1.57354 s)
Cap 16 ... flow: 24576 (2.01875 s)
Flow search took (seconds) 7.77722
SUBG cut conductance: 0.013845
SUBG cut minside volume 36114
SUBG cut maxside volume 62190
== End round 11 ==
H expansion: 3.96899, num cross: 97542
H conductance: 0.33075, num cross: 97542
H_single expansion: 3.65674, num cross: 89868
H_single conductance: 0.335732, num cross: 89868
Cap 1 ... flow: 14555 (1.34091 s)
Cap 2 ... flow: 16615 (1.32164 s)
Cap 4 ... flow: 19400 (1.57289 s)
Cap 8 ... flow: 22854 (2.03486 s)
Cap 16 ... flow: 24576 (1.14761 s)
Flow search took (seconds) 7.43321
SUBG cut conductance: 0.0103157
SUBG cut minside volume 47888
SUBG cut maxside volume 50416
== End round 12 ==
H expansion: 3.98291, num cross: 97884
H conductance: 0.306378, num cross: 97884
H_single expansion: 3.65491, num cross: 89823
H_single conductance: 0.309222, num cross: 89823
Cap 1 ... flow: 12632 (1.42013 s)
Cap 2 ... flow: 14135 (1.41077 s)
Cap 4 ... flow: 16169 (1.60401 s)
Cap 8 ... flow: 19361 (1.99694 s)
Cap 16 ... flow: 23902 (2.45631 s)
Cap 32 ... flow: 24576 (0.558023 s)
Flow search took (seconds) 9.45926
SUBG cut conductance: 0.0138139
SUBG cut minside volume 32576
SUBG cut maxside volume 65728
== End round 13 ==
H expansion: 4.30916, num cross: 105902
H conductance: 0.307797, num cross: 105902
H_single expansion: 3.95475, num cross: 97192
H_single conductance: 0.312049, num cross: 97192
Cap 1 ... flow: 12672 (1.172 s)
Cap 2 ... flow: 14056 (1.2338 s)
Cap 4 ... flow: 15947 (1.15106 s)
Cap 8 ... flow: 18508 (1.43824 s)
Cap 16 ... flow: 22412 (2.81985 s)
Cap 32 ... flow: 24576 (1.33751 s)
Flow search took (seconds) 9.16854
SUBG cut conductance: 0.012642
SUBG cut minside volume 37336
SUBG cut maxside volume 60968
== End round 14 ==
H expansion: 4.86532, num cross: 119570
H conductance: 0.324354, num cross: 119570
H_single expansion: 4.45471, num cross: 109479
H_single conductance: 0.324847, num cross: 109479
Cap 1 ... flow: 13258 (1.60701 s)
Cap 2 ... flow: 14407 (1.61187 s)
Cap 4 ... flow: 15888 (1.94821 s)
Cap 8 ... flow: 18333 (2.48971 s)
Cap 16 ... flow: 22620 (3.36285 s)
Cap 32 ... flow: 24576 (0.50379 s)
Flow search took (seconds) 11.5417
SUBG cut conductance: 0.0155531
SUBG cut minside volume 28676
SUBG cut maxside volume 69628
== End round 15 ==
H expansion: 5.60319, num cross: 137704
H conductance: 0.350199, num cross: 137704
H_single expansion: 5.1344, num cross: 126183
H_single conductance: 0.354952, num cross: 126183
Cap 1 ... flow: 14419 (1.29357 s)
Cap 2 ... flow: 15891 (1.23688 s)
Cap 4 ... flow: 18049 (1.22339 s)
Cap 8 ... flow: 20986 (1.02848 s)
Cap 16 ... flow: 24576 (1.15111 s)
Flow search took (seconds) 5.94461
SUBG cut conductance: 0.019867
SUBG cut minside volume 24664
SUBG cut maxside volume 73640
== End round 16 ==
H expansion: 5.27482, num cross: 129634
H conductance: 0.310284, num cross: 129634
H_single expansion: 4.82442, num cross: 118565
H_single conductance: 0.314497, num cross: 118565
Cap 1 ... flow: 12035 (1.34464 s)
Cap 2 ... flow: 13127 (1.46213 s)
Cap 4 ... flow: 14743 (1.5577 s)
Cap 8 ... flow: 17085 (1.72576 s)
Cap 16 ... flow: 20987 (1.93999 s)
Cap 32 ... flow: 24576 (1.60226 s)
Flow search took (seconds) 9.64929
SUBG cut conductance: 0.0116953
SUBG cut minside volume 36596
SUBG cut maxside volume 61708
== End round 17 ==
H expansion: 5.7876, num cross: 142236
H conductance: 0.321533, num cross: 142236
H_single expansion: 5.26595, num cross: 129416
H_single conductance: 0.322118, num cross: 129416
Cap 1 ... flow: 12338 (1.23688 s)
Cap 2 ... flow: 13099 (1.25406 s)
Cap 4 ... flow: 14093 (1.42001 s)
Cap 8 ... flow: 15921 (1.98874 s)
Cap 16 ... flow: 19478 (3.42362 s)
Cap 32 ... flow: 24576 (1.92241 s)
Flow search took (seconds) 11.2627
SUBG cut conductance: 0.0089502
SUBG cut minside volume 48714
SUBG cut maxside volume 49590
== End round 18 ==
H expansion: 6.40934, num cross: 157516
H conductance: 0.337334, num cross: 157516
H_single expansion: 5.85136, num cross: 143803
H_single conductance: 0.340051, num cross: 143803
Cap 1 ... flow: 13167 (1.35778 s)
Cap 2 ... flow: 14189 (1.41243 s)
Cap 4 ... flow: 15650 (1.69943 s)
Cap 8 ... flow: 17508 (2.43831 s)
Cap 16 ... flow: 21016 (4.56683 s)
Cap 32 ... flow: 24576 (1.50882 s)
Flow search took (seconds) 12.9986
SUBG cut conductance: 0.0117209
SUBG cut minside volume 37028
SUBG cut maxside volume 61276
== End round 19 ==
H expansion: 6.46444, num cross: 158870
H conductance: 0.323222, num cross: 158870
H_single expansion: 5.91231, num cross: 145301
H_single conductance: 0.327381, num cross: 145301
Cap 1 ... flow: 12819 (1.00353 s)
Cap 2 ... flow: 13522 (1.04672 s)
Cap 4 ... flow: 14520 (1.09485 s)
Cap 8 ... flow: 16403 (1.31064 s)
Cap 16 ... flow: 20078 (2.26561 s)
Cap 32 ... flow: 24576 (1.41061 s)
Flow search took (seconds) 8.14814
SUBG cut conductance: 0.011662
SUBG cut minside volume 38930
SUBG cut maxside volume 59374
== End round 20 ==
H expansion: 7.74292, num cross: 190290
H conductance: 0.36871, num cross: 190290
H_single expansion: 7.06527, num cross: 173636
H_single conductance: 0.37188, num cross: 173636
Cap 1 ... flow: 14993 (1.30851 s)
Cap 2 ... flow: 15891 (1.37888 s)
Cap 4 ... flow: 16931 (1.50916 s)
Cap 8 ... flow: 18886 (2.4383 s)
Cap 16 ... flow: 22499 (4.47964 s)
Cap 32 ... flow: 24576 (1.42938 s)
Flow search took (seconds) 12.5613
SUBG cut conductance: 0.00892748
SUBG cut minside volume 49062
SUBG cut maxside volume 49242
== End round 21 ==
H expansion: 5.20898, num cross: 128016
H conductance: 0.236772, num cross: 128016
H_single expansion: 4.78097, num cross: 117497
H_single conductance: 0.239437, num cross: 117497
Cap 1 ... flow: 8316 (1.22611 s)
Cap 2 ... flow: 8925 (1.4657 s)
Cap 4 ... flow: 9937 (1.53687 s)
Cap 8 ... flow: 11805 (2.73763 s)
Cap 16 ... flow: 15422 (4.68069 s)
Cap 32 ... flow: 22478 (4.44985 s)
Cap 64 ... flow: 24576 (1.43084 s)
Flow search took (seconds) 17.546
SUBG cut conductance: 0.00891667
SUBG cut minside volume 48000
SUBG cut maxside volume 50304
== End round 22 ==
H expansion: 8.62337, num cross: 211928
H conductance: 0.374929, num cross: 211928
H_single expansion: 7.87215, num cross: 193466
H_single conductance: 0.378236, num cross: 193466
Cap 1 ... flow: 14721 (1.27763 s)
Cap 2 ... flow: 15613 (1.3084 s)
Cap 4 ... flow: 16806 (1.42691 s)
Cap 8 ... flow: 18979 (1.7846 s)
Cap 16 ... flow: 22456 (2.38017 s)
Cap 32 ... flow: 24576 (1.54816 s)
Flow search took (seconds) 9.73931
SUBG cut conductance: 0.0117395
SUBG cut minside volume 36458
SUBG cut maxside volume 61846
== End round 23 ==
H expansion: 7.0577, num cross: 173450
H conductance: 0.294071, num cross: 173450
H_single expansion: 6.48027, num cross: 159259
H_single conductance: 0.29574, num cross: 159259
Cap 1 ... flow: 10070 (1.35037 s)
Cap 2 ... flow: 10703 (1.51595 s)
Cap 4 ... flow: 11745 (1.54389 s)
Cap 8 ... flow: 13648 (1.97547 s)
Cap 16 ... flow: 17353 (2.17693 s)
Cap 32 ... flow: 24306 (2.24991 s)
Cap 64 ... flow: 24576 (0.577738 s)
Flow search took (seconds) 11.4053
SUBG cut conductance: 0.00887134
SUBG cut minside volume 47118
SUBG cut maxside volume 51186
== End round 24 ==
H expansion: 5.69621, num cross: 139990
H conductance: 0.227848, num cross: 139990
H_single expansion: 5.28617, num cross: 129913
H_single conductance: 0.231932, num cross: 129913
Cap 1 ... flow: 7038 (1.77984 s)
Cap 2 ... flow: 7549 (1.81451 s)
Cap 4 ... flow: 8450 (1.88881 s)
Cap 8 ... flow: 10179 (2.40384 s)
Cap 16 ... flow: 13572 (2.95982 s)
Cap 32 ... flow: 20111 (3.47976 s)
Cap 64 ... flow: 24576 (1.35912 s)
Flow search took (seconds) 15.7007
SUBG cut conductance: 0.00817494
SUBG cut minside volume 48930
SUBG cut maxside volume 49374
== End round 25 ==
H expansion: 9.90299, num cross: 243376
H conductance: 0.380884, num cross: 243376
H_single expansion: 9.06205, num cross: 222709
H_single conductance: 0.385973, num cross: 222709
Cap 1 ... flow: 14647 (0.925506 s)
Cap 2 ... flow: 15456 (1.1073 s)
Cap 4 ... flow: 16418 (1.2404 s)
Cap 8 ... flow: 18200 (2.17546 s)
Cap 16 ... flow: 21467 (3.11366 s)
Cap 32 ... flow: 24576 (1.65318 s)
Flow search took (seconds) 10.2294
SUBG cut conductance: 0.00901866
SUBG cut minside volume 44796
SUBG cut maxside volume 53508
== End round 26 ==
H expansion: 10.3551, num cross: 254486
H conductance: 0.383521, num cross: 254486
H_single expansion: 9.48564, num cross: 233119
H_single conductance: 0.387509, num cross: 233119
Cap 1 ... flow: 14793 (1.48478 s)
Cap 2 ... flow: 15456 (1.63312 s)
Cap 4 ... flow: 16382 (1.78768 s)
Cap 8 ... flow: 18121 (3.30272 s)
Cap 16 ... flow: 21520 (4.50097 s)
Cap 32 ... flow: 24576 (1.45192 s)
Flow search took (seconds) 14.1755
SUBG cut conductance: 0.00919207
SUBG cut minside volume 45474
SUBG cut maxside volume 52830
== End round 27 ==
H expansion: 10.2556, num cross: 252042
H conductance: 0.366272, num cross: 252042
H_single expansion: 9.41215, num cross: 231313
H_single conductance: 0.371516, num cross: 231313
Cap 1 ... flow: 13644 (1.51391 s)
Cap 2 ... flow: 14333 (1.40329 s)
Cap 4 ... flow: 15366 (1.5671 s)
Cap 8 ... flow: 17329 (2.35219 s)
Cap 16 ... flow: 21171 (3.58711 s)
Cap 32 ... flow: 24576 (1.53593 s)
Flow search took (seconds) 11.9734
SUBG cut conductance: 0.00987347
SUBG cut minside volume 48210
SUBG cut maxside volume 50094
== End round 28 ==
H expansion: 12.692, num cross: 311918
H conductance: 0.437654, num cross: 311918
H_single expansion: 11.5859, num cross: 284734
H_single conductance: 0.440617, num cross: 284734
Cap 1 ... flow: 18467 (0.908601 s)
Cap 2 ... flow: 19224 (1.10054 s)
Cap 4 ... flow: 20130 (1.3441 s)
Cap 8 ... flow: 21840 (2.47344 s)
Cap 16 ... flow: 24576 (1.76307 s)
Flow search took (seconds) 7.60206
SUBG cut conductance: 0.00928725
SUBG cut minside volume 45654
SUBG cut maxside volume 52650
== End round 29 ==
H expansion: 12.3123, num cross: 302586
H conductance: 0.410409, num cross: 302586
H_single expansion: 11.266, num cross: 276874
H_single conductance: 0.415693, num cross: 276874
Cap 1 ... flow: 15935 (1.0478 s)
Cap 2 ... flow: 16646 (1.15208 s)
Cap 4 ... flow: 17654 (1.38171 s)
Cap 8 ... flow: 19558 (2.13348 s)
Cap 16 ... flow: 23154 (4.00457 s)
Cap 32 ... flow: 24576 (1.57899 s)
Flow search took (seconds) 11.3126
SUBG cut conductance: 0.00944827
SUBG cut minside volume 46146
SUBG cut maxside volume 52158
== End round 30 ==
H expansion: 12.5326, num cross: 308002
H conductance: 0.404278, num cross: 308002
H_single expansion: 11.4635, num cross: 281728
H_single conductance: 0.406432, num cross: 281728
Cap 1 ... flow: 15892 (1.07244 s)
Cap 2 ... flow: 16770 (1.05862 s)
Cap 4 ... flow: 17836 (1.36031 s)
Cap 8 ... flow: 19765 (2.98697 s)
Cap 16 ... flow: 23182 (3.37524 s)
Cap 32 ... flow: 24576 (0.637143 s)
Flow search took (seconds) 10.5044
SUBG cut conductance: 0.00941253
SUBG cut minside volume 43134
SUBG cut maxside volume 55170
== End round 31 ==
H expansion: 13.9832, num cross: 343650
H conductance: 0.436974, num cross: 343650
H_single expansion: 12.7872, num cross: 314257
H_single conductance: 0.441372, num cross: 314257
Cap 1 ... flow: 18285 (1.28316 s)
Cap 2 ... flow: 19238 (1.7498 s)
Cap 4 ... flow: 20214 (2.02983 s)
Cap 8 ... flow: 21979 (3.67476 s)
Cap 16 ... flow: 24576 (1.69356 s)
Flow search took (seconds) 10.4444
SUBG cut conductance: 0.0115703
SUBG cut minside volume 37164
SUBG cut maxside volume 61140
== End round 32 ==
H expansion: 11.0011, num cross: 270362
H conductance: 0.333365, num cross: 270362
H_single expansion: 10.1169, num cross: 248632
H_single conductance: 0.340493, num cross: 248632
Cap 1 ... flow: 11473 (1.52251 s)
Cap 2 ... flow: 12096 (1.56683 s)
Cap 4 ... flow: 13095 (1.64387 s)
Cap 8 ... flow: 14941 (1.52743 s)
Cap 16 ... flow: 18520 (3.2576 s)
Cap 32 ... flow: 24576 (1.9684 s)
Flow search took (seconds) 11.5001
SUBG cut conductance: 0.00964421
SUBG cut minside volume 46038
SUBG cut maxside volume 52266
== End round 33 ==
H expansion: 12.8825, num cross: 316600
H conductance: 0.378897, num cross: 316600
H_single expansion: 11.748, num cross: 288718
H_single conductance: 0.382063, num cross: 288718
Cap 1 ... flow: 14149 (1.4885 s)
Cap 2 ... flow: 14902 (1.3997 s)
Cap 4 ... flow: 15842 (1.71523 s)
Cap 8 ... flow: 17496 (3.15449 s)
Cap 16 ... flow: 20645 (4.2403 s)
Cap 32 ... flow: 24576 (1.66271 s)
Flow search took (seconds) 13.675
SUBG cut conductance: 0.0084328
SUBG cut minside volume 46248
SUBG cut maxside volume 52056
== End round 34 ==
H expansion: 14.5592, num cross: 357806
H conductance: 0.415976, num cross: 357806
H_single expansion: 13.2706, num cross: 326138
H_single conductance: 0.421128, num cross: 326138
Cap 1 ... flow: 16232 (1.18631 s)
Cap 2 ... flow: 16920 (1.42747 s)
Cap 4 ... flow: 17869 (1.71376 s)
Cap 8 ... flow: 19630 (3.30194 s)
Cap 16 ... flow: 22870 (3.24961 s)
Cap 32 ... flow: 24576 (1.34019 s)
Flow search took (seconds) 12.2364
SUBG cut conductance: 0.0081391
SUBG cut minside volume 48654
SUBG cut maxside volume 49650
== End round 35 ==
H expansion: 11.7017, num cross: 287580
H conductance: 0.325046, num cross: 287580
H_single expansion: 10.7362, num cross: 263854
H_single conductance: 0.333327, num cross: 263854
Cap 1 ... flow: 10690 (1.58839 s)
Cap 2 ... flow: 11256 (1.60767 s)
Cap 4 ... flow: 12220 (1.73088 s)
Cap 8 ... flow: 14129 (2.06733 s)
Cap 16 ... flow: 17898 (2.20738 s)
Cap 32 ... flow: 24576 (2.01767 s)
Flow search took (seconds) 11.2353
SUBG cut conductance: 0.0100143
SUBG cut minside volume 46134
SUBG cut maxside volume 52170
== End round 36 ==
H expansion: 13.4618, num cross: 330836
H conductance: 0.363831, num cross: 330836
H_single expansion: 12.2765, num cross: 301707
H_single conductance: 0.365483, num cross: 301707
Cap 1 ... flow: 12480 (1.33887 s)
Cap 2 ... flow: 13091 (1.38466 s)
Cap 4 ... flow: 14129 (1.54678 s)
Cap 8 ... flow: 16110 (2.07623 s)
Cap 16 ... flow: 19889 (2.18864 s)
Cap 32 ... flow: 24576 (1.42721 s)
Flow search took (seconds) 9.97613
SUBG cut conductance: 0.0102256
SUBG cut minside volume 44594
SUBG cut maxside volume 53710
== End round 37 ==
H expansion: 15.4307, num cross: 379224
H conductance: 0.40607, num cross: 379224
H_single expansion: 14.0804, num cross: 346039
H_single conductance: 0.407841, num cross: 346039
Cap 1 ... flow: 15234 (1.06689 s)
Cap 2 ... flow: 15941 (1.18577 s)
Cap 4 ... flow: 17029 (1.37578 s)
Cap 8 ... flow: 18994 (2.79049 s)
Cap 16 ... flow: 22730 (2.53277 s)
Cap 32 ... flow: 24576 (0.745488 s)
Flow search took (seconds) 9.71374
SUBG cut conductance: 0.00985733
SUBG cut minside volume 46260
SUBG cut maxside volume 52044
== End round 38 ==
H expansion: 15.5183, num cross: 381378
H conductance: 0.397905, num cross: 381378
H_single expansion: 14.1908, num cross: 348754
H_single conductance: 0.405824, num cross: 348754
Cap 1 ... flow: 14970 (1.26982 s)
Cap 2 ... flow: 15654 (1.38227 s)
Cap 4 ... flow: 16632 (1.58099 s)
Cap 8 ... flow: 18417 (2.17508 s)
Cap 16 ... flow: 21843 (3.34069 s)
Cap 32 ... flow: 24576 (1.42883 s)
Flow search took (seconds) 11.1918
SUBG cut conductance: 0.00898073
SUBG cut minside volume 45876
SUBG cut maxside volume 52428
== End round 39 ==
H expansion: 15.5563, num cross: 382312
H conductance: 0.388908, num cross: 382312
H_single expansion: 14.1553, num cross: 347881
H_single conductance: 0.392753, num cross: 347881
Cap 1 ... flow: 14133 (1.51385 s)
Cap 2 ... flow: 14852 (1.7577 s)
Cap 4 ... flow: 15835 (1.75533 s)
Cap 8 ... flow: 17667 (2.59584 s)
Cap 16 ... flow: 21205 (4.09702 s)
Cap 32 ... flow: 24576 (1.61712 s)
Flow search took (seconds) 13.3507
SUBG cut conductance: 0.00902595
SUBG cut minside volume 47862
SUBG cut maxside volume 50442
== End round 40 ==
H expansion: 14.4985, num cross: 356314
H conductance: 0.353621, num cross: 356314
H_single expansion: 13.2325, num cross: 325201
H_single conductance: 0.356196, num cross: 325201
Cap 1 ... flow: 11961 (1.45007 s)
Cap 2 ... flow: 12579 (1.44726 s)
Cap 4 ... flow: 13525 (1.63785 s)
Cap 8 ... flow: 15259 (2.17759 s)
Cap 16 ... flow: 18565 (3.90034 s)
Cap 32 ... flow: 24576 (1.7907 s)
Flow search took (seconds) 12.4196
SUBG cut conductance: 0.00861632
SUBG cut minside volume 47352
SUBG cut maxside volume 50952
== End round 41 ==
H expansion: 19.1144, num cross: 469756
H conductance: 0.455105, num cross: 469756
H_single expansion: 17.3186, num cross: 425621
H_single conductance: 0.458364, num cross: 425621
Cap 1 ... flow: 19301 (0.973872 s)
Cap 2 ... flow: 20303 (1.19755 s)
Cap 4 ... flow: 21411 (1.36006 s)
Cap 8 ... flow: 23289 (2.39557 s)
Cap 16 ... flow: 24576 (1.06944 s)
Flow search took (seconds) 7.00889
SUBG cut conductance: 0.00913013
SUBG cut minside volume 47754
SUBG cut maxside volume 50550
== End round 42 ==
H expansion: 15.7397, num cross: 386818
H conductance: 0.366039, num cross: 386818
H_single expansion: 14.348, num cross: 352617
H_single conductance: 0.375584, num cross: 352617
Cap 1 ... flow: 12971 (1.41422 s)
Cap 2 ... flow: 13605 (1.47948 s)
Cap 4 ... flow: 14522 (1.64293 s)
Cap 8 ... flow: 16230 (2.87305 s)
Cap 16 ... flow: 19534 (3.09746 s)
Cap 32 ... flow: 24576 (1.72826 s)
Flow search took (seconds) 12.2521
SUBG cut conductance: 0.00843101
SUBG cut minside volume 48630
SUBG cut maxside volume 49674
== End round 43 ==
H expansion: 19.5979, num cross: 481638
H conductance: 0.445407, num cross: 481638
H_single expansion: 17.6623, num cross: 434068
H_single conductance: 0.4471, num cross: 434068
Cap 1 ... flow: 18206 (1.05034 s)
Cap 2 ... flow: 19052 (0.947724 s)
Cap 4 ... flow: 20035 (1.24445 s)
Cap 8 ... flow: 21876 (1.53777 s)
Cap 16 ... flow: 24576 (1.41312 s)
Flow search took (seconds) 6.20769
SUBG cut conductance: 0.0110245
SUBG cut minside volume 40818
SUBG cut maxside volume 57486
== End round 44 ==
H expansion: 13.8267, num cross: 339806
H conductance: 0.307261, num cross: 339806
H_single expansion: 12.7093, num cross: 312344
H_single conductance: 0.313845, num cross: 312344
Cap 1 ... flow: 9372 (1.61376 s)
Cap 2 ... flow: 9911 (1.30867 s)
Cap 4 ... flow: 10768 (1.81135 s)
Cap 8 ... flow: 12412 (2.6168 s)
Cap 16 ... flow: 15577 (3.86919 s)
Cap 32 ... flow: 21739 (3.82194 s)
Cap 64 ... flow: 24576 (1.05251 s)
Flow search took (seconds) 16.1095
SUBG cut conductance: 0.00790514
SUBG cut minside volume 48576
SUBG cut maxside volume 49728
== End round 45 ==
H expansion: 18.4264, num cross: 452846
H conductance: 0.400573, num cross: 452846
H_single expansion: 16.6532, num cross: 409270
H_single conductance: 0.408268, num cross: 409270
Cap 1 ... flow: 14553 (1.12909 s)
Cap 2 ... flow: 15214 (1.32044 s)
Cap 4 ... flow: 16236 (1.47892 s)
Cap 8 ... flow: 18195 (2.58871 s)
Cap 16 ... flow: 22038 (3.85369 s)
Cap 32 ... flow: 24576 (1.41284 s)
Flow search took (seconds) 11.8032
SUBG cut conductance: 0.00973506
SUBG cut minside volume 48690
SUBG cut maxside volume 49614
== End round 46 ==
H expansion: 19.5422, num cross: 480270
H conductance: 0.415792, num cross: 480270
H_single expansion: 17.601, num cross: 432562
H_single conductance: 0.421236, num cross: 432562
Cap 1 ... flow: 15636 (0.947555 s)
Cap 2 ... flow: 16291 (1.07556 s)
Cap 4 ... flow: 17225 (1.23381 s)
Cap 8 ... flow: 18911 (1.92844 s)
Cap 16 ... flow: 22133 (4.11958 s)
Cap 32 ... flow: 24576 (1.32475 s)
Flow search took (seconds) 10.646
SUBG cut conductance: 0.00839685
SUBG cut minside volume 46446
SUBG cut maxside volume 51858
== End round 47 ==
H expansion: 17.7995, num cross: 437440
H conductance: 0.370822, num cross: 437440
H_single expansion: 16.0739, num cross: 395031
H_single conductance: 0.378829, num cross: 395031
Cap 1 ... flow: 12745 (1.43023 s)
Cap 2 ... flow: 13312 (1.46753 s)
Cap 4 ... flow: 14220 (1.59272 s)
Cap 8 ... flow: 15961 (3.26095 s)
Cap 16 ... flow: 19290 (2.55071 s)
Cap 32 ... flow: 24576 (1.94226 s)
Flow search took (seconds) 12.2584
SUBG cut conductance: 0.00849917
SUBG cut minside volume 48240
SUBG cut maxside volume 50064
== End round 48 ==
H expansion: 14.3787, num cross: 353370
H conductance: 0.293442, num cross: 353370
H_single expansion: 13.1831, num cross: 323988
H_single conductance: 0.30218, num cross: 323988
Cap 1 ... flow: 8722 (1.67029 s)
Cap 2 ... flow: 9303 (1.58208 s)
Cap 4 ... flow: 10287 (1.82791 s)
Cap 8 ... flow: 12189 (2.35719 s)
Cap 16 ... flow: 15897 (2.84654 s)
Cap 32 ... flow: 23016 (3.36818 s)
Cap 64 ... flow: 24576 (1.41382 s)
Flow search took (seconds) 15.0851
SUBG cut conductance: 0.00881813
SUBG cut minside volume 48990
SUBG cut maxside volume 49314
== End round 49 ==
H expansion: 21.9301, num cross: 538954
H conductance: 0.438602, num cross: 538954
H_single expansion: 19.6979, num cross: 484096
H_single conductance: 0.443652, num cross: 484096
Cap 1 ... flow: 17263 (1.15205 s)
Cap 2 ... flow: 18045 (1.29231 s)
Cap 4 ... flow: 19085 (1.46105 s)
Cap 8 ... flow: 20989 (2.88727 s)
Cap 16 ... flow: 24557 (2.4954 s)
Cap 32 ... flow: 24576 (1.50548 s)
Flow search took (seconds) 10.807
SUBG cut conductance: 0.0103952
SUBG cut minside volume 41750
SUBG cut maxside volume 56554
== End round 50 ==
H expansion: 18.2769, num cross: 449174
H conductance: 0.358371, num cross: 449174
H_single expansion: 16.6171, num cross: 408383
H_single conductance: 0.364288, num cross: 408383
Cap 1 ... flow: 11912 (1.27469 s)
Cap 2 ... flow: 12535 (1.31773 s)
Cap 4 ... flow: 13546 (1.44208 s)
Cap 8 ... flow: 15497 (1.70003 s)
Cap 16 ... flow: 19312 (3.50836 s)
Cap 32 ... flow: 24576 (1.96614 s)
Flow search took (seconds) 11.2255
SUBG cut conductance: 0.00966952
SUBG cut minside volume 49020
SUBG cut maxside volume 49284
== End round 51 ==
H expansion: 21.6653, num cross: 532446
H conductance: 0.41664, num cross: 532446
H_single expansion: 19.5613, num cross: 480738
H_single conductance: 0.421245, num cross: 480738
Cap 1 ... flow: 15459 (1.14783 s)
Cap 2 ... flow: 16100 (1.37805 s)
Cap 4 ... flow: 17101 (1.68939 s)
Cap 8 ... flow: 19039 (3.81499 s)
Cap 16 ... flow: 22597 (3.57867 s)
Cap 32 ... flow: 24576 (1.41152 s)
Flow search took (seconds) 13.035
SUBG cut conductance: 0.0109126
SUBG cut minside volume 39404
SUBG cut maxside volume 58900
== End round 52 ==
H expansion: 21.7551, num cross: 534654
H conductance: 0.410474, num cross: 534654
H_single expansion: 19.6342, num cross: 482529
H_single conductance: 0.417189, num cross: 482529
Cap 1 ... flow: 15199 (1.06849 s)
Cap 2 ... flow: 15912 (1.17565 s)
Cap 4 ... flow: 16784 (1.33532 s)
Cap 8 ... flow: 18420 (3.14875 s)
Cap 16 ... flow: 21564 (3.90193 s)
Cap 32 ... flow: 24576 (1.39979 s)
Flow search took (seconds) 12.0437
SUBG cut conductance: 0.00861223
SUBG cut minside volume 44820
SUBG cut maxside volume 53484
== End round 53 ==
H expansion: 18.4088, num cross: 452414
H conductance: 0.340903, num cross: 452414
H_single expansion: 16.7336, num cross: 411245
H_single conductance: 0.343724, num cross: 411245
Cap 1 ... flow: 10610 (1.23118 s)
Cap 2 ... flow: 11206 (1.40321 s)
Cap 4 ... flow: 12221 (1.5778 s)
Cap 8 ... flow: 14158 (2.01245 s)
Cap 16 ... flow: 17947 (3.21959 s)
Cap 32 ... flow: 24576 (1.06935 s)
Flow search took (seconds) 10.5275
SUBG cut conductance: 0.011707
SUBG cut minside volume 39976
SUBG cut maxside volume 58328
== End round 54 ==
H expansion: 23.772, num cross: 584220
H conductance: 0.432218, num cross: 584220
H_single expansion: 21.4375, num cross: 526849
H_single conductance: 0.436448, num cross: 526849
Cap 1 ... flow: 16609 (1.01707 s)
Cap 2 ... flow: 17283 (1.1826 s)
Cap 4 ... flow: 18155 (1.45334 s)
Cap 8 ... flow: 19761 (3.4053 s)
Cap 16 ... flow: 22856 (3.06039 s)
Cap 32 ... flow: 24576 (0.967129 s)
Flow search took (seconds) 11.0995
SUBG cut conductance: 0.00809717
SUBG cut minside volume 47424
SUBG cut maxside volume 50880
== End round 55 ==
H expansion: 22.1971, num cross: 545516
H conductance: 0.396377, num cross: 545516
H_single expansion: 20.0869, num cross: 493655
H_single conductance: 0.40475, num cross: 493655
Cap 1 ... flow: 14322 (1.2398 s)
Cap 2 ... flow: 15086 (1.37509 s)
Cap 4 ... flow: 16167 (1.55922 s)
Cap 8 ... flow: 18188 (2.30752 s)
Cap 16 ... flow: 22013 (3.39224 s)
Cap 32 ... flow: 24576 (1.42049 s)
Flow search took (seconds) 11.308
SUBG cut conductance: 0.00999268
SUBG cut minside volume 46434
SUBG cut maxside volume 51870
== End round 56 ==
H expansion: 25.8989, num cross: 636492
H conductance: 0.454367, num cross: 636492
H_single expansion: 23.184, num cross: 569769
H_single conductance: 0.459054, num cross: 569769
Cap 1 ... flow: 18835 (1.08424 s)
Cap 2 ... flow: 19694 (1.19779 s)
Cap 4 ... flow: 20695 (1.55824 s)
Cap 8 ... flow: 22563 (2.53002 s)
Cap 16 ... flow: 24576 (1.55737 s)
Flow search took (seconds) 7.93972
SUBG cut conductance: 0.00944856
SUBG cut minside volume 47838
SUBG cut maxside volume 50466
== End round 57 ==
H expansion: 24.2747, num cross: 596574
H conductance: 0.418529, num cross: 596574
H_single expansion: 21.8195, num cross: 536235
H_single conductance: 0.425602, num cross: 536235
Cap 1 ... flow: 15650 (0.980217 s)
Cap 2 ... flow: 16405 (1.1292 s)
Cap 4 ... flow: 17398 (1.36345 s)
Cap 8 ... flow: 19243 (2.92426 s)
Cap 16 ... flow: 22699 (3.89823 s)
Cap 32 ... flow: 24576 (1.59032 s)
Flow search took (seconds) 11.8997
SUBG cut conductance: 0.00858844
SUBG cut minside volume 47040
SUBG cut maxside volume 51264
== End round 58 ==
H expansion: 24.6238, num cross: 605154
H conductance: 0.417352, num cross: 605154
H_single expansion: 22.0964, num cross: 543040
H_single conductance: 0.425403, num cross: 543040
Cap 1 ... flow: 15415 (1.05273 s)
Cap 2 ... flow: 16192 (1.2558 s)
Cap 4 ... flow: 17178 (1.52373 s)
Cap 8 ... flow: 18947 (2.07457 s)
Cap 16 ... flow: 22312 (2.48541 s)
Cap 32 ... flow: 24576 (1.59428 s)
Flow search took (seconds) 10.0027
SUBG cut conductance: 0.00883524
SUBG cut minside volume 45726
SUBG cut maxside volume 52578
== End round 59 ==
H expansion: 24.9053, num cross: 612072
H conductance: 0.415088, num cross: 612072
H_single expansion: 22.3493, num cross: 549257
H_single conductance: 0.423282, num cross: 549257
Cap 1 ... flow: 15015 (1.0638 s)
Cap 2 ... flow: 15716 (1.16133 s)
Cap 4 ... flow: 16738 (1.33193 s)
Cap 8 ... flow: 18653 (1.69468 s)
Cap 16 ... flow: 22248 (2.59239 s)
Cap 32 ... flow: 24576 (1.68034 s)
Flow search took (seconds) 9.53817
SUBG cut conductance: 0.00911409
SUBG cut minside volume 47838
SUBG cut maxside volume 50466
== End round 60 ==
H expansion: 18.0743, num cross: 444194
H conductance: 0.2963, num cross: 444194
H_single expansion: 16.565, num cross: 407101
H_single conductance: 0.307402, num cross: 407101
Cap 1 ... flow: 8620 (1.2245 s)
Cap 2 ... flow: 9151 (1.48411 s)
Cap 4 ... flow: 10072 (1.54987 s)
Cap 8 ... flow: 11836 (2.1034 s)
Cap 16 ... flow: 15303 (3.04032 s)
Cap 32 ... flow: 21944 (3.1774 s)
Cap 64 ... flow: 24576 (1.42084 s)
Flow search took (seconds) 14.0156
SUBG cut conductance: 0.0083647
SUBG cut minside volume 47820
SUBG cut maxside volume 50484
== End round 61 ==
H expansion: 20.5116, num cross: 504092
H conductance: 0.330832, num cross: 504092
H_single expansion: 18.6726, num cross: 458898
H_single conductance: 0.338496, num cross: 458898
Cap 1 ... flow: 10214 (1.36612 s)
Cap 2 ... flow: 10806 (1.38884 s)
Cap 4 ... flow: 11732 (1.55659 s)
Cap 8 ... flow: 13534 (1.70739 s)
Cap 16 ... flow: 16987 (3.33569 s)
Cap 32 ... flow: 23582 (3.72988 s)
Cap 64 ... flow: 24576 (1.22944 s)
Flow search took (seconds) 14.3293
SUBG cut conductance: 0.00856997
SUBG cut minside volume 46908
SUBG cut maxside volume 51396
== End round 62 ==
H expansion: 28.7167, num cross: 705742
H conductance: 0.455821, num cross: 705742
H_single expansion: 25.6715, num cross: 630904
H_single conductance: 0.46035, num cross: 630904
Cap 1 ... flow: 18339 (1.08352 s)
Cap 2 ... flow: 19078 (1.22236 s)
Cap 4 ... flow: 20057 (1.28088 s)
Cap 8 ... flow: 21908 (2.59511 s)
Cap 16 ... flow: 24576 (1.58498 s)
Flow search took (seconds) 7.77873
SUBG cut conductance: 0.00969368
SUBG cut minside volume 46422
SUBG cut maxside volume 51882
== End round 63 ==
H expansion: 23.9574, num cross: 588776
H conductance: 0.374334, num cross: 588776
H_single expansion: 21.6626, num cross: 532379
H_single conductance: 0.385551, num cross: 532379
Cap 1 ... flow: 12299 (1.30567 s)
Cap 2 ... flow: 12922 (1.27399 s)
Cap 4 ... flow: 13914 (1.49026 s)
Cap 8 ... flow: 15808 (1.83851 s)
Cap 16 ... flow: 19544 (2.80314 s)
Cap 32 ... flow: 24576 (1.82129 s)
Flow search took (seconds) 10.549
SUBG cut conductance: 0.00979218
SUBG cut minside volume 46772
SUBG cut maxside volume 51532
== End round 64 ==
H expansion: 27.2545, num cross: 669806
H conductance: 0.4193, num cross: 669806
H_single expansion: 24.4364, num cross: 600549
H_single conductance: 0.423998, num cross: 600549
Cap 1 ... flow: 15470 (1.05396 s)
Cap 2 ... flow: 16102 (1.16572 s)
Cap 4 ... flow: 17086 (1.28628 s)
Cap 8 ... flow: 18955 (2.89168 s)
Cap 16 ... flow: 22497 (2.91488 s)
Cap 32 ... flow: 24576 (1.36868 s)
Flow search took (seconds) 10.6948
SUBG cut conductance: 0.00985065
SUBG cut minside volume 44058
SUBG cut maxside volume 54246
== End round 65 ==
H expansion: 22.3, num cross: 548044
H conductance: 0.337878, num cross: 548044
H_single expansion: 20.277, num cross: 498328
H_single conductance: 0.342624, num cross: 498328
Cap 1 ... flow: 10410 (1.2833 s)
Cap 2 ... flow: 10949 (1.43867 s)
Cap 4 ... flow: 11830 (1.7205 s)
Cap 8 ... flow: 13505 (2.74093 s)
Cap 16 ... flow: 16723 (4.03481 s)
Cap 32 ... flow: 22950 (3.575 s)
Cap 64 ... flow: 24576 (0.882363 s)
Flow search took (seconds) 15.6907
SUBG cut conductance: 0.00809717
SUBG cut minside volume 47424
SUBG cut maxside volume 50880
== End round 66 ==
H expansion: 27.441, num cross: 674390
H conductance: 0.409567, num cross: 674390
H_single expansion: 24.6908, num cross: 606801
H_single conductance: 0.412257, num cross: 606801
Cap 1 ... flow: 14735 (1.19249 s)
Cap 2 ... flow: 15398 (1.27991 s)
Cap 4 ... flow: 16380 (1.49894 s)
Cap 8 ... flow: 18272 (2.68858 s)
Cap 16 ... flow: 21888 (2.80682 s)
Cap 32 ... flow: 24576 (0.747683 s)
Flow search took (seconds) 10.2291
SUBG cut conductance: 0.0120589
SUBG cut minside volume 35990
SUBG cut maxside volume 62314
== End round 67 ==
H expansion: 30.4323, num cross: 747904
H conductance: 0.447534, num cross: 747904
H_single expansion: 27.3258, num cross: 671559
H_single conductance: 0.45191, num cross: 671559
Cap 1 ... flow: 17776 (1.01929 s)
Cap 2 ... flow: 18563 (1.14787 s)
Cap 4 ... flow: 19583 (1.35534 s)
Cap 8 ... flow: 21452 (2.36638 s)
Cap 16 ... flow: 24576 (2.07499 s)
Flow search took (seconds) 7.97601
SUBG cut conductance: 0.00953337
SUBG cut minside volume 47832
SUBG cut maxside volume 50472
== End round 68 ==
H expansion: 27.98, num cross: 687636
H conductance: 0.405507, num cross: 687636
H_single expansion: 25.1675, num cross: 618516
H_single conductance: 0.413477, num cross: 618516
Cap 1 ... flow: 14599 (1.39946 s)
Cap 2 ... flow: 15348 (1.36454 s)
Cap 4 ... flow: 16408 (1.69325 s)
Cap 8 ... flow: 18389 (2.4501 s)
Cap 16 ... flow: 22206 (3.27697 s)
Cap 32 ... flow: 24576 (1.42476 s)
Flow search took (seconds) 11.6227
SUBG cut conductance: 0.0101143
SUBG cut minside volume 45480
SUBG cut maxside volume 52824
== End round 69 ==
H expansion: 32.6312, num cross: 801944
H conductance: 0.46616, num cross: 801944
H_single expansion: 29.0419, num cross: 713734
H_single conductance: 0.467448, num cross: 713734
Cap 1 ... flow: 19347 (0.970525 s)
Cap 2 ... flow: 20223 (1.04976 s)
Cap 4 ... flow: 21307 (1.78191 s)
Cap 8 ... flow: 23299 (2.21338 s)
Cap 16 ... flow: 24576 (0.220411 s)
Flow search took (seconds) 6.2485
SUBG cut conductance: 0.0117156
SUBG cut minside volume 41654
SUBG cut maxside volume 56650
== End round 70 ==
H expansion: 24.507, num cross: 602284
H conductance: 0.345169, num cross: 602284
H_single expansion: 22.2714, num cross: 547342
H_single conductance: 0.353447, num cross: 547342
Cap 1 ... flow: 11080 (1.54004 s)
Cap 2 ... flow: 11681 (1.55955 s)
Cap 4 ... flow: 12578 (1.79046 s)
Cap 8 ... flow: 14277 (2.38406 s)
Cap 16 ... flow: 17499 (3.16487 s)
Cap 32 ... flow: 23779 (3.36429 s)
Cap 64 ... flow: 24576 (1.13204 s)
Flow search took (seconds) 14.9538
SUBG cut conductance: 0.00863187
SUBG cut minside volume 44718
SUBG cut maxside volume 53586
== End round 71 ==
