time -o out_log2/expander4-h-1.0-g-0.0-t-30m.out.time timeout 30m cmake-build-debug/a.out -f graphs/expander4.graph  -r 30 -s --H_phi=1.0 --G_phi=0.0 --vol 0.1 -o out_log2/expander4-h-1.0-g-0.0-t-30m.ptn >> out_log2/expander4-h-1.0-g-0.0-t-30m.outReading graph from graphs/expander4.graph
Reading a graph with V 4E 16
16
4
H expansion: 0, num cross: 0
H conductance: -nan, num cross: 0
H_single expansion: 0, num cross: 0
H_single conductance: -nan, num cross: 0
Cap 1 ... flow: 8 (1e-05 s)
Flow search took (seconds) 1.7e-05
SUBG cut conductance: 999
SUBG cut minside volume 0
SUBG cut maxside volume 24
== End round 0 ==
H expansion: 0, num cross: 0
H conductance: 0, num cross: 0
H_single expansion: 0, num cross: 0
H_single conductance: 0, num cross: 0
Cap 1 ... flow: 8 (1e-05 s)
Flow search took (seconds) 1.6e-05
SUBG cut conductance: 999
SUBG cut minside volume 0
SUBG cut maxside volume 24
== End round 1 ==
H expansion: 0.5, num cross: 4
H conductance: 0.25, num cross: 4
H_single expansion: 0.5, num cross: 4
H_single conductance: 0.25, num cross: 4
Cap 1 ... flow: 4 (6e-06 s)
Cap 2 ... flow: 8 (8e-06 s)
Flow search took (seconds) 2.8e-05
SUBG cut conductance: 0.333333
SUBG cut minside volume 12
SUBG cut maxside volume 12
== End round 2 ==
H expansion: 1, num cross: 8
H conductance: 0.333333, num cross: 8
H_single expansion: 0.875, num cross: 7
H_single conductance: 0.333333, num cross: 7
Cap 1 ... flow: 5 (5e-06 s)
Cap 2 ... flow: 8 (8e-06 s)
Flow search took (seconds) 2.5e-05
SUBG cut conductance: 0.333333
SUBG cut minside volume 12
SUBG cut maxside volume 12
== End round 3 ==
H expansion: 1.25, num cross: 10
H conductance: 0.3125, num cross: 10
H_single expansion: 1.25, num cross: 10
H_single conductance: 0.384615, num cross: 10
Cap 1 ... flow: 7 (7e-06 s)
Cap 2 ... flow: 8 (4.2e-05 s)
Flow search took (seconds) 6.5e-05
SUBG cut conductance: 0.666667
SUBG cut minside volume 6
SUBG cut maxside volume 18
== End round 4 ==
H expansion: 2, num cross: 16
H conductance: 0.4, num cross: 16
H_single expansion: 1.75, num cross: 14
H_single conductance: 0.411765, num cross: 14
Cap 1 ... flow: 7 (8e-06 s)
Cap 2 ... flow: 8 (8e-06 s)
Flow search took (seconds) 2.8e-05
SUBG cut conductance: 0.333333
SUBG cut minside volume 12
SUBG cut maxside volume 12
== End round 5 ==
H expansion: 1.5, num cross: 12
H conductance: 0.25, num cross: 12
H_single expansion: 1.5, num cross: 12
H_single conductance: 0.315789, num cross: 12
Cap 1 ... flow: 4 (5e-06 s)
Cap 2 ... flow: 8 (7e-06 s)
Flow search took (seconds) 2.5e-05
SUBG cut conductance: 0.333333
SUBG cut minside volume 12
SUBG cut maxside volume 12
== End round 6 ==
H expansion: 3, num cross: 24
H conductance: 0.428571, num cross: 24
H_single expansion: 2.375, num cross: 19
H_single conductance: 0.422222, num cross: 19
Cap 1 ... flow: 6 (8e-06 s)
Cap 2 ... flow: 8 (8e-06 s)
Flow search took (seconds) 2.7e-05
SUBG cut conductance: 0.333333
SUBG cut minside volume 12
SUBG cut maxside volume 12
== End round 7 ==
H expansion: 4, num cross: 32
H conductance: 0.5, num cross: 32
H_single expansion: 3.25, num cross: 26
H_single conductance: 0.5, num cross: 26
Cap 1 ... flow: 8 (4e-06 s)
Flow search took (seconds) 1e-05
SUBG cut conductance: 999
SUBG cut minside volume 0
SUBG cut maxside volume 24
== End round 8 ==
H expansion: 4.75, num cross: 38
H conductance: 0.527778, num cross: 38
H_single expansion: 3.625, num cross: 29
H_single conductance: 0.568627, num cross: 29
Cap 1 ... flow: 8 (9e-06 s)
Flow search took (seconds) 1.5e-05
SUBG cut conductance: 999
SUBG cut minside volume 0
SUBG cut maxside volume 24
== End round 9 ==
H expansion: 4, num cross: 32
H conductance: 0.4, num cross: 32
H_single expansion: 3.25, num cross: 26
H_single conductance: 0.464286, num cross: 26
Cap 1 ... flow: 8 (8e-06 s)
Flow search took (seconds) 1.4e-05
SUBG cut conductance: 999
SUBG cut minside volume 0
SUBG cut maxside volume 24
== End round 10 ==
H expansion: 6.25, num cross: 50
H conductance: 0.568182, num cross: 50
H_single expansion: 4, num cross: 32
H_single conductance: 0.571429, num cross: 32
Cap 1 ... flow: 7 (7e-06 s)
Cap 2 ... flow: 8 (6e-06 s)
Flow search took (seconds) 3.3e-05
SUBG cut conductance: 0.333333
SUBG cut minside volume 12
SUBG cut maxside volume 12
== End round 11 ==
H expansion: 3.5, num cross: 28
H conductance: 0.291667, num cross: 28
H_single expansion: 2.625, num cross: 21
H_single conductance: 0.381818, num cross: 21
Cap 1 ... flow: 4 (5e-06 s)
Cap 2 ... flow: 8 (8e-06 s)
Flow search took (seconds) 2.8e-05
SUBG cut conductance: 0.333333
SUBG cut minside volume 12
SUBG cut maxside volume 12
== End round 12 ==
H expansion: 5.5, num cross: 44
H conductance: 0.423077, num cross: 44
H_single expansion: 4.125, num cross: 33
H_single conductance: 0.540984, num cross: 33
Cap 1 ... flow: 7 (6e-06 s)
Cap 2 ... flow: 8 (4e-06 s)
Flow search took (seconds) 2.2e-05
SUBG cut conductance: 0.666667
SUBG cut minside volume 6
SUBG cut maxside volume 18
== End round 13 ==
H expansion: 4.75, num cross: 38
H conductance: 0.339286, num cross: 38
H_single expansion: 3.25, num cross: 26
H_single conductance: 0.419355, num cross: 26
Cap 1 ... flow: 5 (5e-06 s)
Cap 2 ... flow: 8 (6e-06 s)
Flow search took (seconds) 2.3e-05
SUBG cut conductance: 0.333333
SUBG cut minside volume 12
SUBG cut maxside volume 12
== End round 14 ==
H expansion: 6.5, num cross: 52
H conductance: 0.433333, num cross: 52
H_single expansion: 4, num cross: 32
H_single conductance: 0.5, num cross: 32
Cap 1 ... flow: 7 (7e-06 s)
Cap 2 ... flow: 8 (7e-06 s)
Flow search took (seconds) 2.6e-05
SUBG cut conductance: 0.333333
SUBG cut minside volume 12
SUBG cut maxside volume 12
== End round 15 ==
H expansion: 9.5, num cross: 76
H conductance: 0.59375, num cross: 76
H_single expansion: 4.75, num cross: 38
H_single conductance: 0.575758, num cross: 38
Cap 1 ... flow: 8 (7e-06 s)
Flow search took (seconds) 1.3e-05
SUBG cut conductance: 999
SUBG cut minside volume 0
SUBG cut maxside volume 24
== End round 16 ==
H expansion: 8.5, num cross: 68
H conductance: 0.5, num cross: 68
H_single expansion: 4.625, num cross: 37
H_single conductance: 0.569231, num cross: 37
Cap 1 ... flow: 8 (6e-06 s)
Flow search took (seconds) 1.1e-05
SUBG cut conductance: 999
SUBG cut minside volume 0
SUBG cut maxside volume 24
== End round 17 ==
H expansion: 10.75, num cross: 86
H conductance: 0.597222, num cross: 86
H_single expansion: 5, num cross: 40
H_single conductance: 0.588235, num cross: 40
Cap 1 ... flow: 7 (7e-06 s)
Cap 2 ... flow: 8 (7e-06 s)
Flow search took (seconds) 2.7e-05
SUBG cut conductance: 0.333333
SUBG cut minside volume 12
SUBG cut maxside volume 12
== End round 18 ==
H expansion: 8, num cross: 64
H conductance: 0.421053, num cross: 64
H_single expansion: 4.375, num cross: 35
H_single conductance: 0.492958, num cross: 35
Cap 1 ... flow: 7 (1e-05 s)
Cap 2 ... flow: 8 (9e-06 s)
Flow search took (seconds) 3.1e-05
SUBG cut conductance: 0.666667
SUBG cut minside volume 6
SUBG cut maxside volume 18
== End round 19 ==
H expansion: 8.5, num cross: 68
H conductance: 0.425, num cross: 68
H_single expansion: 4, num cross: 32
H_single conductance: 0.457143, num cross: 32
Cap 1 ... flow: 7 (9e-06 s)
Cap 2 ... flow: 8 (7e-06 s)
Flow search took (seconds) 2.8e-05
SUBG cut conductance: 0.666667
SUBG cut minside volume 6
SUBG cut maxside volume 18
== End round 20 ==
H expansion: 8.75, num cross: 70
H conductance: 0.416667, num cross: 70
H_single expansion: 4.75, num cross: 38
H_single conductance: 0.513514, num cross: 38
Cap 1 ... flow: 6 (6e-06 s)
Cap 2 ... flow: 8 (7e-06 s)
Flow search took (seconds) 2.5e-05
SUBG cut conductance: 0.333333
SUBG cut minside volume 12
SUBG cut maxside volume 12
== End round 21 ==
H expansion: 13.25, num cross: 106
H conductance: 0.602273, num cross: 106
H_single expansion: 5.75, num cross: 46
H_single conductance: 0.605263, num cross: 46
Cap 1 ... flow: 8 (5e-06 s)
Flow search took (seconds) 1.1e-05
SUBG cut conductance: 999
SUBG cut minside volume 0
SUBG cut maxside volume 24
== End round 22 ==
H expansion: 11.5, num cross: 92
H conductance: 0.5, num cross: 92
H_single expansion: 5.125, num cross: 41
H_single conductance: 0.546667, num cross: 41
Cap 1 ... flow: 8 (8e-06 s)
Flow search took (seconds) 1.9e-05
SUBG cut conductance: 999
SUBG cut minside volume 0
SUBG cut maxside volume 24
== End round 23 ==
H expansion: 13.75, num cross: 110
H conductance: 0.572917, num cross: 110
H_single expansion: 5.375, num cross: 43
H_single conductance: 0.573333, num cross: 43
Cap 1 ... flow: 8 (8e-06 s)
Flow search took (seconds) 1.4e-05
SUBG cut conductance: 999
SUBG cut minside volume 0
SUBG cut maxside volume 24
== End round 24 ==
H expansion: 11.75, num cross: 94
H conductance: 0.47, num cross: 94
H_single expansion: 5.75, num cross: 46
H_single conductance: 0.605263, num cross: 46
Cap 1 ... flow: 8 (5e-06 s)
Flow search took (seconds) 1.1e-05
SUBG cut conductance: 999
SUBG cut minside volume 0
SUBG cut maxside volume 24
== End round 25 ==
H expansion: 13.5, num cross: 108
H conductance: 0.519231, num cross: 108
H_single expansion: 5, num cross: 40
H_single conductance: 0.540541, num cross: 40
Cap 1 ... flow: 7 (9e-06 s)
Cap 2 ... flow: 8 (7e-06 s)
Flow search took (seconds) 3e-05
SUBG cut conductance: 0.333333
SUBG cut minside volume 12
SUBG cut maxside volume 12
== End round 26 ==
H expansion: 17, num cross: 136
H conductance: 0.62963, num cross: 136
H_single expansion: 6, num cross: 48
H_single conductance: 0.615385, num cross: 48
Cap 1 ... flow: 8 (8e-06 s)
Flow search took (seconds) 1.6e-05
SUBG cut conductance: 999
SUBG cut minside volume 0
SUBG cut maxside volume 24
== End round 27 ==
H expansion: 14.75, num cross: 118
H conductance: 0.526786, num cross: 118
H_single expansion: 5.625, num cross: 45
H_single conductance: 0.56962, num cross: 45
Cap 1 ... flow: 7 (1e-05 s)
Cap 2 ... flow: 8 (6e-06 s)
Flow search took (seconds) 3e-05
SUBG cut conductance: 0.666667
SUBG cut minside volume 6
SUBG cut maxside volume 18
== End round 28 ==
H expansion: 12.5, num cross: 100
H conductance: 0.431034, num cross: 100
H_single expansion: 5.25, num cross: 42
H_single conductance: 0.525, num cross: 42
Cap 1 ... flow: 7 (1e-05 s)
Cap 2 ... flow: 8 (9e-06 s)
Flow search took (seconds) 3.2e-05
SUBG cut conductance: 0.666667
SUBG cut minside volume 6
SUBG cut maxside volume 18
== End round 29 ==
R0 cond 999
R1 cond 999
R2 cond 0.333333
R3 cond 0.333333
R4 cond 0.666667
R5 cond 0.333333
R6 cond 0.333333
R7 cond 0.333333
R8 cond 999
R9 cond 999
R10 cond 999
R11 cond 0.333333
R12 cond 0.333333
R13 cond 0.666667
R14 cond 0.333333
R15 cond 0.333333
R16 cond 999
R17 cond 999
R18 cond 0.333333
R19 cond 0.666667
R20 cond 0.666667
R21 cond 0.333333
R22 cond 999
R23 cond 999
R24 cond 999
R25 cond 999
R26 cond 0.333333
R27 cond 999
R28 cond 0.666667
R29 cond 0.666667
The best with best expansion was found on round2
final_Edge crossings (E) : 4
final_cut size: ( 2 | 2 )
diff: 0 (factor 0 of total n vertices)
final_cut volumes: ( 12 | 12 )
final_expansion: 2
final_conductance: 0.333333
CASE2 Goodenough balanced cut
