time -o out_log2/fe_tooth-h-1.0-g-0.0-t-30m.out.time timeout 30m cmake-build-debug/a.out -f graphs/fe_tooth.graph --ignore-multi -r 30 -s --H_phi=1.0 --G_phi=0.0 --vol 0.1 -o out_log2/fe_tooth-h-1.0-g-0.0-t-30m.ptn >> out_log2/fe_tooth-h-1.0-g-0.0-t-30m.outReading graph from graphs/fe_tooth.graph
Reading a graph with V 78136E 452591
452591
78136
H expansion: 0, num cross: 0
H conductance: -nan, num cross: 0
H_single expansion: 0, num cross: 0
H_single conductance: -nan, num cross: 0
Cap 1 ... flow: 226240 (9.29626 s)
Cap 2 ... flow: 226295 (6.88673 s)
Flow search took (seconds) 16.2292
SUBG cut conductance: 0.122725
SUBG cut minside volume 11921
SUBG cut maxside volume 893261
== End round 0 ==
H expansion: 0.24879, num cross: 56300
H conductance: 0.248791, num cross: 56300
H_single expansion: 0.24879, num cross: 56300
H_single conductance: 0.248791, num cross: 56300
Cap 1 ... flow: 225769 (20.9769 s)
Cap 2 ... flow: 226295 (7.26781 s)
Flow search took (seconds) 28.3779
SUBG cut conductance: 0.099987
SUBG cut minside volume 146669
SUBG cut maxside volume 758513
== End round 1 ==
H expansion: 0.542818, num cross: 122837
H conductance: 0.27141, num cross: 122837
H_single expansion: 0.53641, num cross: 121387
H_single conductance: 0.271702, num cross: 121387
Cap 1 ... flow: 223242 (35.0739 s)
Cap 2 ... flow: 226295 (11.3139 s)
Flow search took (seconds) 46.4966
SUBG cut conductance: 0.0957274
SUBG cut minside volume 349952
SUBG cut maxside volume 555230
== End round 2 ==
H expansion: 0.869816, num cross: 196835
H conductance: 0.28994, num cross: 196835
H_single expansion: 0.855326, num cross: 193556
H_single conductance: 0.292715, num cross: 193556
Cap 1 ... flow: 218457 (37.5512 s)
Cap 2 ... flow: 226295 (9.46539 s)
Flow search took (seconds) 47.0991
SUBG cut conductance: 0.124248
SUBG cut minside volume 416474
SUBG cut maxside volume 488708
== End round 3 ==
H expansion: 1.22779, num cross: 277843
H conductance: 0.306948, num cross: 277843
H_single expansion: 1.19802, num cross: 271105
H_single conductance: 0.311612, num cross: 271105
Cap 1 ... flow: 212211 (44.9325 s)
Cap 2 ... flow: 226295 (21.3695 s)
Flow search took (seconds) 66.3908
SUBG cut conductance: 0.137982
SUBG cut minside volume 450550
SUBG cut maxside volume 454632
== End round 4 ==
H expansion: 1.5941, num cross: 360737
H conductance: 0.318821, num cross: 360737
H_single expansion: 1.53882, num cross: 348228
H_single conductance: 0.323841, num cross: 348228
Cap 1 ... flow: 204467 (42.9495 s)
Cap 2 ... flow: 225755 (30.4113 s)
Cap 4 ... flow: 226295 (12.7667 s)
Flow search took (seconds) 86.2048
SUBG cut conductance: 0.0393476
SUBG cut minside volume 91848
SUBG cut maxside volume 813334
== End round 5 ==
H expansion: 1.96214, num cross: 444022
H conductance: 0.327023, num cross: 444022
H_single expansion: 1.8761, num cross: 424553
H_single conductance: 0.332315, num cross: 424553
Cap 1 ... flow: 197368 (45.6472 s)
Cap 2 ... flow: 224816 (18.2905 s)
Cap 4 ... flow: 226295 (12.455 s)
Flow search took (seconds) 76.4753
SUBG cut conductance: 0.0394658
SUBG cut minside volume 168627
SUBG cut maxside volume 736555
== End round 6 ==
H expansion: 2.33233, num cross: 527795
H conductance: 0.333191, num cross: 527795
H_single expansion: 2.20946, num cross: 499989
H_single conductance: 0.338536, num cross: 499989
Cap 1 ... flow: 189279 (47.6355 s)
Cap 2 ... flow: 220482 (36.3342 s)
Cap 4 ... flow: 226295 (18.0084 s)
Flow search took (seconds) 102.079
SUBG cut conductance: 0.0290547
SUBG cut minside volume 382967
SUBG cut maxside volume 522215
== End round 7 ==
H expansion: 2.67183, num cross: 604621
H conductance: 0.333979, num cross: 604621
H_single expansion: 2.50938, num cross: 567860
H_single conductance: 0.338783, num cross: 567860
Cap 1 ... flow: 179538 (62.7198 s)
Cap 2 ... flow: 214802 (52.3044 s)
Cap 4 ... flow: 226295 (15.9536 s)
Flow search took (seconds) 131.09
SUBG cut conductance: 0.0607037
SUBG cut minside volume 332830
SUBG cut maxside volume 572352
== End round 8 ==
H expansion: 3.02843, num cross: 685318
H conductance: 0.336493, num cross: 685318
H_single expansion: 2.82531, num cross: 639354
H_single conductance: 0.341026, num cross: 639354
Cap 1 ... flow: 172665 (52.5085 s)
Cap 2 ... flow: 205854 (37.1169 s)
Cap 4 ... flow: 225613 (49.04 s)
Cap 8 ... flow: 226295 (14.7474 s)
Flow search took (seconds) 153.571
SUBG cut conductance: 0.0315438
SUBG cut minside volume 106138
SUBG cut maxside volume 799044
== End round 9 ==
H expansion: 3.37323, num cross: 763346
H conductance: 0.337324, num cross: 763346
H_single expansion: 3.13017, num cross: 708342
H_single conductance: 0.341215, num cross: 708342
Cap 1 ... flow: 165615 (53.9578 s)
Cap 2 ... flow: 198179 (45.175 s)
Cap 4 ... flow: 217940 (65.4082 s)
Cap 8 ... flow: 226295 (27.0033 s)
Flow search took (seconds) 191.682
SUBG cut conductance: 0.0158149
SUBG cut minside volume 372497
SUBG cut maxside volume 532685
== End round 10 ==
H expansion: 3.62428, num cross: 820157
H conductance: 0.329481, num cross: 820157
H_single expansion: 3.34896, num cross: 757853
H_single conductance: 0.332542, num cross: 757853
Cap 1 ... flow: 153140 (56.2171 s)
Cap 2 ... flow: 181655 (47.8519 s)
Cap 4 ... flow: 205965 (51.2364 s)
Cap 8 ... flow: 226087 (90.9406 s)
Cap 16 ... flow: 226295 (18.5052 s)
Flow search took (seconds) 264.925
SUBG cut conductance: 0.0216046
SUBG cut minside volume 137239
SUBG cut maxside volume 767943
== End round 11 ==
H expansion: 4.0334, num cross: 912739
H conductance: 0.336118, num cross: 912739
H_single expansion: 3.71942, num cross: 841687
H_single conductance: 0.339003, num cross: 841687
Cap 1 ... flow: 150647 (65.7795 s)
Cap 2 ... flow: 176731 (52.5257 s)
Cap 4 ... flow: 201788 (35.1267 s)
Cap 8 ... flow: 223874 (63.9388 s)
Cap 16 ... flow: 226295 (17.044 s)
Flow search took (seconds) 234.558
SUBG cut conductance: 0.0117892
SUBG cut minside volume 402657
SUBG cut maxside volume 502525
== End round 12 ==
H expansion: 4.43054, num cross: 1002610
H conductance: 0.340812, num cross: 1002610
H_single expansion: 4.08009, num cross: 923304
H_single conductance: 0.342836, num cross: 923304
Cap 1 ... flow: 148793 (66.4379 s)
Cap 2 ... flow: 173382 (53.9163 s)
Cap 4 ... flow: 200377 (52.24 s)
Cap 8 ... flow: 224844 (37.7928 s)
Cap 16 ... flow: 226295 (14.861 s)
Flow search took (seconds) 225.365
SUBG cut conductance: 0.0203909
SUBG cut minside volume 113580
SUBG cut maxside volume 791602
== End round 13 ==
H expansion: 4.82895, num cross: 1092767
H conductance: 0.344925, num cross: 1092767
H_single expansion: 4.44927, num cross: 1006847
H_single conductance: 0.347127, num cross: 1006847
Cap 1 ... flow: 148379 (57.646 s)
Cap 2 ... 