Reading graph from graphs/bcsstk32.graph
Reading a graph with V 44609E 985046
Odd number of vertices, adding extra one.
H expansion: 0, num cross: 0
H_single expansion: 0, num cross: 0
1029657
1029659
Cap 1 ... flow: 492039 (191.492 s)
Cap 2 ... flow: 492523 (164.099 s)
Flow search took (seconds) 355.934
SUBG cut expansion 0.138528
SUBG cut minside volume 1106519
SUBG cut maxside volume 863575
== End round 0 ==
H expansion: 0, num cross: 0
H_single expansion: 0, num cross: 0
1029657
1029659
Cap 1 ... flow: 491393 (207.491 s)
Cap 2 ... flow: 491976 (188.587 s)
Cap 4 ... flow: 492523 (169.785 s)
Flow search took (seconds) 566.214
SUBG cut expansion 0.0990314
SUBG cut minside volume 1114600
SUBG cut maxside volume 855494
== End round 1 ==
H expansion: 0.334441, num cross: 164720
H_single expansion: 0.334441, num cross: 164720
1029657
1029659
Cap 1 ... flow: 492200 (47.2659 s)
Cap 2 ... flow: 492523 (60.6029 s)
Flow search took (seconds) 107.995
SUBG cut expansion 0.175151
SUBG cut minside volume 123810
SUBG cut maxside volume 1846284
== End round 2 ==
H expansion: 0.746191, num cross: 367516
H_single expansion: 0.746191, num cross: 367516
1029657
1029659
Cap 1 ... flow: 491267 (159.489 s)
Cap 2 ... flow: 491969 (191.944 s)
Cap 4 ... 