time -o out_log2/144-h-0.55-g-0.4040354815330114-t-30m.out.time timeout 30m cmake-build-debug/a.out -f graphs/144.graph --ignore-multi -r 0 -s --H_phi=0.55 --G_phi=0.4040354815330114 --vol 0.1 -o out_log2/144-h-0.55-g-0.4040354815330114-t-30m.ptn >> out_log2/144-h-0.55-g-0.4040354815330114-t-30m.outReading graph from graphs/144.graph
Reading a graph with V 144649E 1074393
1074393
144649
H expansion: 0, num cross: 0
H conductance: -nan, num cross: 0
H_single expansion: 0, num cross: 0
H_single conductance: -nan, num cross: 0
Cap 1 ... flow: 537196 (24.1577 s)
Flow search took (seconds) 24.2384
SUBG cut conductance: 999
SUBG cut minside volume 0
SUBG cut maxside volume 2148786
== End round 0 ==
H expansion: 0.249412, num cross: 133983
H conductance: 0.249412, num cross: 133983
H_single expansion: 0.249412, num cross: 133983
H_single conductance: 0.249412, num cross: 133983
Cap 1 ... flow: 537195 (38.1714 s)
Cap 2 ... flow: 537196 (19.3045 s)
Flow search took (seconds) 57.6287
SUBG cut conductance: 0.806452
SUBG cut minside volume 31
SUBG cut maxside volume 2148755
== End round 1 ==
H expansion: 0.543074, num cross: 291737
H conductance: 0.271537, num cross: 291737
H_single expansion: 0.537484, num cross: 288734
H_single conductance: 0.271861, num cross: 288734
Cap 1 ... flow: 536250 (75.4341 s)
Cap 2 ... flow: 537196 (24.047 s)
Flow search took (seconds) 99.7497
SUBG cut conductance: 0.0384098
SUBG cut minside volume 964910
SUBG cut maxside volume 1183876
== End round 2 ==
CASE2 G Expansion target reached with a cut that is relatively balanced. Cut-matching game has found a balanced cut as good as you wanted it.
Claimed g conductance: 0.0384098
R0 cond 999
R1 cond 0.806452
R2 cond 0.0384098
The best with best expansion was found on round2
final_Edge crossings (E) : 37062
final_cut size: ( 79923 | 64726 )
diff: 15197 (factor 0.105061 of total n vertices)
final_cut volumes: ( 1183876 | 964910 )
final_expansion: 0.572598
final_conductance: 0.0384098
CASE2 Goodenough balanced cut
