time -o out_log2/bcsstk33-h-0.55-g-0.45339722807790966-t-30m.out.time timeout 30m cmake-build-debug/a.out -f graphs/bcsstk33.graph --ignore-multi -r 0 -s --H_phi=0.55 --G_phi=0.45339722807790966 --vol 0.1 -o out_log2/bcsstk33-h-0.55-g-0.45339722807790966-t-30m.ptn >> out_log2/bcsstk33-h-0.55-g-0.45339722807790966-t-30m.outReading graph from graphs/bcsstk33.graph
Reading a graph with V 8738E 291583
291583
8738
H expansion: 0, num cross: 0
H conductance: -nan, num cross: 0
H_single expansion: 0, num cross: 0
H_single conductance: -nan, num cross: 0
Cap 1 ... flow: 145791 (4.9613 s)
Flow search took (seconds) 4.97527
SUBG cut conductance: 999
SUBG cut minside volume 0
SUBG cut maxside volume 583166
== End round 0 ==
H expansion: 0.249844, num cross: 36425
H conductance: 0.249844, num cross: 36425
H_single expansion: 0.249844, num cross: 36425
H_single conductance: 0.249844, num cross: 36425
Cap 1 ... flow: 145791 (5.0386 s)
Flow search took (seconds) 5.05239
SUBG cut conductance: 999
SUBG cut minside volume 0
SUBG cut maxside volume 583166
== End round 1 ==
H expansion: 0.549451, num cross: 80105
H conductance: 0.274726, num cross: 80105
H_single expansion: 0.546255, num cross: 79639
H_single conductance: 0.274944, num cross: 79639
Cap 1 ... flow: 145791 (4.88451 s)
Flow search took (seconds) 4.89809
SUBG cut conductance: 999
SUBG cut minside volume 0
SUBG cut maxside volume 583166
== End round 2 ==
H expansion: 0.892456, num cross: 130112
H conductance: 0.297486, num cross: 130112
H_single expansion: 0.885192, num cross: 129053
H_single conductance: 0.299081, num cross: 129053
Cap 1 ... flow: 145791 (5.00236 s)
Flow search took (seconds) 5.01588
SUBG cut conductance: 999
SUBG cut minside volume 0
SUBG cut maxside volume 583166
== End round 3 ==
H expansion: 1.27051, num cross: 185229
H conductance: 0.317629, num cross: 185229
H_single expansion: 1.25532, num cross: 183014
H_single conductance: 0.320203, num cross: 183014
Cap 1 ... flow: 145791 (5.4351 s)
Flow search took (seconds) 5.44862
SUBG cut conductance: 999
SUBG cut minside volume 0
SUBG cut maxside volume 583166
== End round 4 ==
H expansion: 1.67045, num cross: 243536
H conductance: 0.334091, num cross: 243536
H_single expansion: 1.64011, num cross: 239114
H_single conductance: 0.33714, num cross: 239114
Cap 1 ... flow: 145791 (6.1961 s)
Flow search took (seconds) 6.20926
SUBG cut conductance: 999
SUBG cut minside volume 0
SUBG cut maxside volume 583166
== End round 5 ==
H expansion: 2.08315, num cross: 303704
H conductance: 0.347192, num cross: 303704
H_single expansion: 2.03299, num cross: 296391
H_single conductance: 0.350489, num cross: 296391
Cap 1 ... flow: 145791 (6.98972 s)
Flow search took (seconds) 7.00481
SUBG cut conductance: 999
SUBG cut minside volume 0
SUBG cut maxside volume 583166
== End round 6 ==
H expansion: 2.50065, num cross: 364572
H conductance: 0.357237, num cross: 364572
H_single expansion: 2.42677, num cross: 353801
H_single conductance: 0.360625, num cross: 353801
Cap 1 ... flow: 145706 (6.16587 s)
Cap 2 ... flow: 145791 (4.71 s)
Flow search took (seconds) 10.9024
SUBG cut conductance: 0.412262
SUBG cut minside volume 1892
SUBG cut maxside volume 581274
== End round 7 ==
CASE2 G Expansion target reached with a cut that is relatively balanced. Cut-matching game has found a balanced cut as good as you wanted it.
Claimed g conductance: 0.412262
R0 cond 999
R1 cond 999
R2 cond 999
R3 cond 999
R4 cond 999
R5 cond 999
R6 cond 999
R7 cond 0.412262
The best with best expansion was found on round7
final_Edge crossings (E) : 780
final_cut size: ( 41 | 8697 )
diff: 8656 (factor 0.990616 of total n vertices)
final_cut volumes: ( 1892 | 581274 )
final_expansion: 19.0244
final_conductance: 0.412262
CASE2 Goodenough balanced cut
