time -o out_log2/brack2-h-0.1-g-0.41632332948418993-t-30m.out.time timeout 30m cmake-build-debug/a.out -f graphs/brack2.graph --ignore-multi -r 0 -s --H_phi=0.1 --G_phi=0.41632332948418993 --vol 0.1 -o out_log2/brack2-h-0.1-g-0.41632332948418993-t-30m.ptn >> out_log2/brack2-h-0.1-g-0.41632332948418993-t-30m.outReading graph from graphs/brack2.graph
Reading a graph with V 62631E 366559
366559
62631
H expansion: 0, num cross: 0
H conductance: -nan, num cross: 0
H_single expansion: 0, num cross: 0
H_single conductance: -nan, num cross: 0
Cap 1 ... flow: 183183 (11.7011 s)
Cap 2 ... flow: 183279 (5.36196 s)
Flow search took (seconds) 17.1435
SUBG cut conductance: 0.0164756
SUBG cut minside volume 237745
SUBG cut maxside volume 495373
== End round 0 ==
CASE2 G Expansion target reached with a cut that is relatively balanced. Cut-matching game has found a balanced cut as good as you wanted it.
Claimed g conductance: 0.0164756
R0 cond 0.0164756
The best with best expansion was found on round0
final_Edge crossings (E) : 3917
final_cut size: ( 41963 | 20668 )
diff: 21295 (factor 0.340007 of total n vertices)
final_cut volumes: ( 495373 | 237745 )
final_expansion: 0.18952
final_conductance: 0.0164756
CASE2 Goodenough balanced cut
