time -o out_log2/expander16-h-0.55-g-0.9806022744169713-t-30m.out.time timeout 30m cmake-build-debug/a.out -f graphs/expander16.graph  -r 0 -s --H_phi=0.55 --G_phi=0.9806022744169713 --vol 0.1 -o out_log2/expander16-h-0.55-g-0.9806022744169713-t-30m.ptn >> out_log2/expander16-h-0.55-g-0.9806022744169713-t-30m.outReading graph from graphs/expander16.graph
Reading a graph with V 16E 64
64
16
H expansion: 0, num cross: 0
H conductance: -nan, num cross: 0
H_single expansion: 0, num cross: 0
H_single conductance: -nan, num cross: 0
Cap 1 ... flow: 31 (9.3e-05 s)
Cap 2 ... flow: 32 (5.5e-05 s)
Flow search took (seconds) 0.000182
SUBG cut conductance: 0.538462
SUBG cut minside volume 26
SUBG cut maxside volume 86
== End round 0 ==
CASE2 G Expansion target reached with a cut that is relatively balanced. Cut-matching game has found a balanced cut as good as you wanted it.
Claimed g conductance: 0.538462
R0 cond 0.538462
The best with best expansion was found on round0
final_Edge crossings (E) : 14
final_cut size: ( 12 | 4 )
diff: 8 (factor 0.5 of total n vertices)
final_cut volumes: ( 86 | 26 )
final_expansion: 3.5
final_conductance: 0.538462
CASE2 Goodenough balanced cut
