time -o out_log2/fe_sphere-h-0.1-g-0.4400329696923557-t-30m.out.time timeout 30m cmake-build-debug/a.out -f graphs/fe_sphere.graph --ignore-multi -r 0 -s --H_phi=0.1 --G_phi=0.4400329696923557 --vol 0.1 -o out_log2/fe_sphere-h-0.1-g-0.4400329696923557-t-30m.ptn >> out_log2/fe_sphere-h-0.1-g-0.4400329696923557-t-30m.outReading graph from graphs/fe_sphere.graph
Reading a graph with V 16386E 49152
49152
16386
H expansion: 0, num cross: 0
H conductance: -nan, num cross: 0
H_single expansion: 0, num cross: 0
H_single conductance: -nan, num cross: 0
Cap 1 ... flow: 23197 (0.971524 s)
Cap 2 ... flow: 24576 (0.803564 s)
Flow search took (seconds) 1.78548
SUBG cut conductance: 0.142234
SUBG cut minside volume 42620
SUBG cut maxside volume 55684
== End round 0 ==
CASE2 G Expansion target reached with a cut that is relatively balanced. Cut-matching game has found a balanced cut as good as you wanted it.
Claimed g conductance: 0.142234
R0 cond 0.142234
The best with best expansion was found on round0
final_Edge crossings (E) : 6062
final_cut size: ( 7104 | 9282 )
diff: 2178 (factor 0.132918 of total n vertices)
final_cut volumes: ( 42620 | 55684 )
final_expansion: 0.853322
final_conductance: 0.142234
CASE2 Goodenough balanced cut
