time -o out_log2/fe_tooth-h-0.1-g-0.4129147100767158-t-30m.out.time timeout 30m cmake-build-debug/a.out -f graphs/fe_tooth.graph --ignore-multi -r 0 -s --H_phi=0.1 --G_phi=0.4129147100767158 --vol 0.1 -o out_log2/fe_tooth-h-0.1-g-0.4129147100767158-t-30m.ptn >> out_log2/fe_tooth-h-0.1-g-0.4129147100767158-t-30m.outReading graph from graphs/fe_tooth.graph
Reading a graph with V 78136E 452591
452591
78136
H expansion: 0, num cross: 0
H conductance: -nan, num cross: 0
H_single expansion: 0, num cross: 0
H_single conductance: -nan, num cross: 0
Cap 1 ... flow: 226240 (8.79721 s)
Cap 2 ... flow: 226295 (6.50526 s)
Flow search took (seconds) 15.3453
SUBG cut conductance: 0.122725
SUBG cut minside volume 11921
SUBG cut maxside volume 893261
== End round 0 ==
CASE2 G Expansion target reached with a cut that is relatively balanced. Cut-matching game has found a balanced cut as good as you wanted it.
Claimed g conductance: 0.122725
R0 cond 0.122725
The best with best expansion was found on round0
final_Edge crossings (E) : 1463
final_cut size: ( 1099 | 77037 )
diff: 75938 (factor 0.97187 of total n vertices)
final_cut volumes: ( 11921 | 893261 )
final_expansion: 1.33121
final_conductance: 0.122725
CASE2 Goodenough balanced cut
