time -o out_log2/multi8-h-0.1-g-1.3659347946355849-t-30m.out.time timeout 30m cmake-build-debug/a.out -f graphs/multi8.graph  -r 0 -s --H_phi=0.1 --G_phi=1.3659347946355849 --vol 0.1 -o out_log2/multi8-h-0.1-g-1.3659347946355849-t-30m.ptn >> out_log2/multi8-h-0.1-g-1.3659347946355849-t-30m.outReading graph from graphs/multi8.graph
Reading a graph with V 8E 12
12
8
H expansion: 0, num cross: 0
H conductance: -nan, num cross: 0
H_single expansion: 0, num cross: 0
H_single conductance: -nan, num cross: 0
Cap 1 ... flow: 5 (6e-06 s)
Cap 2 ... flow: 6 (6e-06 s)
Flow search took (seconds) 2.4e-05
SUBG cut conductance: 0.5
SUBG cut minside volume 4
SUBG cut maxside volume 20
== End round 0 ==
CASE2 G Expansion target reached with a cut that is relatively balanced. Cut-matching game has found a balanced cut as good as you wanted it.
Claimed g conductance: 0.5
R0 cond 0.5
The best with best expansion was found on round0
final_Edge crossings (E) : 2
final_cut size: ( 2 | 6 )
diff: 4 (factor 0.5 of total n vertices)
final_cut volumes: ( 4 | 20 )
final_expansion: 1
final_conductance: 0.5
CASE2 Goodenough balanced cut
