time -o out_log2/add32-h-0.55-g-0.013811044231042792-t-30m.out.time timeout 30m cmake-build-debug/a.out -f graphs/add32.graph --ignore-multi -r 0 -s --H_phi=0.55 --G_phi=0.013811044231042792 --vol 0.1 -o out_log2/add32-h-0.55-g-0.013811044231042792-t-30m.ptn >> out_log2/add32-h-0.55-g-0.013811044231042792-t-30m.outReading graph from graphs/add32.graph
Reading a graph with V 4960E 9462
9462
4960
H expansion: 0, num cross: 0
H conductance: -nan, num cross: 0
H_single expansion: 0, num cross: 0
H_single conductance: -nan, num cross: 0
Cap 1 ... flow: 4194 (0.053781 s)
Cap 2 ... flow: 4576 (0.050113 s)
Cap 4 ... flow: 4674 (0.100898 s)
Cap 8 ... flow: 4713 (0.079626 s)
Cap 16 ... flow: 4731 (0.031791 s)
Flow search took (seconds) 0.319521
SUBG cut conductance: 0.000941029
SUBG cut minside volume 6376
SUBG cut maxside volume 12548
== End round 0 ==
CASE2 G Expansion target reached with a cut that is relatively balanced. Cut-matching game has found a balanced cut as good as you wanted it.
Claimed g conductance: 0.000941029
R0 cond 0.000941029
The best with best expansion was found on round0
final_Edge crossings (E) : 6
final_cut size: ( 3286 | 1674 )
diff: 1612 (factor 0.325 of total n vertices)
final_cut volumes: ( 12548 | 6376 )
final_expansion: 0.00358423
final_conductance: 0.000941029
CASE2 Goodenough balanced cut
