time -o out_log2/looploop8-h-0.1-g-0.23126322011173425-t-30m.out.time timeout 30m cmake-build-debug/a.out -f graphs/looploop8.graph  -r 0 -s --H_phi=0.1 --G_phi=0.23126322011173425 --vol 0.1 -o out_log2/looploop8-h-0.1-g-0.23126322011173425-t-30m.ptn >> out_log2/looploop8-h-0.1-g-0.23126322011173425-t-30m.outReading graph from graphs/looploop8.graph
Reading a graph with V 8E 16
16
8
H expansion: 0, num cross: 0
H conductance: -nan, num cross: 0
H_single expansion: 0, num cross: 0
H_single conductance: -nan, num cross: 0
Cap 1 ... flow: 5 (1e-05 s)
Cap 2 ... flow: 7 (1.1e-05 s)
Cap 4 ... flow: 8 (4e-06 s)
Flow search took (seconds) 4.3e-05
SUBG cut conductance: 0.2
SUBG cut minside volume 10
SUBG cut maxside volume 14
== End round 0 ==
CASE2 G Expansion target reached with a cut that is relatively balanced. Cut-matching game has found a balanced cut as good as you wanted it.
Claimed g conductance: 0.2
R0 cond 0.2
The best with best expansion was found on round0
final_Edge crossings (E) : 2
final_cut size: ( 5 | 3 )
diff: 2 (factor 0.25 of total n vertices)
final_cut volumes: ( 14 | 10 )
final_expansion: 0.666667
final_conductance: 0.2
CASE2 Goodenough balanced cut
