time -o out_log2/uk-h-0.55-g-0.013901739106327885-t-30m.out.time timeout 30m cmake-build-debug/a.out -f graphs/uk.graph --ignore-multi -r 0 -s --H_phi=0.55 --G_phi=0.013901739106327885 --vol 0.1 -o out_log2/uk-h-0.55-g-0.013901739106327885-t-30m.ptn >> out_log2/uk-h-0.55-g-0.013901739106327885-t-30m.outReading graph from graphs/uk.graph
Reading a graph with V 4824E 6837
6837
4824
H expansion: 0, num cross: 0
H conductance: -nan, num cross: 0
H_single expansion: 0, num cross: 0
H_single conductance: -nan, num cross: 0
Cap 1 ... flow: 2737 (0.032712 s)
Cap 2 ... flow: 3239 (0.05561 s)
Cap 4 ... flow: 3382 (0.051503 s)
Cap 8 ... flow: 3402 (0.043934 s)
Cap 16 ... flow: 3418 (0.057568 s)
Flow search took (seconds) 0.243125
SUBG cut conductance: 0.00183891
SUBG cut minside volume 2719
SUBG cut maxside volume 10955
== End round 0 ==
CASE2 G Expansion target reached with a cut that is relatively balanced. Cut-matching game has found a balanced cut as good as you wanted it.
Claimed g conductance: 0.00183891
R0 cond 0.00183891
The best with best expansion was found on round0
final_Edge crossings (E) : 5
final_cut size: ( 997 | 3827 )
diff: 2830 (factor 0.58665 of total n vertices)
final_cut volumes: ( 2719 | 10955 )
final_expansion: 0.00501505
final_conductance: 0.00183891
CASE2 Goodenough balanced cut
