time -o final/barbell10-10-hphi-0.1.out.time timeout 15m cmake-build-debug/a.out -f graphs/barbell10-10.graph -r 0 -s --H_phi=0.1 --G_phi=0.05 --vol 0.1 -o final/barbell10-10-hphi-0.1.ptn >> final/barbell10-10-hphi-0.1.outReading graph from graphs/barbell10-10.graph
Reading a graph with V 20E 91
H expansion: 0, num cross: 0
H conductance: -nan, num cross: 0
H_single expansion: 0, num cross: 0
H_single conductance: -nan, num cross: 0
Cap 1 ... flow: 40 (6.6e-05 s)
Cap 2 ... flow: 41 (6.9e-05 s)
Cap 4 ... flow: 43 (6.9e-05 s)
Cap 8 ... flow: 45 (6.6e-05 s)
Flow search took (seconds) 0.000321
SUBG cut conductance: 0.010989
SUBG cut minside volume 91
SUBG cut maxside volume 91
== End round 0 ==
CASE2 G Expansion target reached with a cut that is relatively balanced. Cut-matching game has found a balanced cut as good as you wanted it.
Claimed g conductance: 0.010989
R0 cond 0.010989
The best with best expansion was found on round0
Edge crossings (E) : 1
cut size: (10 | 10)
diff: 0 (0 of total n vertices)
Min side: 10
expansion: 0.1
conductance: 0.1
cut volume: 91
noncut volume: 91
CASE2 Goodenough balanced cut
