time -o final/bcsstk33-hphi-0.55.out.time timeout 15m cmake-build-debug/a.out -f graphs/bcsstk33.graph -r 0 -s --H_phi=0.55 --G_phi=0.010697787819228009 --vol 0.1 -o final/bcsstk33-hphi-0.55.ptn >> final/bcsstk33-hphi-0.55.outReading graph from graphs/bcsstk33.graph
Reading a graph with V 8738E 291583
H expansion: 0, num cross: 0
H conductance: -nan, num cross: 0
H_single expansion: 0, num cross: 0
H_single conductance: -nan, num cross: 0
Cap 1 ... flow: 145791 (4.84241 s)
Flow search took (seconds) 4.85735
SUBG cut conductance: 999
SUBG cut minside volume 0
SUBG cut maxside volume 583166
== End round 0 ==
H expansion: 0.249844, num cross: 36425
H conductance: 0.249844, num cross: 36425
H_single expansion: 0.249844, num cross: 36425
H_single conductance: 0.249844, num cross: 36425
Cap 1 ... flow: 145791 (4.99992 s)
Flow search took (seconds) 5.01515
SUBG cut conductance: 999
SUBG cut minside volume 0
SUBG cut maxside volume 583166
== End round 1 ==
H expansion: 0.549451, num cross: 80105
H conductance: 0.274726, num cross: 80105
H_single expansion: 0.546255, num cross: 79639
H_single conductance: 0.274944, num cross: 79639
Cap 1 ... flow: 145791 (4.84748 s)
Flow search took (seconds) 4.86264
SUBG cut conductance: 999
SUBG cut minside volume 0
SUBG cut maxside volume 583166
== End round 2 ==
H expansion: 0.892456, num cross: 130112
H conductance: 0.297486, num cross: 130112
H_single expansion: 0.885192, num cross: 129053
H_single conductance: 0.298842, num cross: 129053
Cap 1 ... flow: 145791 (5.07017 s)
Flow search took (seconds) 5.0846
SUBG cut conductance: 999
SUBG cut minside volume 0
SUBG cut maxside volume 583166
== End round 3 ==
H expansion: 1.27051, num cross: 185229
H conductance: 0.317629, num cross: 185229
H_single expansion: 1.25532, num cross: 183014
H_single conductance: 0.320176, num cross: 183014
Cap 1 ... flow: 145791 (5.52639 s)
Flow search took (seconds) 5.54087
SUBG cut conductance: 999
SUBG cut minside volume 0
SUBG cut maxside volume 583166
== End round 4 ==
H expansion: 1.67045, num cross: 243536
H conductance: 0.334091, num cross: 243536
H_single expansion: 1.64011, num cross: 239114
H_single conductance: 0.337025, num cross: 239114
Cap 1 ... flow: 145791 (6.31946 s)
Flow search took (seconds) 6.33369
SUBG cut conductance: 999
SUBG cut minside volume 0
SUBG cut maxside volume 583166
== End round 5 ==
H expansion: 2.08315, num cross: 303704
H conductance: 0.347192, num cross: 303704
H_single expansion: 2.03299, num cross: 296391
H_single conductance: 0.350489, num cross: 296391
Cap 1 ... flow: 145791 (7.12904 s)
Flow search took (seconds) 7.14335
SUBG cut conductance: 999
SUBG cut minside volume 0
SUBG cut maxside volume 583166
== End round 6 ==
H expansion: 2.50065, num cross: 364572
H conductance: 0.357237, num cross: 364572
H_single expansion: 2.42677, num cross: 353801
H_single conductance: 0.360625, num cross: 353801
Cap 1 ... flow: 145706 (6.253 s)
Cap 2 ... flow: 145791 (4.82223 s)
Flow search took (seconds) 11.1008
SUBG cut conductance: 0.412262
SUBG cut minside volume 1892
SUBG cut maxside volume 581274
== End round 7 ==
H expansion: 2.91788, num cross: 425400
H conductance: 0.364735, num cross: 425400
H_single expansion: 2.81637, num cross: 410602
H_single conductance: 0.367929, num cross: 410602
Cap 1 ... flow: 144106 (12.5477 s)
Cap 2 ... flow: 145791 (4.88574 s)
Flow search took (seconds) 17.5023
SUBG cut conductance: 0.19818
SUBG cut minside volume 55616
SUBG cut maxside volume 527550
== End round 8 ==
H expansion: 3.34471, num cross: 487628
H conductance: 0.371635, num cross: 487628
H_single expansion: 3.21167, num cross: 468233
H_single conductance: 0.374402, num cross: 468233
Cap 1 ... flow: 140968 (5.21569 s)
Cap 2 ... flow: 145791 (4.60046 s)
Flow search took (seconds) 9.85279
SUBG cut conductance: 0.124095
SUBG cut minside volume 196930
SUBG cut maxside volume 386236
== End round 9 ==
H expansion: 3.75046, num cross: 546783
H conductance: 0.375047, num cross: 546783
H_single expansion: 3.58748, num cross: 523022
H_single conductance: 0.377856, num cross: 523022
Cap 1 ... flow: 136668 (8.56628 s)
Cap 2 ... flow: 145791 (5.64048 s)
Flow search took (seconds) 14.2543
SUBG cut conductance: 0.112691
SUBG cut minside volume 250242
SUBG cut maxside volume 332924
== End round 10 ==
H expansion: 4.15049, num cross: 605104
H conductance: 0.377319, num cross: 605104
H_single expansion: 3.95505, num cross: 576611
H_single conductance: 0.379644, num cross: 576611
Cap 1 ... flow: 134002 (8.67325 s)
Cap 2 ... flow: 145791 (4.44023 s)
Flow search took (seconds) 13.1586
SUBG cut conductance: 0.116132
SUBG cut minside volume 295440
SUBG cut maxside volume 287726
== End round 11 ==
H expansion: 4.54942, num cross: 663265
H conductance: 0.37912, num cross: 663265
H_single expansion: 4.32136, num cross: 630015
H_single conductance: 0.381383, num cross: 630015
Cap 1 ... flow: 127826 (10.4222 s)
Cap 2 ... flow: 142498 (7.05536 s)
Cap 4 ... flow: 145791 (4.55936 s)
Flow search took (seconds) 22.0916
SUBG cut conductance: 0.034236
SUBG cut minside volume 216877
SUBG cut maxside volume 366289
== End round 12 ==
H expansion: 4.77337, num cross: 695914
H conductance: 0.367184, num cross: 695914
H_single expansion: 4.52377, num cross: 659525
H_single conductance: 0.368697, num cross: 659525
Cap 1 ... flow: 120007 (8.82636 s)
Cap 2 ... flow: 138493 (4.61325 s)
Cap 4 ... flow: 145791 (4.60668 s)
Flow search took (seconds) 18.095
SUBG cut conductance: 0.0862513
SUBG cut minside volume 148763
SUBG cut maxside volume 434403
== End round 13 ==
H expansion: 5.26238, num cross: 767207
H conductance: 0.375885, num cross: 767207
H_single expansion: 4.97585, num cross: 725434
H_single conductance: 0.377355, num cross: 725434
Cap 1 ... flow: 119312 (9.94977 s)
Cap 2 ... flow: 135967 (6.6967 s)
Cap 4 ... flow: 145791 (3.29328 s)
Flow search took (seconds) 19.9948
SUBG cut conductance: 0.0486043
SUBG cut minside volume 276066
SUBG cut maxside volume 307100
== End round 14 ==
H expansion: 5.58725, num cross: 814571
H conductance: 0.372485, num cross: 814571
H_single expansion: 5.28061, num cross: 769865
H_single conductance: 0.373393, num cross: 769865
Cap 1 ... flow: 117796 (9.3093 s)
Cap 2 ... flow: 138090 (6.41681 s)
Cap 4 ... flow: 145791 (3.61232 s)
Flow search took (seconds) 19.3903
SUBG cut conductance: 0.0635052
SUBG cut minside volume 265994
SUBG cut maxside volume 317172
== End round 15 ==
H expansion: 6.22266, num cross: 907208
H conductance: 0.388917, num cross: 907208
H_single expansion: 5.87905, num cross: 857112
H_single conductance: 0.390025, num cross: 857112
Cap 1 ... flow: 123851 (8.3625 s)
Cap 2 ... flow: 142022 (4.34357 s)
Cap 4 ... flow: 145791 (3.77958 s)
Flow search took (seconds) 16.5289
SUBG cut conductance: 0.115026
SUBG cut minside volume 112505
SUBG cut maxside volume 470661
== End round 16 ==
H expansion: 5.46294, num cross: 796448
H conductance: 0.321352, num cross: 796448
H_single expansion: 5.1675, num cross: 753375
H_single conductance: 0.323362, num cross: 753375
Cap 1 ... flow: 96276 (12.2215 s)
Cap 2 ... flow: 116285 (2.82643 s)
Cap 4 ... flow: 131631 (1.81157 s)
Cap 8 ... flow: 145056 (3.83631 s)
Cap 16 ... flow: 145791 (3.94195 s)
Flow search took (seconds) 24.7069
SUBG cut conductance: 0.0529131
SUBG cut minside volume 59456
SUBG cut maxside volume 523710
== End round 17 ==
H expansion: 5.51088, num cross: 803436
H conductance: 0.306161, num cross: 803436
H_single expansion: 5.19895, num cross: 757960
H_single conductance: 0.306479, num cross: 757960
Cap 1 ... flow: 87007 (17.3008 s)
Cap 2 ... flow: 109194 (6.13237 s)
Cap 4 ... flow: 139040 (9.26094 s)
Cap 8 ... flow: 145791 (6.41113 s)
Flow search took (seconds) 39.1907
SUBG cut conductance: 0.0830399
SUBG cut minside volume 61344
SUBG cut maxside volume 521822
== End round 18 ==
H expansion: 5.11724, num cross: 746048
H conductance: 0.269329, num cross: 746048
H_single expansion: 4.82958, num cross: 704109
H_single conductance: 0.270729, num cross: 704109
Cap 1 ... flow: 69008 (13.6396 s)
Cap 2 ... flow: 85417 (11.36 s)
Cap 4 ... flow: 111595 (6.00333 s)
Cap 8 ... flow: 139386 (4.03523 s)
Cap 16 ... flow: 145791 (3.46526 s)
Flow search took (seconds) 38.5717
SUBG cut conductance: 0.0501648
SUBG cut minside volume 124390
SUBG cut maxside volume 458776
== End round 19 ==
H expansion: 7.41648, num cross: 1081256
H conductance: 0.370826, num cross: 1081256
H_single expansion: 7.00778, num cross: 1021671
H_single conductance: 0.371444, num cross: 1021671
Cap 1 ... flow: 105762 (4.83946 s)
Cap 2 ... flow: 124467 (3.37378 s)
Cap 4 ... flow: 145791 (6.49568 s)
Flow search took (seconds) 14.7572
SUBG cut conductance: 0.0682565
SUBG cut minside volume 224843
SUBG cut maxside volume 358323
== End round 20 ==
H expansion: 6.51499, num cross: 949827
H conductance: 0.310239, num cross: 949827
H_single expansion: 6.16434, num cross: 898705
H_single conductance: 0.310661, num cross: 898705
Cap 1 ... flow: 79089 (9.55529 s)
Cap 2 ... flow: 96801 (4.15632 s)
Cap 4 ... flow: 120570 (4.78744 s)
Cap 8 ... flow: 145791 (7.09119 s)
Flow search took (seconds) 25.6574
SUBG cut conductance: 0.034291
SUBG cut minside volume 214371
SUBG cut maxside volume 368795
== End round 21 ==
H expansion: 8.2719, num cross: 1205969
H conductance: 0.375997, num cross: 1205969
H_single expansion: 7.82166, num cross: 1140327
H_single conductance: 0.37549, num cross: 1140327
Cap 1 ... flow: 102316 (13.8557 s)
Cap 2 ... flow: 119739 (5.14 s)
Cap 4 ... flow: 143923 (11.4105 s)
Cap 8 ... flow: 145791 (2.35409 s)
Flow search took (seconds) 32.841
SUBG cut conductance: 0.0520302
SUBG cut minside volume 224389
SUBG cut maxside volume 358777
== End round 22 ==
H expansion: 9.43363, num cross: 1375338
H conductance: 0.410159, num cross: 1375338
H_single expansion: 8.92633, num cross: 1301378
H_single conductance: 0.41118, num cross: 1301378
Cap 1 ... flow: 115174 (10.6742 s)
Cap 2 ... flow: 133683 (5.90666 s)
Cap 4 ... flow: 143933 (3.49187 s)
Cap 8 ... flow: 145791 (3.69641 s)
Flow search took (seconds) 23.8279
SUBG cut conductance: 0.0529131
SUBG cut minside volume 59456
SUBG cut maxside volume 523710
== End round 23 ==
H expansion: 7.91535, num cross: 1153987
H conductance: 0.329808, num cross: 1153987
H_single expansion: 7.51512, num cross: 1095637
H_single conductance: 0.331131, num cross: 1095637
Cap 1 ... flow: 82605 (8.77305 s)
Cap 2 ... flow: 97185 (1.9051 s)
Cap 4 ... flow: 113430 (1.48967 s)
Cap 8 ... flow: 142622 (3.37633 s)
Cap 16 ... flow: 145791 (3.43399 s)
Flow search took (seconds) 19.0548
SUBG cut conductance: 0.0329737
SUBG cut minside volume 221328
SUBG cut maxside volume 361838
== End round 24 ==
H expansion: 9.40489, num cross: 1371148
H conductance: 0.376197, num cross: 1371148
H_single expansion: 8.91004, num cross: 1299003
H_single conductance: 0.377441, num cross: 1299003
Cap 1 ... flow: 94861 (10.1866 s)
Cap 2 ... flow: 108455 (4.33977 s)
Cap 4 ... flow: 126614 (3.45113 s)
Cap 8 ... flow: 145791 (4.22976 s)
Flow search took (seconds) 22.268
SUBG cut conductance: 0.0339411
SUBG cut minside volume 216198
SUBG cut maxside volume 366968
== End round 25 ==
H expansion: 10.5582, num cross: 1539291
H conductance: 0.406086, num cross: 1539291
H_single expansion: 10.0075, num cross: 1459002
H_single conductance: 0.407207, num cross: 1459002
Cap 1 ... flow: 111623 (9.75179 s)
Cap 2 ... flow: 128539 (3.92099 s)
Cap 4 ... flow: 145791 (4.47368 s)
Flow search took (seconds) 18.195
SUBG cut conductance: 0.059836
SUBG cut minside volume 236814
SUBG cut maxside volume 346352
== End round 26 ==
H expansion: 7.16788, num cross: 1045013
H conductance: 0.265479, num cross: 1045013
H_single expansion: 6.825, num cross: 995023
H_single conductance: 0.266255, num cross: 995023
Cap 1 ... flow: 61670 (16.7596 s)
Cap 2 ... flow: 74370 (6.72714 s)
Cap 4 ... flow: 97522 (3.51082 s)
Cap 8 ... flow: 140028 (6.70685 s)
Cap 16 ... flow: 145791 (1.17292 s)
Flow search took (seconds) 34.9543
SUBG cut conductance: 0.0355374
SUBG cut minside volume 278974
SUBG cut maxside volume 304192
== End round 27 ==
H expansion: 10.5622, num cross: 1539869
H conductance: 0.377221, num cross: 1539869
H_single expansion: 10.0074, num cross: 1458992
H_single conductance: 0.37775, num cross: 1458992
Cap 1 ... flow: 93165 (14.9068 s)
Cap 2 ... flow: 108521 (3.27697 s)
Cap 4 ... flow: 133241 (4.85728 s)
Cap 8 ... flow: 145791 (3.20929 s)
Flow search took (seconds) 26.3124
SUBG cut conductance: 0.0413716
SUBG cut minside volume 289353
SUBG cut maxside volume 293813
== End round 28 ==
H expansion: 11.3216, num cross: 1650592
H conductance: 0.390403, num cross: 1650592
H_single expansion: 10.7558, num cross: 1568106
H_single conductance: 0.390764, num cross: 1568106
Cap 1 ... flow: 102123 (10.657 s)
Cap 2 ... flow: 125629 (5.83936 s)
Cap 4 ... flow: 145791 (2.66056 s)
Flow search took (seconds) 19.214
SUBG cut conductance: 0.0919547
SUBG cut minside volume 190061
SUBG cut maxside volume 393105
== End round 29 ==
H expansion: 9.30359, num cross: 1356379
H conductance: 0.31012, num cross: 1356379
H_single expansion: 8.86757, num cross: 1292812
H_single conductance: 0.311971, num cross: 1292812
Cap 1 ... flow: 69420 (19.1383 s)
Cap 2 ... flow: 81557 (10.4812 s)
Cap 4 ... flow: 96573 (1.14416 s)
Cap 8 ... flow: 125765 (1.87024 s)
Cap 16 ... flow: 145791 (3.66206 s)
Flow search took (seconds) 36.3789
SUBG cut conductance: 0.0329737
SUBG cut minside volume 221328
SUBG cut maxside volume 361838
== End round 30 ==
H expansion: 12.6395, num cross: 1842730
H conductance: 0.407728, num cross: 1842730
H_single expansion: 12.0044, num cross: 1750136
H_single conductance: 0.408785, num cross: 1750136
Cap 1 ... flow: 104801 (13.6497 s)
Cap 2 ... flow: 118682 (4.74952 s)
Cap 4 ... flow: 138950 (5.40085 s)
Cap 8 ... flow: 145791 (4.00182 s)
Flow search took (seconds) 27.8643
SUBG cut conductance: 0.0342634
SUBG cut minside volume 214456
SUBG cut maxside volume 368710
== End round 31 ==
H expansion: 12.3761, num cross: 1804318
H conductance: 0.386754, num cross: 1804318
H_single expansion: 11.7676, num cross: 1715609
H_single conductance: 0.388383, num cross: 1715609
Cap 1 ... flow: 97834 (10.5304 s)
Cap 2 ... flow: 118288 (8.15887 s)
Cap 4 ... flow: 145791 (7.99486 s)
Flow search took (seconds) 26.7377
SUBG cut conductance: 0.0857
SUBG cut minside volume 224329
SUBG cut maxside volume 358837
== End round 32 ==
H expansion: 13.0332, num cross: 1900116
H conductance: 0.394945, num cross: 1900116
H_single expansion: 12.3962, num cross: 1807251
H_single conductance: 0.396606, num cross: 1807251
Cap 1 ... flow: 101820 (8.73202 s)
Cap 2 ... flow: 124355 (6.07942 s)
Cap 4 ... flow: 142347 (15.4299 s)
Cap 8 ... flow: 145791 (5.41127 s)
Flow search took (seconds) 35.7319
SUBG cut conductance: 0.0864229
SUBG cut minside volume 47094
SUBG cut maxside volume 536072
== End round 33 ==
H expansion: 11.7009, num cross: 1705882
H conductance: 0.344145, num cross: 1705882
H_single expansion: 11.1356, num cross: 1623474
H_single conductance: 0.344785, num cross: 1623474
Cap 1 ... flow: 80157 (19.4459 s)
Cap 2 ... flow: 91511 (3.247 s)
Cap 4 ... flow: 112136 (3.72105 s)
Cap 8 ... flow: 140579 (9.05668 s)
Cap 16 ... flow: 145791 (1.1337 s)
Flow search took (seconds) 36.6909
SUBG cut conductance: 0.0502792
SUBG cut minside volume 68597
SUBG cut maxside volume 514569
== End round 34 ==
H expansion: 12.5553, num cross: 1830452
H conductance: 0.358724, num cross: 1830452
H_single expansion: 11.944, num cross: 1741328
H_single conductance: 0.360547, num cross: 1741328
Cap 1 ... 