time -o final/brack2-hphi-0.55.out.time timeout 15m cmake-build-debug/a.out -f graphs/brack2.graph -r 0 -s --H_phi=0.55 --G_phi=0.003995814578334844 --vol 0.1 -o final/brack2-hphi-0.55.ptn >> final/brack2-hphi-0.55.outReading graph from graphs/brack2.graph
Reading a graph with V 62631E 366559
H expansion: 0, num cross: 0
H conductance: -nan, num cross: 0
H_single expansion: 0, num cross: 0
H_single conductance: -nan, num cross: 0
Cap 1 ... flow: 183183 (11.5978 s)
Cap 2 ... flow: 183279 (5.27399 s)
Flow search took (seconds) 16.9546
SUBG cut conductance: 0.0164756
SUBG cut minside volume 237745
SUBG cut maxside volume 495373
== End round 0 ==
H expansion: 0.250471, num cross: 45906
H conductance: 0.250472, num cross: 45906
H_single expansion: 0.250471, num cross: 45906
H_single conductance: 0.250472, num cross: 45906
Cap 1 ... flow: 182661 (14.9206 s)
Cap 2 ... flow: 183279 (10.0309 s)
Flow search took (seconds) 25.0406
SUBG cut conductance: 0.0583626
SUBG cut minside volume 156213
SUBG cut maxside volume 576905
== End round 1 ==
H expansion: 0.544045, num cross: 99712
H conductance: 0.272022, num cross: 99712
H_single expansion: 0.538027, num cross: 98609
H_single conductance: 0.272281, num cross: 98609
Cap 1 ... flow: 181129 (14.4985 s)
Cap 2 ... flow: 183279 (8.49349 s)
Flow search took (seconds) 23.0556
SUBG cut conductance: 0.0707959
SUBG cut minside volume 357902
SUBG cut maxside volume 375216
== End round 2 ==
H expansion: 0.877034, num cross: 160742
H conductance: 0.292345, num cross: 160742
H_single expansion: 0.862996, num cross: 158169
H_single conductance: 0.295085, num cross: 158169
Cap 1 ... flow: 176642 (23.781 s)
Cap 2 ... flow: 183254 (12.397 s)
Cap 4 ... flow: 183279 (5.47394 s)
Flow search took (seconds) 41.7679
SUBG cut conductance: 0.106413
SUBG cut minside volume 1419
SUBG cut maxside volume 731699
== End round 3 ==
H expansion: 1.23525, num cross: 226396
H conductance: 0.308814, num cross: 226396
H_single expansion: 1.20727, num cross: 221267
H_single conductance: 0.312889, num cross: 221267
Cap 1 ... flow: 172463 (22.7632 s)
Cap 2 ... flow: 182837 (8.5159 s)
Cap 4 ... flow: 183279 (6.87547 s)
Flow search took (seconds) 38.2079
SUBG cut conductance: 0.0280589
SUBG cut minside volume 31327
SUBG cut maxside volume 701791
== End round 4 ==
H expansion: 1.60844, num cross: 294794
H conductance: 0.32169, num cross: 294794
H_single expansion: 1.55729, num cross: 285418
H_single conductance: 0.326446, num cross: 285418
Cap 1 ... flow: 166810 (29.1244 s)
Cap 2 ... flow: 180908 (23.4158 s)
Cap 4 ... flow: 182723 (23.7583 s)
Cap 8 ... flow: 183279 (13.6526 s)
Flow search took (seconds) 90.0431
SUBG cut conductance: 0.00263125
SUBG cut minside volume 301758
SUBG cut maxside volume 431360
== End round 5 ==
CASE2 G Expansion target reached with a cut that is relatively balanced. Cut-matching game has found a balanced cut as good as you wanted it.
Claimed g conductance: 0.00263125
R0 cond 0.0164756
R1 cond 0.0583626
R2 cond 0.0707959
R3 cond 0.106413
R4 cond 0.0280589
R5 cond 0.00263125
The best with best expansion was found on round5
Edge crossings (E) : 794
cut size: (25494 | 37137)
diff: 11643 (0.185898 of total n vertices)
Min side: 25494
expansion: 0.0311446
conductance: 0.0311446
cut volume: 301758
noncut volume: 431360
CASE2 Goodenough balanced cut
