time -o final/expander4-hphi-0.55.out.time timeout 15m cmake-build-debug/a.out -f graphs/expander4.graph -r 0 -s --H_phi=0.55 --G_phi=0.5 --vol 0.1 -o final/expander4-hphi-0.55.ptn >> final/expander4-hphi-0.55.outReading graph from graphs/expander4.graph
Reading a graph with V 4E 16
H expansion: 0, num cross: 0
H conductance: -nan, num cross: 0
H_single expansion: 0, num cross: 0
H_single conductance: -nan, num cross: 0
Cap 1 ... flow: 3 (2.4e-05 s)
Cap 2 ... flow: 4 (1.8e-05 s)
Flow search took (seconds) 8.7e-05
SUBG cut conductance: 0.333333
SUBG cut minside volume 6
SUBG cut maxside volume 10
== End round 0 ==
CASE2 G Expansion target reached with a cut that is relatively balanced. Cut-matching game has found a balanced cut as good as you wanted it.
Claimed g conductance: 0.333333
R0 cond 0.333333
The best with best expansion was found on round0
Edge crossings (E) : 2
cut size: (2 | 2)
diff: 0 (0 of total n vertices)
Min side: 2
expansion: 1
conductance: 1
cut volume: 6
noncut volume: 10
CASE2 Goodenough balanced cut
