time -o final/fe_4elt2-hphi-0.55.out.time timeout 15m cmake-build-debug/a.out -f graphs/fe_4elt2.graph -r 0 -s --H_phi=0.55 --G_phi=0.009473248608555434 --vol 0.1 -o final/fe_4elt2-hphi-0.55.ptn >> final/fe_4elt2-hphi-0.55.outReading graph from graphs/fe_4elt2.graph
Reading a graph with V 11143E 32818
H expansion: 0, num cross: 0
H conductance: -nan, num cross: 0
H_single expansion: 0, num cross: 0
H_single conductance: -nan, num cross: 0
Cap 1 ... flow: 15393 (0.34565 s)
Cap 2 ... flow: 16397 (0.70481 s)
Cap 4 ... flow: 16409 (0.400991 s)
Flow search took (seconds) 1.45514
SUBG cut conductance: 0.0235519
SUBG cut minside volume 4713
SUBG cut maxside volume 60923
== End round 0 ==
H expansion: 0.249314, num cross: 4091
H conductance: 0.249314, num cross: 4091
H_single expansion: 0.249314, num cross: 4091
H_single conductance: 0.249314, num cross: 4091
Cap 1 ... flow: 14924 (0.390175 s)
Cap 2 ... flow: 16388 (0.463495 s)
Cap 4 ... flow: 16409 (0.280845 s)
Flow search took (seconds) 1.14378
SUBG cut conductance: 0.0347537
SUBG cut minside volume 3309
SUBG cut maxside volume 62327
== End round 1 ==
H expansion: 0.535438, num cross: 8786
H conductance: 0.267719, num cross: 8786
H_single expansion: 0.528917, num cross: 8679
H_single conductance: 0.268924, num cross: 8679
Cap 1 ... flow: 14282 (0.388534 s)
Cap 2 ... flow: 16180 (0.751216 s)
Cap 4 ... flow: 16409 (1.04124 s)
Flow search took (seconds) 2.18784
SUBG cut conductance: 0.0120525
SUBG cut minside volume 22153
SUBG cut maxside volume 43483
== End round 2 ==
H expansion: 0.870193, num cross: 14279
H conductance: 0.290064, num cross: 14279
H_single expansion: 0.854409, num cross: 14020
H_single conductance: 0.292486, num cross: 14020
Cap 1 ... flow: 13643 (0.434012 s)
Cap 2 ... flow: 15863 (0.550511 s)
Cap 4 ... flow: 16409 (0.896857 s)
Flow search took (seconds) 1.8879
SUBG cut conductance: 0.0299755
SUBG cut minside volume 31459
SUBG cut maxside volume 34177
== End round 3 ==
H expansion: 1.20288, num cross: 19738
H conductance: 0.300719, num cross: 19738
H_single expansion: 1.17314, num cross: 19250
H_single conductance: 0.305149, num cross: 19250
Cap 1 ... flow: 12789 (0.460734 s)
Cap 2 ... flow: 15177 (0.399333 s)
Cap 4 ... flow: 16245 (0.978772 s)
Cap 8 ... flow: 16409 (0.641183 s)
Flow search took (seconds) 2.48921
SUBG cut conductance: 0.0139015
SUBG cut minside volume 14315
SUBG cut maxside volume 51321
== End round 4 ==
H expansion: 1.55726, num cross: 25553
H conductance: 0.311451, num cross: 25553
H_single expansion: 1.50027, num cross: 24618
H_single conductance: 0.315429, num cross: 24618
Cap 1 ... flow: 12408 (0.495104 s)
Cap 2 ... flow: 14898 (0.423342 s)
Cap 4 ... flow: 16165 (0.322992 s)
Cap 8 ... flow: 16409 (0.352409 s)
Flow search took (seconds) 1.59952
SUBG cut conductance: 0.0206753
SUBG cut minside volume 9625
SUBG cut maxside volume 56011
== End round 5 ==
H expansion: 1.87202, num cross: 30718
H conductance: 0.312004, num cross: 30718
H_single expansion: 1.79359, num cross: 29431
H_single conductance: 0.317415, num cross: 29431
Cap 1 ... flow: 11433 (0.515749 s)
Cap 2 ... flow: 13591 (0.500602 s)
Cap 4 ... flow: 15461 (0.468034 s)
Cap 8 ... flow: 16409 (0.564567 s)
Flow search took (seconds) 2.05828
SUBG cut conductance: 0.0274718
SUBG cut minside volume 22605
SUBG cut maxside volume 43031
== End round 6 ==
H expansion: 2.23006, num cross: 36593
H conductance: 0.31858, num cross: 36593
H_single expansion: 2.11677, num cross: 34734
H_single conductance: 0.322933, num cross: 34734
Cap 1 ... flow: 11010 (0.53968 s)
Cap 2 ... flow: 12852 (0.604826 s)
Cap 4 ... flow: 14584 (0.570125 s)
Cap 8 ... flow: 15847 (1.1436 s)
Cap 16 ... flow: 16409 (0.53883 s)
Flow search took (seconds) 3.40524
SUBG cut conductance: 0.0100241
SUBG cut minside volume 27833
SUBG cut maxside volume 37803
== End round 7 ==
H expansion: 2.65135, num cross: 43506
H conductance: 0.331419, num cross: 43506
H_single expansion: 2.49771, num cross: 40985
H_single conductance: 0.335236, num cross: 40985
Cap 1 ... flow: 11168 (0.546236 s)
Cap 2 ... flow: 13034 (0.476594 s)
Cap 4 ... flow: 14649 (0.570134 s)
Cap 8 ... flow: 16060 (1.13872 s)
Cap 16 ... flow: 16409 (0.643565 s)
Flow search took (seconds) 3.38383
SUBG cut conductance: 0.00745844
SUBG cut minside volume 31642
SUBG cut maxside volume 33994
== End round 8 ==
CASE2 G Expansion target reached with a cut that is relatively balanced. Cut-matching game has found a balanced cut as good as you wanted it.
Claimed g conductance: 0.00745844
R0 cond 0.0235519
R1 cond 0.0347537
R2 cond 0.0120525
R3 cond 0.0299755
R4 cond 0.0139015
R5 cond 0.0206753
R6 cond 0.0274718
R7 cond 0.0100241
R8 cond 0.00745844
The best with best expansion was found on round8
Edge crossings (E) : 236
cut size: (5365 | 5778)
diff: 413 (0.0370636 of total n vertices)
Min side: 5365
expansion: 0.0439888
conductance: 0.0439888
cut volume: 33994
noncut volume: 31642
CASE2 Goodenough balanced cut
