time -o final/fe_4elt2-hphi-0.4.out.time timeout 15m cmake-build-debug/a.out -f graphs/fe_4elt2.graph -r 0 -s --H_phi=0.4 --G_phi=8.974243919949744e-05 --vol 0.1 -o final/fe_4elt2-hphi-0.4.ptn >> final/fe_4elt2-hphi-0.4.outReading graph from graphs/fe_4elt2.graph
Reading a graph with V 11143E 32818
H expansion: 0, num cross: 0
H conductance: -nan, num cross: 0
H_single expansion: 0, num cross: 0
H_single conductance: -nan, num cross: 0
Cap 1 ... flow: 15393 (0.391836 s)
Cap 2 ... flow: 16397 (0.835606 s)
Cap 4 ... flow: 16409 (0.478733 s)
Flow search took (seconds) 1.71063
SUBG cut conductance: 0.0235519
SUBG cut minside volume 4713
SUBG cut maxside volume 60923
== End round 0 ==
H expansion: 0.249314, num cross: 4091
H conductance: 0.249314, num cross: 4091
H_single expansion: 0.249314, num cross: 4091
H_single conductance: 0.249314, num cross: 4091
Cap 1 ... flow: 14924 (0.429272 s)
Cap 2 ... flow: 16388 (0.446527 s)
Cap 4 ... flow: 16409 (0.280802 s)
Flow search took (seconds) 1.16868
SUBG cut conductance: 0.0347537
SUBG cut minside volume 3309
SUBG cut maxside volume 62327
== End round 1 ==
H expansion: 0.535438, num cross: 8786
H conductance: 0.267719, num cross: 8786
H_single expansion: 0.528917, num cross: 8679
H_single conductance: 0.268924, num cross: 8679
Cap 1 ... flow: 14282 (0.390172 s)
Cap 2 ... flow: 16180 (0.746889 s)
Cap 4 ... flow: 16409 (1.03087 s)
Flow search took (seconds) 2.17484
SUBG cut conductance: 0.0120525
SUBG cut minside volume 22153
SUBG cut maxside volume 43483
== End round 2 ==
H expansion: 0.870193, num cross: 14279
H conductance: 0.290064, num cross: 14279
H_single expansion: 0.854409, num cross: 14020
H_single conductance: 0.292486, num cross: 14020
Cap 1 ... flow: 13643 (0.430364 s)
Cap 2 ... flow: 15863 (0.54768 s)
Cap 4 ... flow: 16409 (0.892971 s)
Flow search took (seconds) 1.87751
SUBG cut conductance: 0.0299755
SUBG cut minside volume 31459
SUBG cut maxside volume 34177
== End round 3 ==
H expansion: 1.20288, num cross: 19738
H conductance: 0.300719, num cross: 19738
H_single expansion: 1.17314, num cross: 19250
H_single conductance: 0.305149, num cross: 19250
Cap 1 ... flow: 12789 (0.461135 s)
Cap 2 ... flow: 15177 (0.397493 s)
Cap 4 ... flow: 16245 (0.973065 s)
Cap 8 ... flow: 16409 (0.637292 s)
Flow search took (seconds) 2.47798
SUBG cut conductance: 0.0139015
SUBG cut minside volume 14315
SUBG cut maxside volume 51321
== End round 4 ==
H expansion: 1.55726, num cross: 25553
H conductance: 0.311451, num cross: 25553
H_single expansion: 1.50027, num cross: 24618
H_single conductance: 0.315429, num cross: 24618
Cap 1 ... flow: 12408 (0.492229 s)
Cap 2 ... flow: 14898 (0.421314 s)
Cap 4 ... flow: 16165 (0.320683 s)
Cap 8 ... flow: 16409 (0.348689 s)
Flow search took (seconds) 1.58862
SUBG cut conductance: 0.0206753
SUBG cut minside volume 9625
SUBG cut maxside volume 56011
== End round 5 ==
H expansion: 1.87202, num cross: 30718
H conductance: 0.312004, num cross: 30718
H_single expansion: 1.79359, num cross: 29431
H_single conductance: 0.317415, num cross: 29431
Cap 1 ... flow: 11433 (0.514902 s)
Cap 2 ... flow: 13591 (0.498387 s)
Cap 4 ... flow: 15461 (0.465277 s)
Cap 8 ... flow: 16409 (0.561379 s)
Flow search took (seconds) 2.0494
SUBG cut conductance: 0.0274718
SUBG cut minside volume 22605
SUBG cut maxside volume 43031
== End round 6 ==
H expansion: 2.23006, num cross: 36593
H conductance: 0.31858, num cross: 36593
H_single expansion: 2.11677, num cross: 34734
H_single conductance: 0.322933, num cross: 34734
Cap 1 ... flow: 11010 (0.538346 s)
Cap 2 ... flow: 12852 (0.60314 s)
Cap 4 ... flow: 14584 (0.566811 s)
Cap 8 ... flow: 15847 (1.13751 s)
Cap 16 ... flow: 16409 (0.536024 s)
Flow search took (seconds) 3.38988
SUBG cut conductance: 0.0100241
SUBG cut minside volume 27833
SUBG cut maxside volume 37803
== End round 7 ==
H expansion: 2.65135, num cross: 43506
H conductance: 0.331419, num cross: 43506
H_single expansion: 2.49771, num cross: 40985
H_single conductance: 0.335236, num cross: 40985
Cap 1 ... flow: 11168 (0.542863 s)
Cap 2 ... flow: 13034 (0.473076 s)
Cap 4 ... flow: 14649 (0.562295 s)
Cap 8 ... flow: 16060 (1.1314 s)
Cap 16 ... flow: 16409 (0.638047 s)
Flow search took (seconds) 3.35928
SUBG cut conductance: 0.00745844
SUBG cut minside volume 31642
SUBG cut maxside volume 33994
== End round 8 ==
H expansion: 2.95758, num cross: 48531
H conductance: 0.32862, num cross: 48531
H_single expansion: 2.7747, num cross: 45530
H_single conductance: 0.333451, num cross: 45530
Cap 1 ... flow: 10531 (0.546986 s)
Cap 2 ... flow: 12405 (0.584414 s)
Cap 4 ... flow: 14042 (0.55467 s)
Cap 8 ... flow: 15602 (0.866858 s)
Cap 16 ... flow: 16409 (0.826496 s)
Flow search took (seconds) 3.39009
SUBG cut conductance: 0.0054063
SUBG cut minside volume 24231
SUBG cut maxside volume 41405
== End round 9 ==
H expansion: 3.22177, num cross: 52866
H conductance: 0.322177, num cross: 52866
H_single expansion: 3.00457, num cross: 49302
H_single conductance: 0.325065, num cross: 49302
Cap 1 ... flow: 9848 (0.547139 s)
Cap 2 ... flow: 11131 (0.621711 s)
Cap 4 ... flow: 12099 (0.646495 s)
Cap 8 ... flow: 13296 (0.910656 s)
Cap 16 ... flow: 15190 (1.44062 s)
Cap 32 ... flow: 16409 (0.819092 s)
Flow search took (seconds) 4.9988
SUBG cut conductance: 0.00719256
SUBG cut minside volume 25582
SUBG cut maxside volume 40054
== End round 10 ==
H expansion: 3.87415, num cross: 63571
H conductance: 0.352196, num cross: 63571
H_single expansion: 3.60247, num cross: 59113
H_single conductance: 0.35568, num cross: 59113
Cap 1 ... flow: 10700 (0.500394 s)
Cap 2 ... flow: 12259 (0.527361 s)
Cap 4 ... flow: 13689 (0.529085 s)
Cap 8 ... flow: 15331 (0.529229 s)
Cap 16 ... flow: 16409 (0.486997 s)
Flow search took (seconds) 2.5807
SUBG cut conductance: 0.0149378
SUBG cut minside volume 24033
SUBG cut maxside volume 41603
== End round 11 ==
H expansion: 4.08264, num cross: 66992
H conductance: 0.34022, num cross: 66992
H_single expansion: 3.79042, num cross: 62197
H_single conductance: 0.344195, num cross: 62197
Cap 1 ... flow: 10062 (0.522924 s)
Cap 2 ... flow: 11251 (0.527563 s)
Cap 4 ... flow: 12170 (0.776704 s)
Cap 8 ... flow: 13017 (0.902317 s)
Cap 16 ... flow: 14138 (1.54866 s)
Cap 32 ... flow: 16222 (1.90597 s)
Cap 64 ... flow: 16409 (0.724259 s)
Flow search took (seconds) 6.91947
SUBG cut conductance: 0.00422105
SUBG cut minside volume 30798
SUBG cut maxside volume 34838
== End round 12 ==
H expansion: 4.58572, num cross: 75247
H conductance: 0.352747, num cross: 75247
H_single expansion: 4.23962, num cross: 69568
H_single conductance: 0.355686, num cross: 69568
Cap 1 ... flow: 10211 (0.542866 s)
Cap 2 ... flow: 11529 (0.543543 s)
Cap 4 ... flow: 12858 (0.658777 s)
Cap 8 ... flow: 14379 (1.04723 s)
Cap 16 ... flow: 16335 (1.82434 s)
Cap 32 ... flow: 16409 (0.425442 s)
Flow search took (seconds) 5.05282
SUBG cut conductance: 0.00823349
SUBG cut minside volume 17611
SUBG cut maxside volume 48025
== End round 13 ==
H expansion: 3.83655, num cross: 62954
H conductance: 0.27404, num cross: 62954
H_single expansion: 3.55945, num cross: 58407
H_single conductance: 0.277844, num cross: 58407
Cap 1 ... flow: 7150 (0.557698 s)
Cap 2 ... flow: 7899 (0.589398 s)
Cap 4 ... flow: 8929 (0.586529 s)
Cap 8 ... flow: 10304 (0.807722 s)
Cap 16 ... flow: 11935 (1.35622 s)
Cap 32 ... flow: 14564 (1.51694 s)
Cap 64 ... flow: 16409 (0.957697 s)
Flow search took (seconds) 6.38552
SUBG cut conductance: 0.00397602
SUBG cut minside volume 32696
SUBG cut maxside volume 32940
== End round 14 ==
H expansion: 4.4776, num cross: 73473
H conductance: 0.298507, num cross: 73473
H_single expansion: 4.13694, num cross: 67883
H_single conductance: 0.30209, num cross: 67883
Cap 1 ... flow: 7879 (0.447036 s)
Cap 2 ... flow: 8582 (0.432625 s)
Cap 4 ... flow: 9260 (0.546879 s)
Cap 8 ... flow: 10268 (0.548256 s)
Cap 16 ... flow: 11556 (0.892315 s)
Cap 32 ... flow: 13637 (1.06048 s)
Cap 64 ... flow: 16409 (0.891504 s)
Flow search took (seconds) 4.83216
SUBG cut conductance: 0.00496411
SUBG cut minside volume 26188
SUBG cut maxside volume 39448
== End round 15 ==
H expansion: 5.91614, num cross: 97078
H conductance: 0.369759, num cross: 97078
H_single expansion: 5.4681, num cross: 89726
H_single conductance: 0.37181, num cross: 89726
Cap 1 ... flow: 10524 (0.514203 s)
Cap 2 ... flow: 11408 (0.56079 s)
Cap 4 ... flow: 12361 (0.620462 s)
Cap 8 ... flow: 13968 (0.833391 s)
Cap 16 ... flow: 15831 (1.15128 s)
Cap 32 ... flow: 16409 (0.759116 s)
Flow search took (seconds) 4.44872
SUBG cut conductance: 0.00403702
SUBG cut minside volume 32202
SUBG cut maxside volume 33434
== End round 16 ==
H expansion: 4.9872, num cross: 81835
H conductance: 0.293365, num cross: 81835
H_single expansion: 4.63752, num cross: 76097
H_single conductance: 0.29797, num cross: 76097
Cap 1 ... flow: 7290 (0.681491 s)
Cap 2 ... flow: 7793 (0.596496 s)
Cap 4 ... flow: 8447 (0.603484 s)
Cap 8 ... flow: 9360 (0.66544 s)
Cap 16 ... flow: 10502 (0.539795 s)
Cap 32 ... flow: 12582 (0.644674 s)
Cap 64 ... flow: 16409 (0.885905 s)
Flow search took (seconds) 4.62744
SUBG cut conductance: 0.00523602
SUBG cut minside volume 24828
SUBG cut maxside volume 40808
== End round 17 ==
H expansion: 6.89439, num cross: 113130
H conductance: 0.383022, num cross: 113130
H_single expansion: 6.35377, num cross: 104259
H_single conductance: 0.385193, num cross: 104259
Cap 1 ... flow: 10781 (0.465349 s)
Cap 2 ... flow: 11888 (0.524295 s)
Cap 4 ... flow: 12727 (0.658754 s)
Cap 8 ... flow: 13986 (0.704642 s)
Cap 16 ... flow: 15150 (1.36064 s)
Cap 32 ... flow: 16409 (1.09383 s)
Flow search took (seconds) 4.81668
SUBG cut conductance: 0.00479705
SUBG cut minside volume 27100
SUBG cut maxside volume 38536
== End round 18 ==
H expansion: 6.35523, num cross: 104283
H conductance: 0.334486, num cross: 104283
H_single expansion: 5.88969, num cross: 96644
H_single conductance: 0.339674, num cross: 96644
Cap 1 ... flow: 8531 (0.563959 s)
Cap 2 ... flow: 9175 (0.636089 s)
Cap 4 ... flow: 10068 (0.552475 s)
Cap 8 ... flow: 11537 (0.756784 s)
Cap 16 ... flow: 14116 (0.987333 s)
Cap 32 ... flow: 16409 (0.825716 s)
Flow search took (seconds) 4.33139
SUBG cut conductance: 0.0100659
SUBG cut minside volume 29903
SUBG cut maxside volume 35733
== End round 19 ==
H expansion: 7.63959, num cross: 125358
H conductance: 0.381979, num cross: 125358
H_single expansion: 7.0543, num cross: 115754
H_single conductance: 0.38523, num cross: 115754
Cap 1 ... flow: 10466 (0.510062 s)
Cap 2 ... flow: 11291 (0.617975 s)
Cap 4 ... flow: 12173 (0.668163 s)
Cap 8 ... flow: 13196 (0.756536 s)
Cap 16 ... flow: 14508 (0.832753 s)
Cap 32 ... flow: 16409 (0.963863 s)
Flow search took (seconds) 4.35817
SUBG cut conductance: 0.00741343
SUBG cut minside volume 22122
SUBG cut maxside volume 43514
== End round 20 ==
H expansion: 6.88909, num cross: 113043
H conductance: 0.328052, num cross: 113043
H_single expansion: 6.3645, num cross: 104435
H_single conductance: 0.331303, num cross: 104435
Cap 1 ... flow: 7997 (0.598558 s)
Cap 2 ... flow: 8540 (0.668167 s)
Cap 4 ... flow: 9238 (0.669179 s)
Cap 8 ... flow: 10316 (0.712354 s)
Cap 16 ... flow: 12190 (0.713905 s)
Cap 32 ... flow: 15513 (1.52161 s)
Cap 64 ... flow: 16409 (0.667198 s)
Flow search took (seconds) 5.5639
SUBG cut conductance: 0.0078398
SUBG cut minside volume 23470
SUBG cut maxside volume 42166
== End round 21 ==
H expansion: 7.5099, num cross: 123230
H conductance: 0.341359, num cross: 123230
H_single expansion: 6.93333, num cross: 113769
H_single conductance: 0.346264, num cross: 113769
Cap 1 ... flow: 8718 (0.539679 s)
Cap 2 ... flow: 9275 (0.580548 s)
Cap 4 ... flow: 9878 (0.617863 s)
Cap 8 ... flow: 10662 (0.665834 s)
Cap 16 ... flow: 11780 (1.11278 s)
Cap 32 ... flow: 13860 (1.16744 s)
Cap 64 ... flow: 16409 (1.02504 s)
Flow search took (seconds) 5.71963
SUBG cut conductance: 0.00436008
SUBG cut minside volume 29816
SUBG cut maxside volume 35820
== End round 22 ==
H expansion: 8.13182, num cross: 133435
H conductance: 0.353557, num cross: 133435
H_single expansion: 7.52873, num cross: 123539
H_single conductance: 0.357923, num cross: 123539
Cap 1 ... flow: 9161 (0.6562 s)
Cap 2 ... flow: 9909 (0.754289 s)
Cap 4 ... flow: 10729 (0.823058 s)
Cap 8 ... flow: 11865 (1.3263 s)
Cap 16 ... flow: 13714 (1.61674 s)
Cap 32 ... flow: 16335 (1.71645 s)
Cap 64 ... flow: 16409 (0.707573 s)
Flow search took (seconds) 7.61092
SUBG cut conductance: 0.00480663
SUBG cut minside volume 27046
SUBG cut maxside volume 38590
== End round 23 ==
H expansion: 8.47608, num cross: 139084
H conductance: 0.35317, num cross: 139084
H_single expansion: 7.82863, num cross: 128460
H_single conductance: 0.358368, num cross: 128460
Cap 1 ... flow: 8778 (0.678451 s)
Cap 2 ... flow: 9354 (0.666255 s)
Cap 4 ... flow: 9861 (0.688595 s)
Cap 8 ... flow: 10401 (0.898408 s)
Cap 16 ... flow: 11441 (0.889042 s)
Cap 32 ... flow: 13521 (1.31928 s)
Cap 64 ... flow: 16409 (1.14163 s)
Flow search took (seconds) 6.29502
SUBG cut conductance: 0.00431177
SUBG cut minside volume 30150
SUBG cut maxside volume 35486
== End round 24 ==
H expansion: 9.81992, num cross: 161135
H conductance: 0.392797, num cross: 161135
H_single expansion: 9.04766, num cross: 148463
H_single conductance: 0.395932, num cross: 148463
Cap 1 ... flow: 10097 (0.590951 s)
Cap 2 ... flow: 10726 (0.530133 s)
Cap 4 ... flow: 11611 (0.625929 s)
Cap 8 ... flow: 12826 (0.852706 s)
Cap 16 ... flow: 14850 (1.19632 s)
Cap 32 ... flow: 16409 (0.722661 s)
Flow search took (seconds) 4.52813
SUBG cut conductance: 0.0072421
SUBG cut minside volume 32173
SUBG cut maxside volume 33463
== End round 25 ==
H expansion: 8.94192, num cross: 146728
H conductance: 0.34392, num cross: 146728
H_single expansion: 8.2626, num cross: 135581
H_single conductance: 0.346723, num cross: 135581
Cap 1 ... flow: 8522 (0.630113 s)
Cap 2 ... flow: 9077 (0.548673 s)
Cap 4 ... flow: 9546 (0.65607 s)
Cap 8 ... flow: 10116 (0.761332 s)
Cap 16 ... flow: 11184 (0.887463 s)
Cap 32 ... flow: 13264 (1.4754 s)
Cap 64 ... flow: 16409 (1.48755 s)
Flow search took (seconds) 6.45737
SUBG cut conductance: 0.00420848
SUBG cut minside volume 30890
SUBG cut maxside volume 34746
== End round 26 ==
H expansion: 11.5615, num cross: 189713
H conductance: 0.428204, num cross: 189713
H_single expansion: 10.625, num cross: 174346
H_single conductance: 0.432003, num cross: 174346
Cap 1 ... flow: 11736 (0.469657 s)
Cap 2 ... flow: 12617 (0.508802 s)
Cap 4 ... flow: 13710 (0.615816 s)
Cap 8 ... flow: 15133 (1.19715 s)
Cap 16 ... flow: 16409 (1.0277 s)
Flow search took (seconds) 3.83071
SUBG cut conductance: 0.0118826
SUBG cut minside volume 25752
SUBG cut maxside volume 39884
== End round 27 ==
H Conductance target reached, this will be case 1 or 3. According to theory, this means we probably won't find a better cut. That is, assuming you set H_phi right. If was used together with G_phi target, this also certifies the input graph is a G_phi expander unless there was a very unbaanced cut somewhere, which we will proceed to look for.
R0 cond 0.0235519
R1 cond 0.0347537
R2 cond 0.0120525
R3 cond 0.0299755
R4 cond 0.0139015
R5 cond 0.0206753
R6 cond 0.0274718
R7 cond 0.0100241
R8 cond 0.00745844
R9 cond 0.0054063
R10 cond 0.00719256
R11 cond 0.0149378
R12 cond 0.00422105
R13 cond 0.00823349
R14 cond 0.00397602
R15 cond 0.00496411
R16 cond 0.00403702
R17 cond 0.00523602
R18 cond 0.00479705
R19 cond 0.0100659
R20 cond 0.00741343
R21 cond 0.0078398
R22 cond 0.00436008
R23 cond 0.00480663
R24 cond 0.00431177
R25 cond 0.0072421
R26 cond 0.00420848
R27 cond 0.0118826
The best with best expansion was found on round14
Edge crossings (E) : 130
cut size: (5547 | 5596)
diff: 49 (0.00439738 of total n vertices)
Min side: 5547
expansion: 0.0234361
conductance: 0.0234361
cut volume: 32940
noncut volume: 32696
CASE1 NO Goodenough cut, G certified expander.
