time -o final/finan512-hphi-0.55.out.time timeout 15m cmake-build-debug/a.out -f graphs/finan512.graph -r 0 -s --H_phi=0.55 --G_phi=0.0036575358498790803 --vol 0.1 -o final/finan512-hphi-0.55.ptn >> final/finan512-hphi-0.55.outReading graph from graphs/finan512.graph
Reading a graph with V 74752E 261120
H expansion: 0, num cross: 0
H conductance: -nan, num cross: 0
H_single expansion: 0, num cross: 0
H_single conductance: -nan, num cross: 0
Cap 1 ... flow: 127830 (7.97802 s)
Cap 2 ... flow: 130256 (9.83943 s)
Cap 4 ... flow: 130560 (18.478 s)
Flow search took (seconds) 36.3814
SUBG cut conductance: 0.00189271
SUBG cut minside volume 98272
SUBG cut maxside volume 423968
== End round 0 ==
CASE2 G Expansion target reached with a cut that is relatively balanced. Cut-matching game has found a balanced cut as good as you wanted it.
Claimed g conductance: 0.00189271
R0 cond 0.00189271
The best with best expansion was found on round0
Edge crossings (E) : 186
cut size: (14084 | 60668)
diff: 46584 (0.623181 of total n vertices)
Min side: 14084
expansion: 0.0132065
conductance: 0.0132065
cut volume: 423968
noncut volume: 98272
CASE2 Goodenough balanced cut
