time -o run_output/144-h-0.1-g-0.007082981758516411-t-30m.out.time timeout 30m cmake-build-debug/a.out -f graphs/144.graph -p partitions/5/144.2.ptn --ignore-multi -r 1 -s --H_phi=0.1 --G_phi=0.007082981758516411 --vol 0.1 -o run_output/144-h-0.1-g-0.007082981758516411-t-30m.ptn >> run_output/144-h-0.1-g-0.007082981758516411-t-30m.outReading graph from graphs/144.graph
Reading a graph with V 144649E 1074393
1074393
144649
H expansion: 0, num cross: 0
H conductance: -nan, num cross: 0
H_single expansion: 0, num cross: 0
H_single conductance: -nan, num cross: 0
Cap 1 ... flow: 537196 (24.8955 s)
Flow search took (seconds) 24.977
SUBG cut conductance: 999
SUBG cut minside volume 0
SUBG cut maxside volume 2148786
== End round 0 ==
R0 cond 999
The best with best expansion was found on round0
final_Edge crossings (E) : 0
final_cut size: ( 0 | 144649 )
diff: 144649 (factor 1 of total n vertices)
final_cut volumes: ( 0 | 2148786 )
final_expansion: 0
final_conductance: 999
CASE2 Goodenough balanced cut

The given partition achieved the following:
Edge crossings (E) : 6345
cut size: ( 68708 | 75941 )
diff: 7233 (factor 0.0500038 of total n vertices)
cut volumes: ( 1023645 | 1125141 )
expansion: 0.0923473
conductance: 0.00619844
