time -o run_output/barbell10-10-h-0.1-g-0.11142791485145642-t-30m.out.time timeout 30m cmake-build-debug/a.out -f graphs/barbell10-10.graph  -r 30 -s --H_phi=0.1 --G_phi=0.11142791485145642 --vol 0.1 -o run_output/barbell10-10-h-0.1-g-0.11142791485145642-t-30m.ptn >> run_output/barbell10-10-h-0.1-g-0.11142791485145642-t-30m.outReading graph from graphs/barbell10-10.graph
Reading a graph with V 20E 91
91
20
H expansion: 0, num cross: 0
H conductance: -nan, num cross: 0
H_single expansion: 0, num cross: 0
H_single conductance: -nan, num cross: 0
Cap 1 ... flow: 40 (7.1e-05 s)
Cap 2 ... flow: 41 (7.6e-05 s)
Cap 4 ... flow: 43 (7.4e-05 s)
Cap 8 ... flow: 45 (7e-05 s)
Flow search took (seconds) 0.000355
SUBG cut conductance: 0.010989
SUBG cut minside volume 91
SUBG cut maxside volume 91
== End round 0 ==
CASE2 G Expansion target reached with a cut that is relatively balanced. Cut-matching game has found a balanced cut as good as you wanted it.
Claimed g conductance: 0.010989
R0 cond 0.010989
The best with best expansion was found on round0
final_Edge crossings (E) : 1
final_cut size: ( 10 | 10 )
diff: 0 (factor 0 of total n vertices)
final_cut volumes: ( 91 | 91 )
final_expansion: 0.1
final_conductance: 0.010989
CASE2 Goodenough balanced cut
