time -o run_output/bcsstk33-h-1-g-0.0-t-10.out.time cmake-build-debug/a.out -f graphs/bcsstk33.graph -p partitions/5/bcsstk33.2.ptn --ignore-multi --timeout_m=10 -r 0 -s --H_phi=1 --G_phi=0.0 --vol 0.1 -o run_output/bcsstk33-h-1-g-0.0-t-10.ptn >> run_output/bcsstk33-h-1-g-0.0-t-10.outReading graph from graphs/bcsstk33.graph
Reading a graph with V 8738E 291583
291583
8738
H expansion: 0, num cross: 0
H conductance: -nan, num cross: 0
H_single expansion: 0, num cross: 0
H_single conductance: -nan, num cross: 0
Cap 1 ... flow: 145791 (5.4688 s)
Flow search took (seconds) 5.48383
SUBG cut conductance: 999
SUBG cut minside volume 0
SUBG cut maxside volume 583166
== End round 0 ==
H expansion: 0.249844, num cross: 36425
H conductance: 0.249844, num cross: 36425
H_single expansion: 0.249844, num cross: 36425
H_single conductance: 0.249844, num cross: 36425
Cap 1 ... flow: 145791 (5.62456 s)
Flow search took (seconds) 5.63966
SUBG cut conductance: 999
SUBG cut minside volume 0
SUBG cut maxside volume 583166
== End round 1 ==
H expansion: 0.549451, num cross: 80105
H conductance: 0.274726, num cross: 80105
H_single expansion: 0.546255, num cross: 79639
H_single conductance: 0.274944, num cross: 79639
Cap 1 ... flow: 145791 (5.4251 s)
Flow search took (seconds) 5.44056
SUBG cut conductance: 999
SUBG cut minside volume 0
SUBG cut maxside volume 583166
== End round 2 ==
H expansion: 0.892456, num cross: 130112
H conductance: 0.297486, num cross: 130112
H_single expansion: 0.885192, num cross: 129053
H_single conductance: 0.299081, num cross: 129053
Cap 1 ... flow: 145791 (5.46664 s)
Flow search took (seconds) 5.48188
SUBG cut conductance: 999
SUBG cut minside volume 0
SUBG cut maxside volume 583166
== End round 3 ==
H expansion: 1.27051, num cross: 185229
H conductance: 0.317629, num cross: 185229
H_single expansion: 1.25532, num cross: 183014
H_single conductance: 0.320203, num cross: 183014
Cap 1 ... flow: 145791 (6.03617 s)
Flow search took (seconds) 6.05159
SUBG cut conductance: 999
SUBG cut minside volume 0
SUBG cut maxside volume 583166
== End round 4 ==
H expansion: 1.67045, num cross: 243536
H conductance: 0.334091, num cross: 243536
H_single expansion: 1.64011, num cross: 239114
H_single conductance: 0.33714, num cross: 239114
Cap 1 ... flow: 145791 (6.90042 s)
Flow search took (seconds) 6.91559
SUBG cut conductance: 999
SUBG cut minside volume 0
SUBG cut maxside volume 583166
== End round 5 ==
H expansion: 2.08315, num cross: 303704
H conductance: 0.347192, num cross: 303704
H_single expansion: 2.03299, num cross: 296391
H_single conductance: 0.350489, num cross: 296391
Cap 1 ... flow: 145791 (7.84183 s)
Flow search took (seconds) 7.85701
SUBG cut conductance: 999
SUBG cut minside volume 0
SUBG cut maxside volume 583166
== End round 6 ==
H expansion: 2.50065, num cross: 364572
H conductance: 0.357237, num cross: 364572
H_single expansion: 2.42677, num cross: 353801
H_single conductance: 0.360625, num cross: 353801
Cap 1 ... flow: 145706 (7.01029 s)
Cap 2 ... flow: 145791 (5.31809 s)
Flow search took (seconds) 12.3564
SUBG cut conductance: 0.412262
SUBG cut minside volume 1892
SUBG cut maxside volume 581274
== End round 7 ==
H expansion: 2.91788, num cross: 425400
H conductance: 0.364735, num cross: 425400
H_single expansion: 2.81637, num cross: 410602
H_single conductance: 0.367929, num cross: 410602
Cap 1 ... flow: 144106 (13.4983 s)
Cap 2 ... flow: 145791 (5.41111 s)
Flow search took (seconds) 18.9838
SUBG cut conductance: 0.19818
SUBG cut minside volume 55616
SUBG cut maxside volume 527550
== End round 8 ==
H expansion: 3.34471, num cross: 487628
H conductance: 0.371635, num cross: 487628
H_single expansion: 3.21167, num cross: 468233
H_single conductance: 0.374562, num cross: 468233
Cap 1 ... flow: 140968 (5.7477 s)
Cap 2 ... flow: 145791 (5.0413 s)
Flow search took (seconds) 10.8284
SUBG cut conductance: 0.124095
SUBG cut minside volume 196930
SUBG cut maxside volume 386236
== End round 9 ==
H expansion: 3.75046, num cross: 546783
H conductance: 0.375047, num cross: 546783
H_single expansion: 3.58748, num cross: 523022
H_single conductance: 0.377856, num cross: 523022
Cap 1 ... flow: 136668 (9.3824 s)
Cap 2 ... flow: 145791 (6.28478 s)
Flow search took (seconds) 15.7154
SUBG cut conductance: 0.112691
SUBG cut minside volume 250242
SUBG cut maxside volume 332924
== End round 10 ==
H expansion: 4.15049, num cross: 605104
H conductance: 0.377319, num cross: 605104
H_single expansion: 3.95505, num cross: 576611
H_single conductance: 0.379644, num cross: 576611
Cap 1 ... flow: 134002 (9.40961 s)
Cap 2 ... flow: 145791 (4.92865 s)
Flow search took (seconds) 14.3848
SUBG cut conductance: 0.119245
SUBG cut minside volume 295440
SUBG cut maxside volume 287726
== End round 11 ==
H expansion: 4.54942, num cross: 663265
H conductance: 0.37912, num cross: 663265
H_single expansion: 4.32136, num cross: 630015
H_single conductance: 0.381383, num cross: 630015
Cap 1 ... flow: 127826 (11.1674 s)
Cap 2 ... flow: 142498 (7.66993 s)
Cap 4 ... flow: 145791 (5.09183 s)
Flow search took (seconds) 23.9871
SUBG cut conductance: 0.034236
SUBG cut minside volume 216877
SUBG cut maxside volume 366289
== End round 12 ==
H expansion: 4.77337, num cross: 695914
H conductance: 0.367184, num cross: 695914
H_single expansion: 4.52377, num cross: 659525
H_single conductance: 0.369131, num cross: 659525
Cap 1 ... flow: 120007 (9.0706 s)
Cap 2 ... flow: 138493 (5.06525 s)
Cap 4 ... flow: 145791 (5.04108 s)
Flow search took (seconds) 19.2286
SUBG cut conductance: 0.0862513
SUBG cut minside volume 148763
SUBG cut maxside volume 434403
== End round 13 ==
H expansion: 5.26238, num cross: 767207
H conductance: 0.375885, num cross: 767207
H_single expansion: 4.97585, num cross: 725434
H_single conductance: 0.377355, num cross: 725434
Cap 1 ... flow: 119312 (10.6693 s)
Cap 2 ... flow: 135967 (7.3294 s)
Cap 4 ... flow: 145791 (3.63948 s)
Flow search took (seconds) 21.6977
SUBG cut conductance: 0.0486043
SUBG cut minside volume 276066
SUBG cut maxside volume 307100
== End round 14 ==
H expansion: 5.58725, num cross: 814571
H conductance: 0.372485, num cross: 814571
H_single expansion: 5.28061, num cross: 769865
H_single conductance: 0.373557, num cross: 769865
Cap 1 ... flow: 117796 (9.23731 s)
Cap 2 ... flow: 138090 (7.00207 s)
Cap 4 ... flow: 145791 (3.99083 s)
Flow search took (seconds) 20.2876
SUBG cut conductance: 0.0635052
SUBG cut minside volume 265994
SUBG cut maxside volume 317172
== End round 15 ==
H expansion: 6.22266, num cross: 907208
H conductance: 0.388917, num cross: 907208
H_single expansion: 5.87905, num cross: 857112
H_single conductance: 0.390025, num cross: 857112
Cap 1 ... flow: 123851 (8.93923 s)
Cap 2 ... flow: 142022 (4.75935 s)
Cap 4 ... flow: 145791 (4.23323 s)
Flow search took (seconds) 17.9797
SUBG cut conductance: 0.115026
SUBG cut minside volume 112505
SUBG cut maxside volume 470661
== End round 16 ==
H expansion: 5.46294, num cross: 796448
H conductance: 0.321352, num cross: 796448
H_single expansion: 5.1675, num cross: 753375
H_single conductance: 0.323362, num cross: 753375
Cap 1 ... flow: 96276 (12.6918 s)
Cap 2 ... flow: 116285 (3.01627 s)
Cap 4 ... flow: 131631 (1.9774 s)
Cap 8 ... flow: 145056 (4.20168 s)
Cap 16 ... flow: 145791 (4.29408 s)
Flow search took (seconds) 26.2571
SUBG cut conductance: 0.0529131
SUBG cut minside volume 59456
SUBG cut maxside volume 523710
== End round 17 ==
H expansion: 5.51088, num cross: 803436
H conductance: 0.306161, num cross: 803436
H_single expansion: 5.19895, num cross: 757960
H_single conductance: 0.306921, num cross: 757960
Cap 1 ... flow: 87007 (18.1341 s)
Cap 2 ... flow: 109194 (6.53025 s)
Cap 4 ... flow: 139040 (10.1659 s)
Cap 8 ... flow: 145791 (6.85103 s)
Flow search took (seconds) 41.7681
SUBG cut conductance: 0.0830399
SUBG cut minside volume 61344
SUBG cut maxside volume 521822
== End round 18 ==
H expansion: 5.11724, num cross: 746048
H conductance: 0.269329, num cross: 746048
H_single expansion: 4.82958, num cross: 704109
H_single conductance: 0.270729, num cross: 704109
Cap 1 ... flow: 69008 (15.3659 s)
Cap 2 ... flow: 85417 (12.7325 s)
Cap 4 ... flow: 111595 (6.65116 s)
Cap 8 ... flow: 139386 (4.23253 s)
Cap 16 ... flow: 145791 (3.70201 s)
Flow search took (seconds) 42.7605
SUBG cut conductance: 0.0501648
SUBG cut minside volume 124390
SUBG cut maxside volume 458776
== End round 19 ==
H expansion: 7.41648, num cross: 1081256
H conductance: 0.370826, num cross: 1081256
H_single expansion: 7.00778, num cross: 1021671
H_single conductance: 0.371444, num cross: 1021671
Cap 1 ... flow: 105762 (5.40794 s)
Cap 2 ... flow: 124467 (3.6577 s)
Cap 4 ... flow: 145791 (6.98751 s)
Flow search took (seconds) 16.1086
SUBG cut conductance: 0.0682565
SUBG cut minside volume 224843
SUBG cut maxside volume 358323
== End round 20 ==
H expansion: 6.51499, num cross: 949827
H conductance: 0.310239, num cross: 949827
H_single expansion: 6.16434, num cross: 898705
H_single conductance: 0.311321, num cross: 898705
Cap 1 ... flow: 79089 (10.5829 s)
Cap 2 ... flow: 96801 (4.48822 s)
Cap 4 ... flow: 120570 (5.17321 s)
Cap 8 ... flow: 145791 (7.89568 s)
Flow search took (seconds) 28.2183
SUBG cut conductance: 0.034291
SUBG cut minside volume 214371
SUBG cut maxside volume 368795
== End round 21 ==
H expansion: 8.2719, num cross: 1205969
H conductance: 0.375997, num cross: 1205969
H_single expansion: 7.82166, num cross: 1140327
H_single conductance: 0.376667, num cross: 1140327
Cap 1 ... flow: 102316 (14.5115 s)
Cap 2 ... flow: 119739 (5.55038 s)
Cap 4 ... flow: 143923 (12.6321 s)
Cap 8 ... flow: 145791 (2.60716 s)
Flow search took (seconds) 35.3848
SUBG cut conductance: 0.0520302
SUBG cut minside volume 224389
SUBG cut maxside volume 358777
== End round 22 ==
H expansion: 9.43363, num cross: 1375338
H conductance: 0.410159, num cross: 1375338
H_single expansion: 8.92633, num cross: 1301378
H_single conductance: 0.41118, num cross: 1301378
Cap 1 ... flow: 115174 (11.3571 s)
Cap 2 ... flow: 133683 (6.43276 s)
Cap 4 ... flow: 143933 (3.78677 s)
Cap 8 ... flow: 145791 (4.03524 s)
Flow search took (seconds) 25.6743
SUBG cut conductance: 0.0529131
SUBG cut minside volume 59456
SUBG cut maxside volume 523710
== End round 23 ==
H expansion: 7.91535, num cross: 1153987
H conductance: 0.329808, num cross: 1153987
H_single expansion: 7.51512, num cross: 1095637
H_single conductance: 0.331611, num cross: 1095637
Cap 1 ... flow: 82605 (9.21711 s)
Cap 2 ... flow: 97185 (2.11188 s)
Cap 4 ... flow: 113430 (1.64708 s)
Cap 8 ... flow: 142622 (3.71671 s)
Cap 16 ... flow: 145791 (3.78952 s)
Flow search took (seconds) 20.5675
SUBG cut conductance: 0.0329737
SUBG cut minside volume 221328
SUBG cut maxside volume 361838
== End round 24 ==
H expansion: 9.40489, num cross: 1371148
H conductance: 0.376197, num cross: 1371148
H_single expansion: 8.91004, num cross: 1299003
H_single conductance: 0.377441, num cross: 1299003
Cap 1 ... flow: 94861 (10.7754 s)
Cap 2 ... flow: 108455 (4.60787 s)
Cap 4 ... flow: 126614 (3.70185 s)
Cap 8 ... flow: 145791 (4.65169 s)
Flow search took (seconds) 23.8039
SUBG cut conductance: 0.0339411
SUBG cut minside volume 216198
SUBG cut maxside volume 366968
== End round 25 ==
H expansion: 10.5582, num cross: 1539291
H conductance: 0.406086, num cross: 1539291
H_single expansion: 10.0075, num cross: 1459002
H_single conductance: 0.407207, num cross: 1459002
Cap 1 ... flow: 111623 (10.314 s)
Cap 2 ... flow: 128539 (4.21609 s)
Cap 4 ... flow: 145791 (4.96514 s)
Flow search took (seconds) 19.5474
SUBG cut conductance: 0.059836
SUBG cut minside volume 236814
SUBG cut maxside volume 346352
== End round 26 ==
H expansion: 7.16788, num cross: 1045013
H conductance: 0.265479, num cross: 1045013
H_single expansion: 6.825, num cross: 995023
H_single conductance: 0.268622, num cross: 995023
Cap 1 ... flow: 61670 (17.4469 s)
We ran out of time, wrapping up!
R0 cond 999
R1 cond 999
R2 cond 999
R3 cond 999
R4 cond 999
R5 cond 999
R6 cond 999
R7 cond 0.412262
R8 cond 0.19818
R9 cond 0.124095
R10 cond 0.112691
R11 cond 0.119245
R12 cond 0.034236
R13 cond 0.0862513
R14 cond 0.0486043
R15 cond 0.0635052
R16 cond 0.115026
R17 cond 0.0529131
R18 cond 0.0830399
R19 cond 0.0501648
R20 cond 0.0682565
R21 cond 0.034291
R22 cond 0.0520302
R23 cond 0.0529131
R24 cond 0.0329737
R25 cond 0.0339411
R26 cond 0.059836
The best with best expansion was found on round24
final_Edge crossings (E) : 7298
final_cut size: ( 3348 | 5390 )
diff: 2042 (factor 0.233692 of total n vertices)
final_cut volumes: ( 221328 | 361838 )
final_expansion: 2.17981
final_conductance: 0.0329737
CASE4 Time ran out, we were not able to finish the algorithm.

The given partition achieved the following:
Edge crossings (E) : 9914
cut size: ( 4554 | 4184 )
diff: 370 (factor 0.0423438 of total n vertices)
cut volumes: ( 304192 | 278974 )
expansion: 2.3695
conductance: 0.0355374
