time -o run_output/bcsstk33-h-1-g-0.0-t-30.out.time cmake-build-debug/a.out -f graphs/bcsstk33.graph -p partitions/5/bcsstk33.2.ptn --ignore-multi --timeout_m=30 -r 0 -s --H_phi=1 --G_phi=0.0 --vol 0.1 -o run_output/bcsstk33-h-1-g-0.0-t-30.ptn >> run_output/bcsstk33-h-1-g-0.0-t-30.outReading graph from graphs/bcsstk33.graph
Reading a graph with V 8738E 291583
291583
8738
H expansion: 0, num cross: 0
H conductance: -nan, num cross: 0
H_single expansion: 0, num cross: 0
H_single conductance: -nan, num cross: 0
Cap 1 ... flow: 145791 (5.40077 s)
Flow search took (seconds) 5.4157
SUBG cut conductance: 999
SUBG cut minside volume 0
SUBG cut maxside volume 583166
== End round 0 ==
H expansion: 0.249844, num cross: 36425
H conductance: 0.249844, num cross: 36425
H_single expansion: 0.249844, num cross: 36425
H_single conductance: 0.249844, num cross: 36425
Cap 1 ... flow: 145791 (5.50176 s)
Flow search took (seconds) 5.51672
SUBG cut conductance: 999
SUBG cut minside volume 0
SUBG cut maxside volume 583166
== End round 1 ==
H expansion: 0.549451, num cross: 80105
H conductance: 0.274726, num cross: 80105
H_single expansion: 0.546255, num cross: 79639
H_single conductance: 0.274944, num cross: 79639
Cap 1 ... flow: 145791 (5.40103 s)
Flow search took (seconds) 5.41645
SUBG cut conductance: 999
SUBG cut minside volume 0
SUBG cut maxside volume 583166
== End round 2 ==
H expansion: 0.892456, num cross: 130112
H conductance: 0.297486, num cross: 130112
H_single expansion: 0.885192, num cross: 129053
H_single conductance: 0.299081, num cross: 129053
Cap 1 ... flow: 145791 (5.49562 s)
Flow search took (seconds) 5.51045
SUBG cut conductance: 999
SUBG cut minside volume 0
SUBG cut maxside volume 583166
== End round 3 ==
H expansion: 1.27051, num cross: 185229
H conductance: 0.317629, num cross: 185229
H_single expansion: 1.25532, num cross: 183014
H_single conductance: 0.320203, num cross: 183014
Cap 1 ... flow: 145791 (5.91963 s)
Flow search took (seconds) 5.9344
SUBG cut conductance: 999
SUBG cut minside volume 0
SUBG cut maxside volume 583166
== End round 4 ==
H expansion: 1.67045, num cross: 243536
H conductance: 0.334091, num cross: 243536
H_single expansion: 1.64011, num cross: 239114
H_single conductance: 0.33714, num cross: 239114
Cap 1 ... flow: 145791 (6.91141 s)
Flow search took (seconds) 6.92738
SUBG cut conductance: 999
SUBG cut minside volume 0
SUBG cut maxside volume 583166
== End round 5 ==
H expansion: 2.08315, num cross: 303704
H conductance: 0.347192, num cross: 303704
H_single expansion: 2.03299, num cross: 296391
H_single conductance: 0.350489, num cross: 296391
Cap 1 ... flow: 145791 (7.76489 s)
Flow search took (seconds) 7.77951
SUBG cut conductance: 999
SUBG cut minside volume 0
SUBG cut maxside volume 583166
== End round 6 ==
H expansion: 2.50065, num cross: 364572
H conductance: 0.357237, num cross: 364572
H_single expansion: 2.42677, num cross: 353801
H_single conductance: 0.360625, num cross: 353801
Cap 1 ... flow: 145706 (6.87473 s)
Cap 2 ... flow: 145791 (5.18501 s)
Flow search took (seconds) 12.0879
SUBG cut conductance: 0.412262
SUBG cut minside volume 1892
SUBG cut maxside volume 581274
== End round 7 ==
H expansion: 2.91788, num cross: 425400
H conductance: 0.364735, num cross: 425400
H_single expansion: 2.81637, num cross: 410602
H_single conductance: 0.367929, num cross: 410602
Cap 1 ... flow: 144106 (13.3815 s)
Cap 2 ... flow: 145791 (5.26973 s)
Flow search took (seconds) 18.7233
SUBG cut conductance: 0.19818
SUBG cut minside volume 55616
SUBG cut maxside volume 527550
== End round 8 ==
H expansion: 3.34471, num cross: 487628
H conductance: 0.371635, num cross: 487628
H_single expansion: 3.21167, num cross: 468233
H_single conductance: 0.374562, num cross: 468233
Cap 1 ... flow: 140968 (5.62851 s)
Cap 2 ... flow: 145791 (4.96407 s)
Flow search took (seconds) 10.632
SUBG cut conductance: 0.124095
SUBG cut minside volume 196930
SUBG cut maxside volume 386236
== End round 9 ==
H expansion: 3.75046, num cross: 546783
H conductance: 0.375047, num cross: 546783
H_single expansion: 3.58748, num cross: 523022
H_single conductance: 0.377856, num cross: 523022
Cap 1 ... flow: 136668 (9.29059 s)
Cap 2 ... flow: 145791 (6.16779 s)
Flow search took (seconds) 15.5067
SUBG cut conductance: 0.112691
SUBG cut minside volume 250242
SUBG cut maxside volume 332924
== End round 10 ==
H expansion: 4.15049, num cross: 605104
H conductance: 0.377319, num cross: 605104
H_single expansion: 3.95505, num cross: 576611
H_single conductance: 0.379644, num cross: 576611
Cap 1 ... flow: 134002 (9.13931 s)
Cap 2 ... flow: 145791 (4.90484 s)
Flow search took (seconds) 14.0885
SUBG cut conductance: 0.119245
SUBG cut minside volume 295440
SUBG cut maxside volume 287726
== End round 11 ==
H expansion: 4.54942, num cross: 663265
H conductance: 0.37912, num cross: 663265
H_single expansion: 4.32136, num cross: 630015
H_single conductance: 0.381383, num cross: 630015
Cap 1 ... flow: 127826 (10.6455 s)
Cap 2 ... flow: 142498 (7.71805 s)
Cap 4 ... flow: 145791 (4.99238 s)
Flow search took (seconds) 23.4132
SUBG cut conductance: 0.034236
SUBG cut minside volume 216877
SUBG cut maxside volume 366289
== End round 12 ==
H expansion: 4.77337, num cross: 695914
H conductance: 0.367184, num cross: 695914
H_single expansion: 4.52377, num cross: 659525
H_single conductance: 0.369131, num cross: 659525
Cap 1 ... flow: 120007 (8.03021 s)
Cap 2 ... flow: 138493 (5.03482 s)
Cap 4 ... flow: 145791 (4.96218 s)
Flow search took (seconds) 18.0809
SUBG cut conductance: 0.0862513
SUBG cut minside volume 148763
SUBG cut maxside volume 434403
== End round 13 ==
H expansion: 5.26238, num cross: 767207
H conductance: 0.375885, num cross: 767207
H_single expansion: 4.97585, num cross: 725434
H_single conductance: 0.377355, num cross: 725434
Cap 1 ... flow: 119312 (10.6422 s)
Cap 2 ... flow: 135967 (7.23441 s)
Cap 4 ... flow: 145791 (3.57016 s)
Flow search took (seconds) 21.5055
SUBG cut conductance: 0.0486043
SUBG cut minside volume 276066
SUBG cut maxside volume 307100
== End round 14 ==
H expansion: 5.58725, num cross: 814571
H conductance: 0.372485, num cross: 814571
H_single expansion: 5.28061, num cross: 769865
H_single conductance: 0.373557, num cross: 769865
Cap 1 ... flow: 117796 (9.11308 s)
Cap 2 ... flow: 138090 (6.89647 s)
Cap 4 ... flow: 145791 (3.9207 s)
Flow search took (seconds) 19.9897
SUBG cut conductance: 0.0635052
SUBG cut minside volume 265994
SUBG cut maxside volume 317172
== End round 15 ==
H expansion: 6.22266, num cross: 907208
H conductance: 0.388917, num cross: 907208
H_single expansion: 5.87905, num cross: 857112
H_single conductance: 0.390025, num cross: 857112
Cap 1 ... flow: 123851 (8.83051 s)
Cap 2 ... flow: 142022 (4.69585 s)
Cap 4 ... flow: 145791 (4.15398 s)
Flow search took (seconds) 17.7278
SUBG cut conductance: 0.115026
SUBG cut minside volume 112505
SUBG cut maxside volume 470661
== End round 16 ==
H expansion: 5.46294, num cross: 796448
H conductance: 0.321352, num cross: 796448
H_single expansion: 5.1675, num cross: 753375
H_single conductance: 0.323362, num cross: 753375
Cap 1 ... flow: 96276 (12.5886 s)
Cap 2 ... flow: 116285 (2.97736 s)
Cap 4 ... flow: 131631 (1.94732 s)
Cap 8 ... flow: 145056 (4.14088 s)
Cap 16 ... flow: 145791 (4.24343 s)
Flow search took (seconds) 25.9698
SUBG cut conductance: 0.0529131
SUBG cut minside volume 59456
SUBG cut maxside volume 523710
== End round 17 ==
H expansion: 5.51088, num cross: 803436
H conductance: 0.306161, num cross: 803436
H_single expansion: 5.19895, num cross: 757960
H_single conductance: 0.306921, num cross: 757960
Cap 1 ... flow: 87007 (17.8645 s)
Cap 2 ... flow: 109194 (6.45246 s)
Cap 4 ... flow: 139040 (10.1007 s)
Cap 8 ... flow: 145791 (6.91867 s)
Flow search took (seconds) 41.4207
SUBG cut conductance: 0.0830399
SUBG cut minside volume 61344
SUBG cut maxside volume 521822
== End round 18 ==
H expansion: 5.11724, num cross: 746048
H conductance: 0.269329, num cross: 746048
H_single expansion: 4.82958, num cross: 704109
H_single conductance: 0.270729, num cross: 704109
Cap 1 ... flow: 69008 (14.1132 s)
Cap 2 ... flow: 85417 (11.7476 s)
Cap 4 ... flow: 111595 (6.43074 s)
Cap 8 ... flow: 139386 (4.31841 s)
Cap 16 ... flow: 145791 (3.72124 s)
Flow search took (seconds) 40.4038
SUBG cut conductance: 0.0501648
SUBG cut minside volume 124390
SUBG cut maxside volume 458776
== End round 19 ==
H expansion: 7.41648, num cross: 1081256
H conductance: 0.370826, num cross: 1081256
H_single expansion: 7.00778, num cross: 1021671
H_single conductance: 0.371444, num cross: 1021671
Cap 1 ... flow: 105762 (5.07257 s)
Cap 2 ... flow: 124467 (3.62081 s)
Cap 4 ... flow: 145791 (7.00125 s)
Flow search took (seconds) 15.747
SUBG cut conductance: 0.0682565
SUBG cut minside volume 224843
SUBG cut maxside volume 358323
== End round 20 ==
H expansion: 6.51499, num cross: 949827
H conductance: 0.310239, num cross: 949827
H_single expansion: 6.16434, num cross: 898705
H_single conductance: 0.311321, num cross: 898705
Cap 1 ... flow: 79089 (9.88431 s)
Cap 2 ... flow: 96801 (4.41667 s)
Cap 4 ... flow: 120570 (5.22002 s)
Cap 8 ... flow: 145791 (7.76353 s)
Flow search took (seconds) 27.3561
SUBG cut conductance: 0.034291
SUBG cut minside volume 214371
SUBG cut maxside volume 368795
== End round 21 ==
H expansion: 8.2719, num cross: 1205969
H conductance: 0.375997, num cross: 1205969
H_single expansion: 7.82166, num cross: 1140327
H_single conductance: 0.376667, num cross: 1140327
Cap 1 ... flow: 102316 (14.3828 s)
Cap 2 ... flow: 119739 (5.46562 s)
Cap 4 ... flow: 143923 (12.4432 s)
Cap 8 ... flow: 145791 (2.52431 s)
Flow search took (seconds) 34.8972
SUBG cut conductance: 0.0520302
SUBG cut minside volume 224389
SUBG cut maxside volume 358777
== End round 22 ==
H expansion: 9.43363, num cross: 1375338
H conductance: 0.410159, num cross: 1375338
H_single expansion: 8.92633, num cross: 1301378
H_single conductance: 0.41118, num cross: 1301378
Cap 1 ... flow: 115174 (11.1159 s)
Cap 2 ... flow: 133683 (6.37999 s)
Cap 4 ... flow: 143933 (3.74892 s)
Cap 8 ... flow: 145791 (3.97845 s)
Flow search took (seconds) 25.2854
SUBG cut conductance: 0.0529131
SUBG cut minside volume 59456
SUBG cut maxside volume 523710
== End round 23 ==
H expansion: 7.91535, num cross: 1153987
H conductance: 0.329808, num cross: 1153987
H_single expansion: 7.51512, num cross: 1095637
H_single conductance: 0.331611, num cross: 1095637
Cap 1 ... flow: 82605 (8.98847 s)
Cap 2 ... flow: 97185 (2.09626 s)
Cap 4 ... flow: 113430 (1.6278 s)
Cap 8 ... flow: 142622 (3.68611 s)
Cap 16 ... flow: 145791 (3.74627 s)
Flow search took (seconds) 20.2321
SUBG cut conductance: 0.0329737
SUBG cut minside volume 221328
SUBG cut maxside volume 361838
== End round 24 ==
H expansion: 9.40489, num cross: 1371148
H conductance: 0.376197, num cross: 1371148
H_single expansion: 8.91004, num cross: 1299003
H_single conductance: 0.377441, num cross: 1299003
Cap 1 ... flow: 94861 (10.5041 s)
Cap 2 ... flow: 108455 (4.63428 s)
Cap 4 ... flow: 126614 (3.66774 s)
Cap 8 ... flow: 145791 (4.56581 s)
Flow search took (seconds) 23.4373
SUBG cut conductance: 0.0339411
SUBG cut minside volume 216198
SUBG cut maxside volume 366968
== End round 25 ==
H expansion: 10.5582, num cross: 1539291
H conductance: 0.406086, num cross: 1539291
H_single expansion: 10.0075, num cross: 1459002
H_single conductance: 0.407207, num cross: 1459002
Cap 1 ... flow: 111623 (10.1251 s)
Cap 2 ... flow: 128539 (4.20097 s)
Cap 4 ... flow: 145791 (4.87286 s)
Flow search took (seconds) 19.2508
SUBG cut conductance: 0.059836
SUBG cut minside volume 236814
SUBG cut maxside volume 346352
== End round 26 ==
H expansion: 7.16788, num cross: 1045013
H conductance: 0.265479, num cross: 1045013
H_single expansion: 6.825, num cross: 995023
H_single conductance: 0.268622, num cross: 995023
Cap 1 ... flow: 61670 (17.1386 s)
Cap 2 ... flow: 74370 (6.9754 s)
Cap 4 ... flow: 97522 (3.77355 s)
Cap 8 ... flow: 140028 (7.29543 s)
Cap 16 ... flow: 145791 (1.28367 s)
Flow search took (seconds) 36.5459
SUBG cut conductance: 0.0355374
SUBG cut minside volume 278974
SUBG cut maxside volume 304192
== End round 27 ==
H expansion: 10.5622, num cross: 1539869
H conductance: 0.377221, num cross: 1539869
H_single expansion: 10.0074, num cross: 1458992
H_single conductance: 0.37775, num cross: 1458992
Cap 1 ... flow: 93165 (15.6879 s)
Cap 2 ... flow: 108521 (3.46323 s)
Cap 4 ... flow: 133241 (5.1832 s)
Cap 8 ... flow: 145791 (3.4434 s)
Flow search took (seconds) 27.8429
SUBG cut conductance: 0.0413716
SUBG cut minside volume 289353
SUBG cut maxside volume 293813
== End round 28 ==
H expansion: 11.3216, num cross: 1650592
H conductance: 0.390403, num cross: 1650592
H_single expansion: 10.7558, num cross: 1568106
H_single conductance: 0.392984, num cross: 1568106
Cap 1 ... flow: 102123 (11.0064 s)
Cap 2 ... flow: 125629 (6.28274 s)
Cap 4 ... flow: 145791 (2.8959 s)
Flow search took (seconds) 20.2449
SUBG cut conductance: 0.0919547
SUBG cut minside volume 190061
SUBG cut maxside volume 393105
== End round 29 ==
H expansion: 9.30359, num cross: 1356379
H conductance: 0.31012, num cross: 1356379
H_single expansion: 8.86757, num cross: 1292812
H_single conductance: 0.312271, num cross: 1292812
Cap 1 ... flow: 69420 (19.6158 s)
Cap 2 ... flow: 81557 (10.8361 s)
Cap 4 ... flow: 96573 (1.22006 s)
Cap 8 ... flow: 125765 (2.0255 s)
Cap 16 ... flow: 145791 (4.0463 s)
Flow search took (seconds) 37.8323
SUBG cut conductance: 0.0329737
SUBG cut minside volume 221328
SUBG cut maxside volume 361838
== End round 30 ==
H expansion: 12.6395, num cross: 1842730
H conductance: 0.407728, num cross: 1842730
H_single expansion: 12.0044, num cross: 1750136
H_single conductance: 0.408785, num cross: 1750136
Cap 1 ... flow: 104801 (14.0973 s)
Cap 2 ... flow: 118682 (4.99248 s)
Cap 4 ... flow: 138950 (5.82792 s)
Cap 8 ... flow: 145791 (4.33088 s)
Flow search took (seconds) 29.3144
SUBG cut conductance: 0.0342634
SUBG cut minside volume 214456
SUBG cut maxside volume 368710
== End round 31 ==
H expansion: 12.3761, num cross: 1804318
H conductance: 0.386754, num cross: 1804318
H_single expansion: 11.7676, num cross: 1715609
H_single conductance: 0.388383, num cross: 1715609
Cap 1 ... flow: 97834 (9.9492 s)
Cap 2 ... flow: 118288 (8.4215 s)
Cap 4 ... flow: 145791 (8.51018 s)
Flow search took (seconds) 26.9379
SUBG cut conductance: 0.0857
SUBG cut minside volume 224329
SUBG cut maxside volume 358837
== End round 32 ==
H expansion: 13.0332, num cross: 1900116
H conductance: 0.394945, num cross: 1900116
H_single expansion: 12.3962, num cross: 1807251
H_single conductance: 0.396663, num cross: 1807251
Cap 1 ... flow: 101820 (8.13383 s)
Cap 2 ... flow: 124355 (6.44653 s)
Cap 4 ... flow: 142347 (16.4024 s)
Cap 8 ... flow: 145791 (5.81885 s)
Flow search took (seconds) 36.8871
SUBG cut conductance: 0.0864229
SUBG cut minside volume 47094
SUBG cut maxside volume 536072
== End round 33 ==
H expansion: 11.7009, num cross: 1705882
H conductance: 0.344145, num cross: 1705882
H_single expansion: 11.1356, num cross: 1623474
H_single conductance: 0.347042, num cross: 1623474
Cap 1 ... flow: 80157 (17.0773 s)
Cap 2 ... flow: 91511 (3.40768 s)
Cap 4 ... flow: 112136 (3.94083 s)
Cap 8 ... flow: 140579 (9.65324 s)
Cap 16 ... flow: 145791 (1.23103 s)
Flow search took (seconds) 35.4003
SUBG cut conductance: 0.0502792
SUBG cut minside volume 68597
SUBG cut maxside volume 514569
== End round 34 ==
H expansion: 12.5553, num cross: 1830452
H conductance: 0.358724, num cross: 1830452
H_single expansion: 11.944, num cross: 1741328
H_single conductance: 0.360547, num cross: 1741328
Cap 1 ... flow: 86861 (13.9163 s)
Cap 2 ... flow: 103780 (8.64273 s)
Cap 4 ... flow: 131321 (7.02304 s)
Cap 8 ... flow: 145791 (5.70134 s)
Flow search took (seconds) 35.3524
SUBG cut conductance: 0.0495011
SUBG cut minside volume 251348
SUBG cut maxside volume 331818
== End round 35 ==
H expansion: 15.9485, num cross: 2325150
H conductance: 0.443015, num cross: 2325150
H_single expansion: 15.1512, num cross: 2208912
H_single conductance: 0.444371, num cross: 2208912
Cap 1 ... flow: 121370 (7.13227 s)
Cap 2 ... flow: 132714 (2.46091 s)
Cap 4 ... flow: 144611 (4.27013 s)
Cap 8 ... flow: 145791 (3.85194 s)
Flow search took (seconds) 17.7729
SUBG cut conductance: 0.0509016
SUBG cut minside volume 73318
SUBG cut maxside volume 509848
== End round 36 ==
H expansion: 15.7861, num cross: 2301473
H conductance: 0.426653, num cross: 2301473
H_single expansion: 14.9883, num cross: 2185163
H_single conductance: 0.428291, num cross: 2185163
Cap 1 ... flow: 118396 (9.53752 s)
Cap 2 ... flow: 136719 (11.4202 s)
Cap 4 ... flow: 145791 (5.42617 s)
Flow search took (seconds) 26.4468
SUBG cut conductance: 0.110845
SUBG cut minside volume 115973
SUBG cut maxside volume 467193
== End round 37 ==
H expansion: 15.0177, num cross: 2189450
H conductance: 0.395204, num cross: 2189450
H_single expansion: 14.2692, num cross: 2080322
H_single conductance: 0.398427, num cross: 2080322
Cap 1 ... flow: 99602 (13.2051 s)
Cap 2 ... flow: 119438 (5.31104 s)
Cap 4 ... flow: 144213 (17.1784 s)
Cap 8 ... flow: 145791 (4.93461 s)
Flow search took (seconds) 40.7082
SUBG cut conductance: 0.0660343
SUBG cut minside volume 163839
SUBG cut maxside volume 419327
== End round 38 ==
H expansion: 13.319, num cross: 1941796
H conductance: 0.341516, num cross: 1941796
H_single expansion: 12.6814, num cross: 1848840
H_single conductance: 0.34501, num cross: 1848840
Cap 1 ... flow: 79803 (18.2725 s)
Cap 2 ... flow: 95280 (5.93447 s)
Cap 4 ... flow: 115507 (2.15598 s)
Cap 8 ... flow: 144923 (6.05946 s)
Cap 16 ... flow: 145791 (3.79619 s)
Flow search took (seconds) 36.2966
SUBG cut conductance: 0.0341951
SUBG cut minside volume 215060
SUBG cut maxside volume 368106
== End round 39 ==
H expansion: 17.306, num cross: 2523066
H conductance: 0.432653, num cross: 2523066
H_single expansion: 16.39, num cross: 2389510
H_single conductance: 0.434365, num cross: 2389510
Cap 1 ... flow: 112414 (12.204 s)
Cap 2 ... flow: 131079 (4.52924 s)
Cap 4 ... flow: 145791 (3.89293 s)
Flow search took (seconds) 20.6769
SUBG cut conductance: 0.0620609
SUBG cut minside volume 239265
SUBG cut maxside volume 343901
== End round 40 ==
H expansion: 15.0466, num cross: 2193664
H conductance: 0.366992, num cross: 2193664
H_single expansion: 14.2964, num cross: 2084289
H_single conductance: 0.370996, num cross: 2084289
Cap 1 ... flow: 87525 (14.1207 s)
Cap 2 ... flow: 103678 (5.69815 s)
Cap 4 ... flow: 129526 (4.81825 s)
Cap 8 ... flow: 145791 (4.43175 s)
Flow search took (seconds) 29.1361
SUBG cut conductance: 0.0416281
SUBG cut minside volume 281661
SUBG cut maxside volume 301505
== End round 41 ==
H expansion: 14.4527, num cross: 2107078
H conductance: 0.344115, num cross: 2107078
H_single expansion: 13.7137, num cross: 1999328
H_single conductance: 0.347885, num cross: 1999328
Cap 1 ... flow: 79421 (17.2192 s)
Cap 2 ... flow: 90707 (6.18203 s)
Cap 4 ... flow: 111295 (3.71397 s)
Cap 8 ... flow: 143766 (7.1486 s)
Cap 16 ... flow: 145791 (1.46535 s)
Flow search took (seconds) 35.8238
SUBG cut conductance: 0.0502792
SUBG cut minside volume 68597
SUBG cut maxside volume 514569
== End round 42 ==
H expansion: 15.3127, num cross: 2232459
H conductance: 0.356111, num cross: 2232459
H_single expansion: 14.5303, num cross: 2118388
H_single conductance: 0.359496, num cross: 2118388
Cap 1 ... flow: 82604 (16.2576 s)
Cap 2 ... flow: 100840 (8.58602 s)
Cap 4 ... flow: 127657 (6.77944 s)
Cap 8 ... flow: 145791 (4.98334 s)
Flow search took (seconds) 36.6697
SUBG cut conductance: 0.0343605
SUBG cut minside volume 213879
SUBG cut maxside volume 369287
== End round 43 ==
H expansion: 17.8984, num cross: 2609423
H conductance: 0.406781, num cross: 2609423
H_single expansion: 16.9531, num cross: 2471606
H_single conductance: 0.409012, num cross: 2471606
Cap 1 ... flow: 100893 (9.26441 s)
Cap 2 ... flow: 115858 (5.57902 s)
Cap 4 ... flow: 132065 (4.14206 s)
Cap 8 ... flow: 145791 (4.36152 s)
Flow search took (seconds) 23.4074
SUBG cut conductance: 0.0501648
SUBG cut minside volume 124390
SUBG cut maxside volume 458776
== End round 44 ==
H expansion: 19.8771, num cross: 2897902
H conductance: 0.441715, num cross: 2897902
H_single expansion: 18.8057, num cross: 2741702
H_single conductance: 0.443772, num cross: 2741702
Cap 1 ... flow: 115736 (10.6401 s)
Cap 2 ... flow: 132749 (5.62126 s)
Cap 4 ... flow: 145791 (5.38591 s)
Flow search took (seconds) 21.7051
SUBG cut conductance: 0.0682147
SUBG cut minside volume 235052
SUBG cut maxside volume 348114
== End round 45 ==
H expansion: 16.7324, num cross: 2439428
H conductance: 0.363748, num cross: 2439428
H_single expansion: 15.8995, num cross: 2318011
H_single conductance: 0.366904, num cross: 2318011
Cap 1 ... flow: 79648 (10.5228 s)
Cap 2 ... flow: 93491 (6.79308 s)
Cap 4 ... flow: 110160 (3.01529 s)
Cap 8 ... flow: 139383 (6.29842 s)
Cap 16 ... flow: 145791 (4.38985 s)
Flow search took (seconds) 31.1123
SUBG cut conductance: 0.0329737
SUBG cut minside volume 221328
SUBG cut maxside volume 361838
== End round 46 ==
H expansion: 18.6573, num cross: 2720067
H conductance: 0.396965, num cross: 2720067
H_single expansion: 17.6665, num cross: 2575619
H_single conductance: 0.39972, num cross: 2575619
Cap 1 ... flow: 98483 (13.8045 s)
Cap 2 ... flow: 121515 (4.84756 s)
Cap 4 ... flow: 145700 (7.60841 s)
Cap 8 ... flow: 145791 (4.27901 s)
Flow search took (seconds) 30.62
SUBG cut conductance: 0.0585291
SUBG cut minside volume 51154
SUBG cut maxside volume 532012
== End round 47 ==
H expansion: 19.7774, num cross: 2883369
H conductance: 0.412031, num cross: 2883369
H_single expansion: 18.7107, num cross: 2727845
H_single conductance: 0.414609, num cross: 2727845
Cap 1 ... flow: 102725 (12.1443 s)
Cap 2 ... flow: 121032 (6.20451 s)
Cap 4 ... flow: 145027 (14.1691 s)
Cap 8 ... flow: 145791 (1.65123 s)
Flow search took (seconds) 34.252
SUBG cut conductance: 0.0529497
SUBG cut minside volume 65194
SUBG cut maxside volume 517972
== End round 48 ==
H expansion: 20.6477, num cross: 3010243
H conductance: 0.421382, num cross: 3010243
H_single expansion: 19.52, num cross: 2845843
H_single conductance: 0.42354, num cross: 2845843
Cap 1 ... flow: 106113 (14.4089 s)
Cap 2 ... flow: 120033 (8.56486 s)
Cap 4 ... flow: 138962 (5.94928 s)
Cap 8 ... flow: 145791 (4.00155 s)
Flow search took (seconds) 32.9864
SUBG cut conductance: 0.0502792
SUBG cut minside volume 68597
SUBG cut maxside volume 514569
== End round 49 ==
H expansion: 22.0844, num cross: 3219702
H conductance: 0.441688, num cross: 3219702
H_single expansion: 20.8897, num cross: 3045530
H_single conductance: 0.44443, num cross: 3045530
Cap 1 ... flow: 113335 (6.83345 s)
Cap 2 ... flow: 125125 (5.04424 s)
Cap 4 ... flow: 139908 (7.84591 s)
Cap 8 ... flow: 145791 (4.78799 s)
Flow search took (seconds) 24.5868
SUBG cut conductance: 0.0349017
SUBG cut minside volume 211680
SUBG cut maxside volume 371486
== End round 50 ==
H expansion: 20.0181, num cross: 2918465
H conductance: 0.392515, num cross: 2918465
H_single expansion: 18.9466, num cross: 2762249
H_single conductance: 0.395519, num cross: 2762249
Cap 1 ... flow: 91196 (11.0521 s)
We ran out of time, wrapping up!
R0 cond 999
R1 cond 999
R2 cond 999
R3 cond 999
R4 cond 999
R5 cond 999
R6 cond 999
R7 cond 0.412262
R8 cond 0.19818
R9 cond 0.124095
R10 cond 0.112691
R11 cond 0.119245
R12 cond 0.034236
R13 cond 0.0862513
R14 cond 0.0486043
R15 cond 0.0635052
R16 cond 0.115026
R17 cond 0.0529131
R18 cond 0.0830399
R19 cond 0.0501648
R20 cond 0.0682565
R21 cond 0.034291
R22 cond 0.0520302
R23 cond 0.0529131
R24 cond 0.0329737
R25 cond 0.0339411
R26 cond 0.059836
R27 cond 0.0355374
R28 cond 0.0413716
R29 cond 0.0919547
R30 cond 0.0329737
R31 cond 0.0342634
R32 cond 0.0857
R33 cond 0.0864229
R34 cond 0.0502792
R35 cond 0.0495011
R36 cond 0.0509016
R37 cond 0.110845
R38 cond 0.0660343
R39 cond 0.0341951
R40 cond 0.0620609
R41 cond 0.0416281
R42 cond 0.0502792
R43 cond 0.0343605
R44 cond 0.0501648
R45 cond 0.0682147
R46 cond 0.0329737
R47 cond 0.0585291
R48 cond 0.0529497
R49 cond 0.0502792
R50 cond 0.0349017
The best with best expansion was found on round24
final_Edge crossings (E) : 7298
final_cut size: ( 3348 | 5390 )
diff: 2042 (factor 0.233692 of total n vertices)
final_cut volumes: ( 221328 | 361838 )
final_expansion: 2.17981
final_conductance: 0.0329737
CASE4 Time ran out, we were not able to finish the algorithm.

The given partition achieved the following:
Edge crossings (E) : 9914
cut size: ( 4554 | 4184 )
diff: 370 (factor 0.0423438 of total n vertices)
cut volumes: ( 304192 | 278974 )
expansion: 2.3695
conductance: 0.0355374
