time -o run_output/bcsstk33-h-0.1-g-0.012141293135250713-t-30m.out.time timeout 30m cmake-build-debug/a.out -f graphs/bcsstk33.graph -p partitions/5/bcsstk33.2.ptn --ignore-multi -r 1 -s --H_phi=0.1 --G_phi=0.012141293135250713 --vol 0.1 -o run_output/bcsstk33-h-0.1-g-0.012141293135250713-t-30m.ptn >> run_output/bcsstk33-h-0.1-g-0.012141293135250713-t-30m.outReading graph from graphs/bcsstk33.graph
Reading a graph with V 8738E 291583
291583
8738
H expansion: 0, num cross: 0
H conductance: -nan, num cross: 0
H_single expansion: 0, num cross: 0
H_single conductance: -nan, num cross: 0
Cap 1 ... flow: 145791 (6.86822 s)
Flow search took (seconds) 6.88927
SUBG cut conductance: 999
SUBG cut minside volume 0
SUBG cut maxside volume 583166
== End round 0 ==
R0 cond 999
The best with best expansion was found on round0
final_Edge crossings (E) : 0
final_cut size: ( 0 | 8738 )
diff: 8738 (factor 1 of total n vertices)
final_cut volumes: ( 0 | 583166 )
final_expansion: 0
final_conductance: 999
CASE2 Goodenough balanced cut

The given partition achieved the following:
Edge crossings (E) : 9914
cut size: ( 4554 | 4184 )
diff: 370 (factor 0.0423438 of total n vertices)
cut volumes: ( 304192 | 278974 )
expansion: 2.3695
conductance: 0.0355374
