time -o run_output/brack2-h-0.1-g-0.008197233938533057-t-30m.out.time timeout 30m cmake-build-debug/a.out -f graphs/brack2.graph -p partitions/5/brack2.2.ptn --ignore-multi -r 1 -s --H_phi=0.1 --G_phi=0.008197233938533057 --vol 0.1 -o run_output/brack2-h-0.1-g-0.008197233938533057-t-30m.ptn >> run_output/brack2-h-0.1-g-0.008197233938533057-t-30m.outReading graph from graphs/brack2.graph
Reading a graph with V 62631E 366559
366559
62631
H expansion: 0, num cross: 0
H conductance: -nan, num cross: 0
H_single expansion: 0, num cross: 0
H_single conductance: -nan, num cross: 0
Cap 1 ... flow: 183183 (19.7155 s)
Cap 2 ... flow: 183279 (5.9107 s)
Flow search took (seconds) 25.7339
SUBG cut conductance: 0.0164756
SUBG cut minside volume 237745
SUBG cut maxside volume 495373
== End round 0 ==
R0 cond 0.0164756
The best with best expansion was found on round0
final_Edge crossings (E) : 3917
final_cut size: ( 41963 | 20668 )
diff: 21295 (factor 0.340007 of total n vertices)
final_cut volumes: ( 495373 | 237745 )
final_expansion: 0.18952
final_conductance: 0.0164756
CASE2 Goodenough balanced cut

The given partition achieved the following:
Edge crossings (E) : 660
cut size: ( 32600 | 30031 )
diff: 2569 (factor 0.041018 of total n vertices)
cut volumes: ( 379656 | 353462 )
expansion: 0.0219773
conductance: 0.00186724
