time -o run_output/fe_sphere-h-0.1-g-0.01061896235127264-t-30m.out.time timeout 30m cmake-build-debug/a.out -f graphs/fe_sphere.graph -p partitions/5/fe_sphere.2.ptn --ignore-multi -r 1 -s --H_phi=0.1 --G_phi=0.01061896235127264 --vol 0.1 -o run_output/fe_sphere-h-0.1-g-0.01061896235127264-t-30m.ptn >> run_output/fe_sphere-h-0.1-g-0.01061896235127264-t-30m.outReading graph from graphs/fe_sphere.graph
Reading a graph with V 16386E 49152
49152
16386
H expansion: 0, num cross: 0
H conductance: -nan, num cross: 0
H_single expansion: 0, num cross: 0
H_single conductance: -nan, num cross: 0
Cap 1 ... flow: 23197 (1.02633 s)
Cap 2 ... flow: 24576 (0.855356 s)
Flow search took (seconds) 1.88898
SUBG cut conductance: 0.142234
SUBG cut minside volume 42620
SUBG cut maxside volume 55684
== End round 0 ==
R0 cond 0.142234
The best with best expansion was found on round0
final_Edge crossings (E) : 6062
final_cut size: ( 7104 | 9282 )
diff: 2178 (factor 0.132918 of total n vertices)
final_cut volumes: ( 42620 | 55684 )
final_expansion: 0.853322
final_conductance: 0.142234
CASE2 Goodenough balanced cut

The given partition achieved the following:
Edge crossings (E) : 384
cut size: ( 8097 | 8289 )
diff: 192 (factor 0.0117173 of total n vertices)
cut volumes: ( 48576 | 49728 )
expansion: 0.047425
conductance: 0.00790514
