time -o run_output/fe_tooth-h-0.1-g-0.007878519430738666-t-30m.out.time timeout 30m cmake-build-debug/a.out -f graphs/fe_tooth.graph -p partitions/5/fe_tooth.2.ptn --ignore-multi -r 1 -s --H_phi=0.1 --G_phi=0.007878519430738666 --vol 0.1 -o run_output/fe_tooth-h-0.1-g-0.007878519430738666-t-30m.ptn >> run_output/fe_tooth-h-0.1-g-0.007878519430738666-t-30m.outReading graph from graphs/fe_tooth.graph
Reading a graph with V 78136E 452591
452591
78136
H expansion: 0, num cross: 0
H conductance: -nan, num cross: 0
H_single expansion: 0, num cross: 0
H_single conductance: -nan, num cross: 0
Cap 1 ... flow: 226240 (9.06718 s)
Cap 2 ... flow: 226295 (6.88155 s)
Flow search took (seconds) 15.9938
SUBG cut conductance: 0.122725
SUBG cut minside volume 11921
SUBG cut maxside volume 893261
== End round 0 ==
R0 cond 0.122725
The best with best expansion was found on round0
final_Edge crossings (E) : 1463
final_cut size: ( 1099 | 77037 )
diff: 75938 (factor 0.97187 of total n vertices)
final_cut volumes: ( 11921 | 893261 )
final_expansion: 1.33121
final_conductance: 0.122725
CASE2 Goodenough balanced cut

The given partition achieved the following:
Edge crossings (E) : 3773
cut size: ( 40567 | 37569 )
diff: 2998 (factor 0.038369 of total n vertices)
cut volumes: ( 469841 | 435341 )
expansion: 0.100429
conductance: 0.00866677
