time -o run_output/fe_tooth-h-1-g-0.0-t-10.out.time cmake-build-debug/a.out -f graphs/fe_tooth.graph -p partitions/5/fe_tooth.2.ptn --ignore-multi --timeout_m=10 -r 0 -s --H_phi=1 --G_phi=0.0 --vol 0.1 -o run_output/fe_tooth-h-1-g-0.0-t-10.ptn >> run_output/fe_tooth-h-1-g-0.0-t-10.outReading graph from graphs/fe_tooth.graph
Reading a graph with V 78136E 452591
452591
78136
H expansion: 0, num cross: 0
H conductance: -nan, num cross: 0
H_single expansion: 0, num cross: 0
H_single conductance: -nan, num cross: 0
Cap 1 ... flow: 226240 (12.6485 s)
Cap 2 ... flow: 226295 (9.41348 s)
Flow search took (seconds) 22.1192
SUBG cut conductance: 0.122725
SUBG cut minside volume 11921
SUBG cut maxside volume 893261
== End round 0 ==
H expansion: 0.24879, num cross: 56300
H conductance: 0.248791, num cross: 56300
H_single expansion: 0.24879, num cross: 56300
H_single conductance: 0.248791, num cross: 56300
Cap 1 ... flow: 225769 (28.8362 s)
Cap 2 ... flow: 226295 (9.83826 s)
Flow search took (seconds) 38.8302
SUBG cut conductance: 0.099987
SUBG cut minside volume 146669
SUBG cut maxside volume 758513
== End round 1 ==
H expansion: 0.542818, num cross: 122837
H conductance: 0.27141, num cross: 122837
H_single expansion: 0.53641, num cross: 121387
H_single conductance: 0.271702, num cross: 121387
Cap 1 ... flow: 223242 (43.0175 s)
Cap 2 ... flow: 226295 (13.3585 s)
Flow search took (seconds) 56.5059
SUBG cut conductance: 0.0957274
SUBG cut minside volume 349952
SUBG cut maxside volume 555230
== End round 2 ==
H expansion: 0.869816, num cross: 196835
H conductance: 0.28994, num cross: 196835
H_single expansion: 0.855326, num cross: 193556
H_single conductance: 0.292715, num cross: 193556
Cap 1 ... flow: 218457 (53.0166 s)
Cap 2 ... flow: 226295 (11.0917 s)
Flow search took (seconds) 64.2127
SUBG cut conductance: 0.124248
SUBG cut minside volume 416474
SUBG cut maxside volume 488708
== End round 3 ==
H expansion: 1.22779, num cross: 277843
H conductance: 0.306948, num cross: 277843
H_single expansion: 1.19802, num cross: 271105
H_single conductance: 0.311612, num cross: 271105
Cap 1 ... flow: 212211 (52.7329 s)
Cap 2 ... flow: 226295 (25.2895 s)
Flow search took (seconds) 78.1338
SUBG cut conductance: 0.137982
SUBG cut minside volume 450550
SUBG cut maxside volume 454632
== End round 4 ==
H expansion: 1.5941, num cross: 360737
H conductance: 0.318821, num cross: 360737
H_single expansion: 1.53882, num cross: 348228
H_single conductance: 0.323841, num cross: 348228
Cap 1 ... flow: 204467 (57.5522 s)
Cap 2 ... flow: 225755 (36.8189 s)
Cap 4 ... flow: 226295 (15.3496 s)
Flow search took (seconds) 109.814
SUBG cut conductance: 0.0393476
SUBG cut minside volume 91848
SUBG cut maxside volume 813334
== End round 5 ==
H expansion: 1.96214, num cross: 444022
H conductance: 0.327023, num cross: 444022
H_single expansion: 1.8761, num cross: 424553
H_single conductance: 0.332315, num cross: 424553
Cap 1 ... flow: 197368 (61.2576 s)
Cap 2 ... flow: 224816 (21.5555 s)
Cap 4 ... flow: 226295 (14.4398 s)
Flow search took (seconds) 97.3629
SUBG cut conductance: 0.0394658
SUBG cut minside volume 168627
SUBG cut maxside volume 736555
== End round 6 ==
H expansion: 2.33233, num cross: 527795
H conductance: 0.333191, num cross: 527795
H_single expansion: 2.20946, num cross: 499989
H_single conductance: 0.338536, num cross: 499989
Cap 1 ... flow: 189279 (58.5441 s)
Cap 2 ... flow: 220482 (38.6959 s)
Cap 4 ... flow: 226295 (18.8203 s)
Flow search took (seconds) 116.173
SUBG cut conductance: 0.0290547
SUBG cut minside volume 382967
SUBG cut maxside volume 522215
== End round 7 ==
H expansion: 2.67183, num cross: 604621
H conductance: 0.333979, num cross: 604621
H_single expansion: 2.50938, num cross: 567860
H_single conductance: 0.338783, num cross: 567860
Cap 1 ... flow: 179538 (59.5346 s)
We ran out of time, wrapping up!
R0 cond 0.122725
R1 cond 0.099987
R2 cond 0.0957274
R3 cond 0.124248
R4 cond 0.137982
R5 cond 0.0393476
R6 cond 0.0394658
R7 cond 0.0290547
The best with best expansion was found on round7
final_Edge crossings (E) : 11127
final_cut size: ( 32808 | 45328 )
diff: 12520 (factor 0.160233 of total n vertices)
final_cut volumes: ( 382967 | 522215 )
final_expansion: 0.339155
final_conductance: 0.0290547
CASE4 Time ran out, we were not able to finish the algorithm.

The given partition achieved the following:
Edge crossings (E) : 3773
cut size: ( 40567 | 37569 )
diff: 2998 (factor 0.038369 of total n vertices)
cut volumes: ( 469841 | 435341 )
expansion: 0.100429
conductance: 0.00866677
