time -o run_output/finan512-h-0.1-g-0.007940809781551376-t-30m.out.time timeout 30m cmake-build-debug/a.out -f graphs/finan512.graph -p partitions/5/finan512.2.ptn --ignore-multi -r 1 -s --H_phi=0.1 --G_phi=0.007940809781551376 --vol 0.1 -o run_output/finan512-h-0.1-g-0.007940809781551376-t-30m.ptn >> run_output/finan512-h-0.1-g-0.007940809781551376-t-30m.outReading graph from graphs/finan512.graph
Reading a graph with V 74752E 261120
261120
74752
H expansion: 0, num cross: 0
H conductance: -nan, num cross: 0
H_single expansion: 0, num cross: 0
H_single conductance: -nan, num cross: 0
Cap 1 ... flow: 127830 (12.2208 s)
Cap 2 ... flow: 130256 (18.0968 s)
Cap 4 ... flow: 130560 (32.2383 s)
Flow search took (seconds) 62.6855
SUBG cut conductance: 0.00189271
SUBG cut minside volume 98272
SUBG cut maxside volume 423968
== End round 0 ==
R0 cond 0.00189271
The best with best expansion was found on round0
final_Edge crossings (E) : 186
final_cut size: ( 60668 | 14084 )
diff: 46584 (factor 0.623181 of total n vertices)
final_cut volumes: ( 423968 | 98272 )
final_expansion: 0.0132065
final_conductance: 0.00189271
CASE2 Goodenough balanced cut

The given partition achieved the following:
Edge crossings (E) : 162
cut size: ( 37376 | 37376 )
diff: 0 (factor 0 of total n vertices)
cut volumes: ( 261120 | 261120 )
expansion: 0.00433433
conductance: 0.000620404
