time -o run_output/finan512-h-1-g-0.0-t-60.out.time cmake-build-debug/a.out -f graphs/finan512.graph -p partitions/5/finan512.2.ptn --ignore-multi --timeout_m=60 -r 0 -s --H_phi=1 --G_phi=0.0 --vol 0.1 -o run_output/finan512-h-1-g-0.0-t-60.ptn >> run_output/finan512-h-1-g-0.0-t-60.outReading graph from graphs/finan512.graph
Reading a graph with V 74752E 261120
261120
74752
H expansion: 0, num cross: 0
H conductance: -nan, num cross: 0
H_single expansion: 0, num cross: 0
H_single conductance: -nan, num cross: 0
Cap 1 ... flow: 127830 (8.5944 s)
Cap 2 ... flow: 130256 (10.8472 s)
Cap 4 ... flow: 130560 (20.078 s)
Flow search took (seconds) 39.6087
SUBG cut conductance: 0.00189271
SUBG cut minside volume 98272
SUBG cut maxside volume 423968
== End round 0 ==
H expansion: 0.25072, num cross: 32734
H conductance: 0.25072, num cross: 32734
H_single expansion: 0.25072, num cross: 32734
H_single conductance: 0.25072, num cross: 32734
Cap 1 ... flow: 125710 (11.5541 s)
Cap 2 ... flow: 130078 (7.4668 s)
Cap 4 ... flow: 130428 (11.0152 s)
Cap 8 ... flow: 130560 (6.39394 s)
Flow search took (seconds) 36.502
SUBG cut conductance: 0.000709207
SUBG cut minside volume 228424
SUBG cut maxside volume 293816
== End round 1 ==
H expansion: 0.545328, num cross: 71198
H conductance: 0.272664, num cross: 71198
H_single expansion: 0.539017, num cross: 70374
H_single conductance: 0.273, num cross: 70374
Cap 1 ... flow: 122867 (13.3492 s)
Cap 2 ... flow: 130005 (6.34765 s)
Cap 4 ... flow: 130550 (9.84484 s)
Cap 8 ... flow: 130560 (3.38651 s)
Flow search took (seconds) 33.0117
SUBG cut conductance: 0.000902286
SUBG cut minside volume 179544
SUBG cut maxside volume 342696
== End round 2 ==
H expansion: 0.874556, num cross: 114182
H conductance: 0.291519, num cross: 114182
H_single expansion: 0.861612, num cross: 112492
H_single conductance: 0.294238, num cross: 112492
Cap 1 ... flow: 119974 (15.1956 s)
Cap 2 ... flow: 129494 (6.70098 s)
Cap 4 ... flow: 130364 (12.2479 s)
Cap 8 ... flow: 130560 (8.1047 s)
Flow search took (seconds) 42.3337
SUBG cut conductance: 0.00110279
SUBG cut minside volume 146900
SUBG cut maxside volume 375340
== End round 3 ==
H expansion: 1.22848, num cross: 160390
H conductance: 0.307119, num cross: 160390
H_single expansion: 1.20098, num cross: 156800
H_single conductance: 0.311778, num cross: 156800
Cap 1 ... flow: 115509 (18.7699 s)
Cap 2 ... flow: 128261 (9.26329 s)
Cap 4 ... flow: 129726 (8.93961 s)
Cap 8 ... flow: 130507 (16.0844 s)
Cap 16 ... flow: 130560 (5.27816 s)
Flow search took (seconds) 58.4102
SUBG cut conductance: 0.000827426
SUBG cut minside volume 195788
SUBG cut maxside volume 326452
== End round 4 ==
H expansion: 1.60994, num cross: 210194
H conductance: 0.321988, num cross: 210194
H_single expansion: 1.55966, num cross: 203629
H_single conductance: 0.326953, num cross: 203629
Cap 1 ... flow: 111536 (19.5141 s)
Cap 2 ... flow: 125581 (14.467 s)
Cap 4 ... flow: 128858 (13.7941 s)
Cap 8 ... flow: 129636 (21.6099 s)
Cap 16 ... flow: 130560 (20.1805 s)
Flow search took (seconds) 89.653
SUBG cut conductance: 0.000826944
SUBG cut minside volume 195902
SUBG cut maxside volume 326338
== End round 5 ==
H expansion: 1.97011, num cross: 257218
H conductance: 0.328352, num cross: 257218
H_single expansion: 1.89307, num cross: 247159
H_single conductance: 0.334656, num cross: 247159
Cap 1 ... flow: 107306 (21.0444 s)
Cap 2 ... flow: 122315 (12.7874 s)
Cap 4 ... flow: 126015 (11.0862 s)
Cap 8 ... flow: 127374 (16.1181 s)
Cap 16 ... flow: 128670 (15.7437 s)
Cap 32 ... flow: 130560 (14.9602 s)
Flow search took (seconds) 91.844
SUBG cut conductance: 0.000709003
SUBG cut minside volume 228490
SUBG cut maxside volume 293750
== End round 6 ==
H expansion: 2.35672, num cross: 307694
H conductance: 0.336675, num cross: 307694
H_single expansion: 2.24236, num cross: 292763
H_single conductance: 0.342702, num cross: 292763
Cap 1 ... flow: 104104 (19.2006 s)
Cap 2 ... flow: 118558 (10.8635 s)
Cap 4 ... flow: 123080 (8.4978 s)
Cap 8 ... flow: 124510 (6.98815 s)
Cap 16 ... flow: 125806 (8.42099 s)
Cap 32 ... flow: 128398 (12.4347 s)
Cap 64 ... flow: 130560 (7.28661 s)
Flow search took (seconds) 73.7949
SUBG cut conductance: 0.000763618
SUBG cut minside volume 212148
SUBG cut maxside volume 310092
== End round 7 ==
H expansion: 2.84392, num cross: 371302
H conductance: 0.35549, num cross: 371302
H_single expansion: 2.68692, num cross: 350804
H_single conductance: 0.36038, num cross: 350804
Cap 1 ... flow: 106036 (22.5772 s)
Cap 2 ... flow: 118688 (13.1706 s)
Cap 4 ... flow: 123523 (9.30513 s)
Cap 8 ... flow: 125196 (7.2183 s)
Cap 16 ... flow: 126492 (8.12005 s)
Cap 32 ... flow: 129084 (12.2447 s)
Cap 64 ... flow: 130560 (6.69764 s)
Flow search took (seconds) 79.4371
SUBG cut conductance: 0.000827333
SUBG cut minside volume 195810
SUBG cut maxside volume 326430
== End round 8 ==
H expansion: 3.30164, num cross: 431062
H conductance: 0.366849, num cross: 431062
H_single expansion: 3.10472, num cross: 405352
H_single conductance: 0.371271, num cross: 405352
Cap 1 ... flow: 104599 (18.1735 s)
Cap 2 ... flow: 114848 (16.384 s)
Cap 4 ... flow: 120266 (13.8716 s)
Cap 8 ... flow: 122773 (9.68472 s)
Cap 16 ... flow: 125365 (10.462 s)
Cap 32 ... flow: 128080 (15.7247 s)
Cap 64 ... flow: 130560 (10.7273 s)
Flow search took (seconds) 95.1335
SUBG cut conductance: 0.000993061
SUBG cut minside volume 163132
SUBG cut maxside volume 359108
== End round 9 ==
H expansion: 3.69684, num cross: 482660
H conductance: 0.369684, num cross: 482660
H_single expansion: 3.46982, num cross: 453020
H_single conductance: 0.375514, num cross: 453020
Cap 1 ... flow: 103470 (21.8729 s)
Cap 2 ... flow: 113679 (14.0635 s)
Cap 4 ... flow: 119652 (12.1415 s)
Cap 8 ... flow: 122588 (12.1603 s)
Cap 16 ... flow: 126204 (17.6661 s)
Cap 32 ... flow: 129564 (22.2986 s)
Cap 64 ... flow: 130560 (9.95915 s)
Flow search took (seconds) 110.28
SUBG cut conductance: 0.00165296
SUBG cut minside volume 98006
SUBG cut maxside volume 424234
== End round 10 ==
H expansion: 4.17171, num cross: 544658
H conductance: 0.379246, num cross: 544658
H_single expansion: 3.89691, num cross: 508780
H_single conductance: 0.384725, num cross: 508780
Cap 1 ... flow: 102570 (19.14 s)
Cap 2 ... flow: 111444 (14.7602 s)
Cap 4 ... flow: 116535 (13.315 s)
Cap 8 ... flow: 119742 (11.2465 s)
Cap 16 ... flow: 124147 (9.43829 s)
Cap 32 ... flow: 126853 (10.3014 s)
Cap 64 ... flow: 130560 (15.8283 s)
Flow search took (seconds) 94.1312
SUBG cut conductance: 0.000827426
SUBG cut minside volume 195788
SUBG cut maxside volume 326452
== End round 11 ==
H expansion: 4.45685, num cross: 581886
H conductance: 0.371404, num cross: 581886
H_single expansion: 4.15324, num cross: 542247
H_single conductance: 0.377738, num cross: 542247
Cap 1 ... flow: 96000 (25.2261 s)
Cap 2 ... flow: 104509 (16.2299 s)
Cap 4 ... flow: 108748 (8.71146 s)
Cap 8 ... flow: 111119 (5.91608 s)
Cap 16 ... flow: 113711 (8.04651 s)
Cap 32 ... flow: 117489 (8.38012 s)
Cap 64 ... flow: 122673 (11.1562 s)
Cap 128 ... flow: 130560 (14.7543 s)
Flow search took (seconds) 98.5233
SUBG cut conductance: 0.000827476
SUBG cut minside volume 195776
SUBG cut maxside volume 326464
== End round 12 ==
H expansion: 5.01892, num cross: 655270
H conductance: 0.386071, num cross: 655270
H_single expansion: 4.65369, num cross: 607586
H_single conductance: 0.392236, num cross: 607586
Cap 1 ... flow: 100024 (19.9759 s)
Cap 2 ... flow: 109006 (16.4574 s)
Cap 4 ... flow: 114004 (12.3836 s)
Cap 8 ... flow: 117243 (13.1296 s)
Cap 16 ... flow: 121177 (18.0591 s)
Cap 32 ... flow: 126887 (23.7589 s)
Cap 64 ... flow: 130560 (12.8041 s)
Flow search took (seconds) 116.676
SUBG cut conductance: 0.00152639
SUBG cut minside volume 212266
SUBG cut maxside volume 309974
== End round 13 ==
H expansion: 5.35388, num cross: 699002
H conductance: 0.38242, num cross: 699002
H_single expansion: 4.94985, num cross: 646253
H_single conductance: 0.389005, num cross: 646253
Cap 1 ... flow: 95723 (27.4751 s)
Cap 2 ... flow: 103973 (17.6034 s)
Cap 4 ... flow: 109328 (15.7912 s)
Cap 8 ... flow: 112315 (19.5222 s)
Cap 16 ... flow: 115733 (16.882 s)
Cap 32 ... flow: 119062 (18.345 s)
Cap 64 ... flow: 124246 (20.4923 s)
Cap 128 ... flow: 130560 (14.205 s)
Flow search took (seconds) 150.444
SUBG cut conductance: 0.000826843
SUBG cut minside volume 195926
SUBG cut maxside volume 326314
== End round 14 ==
H expansion: 5.61443, num cross: 733020
H conductance: 0.374295, num cross: 733020
H_single expansion: 5.17269, num cross: 675347
H_single conductance: 0.380477, num cross: 675347
Cap 1 ... flow: 90043 (27.0474 s)
Cap 2 ... flow: 96072 (18.1108 s)
Cap 4 ... flow: 100165 (11.8706 s)
Cap 8 ... flow: 103145 (9.53362 s)
Cap 16 ... flow: 107900 (7.08093 s)
Cap 32 ... flow: 111594 (6.31918 s)
Cap 64 ... flow: 116778 (8.03374 s)
Cap 128 ... flow: 127146 (14.9378 s)
Cap 256 ... flow: 130560 (6.5235 s)
Flow search took (seconds) 109.577
SUBG cut conductance: 0.000827434
SUBG cut minside volume 195786
SUBG cut maxside volume 326454
== End round 15 ==
H expansion: 5.9903, num cross: 782094
H conductance: 0.374394, num cross: 782094
H_single expansion: 5.48948, num cross: 716707
H_single conductance: 0.378646, num cross: 716707
Cap 1 ... flow: 85701 (27.5186 s)
Cap 2 ... flow: 89386 (16.4104 s)
Cap 4 ... flow: 91542 (10.7783 s)
Cap 8 ... flow: 93459 (7.24727 s)
Cap 16 ... flow: 96051 (6.20961 s)
Cap 32 ... flow: 100730 (10.4748 s)
Cap 64 ... flow: 105914 (7.88188 s)
Cap 128 ... flow: 116282 (12.9222 s)
Cap 256 ... flow: 130560 (13.8873 s)
Flow search took (seconds) 113.464
SUBG cut conductance: 0.000620528
SUBG cut minside volume 261068
SUBG cut maxside volume 261172
== End round 16 ==
H expansion: 6.70648, num cross: 875598
H conductance: 0.394499, num cross: 875598
H_single expansion: 6.15155, num cross: 803146
H_single conductance: 0.39979, num cross: 803146
Cap 1 ... flow: 94168 (24.9828 s)
Cap 2 ... flow: 99338 (15.4683 s)
Cap 4 ... flow: 102444 (9.98337 s)
Cap 8 ... flow: 104230 (5.83441 s)
Cap 16 ... flow: 106822 (6.08665 s)
Cap 32 ... flow: 112006 (8.17548 s)
Cap 64 ... flow: 120330 (8.05109 s)
Cap 128 ... flow: 130560 (15.3371 s)
Flow search took (seconds) 94.0255
SUBG cut conductance: 0.00110302
SUBG cut minside volume 146870
SUBG cut maxside volume 375370
== End round 17 ==
H expansion: 6.66403, num cross: 870056
H conductance: 0.370224, num cross: 870056
H_single expansion: 6.10485, num cross: 797049
H_single conductance: 0.376002, num cross: 797049
Cap 1 ... flow: 83489 (22.5999 s)
Cap 2 ... flow: 87363 (14.9884 s)
Cap 4 ... flow: 89900 (8.7629 s)
Cap 8 ... flow: 93131 (5.71859 s)
Cap 16 ... flow: 96617 (7.22065 s)
Cap 32 ... flow: 99209 (9.17489 s)
Cap 64 ... flow: 104393 (9.92418 s)
Cap 128 ... flow: 114761 (25.4513 s)
Cap 256 ... flow: 130560 (20.5383 s)
Flow search took (seconds) 124.511
SUBG cut conductance: 0.000708872
SUBG cut minside volume 228532
SUBG cut maxside volume 293708
== End round 18 ==
H expansion: 6.80904, num cross: 888988
H conductance: 0.35837, num cross: 888988
H_single expansion: 6.23349, num cross: 813844
H_single conductance: 0.364495, num cross: 813844
Cap 1 ... flow: 77365 (29.3911 s)
Cap 2 ... flow: 80236 (17.7227 s)
Cap 4 ... flow: 81910 (8.66176 s)
Cap 8 ... flow: 83273 (5.51839 s)
Cap 16 ... flow: 85839 (4.89335 s)
Cap 32 ... flow: 88431 (8.38764 s)
Cap 64 ... flow: 93615 (8.53647 s)
Cap 128 ... flow: 103983 (17.5432 s)
Cap 256 ... flow: 124719 (25.9219 s)
Cap 512 ... flow: 130560 (8.35361 s)
Flow search took (seconds) 135.079
SUBG cut conductance: 0.000763395
SUBG cut minside volume 212210
SUBG cut maxside volume 310030
== End round 19 ==
H expansion: 7.00055, num cross: 913992
H conductance: 0.350028, num cross: 913992
H_single expansion: 6.3898, num cross: 834252
H_single conductance: 0.354895, num cross: 834252
Cap 1 ... flow: 72964 (22.0813 s)
Cap 2 ... flow: 75127 (9.99317 s)
Cap 4 ... flow: 76096 (5.61646 s)
Cap 8 ... flow: 76864 (3.14565 s)
Cap 16 ... flow: 78160 (3.51572 s)
Cap 32 ... flow: 80752 (4.4649 s)
Cap 64 ... flow: 85936 (5.55323 s)
Cap 128 ... flow: 96304 (7.13197 s)
Cap 256 ... flow: 117040 (15.5711 s)
Cap 512 ... flow: 130560 (7.72212 s)
Flow search took (seconds) 84.9251
SUBG cut conductance: 0.000709145
SUBG cut minside volume 228444
SUBG cut maxside volume 293796
== End round 20 ==
H expansion: 8.06123, num cross: 1052474
H conductance: 0.383868, num cross: 1052474
H_single expansion: 7.34157, num cross: 958515
H_single conductance: 0.387997, num cross: 958515
Cap 1 ... flow: 84923 (22.725 s)
Cap 2 ... flow: 87302 (14.5741 s)
Cap 4 ... flow: 88196 (8.00662 s)
Cap 8 ... flow: 88856 (5.69642 s)
Cap 16 ... flow: 90152 (6.36639 s)
Cap 32 ... flow: 92744 (8.26814 s)
Cap 64 ... flow: 97928 (11.6795 s)
Cap 128 ... flow: 108296 (17.0443 s)
Cap 256 ... flow: 129032 (30.4252 s)
Cap 512 ... flow: 130560 (7.39519 s)
Flow search took (seconds) 132.316
SUBG cut conductance: 0.000708804
SUBG cut minside volume 228554
SUBG cut maxside volume 293686
== End round 21 ==
H expansion: 7.11313, num cross: 928690
H conductance: 0.323324, num cross: 928690
H_single expansion: 6.48008, num cross: 846039
H_single conductance: 0.326566, num cross: 846039
Cap 1 ... flow: 63555 (21.188 s)
Cap 2 ... flow: 64686 (10.0265 s)
Cap 4 ... flow: 65076 (4.97508 s)
Cap 8 ... flow: 65724 (3.49267 s)
Cap 16 ... flow: 67020 (3.15492 s)
Cap 32 ... flow: 69612 (3.58831 s)
Cap 64 ... flow: 74796 (4.57895 s)
Cap 128 ... flow: 85164 (5.63839 s)
Cap 256 ... flow: 105900 (9.15273 s)
Cap 512 ... flow: 130560 (12.2038 s)
Flow search took (seconds) 78.1218
SUBG cut conductance: 0.000709319
SUBG cut minside volume 228388
SUBG cut maxside volume 293852
== End round 22 ==
H expansion: 10.1036, num cross: 1319120
H conductance: 0.439285, num cross: 1319120
H_single expansion: 9.19034, num cross: 1199891
H_single conductance: 0.442374, num cross: 1199891
Cap 1 ... flow: 108647 (15.2831 s)
Cap 2 ... flow: 113050 (8.60738 s)
Cap 4 ... flow: 115005 (5.15493 s)
Cap 8 ... flow: 116748 (6.13671 s)
Cap 16 ... flow: 118110 (7.7547 s)
Cap 32 ... flow: 120702 (10.2967 s)
Cap 64 ... flow: 125886 (16.5178 s)
Cap 128 ... flow: 130560 (9.97401 s)
Flow search took (seconds) 79.8327
SUBG cut conductance: 0.000763762
SUBG cut minside volume 212108
SUBG cut maxside volume 310132
== End round 23 ==
H expansion: 10.0177, num cross: 1307916
H conductance: 0.417406, num cross: 1307916
H_single expansion: 9.14246, num cross: 1193639
H_single conductance: 0.422721, num cross: 1193639
Cap 1 ... flow: 95261 (19.9813 s)
Cap 2 ... flow: 98148 (12.3372 s)
Cap 4 ... flow: 99490 (6.90236 s)
Cap 8 ... flow: 100487 (6.30745 s)
Cap 16 ... flow: 101783 (7.02945 s)
Cap 32 ... flow: 104375 (9.74968 s)
Cap 64 ... flow: 109559 (14.6103 s)
Cap 128 ... flow: 119927 (23.5044 s)
Cap 256 ... flow: 130560 (13.1897 s)
Flow search took (seconds) 113.739
SUBG cut conductance: 0.000826986
SUBG cut minside volume 195892
SUBG cut maxside volume 326348
== End round 24 ==
H expansion: 9.73415, num cross: 1270890
H conductance: 0.389366, num cross: 1270890
H_single expansion: 8.89206, num cross: 1160948
H_single conductance: 0.395734, num cross: 1160948
Cap 1 ... flow: 81667 (27.6563 s)
Cap 2 ... flow: 83931 (15.6602 s)
Cap 4 ... flow: 84730 (9.90964 s)
Cap 8 ... flow: 85387 (7.60248 s)
Cap 16 ... flow: 86683 (8.597 s)
Cap 32 ... flow: 89275 (9.50854 s)
Cap 64 ... flow: 94459 (10.919 s)
Cap 128 ... flow: 104827 (14.8132 s)
Cap 256 ... flow: 125563 (26.7968 s)
Cap 512 ... flow: 130560 (8.12225 s)
Flow search took (seconds) 139.72
SUBG cut conductance: 0.000661678
SUBG cut minside volume 244832
SUBG cut maxside volume 277408
== End round 25 ==
H expansion: 10.2831, num cross: 1342556
H conductance: 0.395502, num cross: 1342556
H_single expansion: 9.36679, num cross: 1222928
H_single conductance: 0.400555, num cross: 1222928
Cap 1 ... flow: 85382 (24.0073 s)
Cap 2 ... flow: 87700 (10.6835 s)
Cap 4 ... flow: 88646 (6.85306 s)
Cap 8 ... flow: 89297 (4.91469 s)
Cap 16 ... flow: 90593 (5.70941 s)
Cap 32 ... flow: 93185 (6.73725 s)
Cap 64 ... flow: 98369 (9.06377 s)
Cap 128 ... flow: 108737 (13.3889 s)
Cap 256 ... flow: 129473 (29.2475 s)
Cap 512 ... flow: 130560 (6.93543 s)
Flow search took (seconds) 117.681
SUBG cut conductance: 0.000661624
SUBG cut minside volume 244852
SUBG cut maxside volume 277388
== End round 26 ==
H expansion: 8.03653, num cross: 1049250
H conductance: 0.297649, num cross: 1049250
H_single expansion: 7.38129, num cross: 963701
H_single conductance: 0.303956, num cross: 963701
Cap 1 ... flow: 52607 (17.0457 s)
Cap 2 ... flow: 53527 (4.69825 s)
Cap 4 ... flow: 53921 (2.9377 s)
Cap 8 ... flow: 54569 (2.43501 s)
Cap 16 ... flow: 55865 (2.7015 s)
Cap 32 ... flow: 58457 (3.62508 s)
Cap 64 ... flow: 63641 (4.70706 s)
Cap 128 ... flow: 74009 (6.13354 s)
Cap 256 ... flow: 94745 (10.7982 s)
Cap 512 ... flow: 130560 (20.253 s)
Flow search took (seconds) 75.4552
SUBG cut conductance: 0.000661959
SUBG cut minside volume 244728
SUBG cut maxside volume 277512
== End round 27 ==
H expansion: 11.7849, num cross: 1538642
H conductance: 0.420891, num cross: 1538642
H_single expansion: 10.7157, num cross: 1399044
H_single conductance: 0.425057, num cross: 1399044
Cap 1 ... flow: 93081 (20.0934 s)
Cap 2 ... flow: 95221 (7.80368 s)
Cap 4 ... flow: 95873 (2.97856 s)
Cap 8 ... flow: 96521 (3.80708 s)
Cap 16 ... flow: 97817 (4.57673 s)
Cap 32 ... flow: 100409 (5.95437 s)
Cap 64 ... flow: 105593 (8.04361 s)
Cap 128 ... flow: 115961 (15.1584 s)
Cap 256 ... flow: 130560 (18.0764 s)
Flow search took (seconds) 86.6056
SUBG cut conductance: 0.000661846
SUBG cut minside volume 244770
SUBG cut maxside volume 277470
== End round 28 ==
H expansion: 12.9907, num cross: 1696060
H conductance: 0.447954, num cross: 1696060
H_single expansion: 11.8211, num cross: 1543357
H_single conductance: 0.453586, num cross: 1543357
Cap 1 ... flow: 108582 (18.821 s)
Cap 2 ... flow: 111640 (9.81346 s)
Cap 4 ... flow: 112671 (4.85867 s)
Cap 8 ... flow: 113967 (5.99328 s)
Cap 16 ... flow: 115421 (10.34 s)
Cap 32 ... flow: 118013 (15.9331 s)
Cap 64 ... flow: 123197 (20.9086 s)
Cap 128 ... flow: 130560 (19.3242 s)
Flow search took (seconds) 106.114
SUBG cut conductance: 0.00070881
SUBG cut minside volume 228552
SUBG cut maxside volume 293688
== End round 29 ==
H expansion: 11.7226, num cross: 1530506
H conductance: 0.390754, num cross: 1530506
H_single expansion: 10.6953, num cross: 1396373
H_single conductance: 0.398259, num cross: 1396373
Cap 1 ... flow: 82118 (26.5574 s)
Cap 2 ... flow: 84349 (14.1331 s)
Cap 4 ... flow: 85008 (6.40896 s)
Cap 8 ... flow: 85657 (5.43181 s)
Cap 16 ... flow: 86953 (5.04698 s)
Cap 32 ... flow: 89545 (6.20901 s)
Cap 64 ... flow: 94729 (6.95111 s)
Cap 128 ... flow: 105097 (12.7415 s)
Cap 256 ... flow: 125833 (22.7365 s)
Cap 512 ... flow: 130560 (6.73647 s)
Flow search took (seconds) 113.087
SUBG cut conductance: 0.000709207
SUBG cut minside volume 228424
SUBG cut maxside volume 293816
== End round 30 ==
H expansion: 12.3375, num cross: 1610782
H conductance: 0.397983, num cross: 1610782
H_single expansion: 11.2098, num cross: 1463545
H_single conductance: 0.404032, num cross: 1463545
Cap 1 ... flow: 81945 (25.5399 s)
Cap 2 ... flow: 83071 (10.2908 s)
Cap 4 ... flow: 83441 (4.6516 s)
Cap 8 ... flow: 84089 (4.69513 s)
Cap 16 ... flow: 85385 (5.17234 s)
Cap 32 ... flow: 87977 (6.99395 s)
Cap 64 ... flow: 93161 (7.62315 s)
Cap 128 ... flow: 103529 (9.2841 s)
Cap 256 ... flow: 124265 (22.3056 s)
Cap 512 ... flow: 130560 (6.76893 s)
Flow search took (seconds) 103.458
SUBG cut conductance: 0.000709058
SUBG cut minside volume 228472
SUBG cut maxside volume 293768
== End round 31 ==
H expansion: 12.2265, num cross: 1596298
H conductance: 0.38208, num cross: 1596298
H_single expansion: 11.1127, num cross: 1450878
H_single conductance: 0.387811, num cross: 1450878
Cap 1 ... flow: 75357 (29.3364 s)
Cap 2 ... flow: 76557 (13.3667 s)
Cap 4 ... flow: 76926 (7.06607 s)
Cap 8 ... flow: 77574 (6.46225 s)
Cap 16 ... flow: 78870 (7.52915 s)
Cap 32 ... flow: 81462 (9.00618 s)
Cap 64 ... flow: 86646 (10.2562 s)
Cap 128 ... flow: 97014 (10.0253 s)
Cap 256 ... flow: 117750 (19.7381 s)
Cap 512 ... flow: 130560 (10.4323 s)
Flow search took (seconds) 123.354
SUBG cut conductance: 0.000661646
SUBG cut minside volume 244844
SUBG cut maxside volume 277396
== End round 32 ==
H expansion: 15.1761, num cross: 1981386
H conductance: 0.459881, num cross: 1981386
H_single expansion: 13.7139, num cross: 1790490
H_single conductance: 0.463705, num cross: 1790490
Cap 1 ... flow: 113239 (18.2036 s)
Cap 2 ... flow: 116158 (10.9229 s)
Cap 4 ... flow: 117431 (4.74594 s)
Cap 8 ... flow: 118796 (5.17901 s)
Cap 16 ... flow: 120092 (8.71224 s)
Cap 32 ... flow: 122684 (10.4742 s)
Cap 64 ... flow: 127868 (20.6472 s)
Cap 128 ... flow: 130560 (7.58659 s)
Flow search took (seconds) 86.58
SUBG cut conductance: 0.000709139
SUBG cut minside volume 228446
SUBG cut maxside volume 293794
== End round 33 ==
H expansion: 13.2447, num cross: 1729222
H conductance: 0.389549, num cross: 1729222
H_single expansion: 12.0589, num cross: 1574409
H_single conductance: 0.396769, num cross: 1574409
Cap 1 ... flow: 76767 (25.0274 s)
Cap 2 ... flow: 78101 (9.29133 s)
Cap 4 ... flow: 78481 (4.57807 s)
Cap 8 ... flow: 79129 (4.47441 s)
Cap 16 ... flow: 80425 (4.48122 s)
Cap 32 ... flow: 83017 (5.56141 s)
Cap 64 ... flow: 88201 (5.81252 s)
Cap 128 ... flow: 98569 (7.37664 s)
Cap 256 ... flow: 119305 (19.2525 s)
Cap 512 ... flow: 130560 (8.26059 s)
Flow search took (seconds) 94.2449
SUBG cut conductance: 0.000709071
SUBG cut minside volume 228468
SUBG cut maxside volume 293772
== End round 34 ==
H expansion: 15.5219, num cross: 2026542
H conductance: 0.443483, num cross: 2026542
H_single expansion: 14.0407, num cross: 1833151
H_single conductance: 0.448844, num cross: 1833151
Cap 1 ... flow: 99996 (20.9265 s)
Cap 2 ... flow: 101786 (10.5521 s)
Cap 4 ... flow: 102188 (5.19304 s)
Cap 8 ... flow: 102836 (6.44473 s)
Cap 16 ... flow: 104132 (8.58872 s)
Cap 32 ... flow: 106724 (11.3514 s)
Cap 64 ... flow: 111908 (14.1957 s)
Cap 128 ... flow: 122276 (26.1371 s)
Cap 256 ... flow: 130560 (11.693 s)
We ran out of time, wrapping up!
R0 cond 0.00189271
R1 cond 0.000709207
R2 cond 0.000902286
R3 cond 0.00110279
R4 cond 0.000827426
R5 cond 0.000826944
R6 cond 0.000709003
R7 cond 0.000763618
R8 cond 0.000827333
R9 cond 0.000993061
R10 cond 0.00165296
R11 cond 0.000827426
R12 cond 0.000827476
R13 cond 0.00152639
R14 cond 0.000826843
R15 cond 0.000827434
R16 cond 0.000620528
R17 cond 0.00110302
R18 cond 0.000708872
R19 cond 0.000763395
R20 cond 0.000709145
R21 cond 0.000708804
R22 cond 0.000709319
R23 cond 0.000763762
R24 cond 0.000826986
R25 cond 0.000661678
R26 cond 0.000661624
R27 cond 0.000661959
R28 cond 0.000661846
R29 cond 0.00070881
R30 cond 0.000709207
R31 cond 0.000709058
R32 cond 0.000661646
R33 cond 0.000709139
R34 cond 0.000709071
The best with best expansion was found on round16
final_Edge crossings (E) : 162
final_cut size: ( 37368 | 37384 )
diff: 16 (factor 0.000214041 of total n vertices)
final_cut volumes: ( 261068 | 261172 )
final_expansion: 0.00433526
final_conductance: 0.000620528
CASE4 Time ran out, we were not able to finish the algorithm.

The given partition achieved the following:
Edge crossings (E) : 162
cut size: ( 37376 | 37376 )
diff: 0 (factor 0 of total n vertices)
cut volumes: ( 261120 | 261120 )
expansion: 0.00433433
conductance: 0.000620404
