time -o run_output/uk-h-0.1-g-0.013901739106327885-t-30m.out.time timeout 30m cmake-build-debug/a.out -f graphs/uk.graph -p partitions/5/uk.2.ptn --ignore-multi -r 1 -s --H_phi=0.1 --G_phi=0.013901739106327885 --vol 0.1 -o run_output/uk-h-0.1-g-0.013901739106327885-t-30m.ptn >> run_output/uk-h-0.1-g-0.013901739106327885-t-30m.outReading graph from graphs/uk.graph
Reading a graph with V 4824E 6837
6837
4824
H expansion: 0, num cross: 0
H conductance: -nan, num cross: 0
H_single expansion: 0, num cross: 0
H_single conductance: -nan, num cross: 0
Cap 1 ... flow: 2737 (0.068744 s)
Cap 2 ... flow: 3239 (0.118924 s)
Cap 4 ... flow: 3382 (0.111745 s)
Cap 8 ... flow: 3402 (0.096655 s)
Cap 16 ... flow: 3418 (0.103169 s)
Flow search took (seconds) 0.502785
SUBG cut conductance: 0.00183891
SUBG cut minside volume 2719
SUBG cut maxside volume 10955
== End round 0 ==
R0 cond 0.00183891
The best with best expansion was found on round0
final_Edge crossings (E) : 5
final_cut size: ( 997 | 3827 )
diff: 2830 (factor 0.58665 of total n vertices)
final_cut volumes: ( 2719 | 10955 )
final_expansion: 0.00501505
final_conductance: 0.00183891
CASE2 Goodenough balanced cut

The given partition achieved the following:
Edge crossings (E) : 18
cut size: ( 2369 | 2455 )
diff: 86 (factor 0.0178275 of total n vertices)
cut volumes: ( 6624 | 7050 )
expansion: 0.00759814
conductance: 0.00271739
