time -o run_output/vibrobox-h-1-g-0.0-t-30.out.time cmake-build-debug/a.out -f graphs/vibrobox.graph -p partitions/5/vibrobox.2.ptn --ignore-multi --timeout_m=30 -r 0 -s --H_phi=1 --G_phi=0.0 --vol 0.1 -o run_output/vibrobox-h-1-g-0.0-t-30.ptn >> run_output/vibrobox-h-1-g-0.0-t-30.outReading graph from graphs/vibrobox.graph
Reading a graph with V 12328E 165250
165250
12328
H expansion: 0, num cross: 0
H conductance: -nan, num cross: 0
H_single expansion: 0, num cross: 0
H_single conductance: -nan, num cross: 0
Cap 1 ... flow: 82625 (0.548349 s)
Flow search took (seconds) 0.556369
SUBG cut conductance: 999
SUBG cut minside volume 0
SUBG cut maxside volume 330500
== End round 0 ==
H expansion: 0.248871, num cross: 20563
H conductance: 0.248871, num cross: 20563
H_single expansion: 0.248871, num cross: 20563
H_single conductance: 0.248871, num cross: 20563
Cap 1 ... flow: 82622 (0.600159 s)
Cap 2 ... flow: 82625 (0.54188 s)
Flow search took (seconds) 1.15801
SUBG cut conductance: 0.736842
SUBG cut minside volume 114
SUBG cut maxside volume 330386
== End round 1 ==
H expansion: 0.547098, num cross: 45204
H conductance: 0.273549, num cross: 45204
H_single expansion: 0.544109, num cross: 44957
H_single conductance: 0.273846, num cross: 44957
Cap 1 ... flow: 82619 (0.55658 s)
Cap 2 ... flow: 82625 (0.523819 s)
Flow search took (seconds) 1.09669
SUBG cut conductance: 0.558282
SUBG cut minside volume 163
SUBG cut maxside volume 330337
== End round 2 ==
H expansion: 0.894439, num cross: 73903
H conductance: 0.298146, num cross: 73903
H_single expansion: 0.887407, num cross: 73322
H_single conductance: 0.299672, num cross: 73322
Cap 1 ... flow: 82609 (0.783928 s)
Cap 2 ... flow: 82625 (0.561104 s)
Flow search took (seconds) 1.3613
SUBG cut conductance: 0.598109
SUBG cut minside volume 423
SUBG cut maxside volume 330077
== End round 3 ==
H expansion: 1.27697, num cross: 105510
H conductance: 0.319244, num cross: 105510
H_single expansion: 1.26171, num cross: 104249
H_single conductance: 0.32197, num cross: 104249
Cap 1 ... flow: 82582 (1.31168 s)
Cap 2 ... flow: 82625 (0.548353 s)
Flow search took (seconds) 1.8764
SUBG cut conductance: 0.618349
SUBG cut minside volume 1090
SUBG cut maxside volume 329410
== End round 4 ==
H expansion: 1.67323, num cross: 138251
H conductance: 0.334647, num cross: 138251
H_single expansion: 1.64401, num cross: 135836
H_single conductance: 0.338136, num cross: 135836
Cap 1 ... flow: 82294 (2.85961 s)
Cap 2 ... flow: 82625 (0.637457 s)
Flow search took (seconds) 3.536
SUBG cut conductance: 0.312127
SUBG cut minside volume 17605
SUBG cut maxside volume 312895
== End round 5 ==
H expansion: 2.07124, num cross: 171136
H conductance: 0.345206, num cross: 171136
H_single expansion: 2.02204, num cross: 167071
H_single conductance: 0.349159, num cross: 167071
Cap 1 ... flow: 81968 (3.06929 s)
Cap 2 ... flow: 82625 (0.614767 s)
Flow search took (seconds) 3.72234
SUBG cut conductance: 0.297113
SUBG cut minside volume 24351
SUBG cut maxside volume 306149
== End round 6 ==
H expansion: 2.47176, num cross: 204229
H conductance: 0.353108, num cross: 204229
H_single expansion: 2.39711, num cross: 198061
H_single conductance: 0.357382, num cross: 198061
Cap 1 ... flow: 80610 (2.60393 s)
Cap 2 ... flow: 82625 (0.64697 s)
Flow search took (seconds) 3.27079
SUBG cut conductance: 0.261644
SUBG cut minside volume 58614
SUBG cut maxside volume 271886
== End round 7 ==
H expansion: 2.85325, num cross: 235750
H conductance: 0.356657, num cross: 235750
H_single expansion: 2.74913, num cross: 227147
H_single conductance: 0.361047, num cross: 227147
Cap 1 ... flow: 77452 (6.77521 s)
Cap 2 ... flow: 82625 (0.835671 s)
Flow search took (seconds) 7.64077
SUBG cut conductance: 0.190576
SUBG cut minside volume 125215
SUBG cut maxside volume 205285
== End round 8 ==
H expansion: 3.21848, num cross: 265927
H conductance: 0.357609, num cross: 265927
H_single expansion: 3.07897, num cross: 254400
H_single conductance: 0.361712, num cross: 254400
Cap 1 ... flow: 74001 (5.16799 s)
Cap 2 ... flow: 82625 (1.19589 s)
Flow search took (seconds) 6.39245
SUBG cut conductance: 0.153128
SUBG cut minside volume 152774
SUBG cut maxside volume 177726
== End round 9 ==
H expansion: 3.60155, num cross: 297578
H conductance: 0.360155, num cross: 297578
H_single expansion: 3.42895, num cross: 283317
H_single conductance: 0.364316, num cross: 283317
Cap 1 ... flow: 72706 (4.96367 s)
Cap 2 ... flow: 82625 (1.26718 s)
Flow search took (seconds) 6.25422
SUBG cut conductance: 0.166303
SUBG cut minside volume 145782
SUBG cut maxside volume 184718
== End round 10 ==
H expansion: 3.91689, num cross: 323633
H conductance: 0.356081, num cross: 323633
H_single expansion: 3.71132, num cross: 306648
H_single conductance: 0.360222, num cross: 306648
Cap 1 ... flow: 68764 (6.00542 s)
Cap 2 ... flow: 82439 (4.0179 s)
Cap 4 ... flow: 82625 (0.702909 s)
Flow search took (seconds) 10.7722
SUBG cut conductance: 0.211187
SUBG cut minside volume 5971
SUBG cut maxside volume 324529
== End round 11 ==
H expansion: 4.36684, num cross: 360810
H conductance: 0.363903, num cross: 360810
H_single expansion: 4.11676, num cross: 340147
H_single conductance: 0.366721, num cross: 340147
Cap 1 ... flow: 68844 (5.88601 s)
Cap 2 ... flow: 82244 (2.09768 s)
Cap 4 ... flow: 82625 (0.638188 s)
Flow search took (seconds) 8.64749
SUBG cut conductance: 0.210258
SUBG cut minside volume 10801
SUBG cut maxside volume 319699
== End round 12 ==
H expansion: 4.47759, num cross: 369961
H conductance: 0.34443, num cross: 369961
H_single expansion: 4.21458, num cross: 348230
H_single conductance: 0.34695, num cross: 348230
Cap 1 ... flow: 62663 (7.05108 s)
Cap 2 ... flow: 80149 (5.51898 s)
Cap 4 ... flow: 82625 (0.87932 s)
Flow search took (seconds) 13.4898
SUBG cut conductance: 0.192191
SUBG cut minside volume 40876
SUBG cut maxside volume 289624
== End round 13 ==
H expansion: 5.13426, num cross: 424218
H conductance: 0.366733, num cross: 424218
H_single expansion: 4.82129, num cross: 398359
H_single conductance: 0.369205, num cross: 398359
Cap 1 ... flow: 65454 (6.37592 s)
Cap 2 ... flow: 81106 (5.09605 s)
Cap 4 ... flow: 82625 (0.868356 s)
Flow search took (seconds) 12.3865
SUBG cut conductance: 0.162781
SUBG cut minside volume 19216
SUBG cut maxside volume 311284
== End round 14 ==
H expansion: 5.41789, num cross: 447653
H conductance: 0.361193, num cross: 447653
H_single expansion: 5.08332, num cross: 420009
H_single conductance: 0.363699, num cross: 420009
Cap 1 ... flow: 63331 (5.92435 s)
Cap 2 ... flow: 80371 (7.06034 s)
Cap 4 ... flow: 82625 (0.851588 s)
Flow search took (seconds) 13.8739
SUBG cut conductance: 0.152023
SUBG cut minside volume 79613
SUBG cut maxside volume 250887
== End round 15 ==
H expansion: 5.3591, num cross: 442796
H conductance: 0.334944, num cross: 442796
H_single expansion: 5.0291, num cross: 415529
H_single conductance: 0.337783, num cross: 415529
Cap 1 ... flow: 57420 (6.21696 s)
Cap 2 ... flow: 75639 (4.86017 s)
Cap 4 ... flow: 82625 (0.974349 s)
Flow search took (seconds) 12.0816
SUBG cut conductance: 0.125696
SUBG cut minside volume 111515
SUBG cut maxside volume 218985
== End round 16 ==
H expansion: 5.65634, num cross: 467355
H conductance: 0.332726, num cross: 467355
H_single expansion: 5.29928, num cross: 437853
H_single conductance: 0.335158, num cross: 437853
Cap 1 ... flow: 54765 (7.88906 s)
Cap 2 ... flow: 72188 (5.27061 s)
Cap 4 ... flow: 82625 (1.27534 s)
Flow search took (seconds) 14.47
SUBG cut conductance: 0.106457
SUBG cut minside volume 146858
SUBG cut maxside volume 183642
== End round 17 ==
H expansion: 5.86183, num cross: 484334
H conductance: 0.325657, num cross: 484334
H_single expansion: 5.49159, num cross: 453743
H_single conductance: 0.328653, num cross: 453743
Cap 1 ... flow: 51346 (7.46518 s)
Cap 2 ... flow: 67287 (4.39056 s)
Cap 4 ... flow: 82625 (1.23429 s)
Flow search took (seconds) 13.1242
SUBG cut conductance: 0.0933645
SUBG cut minside volume 158240
SUBG cut maxside volume 172260
== End round 18 ==
H expansion: 6.38825, num cross: 527829
H conductance: 0.336224, num cross: 527829
H_single expansion: 5.98076, num cross: 494160
H_single conductance: 0.338865, num cross: 494160
Cap 1 ... flow: 54769 (5.02872 s)
Cap 2 ... flow: 72155 (3.54694 s)
Cap 4 ... flow: 82625 (1.07814 s)
Flow search took (seconds) 9.68441
SUBG cut conductance: 0.115785
SUBG cut minside volume 136822
SUBG cut maxside volume 193678
== End round 19 ==
H expansion: 6.37023, num cross: 526340
H conductance: 0.318511, num cross: 526340
H_single expansion: 5.96491, num cross: 492851
H_single conductance: 0.321278, num cross: 492851
Cap 1 ... flow: 49368 (7.44144 s)
Cap 2 ... flow: 65486 (4.16486 s)
Cap 4 ... flow: 82625 (1.2321 s)
Flow search took (seconds) 12.87
SUBG cut conductance: 0.0921669
SUBG cut minside volume 165222
SUBG cut maxside volume 165278
== End round 20 ==
H expansion: 6.88313, num cross: 568719
H conductance: 0.327768, num cross: 568719
H_single expansion: 6.4351, num cross: 531700
H_single conductance: 0.330374, num cross: 531700
Cap 1 ... flow: 50470 (6.27841 s)
Cap 2 ... flow: 66664 (4.0984 s)
Cap 4 ... flow: 82625 (1.32847 s)
Flow search took (seconds) 11.7363
SUBG cut conductance: 0.0946917
SUBG cut minside volume 159581
SUBG cut maxside volume 170919
== End round 21 ==
H expansion: 7.3776, num cross: 609574
H conductance: 0.335345, num cross: 609574
H_single expansion: 6.90147, num cross: 570234
H_single conductance: 0.338301, num cross: 570234
Cap 1 ... flow: 52054 (7.58105 s)
Cap 2 ... flow: 68075 (4.81741 s)
Cap 4 ... flow: 82625 (1.43632 s)
Flow search took (seconds) 13.8673
SUBG cut conductance: 0.0988854
SUBG cut minside volume 151357
SUBG cut maxside volume 179143
== End round 22 ==
H expansion: 7.64646, num cross: 631789
H conductance: 0.332455, num cross: 631789
H_single expansion: 7.15946, num cross: 591550
H_single conductance: 0.335965, num cross: 591550
Cap 1 ... flow: 51121 (5.65886 s)
Cap 2 ... flow: 67629 (4.55057 s)
Cap 4 ... flow: 82625 (1.18542 s)
Flow search took (seconds) 11.4253
SUBG cut conductance: 0.0968158
SUBG cut minside volume 161389
SUBG cut maxside volume 169111
== End round 23 ==
H expansion: 8.22935, num cross: 679950
H conductance: 0.34289, num cross: 679950
H_single expansion: 7.69831, num cross: 636073
H_single conductance: 0.346305, num cross: 636073
Cap 1 ... flow: 52794 (5.51767 s)
Cap 2 ... flow: 68640 (2.86986 s)
Cap 4 ... flow: 82625 (0.973537 s)
Flow search took (seconds) 9.38902
SUBG cut conductance: 0.117629
SUBG cut minside volume 124009
SUBG cut maxside volume 206491
== End round 24 ==
H expansion: 7.01007, num cross: 579207
H conductance: 0.280403, num cross: 579207
H_single expansion: 6.56698, num cross: 542597
H_single conductance: 0.283523, num cross: 542597
Cap 1 ... flow: 40512 (6.63047 s)
Cap 2 ... flow: 54535 (3.65404 s)
Cap 4 ... flow: 78236 (2.74217 s)
Cap 8 ... flow: 82625 (0.775554 s)
Flow search took (seconds) 13.8422
SUBG cut conductance: 0.0805462
SUBG cut minside volume 138554
SUBG cut maxside volume 191946
== End round 25 ==
H expansion: 7.065, num cross: 583746
H conductance: 0.271731, num cross: 583746
H_single expansion: 6.61575, num cross: 546626
H_single conductance: 0.274383, num cross: 546626
Cap 1 ... flow: 36370 (5.95706 s)
Cap 2 ... flow: 48604 (3.2379 s)
Cap 4 ... flow: 71227 (2.94813 s)
Cap 8 ... flow: 82625 (0.833363 s)
Flow search took (seconds) 13.0145
SUBG cut conductance: 0.0696571
SUBG cut minside volume 158907
SUBG cut maxside volume 171593
== End round 26 ==
H expansion: 8.83804, num cross: 730243
H conductance: 0.327335, num cross: 730243
H_single expansion: 8.25825, num cross: 682338
H_single conductance: 0.329542, num cross: 682338
Cap 1 ... flow: 46922 (6.63506 s)
Cap 2 ... flow: 61039 (4.31504 s)
Cap 4 ... flow: 82625 (1.73501 s)
Flow search took (seconds) 12.7166
SUBG cut conductance: 0.085682
SUBG cut minside volume 157536
SUBG cut maxside volume 172964
== End round 27 ==
H expansion: 10.7009, num cross: 884160
H conductance: 0.382174, num cross: 884160
H_single expansion: 10.0044, num cross: 826614
H_single conductance: 0.385202, num cross: 826614
Cap 1 ... flow: 58637 (6.51358 s)
Cap 2 ... flow: 75509 (5.27786 s)
Cap 4 ... flow: 82625 (1.04495 s)
Flow search took (seconds) 12.8704
SUBG cut conductance: 0.122082
SUBG cut minside volume 126481
SUBG cut maxside volume 204019
== End round 28 ==
H expansion: 10.2138, num cross: 843913
H conductance: 0.352199, num cross: 843913
H_single expansion: 9.56468, num cross: 790282
H_single conductance: 0.356018, num cross: 790282
Cap 1 ... flow: 51655 (6.74821 s)
Cap 2 ... flow: 67392 (4.76999 s)
Cap 4 ... flow: 82625 (1.22694 s)
Flow search took (seconds) 12.7759
SUBG cut conductance: 0.0921245
SUBG cut minside volume 160967
SUBG cut maxside volume 169533
== End round 29 ==
H expansion: 11.0421, num cross: 912352
H conductance: 0.368069, num cross: 912352
H_single expansion: 10.3267, num cross: 853246
H_single conductance: 0.371689, num cross: 853246
Cap 1 ... flow: 56293 (6.52273 s)
Cap 2 ... flow: 72523 (7.47806 s)
Cap 4 ... flow: 82625 (1.43067 s)
Flow search took (seconds) 15.4675
SUBG cut conductance: 0.139515
SUBG cut minside volume 79920
SUBG cut maxside volume 250580
== End round 30 ==
H expansion: 8.89613, num cross: 735043
H conductance: 0.286972, num cross: 735043
H_single expansion: 8.33959, num cross: 689059
H_single conductance: 0.291104, num cross: 689059
Cap 1 ... flow: 39263 (6.81375 s)
Cap 2 ... flow: 51903 (3.64793 s)
Cap 4 ... flow: 74093 (2.45818 s)
Cap 8 ... flow: 82625 (0.751536 s)
Flow search took (seconds) 13.7112
SUBG cut conductance: 0.070286
SUBG cut minside volume 154170
SUBG cut maxside volume 176330
== End round 31 ==
H expansion: 11.5642, num cross: 955490
H conductance: 0.36138, num cross: 955490
H_single expansion: 10.7802, num cross: 890714
H_single conductance: 0.363929, num cross: 890714
Cap 1 ... flow: 53404 (6.71727 s)
Cap 2 ... flow: 68778 (4.65968 s)
Cap 4 ... flow: 82625 (1.33089 s)
Flow search took (seconds) 12.7376
SUBG cut conductance: 0.0915482
SUBG cut minside volume 157316
SUBG cut maxside volume 173184
== End round 32 ==
H expansion: 11.2308, num cross: 927945
H conductance: 0.340327, num cross: 927945
H_single expansion: 10.5192, num cross: 869147
H_single conductance: 0.345016, num cross: 869147
Cap 1 ... flow: 47963 (6.63322 s)
Cap 2 ... flow: 63466 (4.4866 s)
Cap 4 ... flow: 82625 (1.34105 s)
Flow search took (seconds) 12.492
SUBG cut conductance: 0.0938692
SUBG cut minside volume 159392
SUBG cut maxside volume 171108
== End round 33 ==
H expansion: 11.58, num cross: 956798
H conductance: 0.340588, num cross: 956798
H_single expansion: 10.8226, num cross: 894215
H_single conductance: 0.344722, num cross: 894215
Cap 1 ... flow: 48019 (7.24856 s)
Cap 2 ... flow: 63039 (5.40096 s)
Cap 4 ... flow: 82625 (1.49058 s)
Flow search took (seconds) 14.1729
SUBG cut conductance: 0.0867325
SUBG cut minside volume 157761
SUBG cut maxside volume 172739
== End round 34 ==
H expansion: 12.7591, num cross: 1054217
H conductance: 0.364544, num cross: 1054217
H_single expansion: 11.9116, num cross: 984193
H_single conductance: 0.368458, num cross: 984193
Cap 1 ... flow: 52840 (5.72357 s)
Cap 2 ... flow: 68908 (4.48147 s)
Cap 4 ... flow: 82625 (1.19909 s)
Flow search took (seconds) 11.4374
SUBG cut conductance: 0.108076
SUBG cut minside volume 138292
SUBG cut maxside volume 192208
== End round 35 ==
H expansion: 12.9401, num cross: 1069172
H conductance: 0.359446, num cross: 1069172
H_single expansion: 12.078, num cross: 997943
H_single conductance: 0.363848, num cross: 997943
Cap 1 ... flow: 51403 (6.08734 s)
Cap 2 ... flow: 66343 (3.78035 s)
Cap 4 ... flow: 82625 (1.23513 s)
Flow search took (seconds) 11.1337
SUBG cut conductance: 0.0878205
SUBG cut minside volume 157002
SUBG cut maxside volume 173498
== End round 36 ==
H expansion: 12.2457, num cross: 1011803
H conductance: 0.330966, num cross: 1011803
H_single expansion: 11.4407, num cross: 945284
H_single conductance: 0.335357, num cross: 945284
Cap 1 ... flow: 44796 (7.67613 s)
Cap 2 ... flow: 58175 (3.52473 s)
Cap 4 ... flow: 82625 (2.03955 s)
Flow search took (seconds) 13.2727
SUBG cut conductance: 0.0801353
SUBG cut minside volume 161976
SUBG cut maxside volume 168524
== End round 37 ==
H expansion: 13.5703, num cross: 1121242
H conductance: 0.357112, num cross: 1121242
H_single expansion: 12.6658, num cross: 1046513
H_single conductance: 0.361828, num cross: 1046513
Cap 1 ... flow: 50731 (6.85868 s)
Cap 2 ... flow: 67095 (4.14868 s)
Cap 4 ... flow: 82625 (1.34491 s)
Flow search took (seconds) 12.3823
SUBG cut conductance: 0.0996119
SUBG cut minside volume 148918
SUBG cut maxside volume 181582
== End round 38 ==
H expansion: 13.9768, num cross: 1154837
H conductance: 0.358381, num cross: 1154837
H_single expansion: 13.033, num cross: 1076854
H_single conductance: 0.362872, num cross: 1076854
Cap 1 ... flow: 51786 (6.77868 s)
Cap 2 ... flow: 68432 (3.68355 s)
Cap 4 ... flow: 82625 (1.31976 s)
Flow search took (seconds) 11.8108
SUBG cut conductance: 0.107753
SUBG cut minside volume 140822
SUBG cut maxside volume 189678
== End round 39 ==
H expansion: 14.7298, num cross: 1217052
H conductance: 0.368246, num cross: 1217052
H_single expansion: 13.7182, num cross: 1133464
H_single conductance: 0.373048, num cross: 1133464
Cap 1 ... flow: 52541 (5.88588 s)
Cap 2 ... flow: 68618 (5.06674 s)
Cap 4 ... flow: 82625 (1.2509 s)
Flow search took (seconds) 12.2342
SUBG cut conductance: 0.0923298
SUBG cut minside volume 164324
SUBG cut maxside volume 166176
== End round 40 ==
H expansion: 13.1335, num cross: 1085153
H conductance: 0.320329, num cross: 1085153
H_single expansion: 12.2707, num cross: 1013870
H_single conductance: 0.325516, num cross: 1013870
Cap 1 ... flow: 42797 (5.97215 s)
Cap 2 ... flow: 56948 (3.78914 s)
Cap 4 ... flow: 81566 (3.29828 s)
Cap 8 ... flow: 82625 (0.793716 s)
Flow search took (seconds) 13.8921
SUBG cut conductance: 0.0766732
SUBG cut minside volume 157017
SUBG cut maxside volume 173483
== End round 41 ==
H expansion: 12.9351, num cross: 1068766
H conductance: 0.30798, num cross: 1068766
H_single expansion: 12.0621, num cross: 996632
H_single conductance: 0.312283, num cross: 996632
Cap 1 ... flow: 40529 (7.77335 s)
Cap 2 ... flow: 54255 (3.48221 s)
Cap 4 ... flow: 79657 (6.5518 s)
Cap 8 ... flow: 82625 (0.859742 s)
Flow search took (seconds) 18.7066
SUBG cut conductance: 0.0782867
SUBG cut minside volume 155352
SUBG cut maxside volume 175148
== End round 42 ==
H expansion: 15.6989, num cross: 1297123
H conductance: 0.365091, num cross: 1297123
H_single expansion: 14.5956, num cross: 1205964
H_single conductance: 0.368954, num cross: 1205964
Cap 1 ... flow: 50750 (6.8303 s)
Cap 2 ... flow: 66004 (5.13089 s)
Cap 4 ... flow: 82625 (1.41392 s)
Flow search took (seconds) 13.4084
SUBG cut conductance: 0.0933373
SUBG cut minside volume 156197
SUBG cut maxside volume 174303
== End round 43 ==
H expansion: 17.3707, num cross: 1435252
H conductance: 0.394788, num cross: 1435252
H_single expansion: 16.1235, num cross: 1332206
H_single conductance: 0.398781, num cross: 1332206
Cap 1 ... flow: 56985 (6.34534 s)
Cap 2 ... flow: 70947 (3.34052 s)
Cap 4 ... flow: 82625 (1.12849 s)
Flow search took (seconds) 10.8475
SUBG cut conductance: 0.0765757
SUBG cut minside volume 162545
SUBG cut maxside volume 167955
== End round 44 ==
H expansion: 16.3628, num cross: 1351973
H conductance: 0.363617, num cross: 1351973
H_single expansion: 15.2452, num cross: 1259636
H_single conductance: 0.368947, num cross: 1259636
Cap 1 ... flow: 51069 (8.28135 s)
Cap 2 ... flow: 67516 (5.22438 s)
Cap 4 ... flow: 82625 (1.45622 s)
Flow search took (seconds) 14.9926
SUBG cut conductance: 0.103168
SUBG cut minside volume 153837
SUBG cut maxside volume 176663
== End round 45 ==
H expansion: 16.8281, num cross: 1390418
H conductance: 0.365827, num cross: 1390418
H_single expansion: 15.6455, num cross: 1292709
H_single conductance: 0.370694, num cross: 1292709
Cap 1 ... flow: 51120 (6.90145 s)
Cap 2 ... flow: 67056 (4.05318 s)
Cap 4 ... flow: 82625 (1.3678 s)
Flow search took (seconds) 12.3537
SUBG cut conductance: 0.0976407
SUBG cut minside volume 155089
SUBG cut maxside volume 175411
== End round 46 ==
H expansion: 17.1878, num cross: 1420141
H conductance: 0.365698, num cross: 1420141
H_single expansion: 15.9662, num cross: 1319210
H_single conductance: 0.370912, num cross: 1319210
Cap 1 ... flow: 50697 (6.05065 s)
Cap 2 ... flow: 65919 (4.90192 s)
Cap 4 ... flow: 82625 (1.32158 s)
Flow search took (seconds) 12.3046
SUBG cut conductance: 0.0922151
SUBG cut minside volume 157458
SUBG cut maxside volume 173042
== End round 47 ==
H expansion: 16.6044, num cross: 1371938
H conductance: 0.345925, num cross: 1371938
H_single expansion: 15.4421, num cross: 1275906
H_single conductance: 0.351774, num cross: 1275906
Cap 1 ... flow: 45971 (7.58273 s)
Cap 2 ... flow: 59823 (5.56826 s)
Cap 4 ... flow: 82625 (1.56871 s)
Flow search took (seconds) 14.7497
SUBG cut conductance: 0.0792594
SUBG cut minside volume 165346
SUBG cut maxside volume 165154
== End round 48 ==
H expansion: 18.4519, num cross: 1524589
H conductance: 0.37657, num cross: 1524589
H_single expansion: 17.0884, num cross: 1411930
H_single conductance: 0.380931, num cross: 1411930
Cap 1 ... flow: 51766 (5.62962 s)
Cap 2 ... flow: 65962 (4.36972 s)
Cap 4 ... flow: 82625 (1.28749 s)
Flow search took (seconds) 11.3158
SUBG cut conductance: 0.0892273
SUBG cut minside volume 148867
SUBG cut maxside volume 181633
== End round 49 ==
H expansion: 16.2916, num cross: 1346090
H conductance: 0.325831, num cross: 1346090
H_single expansion: 15.1781, num cross: 1254094
H_single conductance: 0.331977, num cross: 1254094
Cap 1 ... flow: 43050 (7.6069 s)
Cap 2 ... flow: 58273 (6.34422 s)
Cap 4 ... flow: 82625 (1.95707 s)
Flow search took (seconds) 15.9397
SUBG cut conductance: 0.091945
SUBG cut minside volume 156213
SUBG cut maxside volume 174287
== End round 50 ==
H expansion: 18.1075, num cross: 1496129
H conductance: 0.355048, num cross: 1496129
H_single expansion: 16.8165, num cross: 1389464
H_single conductance: 0.360931, num cross: 1389464
Cap 1 ... flow: 48551 (6.19518 s)
Cap 2 ... flow: 65258 (4.80214 s)
Cap 4 ... flow: 82625 (1.39344 s)
Flow search took (seconds) 12.422
SUBG cut conductance: 0.104964
SUBG cut minside volume 150461
SUBG cut maxside volume 180039
== End round 51 ==
H expansion: 19.8755, num cross: 1642214
H conductance: 0.382221, num cross: 1642214
H_single expansion: 18.4191, num cross: 1521882
H_single conductance: 0.387789, num cross: 1521882
Cap 1 ... flow: 54847 (7.85774 s)
Cap 2 ... flow: 71024 (4.95831 s)
Cap 4 ... flow: 82625 (1.3743 s)
Flow search took (seconds) 14.2204
SUBG cut conductance: 0.0897198
SUBG cut minside volume 165103
SUBG cut maxside volume 165397
== End round 52 ==
H expansion: 18.3159, num cross: 1513353
H conductance: 0.345583, num cross: 1513353
H_single expansion: 17.0194, num cross: 1406224
H_single conductance: 0.352184, num cross: 1406224
Cap 1 ... flow: 46440 (6.36966 s)
Cap 2 ... flow: 61604 (4.19953 s)
Cap 4 ... flow: 82625 (1.52515 s)
Flow search took (seconds) 12.125
SUBG cut conductance: 0.0951711
SUBG cut minside volume 149993
SUBG cut maxside volume 180507
== End round 53 ==
H expansion: 19.015, num cross: 1571114
H conductance: 0.35213, num cross: 1571114
H_single expansion: 17.6201, num cross: 1455860
H_single conductance: 0.357964, num cross: 1455860
Cap 1 ... flow: 47585 (6.96564 s)
Cap 2 ... flow: 62729 (5.64091 s)
Cap 4 ... flow: 82625 (1.67052 s)
Flow search took (seconds) 14.3066
SUBG cut conductance: 0.0866078
SUBG cut minside volume 166196
SUBG cut maxside volume 164304
== End round 54 ==
H expansion: 20.1076, num cross: 1661387
H conductance: 0.365592, num cross: 1661387
H_single expansion: 18.619, num cross: 1538394
H_single conductance: 0.371196, num cross: 1538394
Cap 1 ... flow: 49329 (8.09027 s)
Cap 2 ... flow: 64454 (5.64898 s)
Cap 4 ... flow: 82625 (1.69011 s)
Flow search took (seconds) 15.4614
SUBG cut conductance: 0.0931606
SUBG cut minside volume 154722
SUBG cut maxside volume 175778
== End round 55 ==
H expansion: 20.4099, num cross: 1686364
H conductance: 0.364462, num cross: 1686364
H_single expansion: 18.8691, num cross: 1559061
H_single conductance: 0.370533, num cross: 1559061
Cap 1 ... flow: 49289 (6.03897 s)
Cap 2 ... flow: 63585 (4.50748 s)
Cap 4 ... flow: 82625 (1.42849 s)
Flow search took (seconds) 12.0046
SUBG cut conductance: 0.0848146
SUBG cut minside volume 160444
SUBG cut maxside volume 170056
== End round 56 ==
H expansion: 20.6429, num cross: 1705621
H conductance: 0.362156, num cross: 1705621
H_single expansion: 19.0916, num cross: 1577440
H_single conductance: 0.367973, num cross: 1577440
Cap 1 ... flow: 48105 (8.57509 s)
Cap 2 ... flow: 61483 (5.81284 s)
Cap 4 ... flow: 82625 (1.69554 s)
Flow search took (seconds) 16.1149
SUBG cut conductance: 0.0825316
SUBG cut minside volume 151033
SUBG cut maxside volume 179467
== End round 57 ==
H expansion: 23.2812, num cross: 1923610
H conductance: 0.4014, num cross: 1923610
H_single expansion: 21.4532, num cross: 1772572
H_single conductance: 0.406583, num cross: 1772572
Cap 1 ... flow: 57932 (6.38706 s)
Cap 2 ... flow: 74305 (4.40083 s)
Cap 4 ... flow: 82625 (1.06553 s)
Flow search took (seconds) 11.8846
SUBG cut conductance: 0.0998272
SUBG cut minside volume 153906
SUBG cut maxside volume 176594
== End round 58 ==
H expansion: 21.6248, num cross: 1786745
H conductance: 0.366521, num cross: 1786745
H_single expansion: 19.9741, num cross: 1650356
H_single conductance: 0.372775, num cross: 1650356
Cap 1 ... flow: 50376 (7.81026 s)
Cap 2 ... flow: 66906 (6.12199 s)
Cap 4 ... flow: 82625 (1.44056 s)
Flow search took (seconds) 15.4042
SUBG cut conductance: 0.0977458
SUBG cut minside volume 157173
SUBG cut maxside volume 173327
== End round 59 ==
H expansion: 23.1789, num cross: 1915160
H conductance: 0.386316, num cross: 1915160
H_single expansion: 21.3726, num cross: 1765911
H_single conductance: 0.392502, num cross: 1765911
Cap 1 ... flow: 54423 (7.57609 s)
Cap 2 ... flow: 71055 (5.52076 s)
Cap 4 ... flow: 82625 (1.30472 s)
Flow search took (seconds) 14.4332
SUBG cut conductance: 0.106116
SUBG cut minside volume 142994
SUBG cut maxside volume 187506
== End round 60 ==
H expansion: 22.4813, num cross: 1857521
H conductance: 0.368547, num cross: 1857521
H_single expansion: 20.7645, num cross: 1715663
H_single conductance: 0.375379, num cross: 1715663
Cap 1 ... flow: 50377 (5.902 s)
Cap 2 ... flow: 66866 (5.00205 s)
Cap 4 ... flow: 82625 (1.12444 s)
Flow search took (seconds) 12.0625
SUBG cut conductance: 0.0964053
SUBG cut minside volume 154618
SUBG cut maxside volume 175882
== End round 61 ==
H expansion: 21.0011, num cross: 1735212
H conductance: 0.338727, num cross: 1735212
H_single expansion: 19.4047, num cross: 1603313
H_single conductance: 0.345401, num cross: 1603313
Cap 1 ... flow: 42587 (5.34275 s)
Cap 2 ... flow: 56593 (2.83309 s)
Cap 4 ... flow: 82625 (2.49968 s)
Flow search took (seconds) 10.7086
SUBG cut conductance: 0.0833791
SUBG cut minside volume 162139
SUBG cut maxside volume 168361
== End round 62 ==
H expansion: 23.7317, num cross: 1960831
H conductance: 0.376694, num cross: 1960831
H_single expansion: 21.8226, num cross: 1803090
H_single conductance: 0.382462, num cross: 1803090
Cap 1 ... flow: 50330 (7.54565 s)
Cap 2 ... flow: 63011 (3.77958 s)
Cap 4 ... flow: 82625 (1.37579 s)
Flow search took (seconds) 12.7391
SUBG cut conductance: 0.0728239
SUBG cut minside volume 162433
SUBG cut maxside volume 168067
== End round 63 ==
H expansion: 22.729, num cross: 1877982
H conductance: 0.35514, num cross: 1877982
H_single expansion: 20.9421, num cross: 1730340
H_single conductance: 0.36145, num cross: 1730340
Cap 1 ... flow: 46169 (6.44106 s)
Cap 2 ... flow: 59745 (3.80124 s)
Cap 4 ... flow: 82625 (1.81301 s)
Flow search took (seconds) 12.0876
SUBG cut conductance: 0.0823596
SUBG cut minside volume 155926
SUBG cut maxside volume 174574
== End round 64 ==
H expansion: 23.7949, num cross: 1966053
H conductance: 0.366075, num cross: 1966053
H_single expansion: 21.8899, num cross: 1808655
H_single conductance: 0.372031, num cross: 1808655
Cap 1 ... flow: 49600 (6.84881 s)
Cap 2 ... flow: 65309 (3.90294 s)
Cap 4 ... flow: 82625 (1.34629 s)
Flow search took (seconds) 12.1264
SUBG cut conductance: 0.0971638
SUBG cut minside volume 148049
SUBG cut maxside volume 182451
== End round 65 ==
H expansion: 24.4509, num cross: 2020258
H conductance: 0.370469, num cross: 2020258
H_single expansion: 22.4903, num cross: 1858264
H_single conductance: 0.376733, num cross: 1858264
Cap 1 ... flow: 49351 (7.99289 s)
Cap 2 ... flow: 64032 (3.8478 s)
Cap 4 ... flow: 82625 (1.26971 s)
Flow search took (seconds) 13.1408
SUBG cut conductance: 0.0825326
SUBG cut minside volume 164008
SUBG cut maxside volume 166492
== End round 66 ==
H expansion: 23.6814, num cross: 1956673
H conductance: 0.353453, num cross: 1956673
H_single expansion: 21.7951, num cross: 1800821
H_single conductance: 0.359973, num cross: 1800821
Cap 1 ... flow: 46026 (6.7492 s)
Cap 2 ... flow: 59581 (3.37839 s)
Cap 4 ... flow: 82615 (3.02386 s)
Cap 8 ... flow: 82625 (0.771421 s)
Flow search took (seconds) 13.9596
SUBG cut conductance: 0.0745495
SUBG cut minside volume 148948
SUBG cut maxside volume 181552
== End round 67 ==
H expansion: 26.5378, num cross: 2192686
H conductance: 0.390262, num cross: 2192686
H_single expansion: 24.3194, num cross: 2009389
H_single conductance: 0.395701, num cross: 2009389
Cap 1 ... flow: 54563 (5.82388 s)
Cap 2 ... flow: 70076 (3.80431 s)
Cap 4 ... flow: 82625 (1.12588 s)
Flow search took (seconds) 10.783
SUBG cut conductance: 0.115301
SUBG cut minside volume 114778
SUBG cut maxside volume 215722
== End round 68 ==
H expansion: 26.776, num cross: 2212363
H conductance: 0.388057, num cross: 2212363
H_single expansion: 24.5887, num cross: 2031638
H_single conductance: 0.394532, num cross: 2031638
Cap 1 ... flow: 54266 (5.56349 s)
Cap 2 ... flow: 71334 (3.82535 s)
Cap 4 ... flow: 82625 (1.29832 s)
Flow search took (seconds) 10.7167
SUBG cut conductance: 0.105606
SUBG cut minside volume 153722
SUBG cut maxside volume 176778
== End round 69 ==
H expansion: 22.3664, num cross: 1848020
H conductance: 0.319519, num cross: 1848020
H_single expansion: 20.6455, num cross: 1705834
H_single conductance: 0.32719, num cross: 1705834
Cap 1 ... flow: 39279 (7.33821 s)
Cap 2 ... flow: 52557 (4.24716 s)
Cap 4 ... flow: 76438 (5.4366 s)
Cap 8 ... flow: 82625 (0.763994 s)
Flow search took (seconds) 17.8331
SUBG cut conductance: 0.0757277
SUBG cut minside volume 152388
SUBG cut maxside volume 178112
== End round 70 ==
H expansion: 26.4233, num cross: 2183229
H conductance: 0.37216, num cross: 2183229
H_single expansion: 24.2736, num cross: 2005603
H_single conductance: 0.378837, num cross: 2005603
Cap 1 ... flow: 50574 (5.07283 s)
Cap 2 ... flow: 67110 (4.02174 s)
Cap 4 ... flow: 82625 (1.31664 s)
Flow search took (seconds) 10.4441
SUBG cut conductance: 0.109671
SUBG cut minside volume 140119
SUBG cut maxside volume 190381
== End round 71 ==
H expansion: 25.6341, num cross: 2118018
H conductance: 0.356029, num cross: 2118018
H_single expansion: 23.5423, num cross: 1945180
H_single conductance: 0.363065, num cross: 1945180
Cap 1 ... flow: 46991 (6.43933 s)
Cap 2 ... flow: 61960 (3.83005 s)
Cap 4 ... flow: 82625 (1.43023 s)
Flow search took (seconds) 11.728
SUBG cut conductance: 0.0994633
SUBG cut minside volume 144023
SUBG cut maxside volume 186477
== End round 72 ==
H expansion: 27.8623, num cross: 2302125
H conductance: 0.381676, num cross: 2302125
H_single expansion: 25.5013, num cross: 2107045
H_single conductance: 0.387556, num cross: 2107045
Cap 1 ... flow: 51514 (7.50413 s)
We ran out of time, wrapping up!
R0 cond 999
R1 cond 0.736842
R2 cond 0.558282
R3 cond 0.598109
R4 cond 0.618349
R5 cond 0.312127
R6 cond 0.297113
R7 cond 0.261644
R8 cond 0.190576
R9 cond 0.153128
R10 cond 0.166303
R11 cond 0.211187
R12 cond 0.210258
R13 cond 0.192191
R14 cond 0.162781
R15 cond 0.152023
R16 cond 0.125696
R17 cond 0.106457
R18 cond 0.0933645
R19 cond 0.115785
R20 cond 0.0921669
R21 cond 0.0946917
R22 cond 0.0988854
R23 cond 0.0968158
R24 cond 0.117629
R25 cond 0.0805462
R26 cond 0.0696571
R27 cond 0.085682
R28 cond 0.122082
R29 cond 0.0921245
R30 cond 0.139515
R31 cond 0.070286
R32 cond 0.0915482
R33 cond 0.0938692
R34 cond 0.0867325
R35 cond 0.108076
R36 cond 0.0878205
R37 cond 0.0801353
R38 cond 0.0996119
R39 cond 0.107753
R40 cond 0.0923298
R41 cond 0.0766732
R42 cond 0.0782867
R43 cond 0.0933373
R44 cond 0.0765757
R45 cond 0.103168
R46 cond 0.0976407
R47 cond 0.0922151
R48 cond 0.0792594
R49 cond 0.0892273
R50 cond 0.091945
R51 cond 0.104964
R52 cond 0.0897198
R53 cond 0.0951711
R54 cond 0.0866078
R55 cond 0.0931606
R56 cond 0.0848146
R57 cond 0.0825316
R58 cond 0.0998272
R59 cond 0.0977458
R60 cond 0.106116
R61 cond 0.0964053
R62 cond 0.0833791
R63 cond 0.0728239
R64 cond 0.0823596
R65 cond 0.0971638
R66 cond 0.0825326
R67 cond 0.0745495
R68 cond 0.115301
R69 cond 0.105606
R70 cond 0.0757277
R71 cond 0.109671
R72 cond 0.0994633
The best with best expansion was found on round26
final_Edge crossings (E) : 11069
final_cut size: ( 6366 | 5962 )
diff: 404 (factor 0.0327709 of total n vertices)
final_cut volumes: ( 171593 | 158907 )
final_expansion: 1.85659
final_conductance: 0.0696571
CASE4 Time ran out, we were not able to finish the algorithm.

The given partition achieved the following:
Edge crossings (E) : 10310
cut size: ( 6144 | 6184 )
diff: 40 (factor 0.00324465 of total n vertices)
cut volumes: ( 164750 | 165750 )
expansion: 1.67806
conductance: 0.0625797
