time -o run_output/wing_nodal-h-1-g-0.0-t-60.out.time cmake-build-debug/a.out -f graphs/wing_nodal.graph -p partitions/5/wing_nodal.2.ptn --ignore-multi --timeout_m=60 -r 0 -s --H_phi=1 --G_phi=0.0 --vol 0.1 -o run_output/wing_nodal-h-1-g-0.0-t-60.ptn >> run_output/wing_nodal-h-1-g-0.0-t-60.outReading graph from graphs/wing_nodal.graph
Reading a graph with V 10937E 75488
75488
10937
H expansion: 0, num cross: 0
H conductance: -nan, num cross: 0
H_single expansion: 0, num cross: 0
H_single conductance: -nan, num cross: 0
Cap 1 ... flow: 37743 (0.369544 s)
Cap 2 ... flow: 37744 (0.216122 s)
Flow search took (seconds) 0.609584
SUBG cut conductance: 0.952381
SUBG cut minside volume 42
SUBG cut maxside volume 150934
== End round 0 ==
H expansion: 0.247139, num cross: 9328
H conductance: 0.247139, num cross: 9328
H_single expansion: 0.247139, num cross: 9328
H_single conductance: 0.247139, num cross: 9328
Cap 1 ... flow: 37744 (0.434575 s)
Flow search took (seconds) 0.439652
SUBG cut conductance: 999
SUBG cut minside volume 0
SUBG cut maxside volume 150976
== End round 1 ==
H expansion: 0.548696, num cross: 20710
H conductance: 0.274348, num cross: 20710
H_single expansion: 0.543689, num cross: 20521
H_single conductance: 0.274856, num cross: 20521
Cap 1 ... flow: 37666 (0.588813 s)
Cap 2 ... flow: 37744 (0.301526 s)
Flow search took (seconds) 0.900875
SUBG cut conductance: 0.0734616
SUBG cut minside volume 14089
SUBG cut maxside volume 136887
== End round 2 ==
H expansion: 0.874947, num cross: 33024
H conductance: 0.291649, num cross: 33024
H_single expansion: 0.863131, num cross: 32578
H_single conductance: 0.294333, num cross: 32578
Cap 1 ... flow: 37102 (1.55902 s)
Cap 2 ... flow: 37744 (0.262651 s)
Flow search took (seconds) 1.83701
SUBG cut conductance: 0.133383
SUBG cut minside volume 61552
SUBG cut maxside volume 89424
== End round 3 ==
H expansion: 1.23564, num cross: 46638
H conductance: 0.30891, num cross: 46638
H_single expansion: 1.20968, num cross: 45658
H_single conductance: 0.312932, num cross: 45658
Cap 1 ... flow: 35704 (1.42151 s)
Cap 2 ... flow: 37703 (1.45569 s)
Cap 4 ... flow: 37744 (0.62615 s)
Flow search took (seconds) 3.52895
SUBG cut conductance: 0.0299393
SUBG cut minside volume 14496
SUBG cut maxside volume 136480
== End round 4 ==
H expansion: 1.60147, num cross: 60446
H conductance: 0.320295, num cross: 60446
H_single expansion: 1.55434, num cross: 58667
H_single conductance: 0.325164, num cross: 58667
Cap 1 ... flow: 34766 (1.45121 s)
Cap 2 ... flow: 37744 (0.648012 s)
Flow search took (seconds) 2.11183
SUBG cut conductance: 0.146667
SUBG cut minside volume 68768
SUBG cut maxside volume 82208
== End round 5 ==
H expansion: 1.97764, num cross: 74644
H conductance: 0.329606, num cross: 74644
H_single expansion: 1.90022, num cross: 71722
H_single conductance: 0.334456, num cross: 71722
Cap 1 ... flow: 33699 (1.687 s)
Cap 2 ... flow: 37744 (1.04153 s)
Flow search took (seconds) 2.74489
SUBG cut conductance: 0.149039
SUBG cut minside volume 73115
SUBG cut maxside volume 77861
== End round 6 ==
H expansion: 2.35105, num cross: 88738
H conductance: 0.335864, num cross: 88738
H_single expansion: 2.23683, num cross: 84427
H_single conductance: 0.34051, num cross: 84427
Cap 1 ... flow: 32874 (1.56326 s)
Cap 2 ... flow: 37725 (2.40908 s)
Cap 4 ... flow: 37744 (0.62022 s)
Flow search took (seconds) 4.61746
SUBG cut conductance: 0.031763
SUBG cut minside volume 18764
SUBG cut maxside volume 132212
== End round 7 ==
H expansion: 2.67248, num cross: 100870
H conductance: 0.33406, num cross: 100870
H_single expansion: 2.52175, num cross: 95181
H_single conductance: 0.338521, num cross: 95181
Cap 1 ... flow: 30629 (1.87257 s)
Cap 2 ... flow: 37361 (0.830039 s)
Cap 4 ... flow: 37744 (0.653306 s)
Flow search took (seconds) 3.36971
SUBG cut conductance: 0.167606
SUBG cut minside volume 7631
SUBG cut maxside volume 143345
== End round 8 ==
H expansion: 2.99799, num cross: 113156
H conductance: 0.33311, num cross: 113156
H_single expansion: 2.81115, num cross: 106104
H_single conductance: 0.337492, num cross: 106104
Cap 1 ... flow: 29363 (1.88454 s)
Cap 2 ... flow: 35765 (1.83468 s)
Cap 4 ... flow: 37744 (0.625902 s)
Flow search took (seconds) 4.36176
SUBG cut conductance: 0.0410262
SUBG cut minside volume 51528
SUBG cut maxside volume 99448
== End round 9 ==
H expansion: 3.47144, num cross: 131026
H conductance: 0.347144, num cross: 131026
H_single expansion: 3.23596, num cross: 122138
H_single conductance: 0.350611, num cross: 122138
Cap 1 ... flow: 29399 (1.97643 s)
Cap 2 ... flow: 36326 (2.22287 s)
Cap 4 ... flow: 37744 (0.654667 s)
Flow search took (seconds) 4.87112
SUBG cut conductance: 0.0679496
SUBG cut minside volume 68698
SUBG cut maxside volume 82278
== End round 10 ==
H expansion: 3.54393, num cross: 133762
H conductance: 0.322175, num cross: 133762
H_single expansion: 3.29268, num cross: 124279
H_single conductance: 0.32605, num cross: 124279
Cap 1 ... flow: 25444 (1.90131 s)
Cap 2 ... flow: 31663 (1.79842 s)
Cap 4 ... flow: 37744 (1.46965 s)
Flow search took (seconds) 5.18905
SUBG cut conductance: 0.0755274
SUBG cut minside volume 68121
SUBG cut maxside volume 82855
== End round 11 ==
H expansion: 3.86716, num cross: 145962
H conductance: 0.322263, num cross: 145962
H_single expansion: 3.56904, num cross: 134710
H_single conductance: 0.324043, num cross: 134710
Cap 1 ... flow: 24662 (2.17334 s)
Cap 2 ... flow: 30429 (2.27618 s)
Cap 4 ... flow: 35874 (2.47029 s)
Cap 8 ... flow: 37488 (2.36141 s)
Cap 16 ... flow: 37744 (0.665429 s)
Flow search took (seconds) 9.97692
SUBG cut conductance: 0.0264853
SUBG cut minside volume 13970
SUBG cut maxside volume 137006
== End round 12 ==
H expansion: 4.64466, num cross: 175308
H conductance: 0.357281, num cross: 175308
H_single expansion: 4.28312, num cross: 161662
H_single conductance: 0.357925, num cross: 161662
Cap 1 ... flow: 27628 (1.38529 s)
Cap 2 ... flow: 33272 (1.27639 s)
Cap 4 ... flow: 35696 (0.538663 s)
Cap 8 ... flow: 37225 (0.532365 s)
Cap 16 ... flow: 37744 (0.365461 s)
Flow search took (seconds) 4.12782
SUBG cut conductance: 0.0262744
SUBG cut minside volume 13359
SUBG cut maxside volume 137617
== End round 13 ==
H expansion: 4.56094, num cross: 172148
H conductance: 0.325781, num cross: 172148
H_single expansion: 4.21421, num cross: 159061
H_single conductance: 0.326368, num cross: 159061
Cap 1 ... flow: 22670 (2.35138 s)
Cap 2 ... flow: 27550 (2.11404 s)
Cap 4 ... flow: 34200 (2.50283 s)
Cap 8 ... flow: 37744 (0.761 s)
Flow search took (seconds) 7.75489
SUBG cut conductance: 0.0430763
SUBG cut minside volume 65767
SUBG cut maxside volume 85209
== End round 14 ==
H expansion: 4.85863, num cross: 183384
H conductance: 0.323908, num cross: 183384
H_single expansion: 4.49568, num cross: 169685
H_single conductance: 0.324661, num cross: 169685
Cap 1 ... flow: 23038 (2.42775 s)
Cap 2 ... flow: 27633 (1.73687 s)
Cap 4 ... flow: 32506 (1.40664 s)
Cap 8 ... flow: 37744 (1.65801 s)
Flow search took (seconds) 7.24987
SUBG cut conductance: 0.0481782
SUBG cut minside volume 34746
SUBG cut maxside volume 116230
== End round 15 ==
H expansion: 5.44288, num cross: 205436
H conductance: 0.34018, num cross: 205436
H_single expansion: 5.03969, num cross: 190218
H_single conductance: 0.340979, num cross: 190218
Cap 1 ... flow: 23148 (2.11781 s)
Cap 2 ... flow: 27569 (1.90775 s)
Cap 4 ... flow: 32687 (2.13314 s)
Cap 8 ... flow: 37744 (1.3773 s)
Flow search took (seconds) 7.55557
SUBG cut conductance: 0.0377951
SUBG cut minside volume 57362
SUBG cut maxside volume 93614
== End round 16 ==
H expansion: 5.40833, num cross: 204132
H conductance: 0.318137, num cross: 204132
H_single expansion: 5.02257, num cross: 189572
H_single conductance: 0.319481, num cross: 189572
Cap 1 ... flow: 21098 (2.55439 s)
Cap 2 ... flow: 24769 (2.0774 s)
Cap 4 ... flow: 30688 (2.29758 s)
Cap 8 ... flow: 37744 (1.08239 s)
Flow search took (seconds) 8.03361
SUBG cut conductance: 0.0446834
SUBG cut minside volume 62126
SUBG cut maxside volume 88850
== End round 17 ==
H expansion: 6.49195, num cross: 245032
H conductance: 0.360664, num cross: 245032
H_single expansion: 6.03211, num cross: 227676
H_single conductance: 0.362793, num cross: 227676
Cap 1 ... flow: 24860 (2.40699 s)
Cap 2 ... flow: 29569 (3.10612 s)
Cap 4 ... flow: 35308 (3.01112 s)
Cap 8 ... flow: 37744 (0.947971 s)
Flow search took (seconds) 9.49521
SUBG cut conductance: 0.0661509
SUBG cut minside volume 35419
SUBG cut maxside volume 115557
== End round 18 ==
H expansion: 4.99825, num cross: 188654
H conductance: 0.263066, num cross: 188654
H_single expansion: 4.65873, num cross: 175839
H_single conductance: 0.26537, num cross: 175839
Cap 1 ... flow: 16469 (2.21726 s)
Cap 2 ... flow: 20369 (1.6932 s)
Cap 4 ... flow: 26720 (1.84222 s)
Cap 8 ... flow: 33940 (3.92349 s)
Cap 16 ... flow: 37117 (2.68673 s)
Cap 32 ... flow: 37744 (0.964419 s)
Flow search took (seconds) 13.364
SUBG cut conductance: 0.0258589
SUBG cut minside volume 13651
SUBG cut maxside volume 137325
== End round 19 ==
H expansion: 6.52941, num cross: 246446
H conductance: 0.32647, num cross: 246446
H_single expansion: 6.06308, num cross: 228845
H_single conductance: 0.327248, num cross: 228845
Cap 1 ... flow: 20979 (1.90004 s)
Cap 2 ... flow: 23272 (1.89551 s)
Cap 4 ... flow: 27163 (2.66068 s)
Cap 8 ... flow: 34544 (2.48372 s)
Cap 16 ... flow: 37744 (0.834787 s)
Flow search took (seconds) 9.8006
SUBG cut conductance: 0.0243799
SUBG cut minside volume 75226
SUBG cut maxside volume 75750
== End round 20 ==
H expansion: 7.39948, num cross: 279286
H conductance: 0.352356, num cross: 279286
H_single expansion: 6.88565, num cross: 259892
H_single conductance: 0.353984, num cross: 259892
Cap 1 ... flow: 23129 (2.1314 s)
Cap 2 ... flow: 26509 (1.77061 s)
Cap 4 ... flow: 30670 (1.85061 s)
Cap 8 ... flow: 37546 (2.55551 s)
Cap 16 ... flow: 37744 (0.622191 s)
Flow search took (seconds) 8.95486
SUBG cut conductance: 0.0252634
SUBG cut minside volume 64362
SUBG cut maxside volume 86614
== End round 21 ==
H expansion: 7.01786, num cross: 264882
H conductance: 0.318994, num cross: 264882
H_single expansion: 6.5385, num cross: 246789
H_single conductance: 0.320596, num cross: 246789
Cap 1 ... flow: 19607 (1.97828 s)
Cap 2 ... flow: 22324 (1.75619 s)
Cap 4 ... flow: 27070 (2.21187 s)
Cap 8 ... flow: 34961 (3.28052 s)
Cap 16 ... flow: 37744 (1.80766 s)
Flow search took (seconds) 11.0593
SUBG cut conductance: 0.0311639
SUBG cut minside volume 62091
SUBG cut maxside volume 88885
== End round 22 ==
H expansion: 8.09326, num cross: 305472
H conductance: 0.351881, num cross: 305472
H_single expansion: 7.54621, num cross: 284824
H_single conductance: 0.353812, num cross: 284824
Cap 1 ... flow: 22065 (2.53604 s)
Cap 2 ... flow: 25246 (2.26758 s)
Cap 4 ... flow: 29821 (1.67573 s)
Cap 8 ... flow: 37230 (2.54141 s)
Cap 16 ... flow: 37744 (0.706353 s)
Flow search took (seconds) 9.7538
SUBG cut conductance: 0.0260244
SUBG cut minside volume 68359
SUBG cut maxside volume 82617
== End round 23 ==
H expansion: 9.22923, num cross: 348348
H conductance: 0.384551, num cross: 348348
H_single expansion: 8.60248, num cross: 324692
H_single conductance: 0.38631, num cross: 324692
Cap 1 ... flow: 24983 (2.35063 s)
Cap 2 ... flow: 27776 (2.13015 s)
Cap 4 ... flow: 32244 (2.86285 s)
Cap 8 ... flow: 37744 (1.61294 s)
Flow search took (seconds) 8.97872
SUBG cut conductance: 0.0336534
SUBG cut minside volume 62282
SUBG cut maxside volume 88694
== End round 24 ==
H expansion: 7.72785, num cross: 291680
H conductance: 0.309114, num cross: 291680
H_single expansion: 7.22417, num cross: 272669
H_single conductance: 0.311561, num cross: 272669
Cap 1 ... flow: 18504 (2.20298 s)
Cap 2 ... flow: 22118 (2.05176 s)
Cap 4 ... flow: 28064 (1.70515 s)
Cap 8 ... flow: 37744 (1.93232 s)
Flow search took (seconds) 7.91165
SUBG cut conductance: 0.0388515
SUBG cut minside volume 68260
SUBG cut maxside volume 82716
== End round 25 ==
H expansion: 7.79584, num cross: 294246
H conductance: 0.29984, num cross: 294246
H_single expansion: 7.29544, num cross: 275359
H_single conductance: 0.302413, num cross: 275359
Cap 1 ... flow: 17556 (2.22503 s)
Cap 2 ... flow: 21261 (2.23865 s)
Cap 4 ... flow: 27459 (2.87889 s)
Cap 8 ... flow: 34372 (4.57814 s)
Cap 16 ... flow: 37445 (2.75256 s)
Cap 32 ... flow: 37744 (0.897584 s)
Flow search took (seconds) 15.6036
SUBG cut conductance: 0.0258589
SUBG cut minside volume 13651
SUBG cut maxside volume 137325
== End round 26 ==
H expansion: 6.70862, num cross: 253210
H conductance: 0.248467, num cross: 253210
H_single expansion: 6.28828, num cross: 237345
H_single conductance: 0.25063, num cross: 237345
Cap 1 ... flow: 13734 (1.3891 s)
Cap 2 ... flow: 16996 (2.3753 s)
Cap 4 ... flow: 22634 (1.88587 s)
Cap 8 ... flow: 33031 (2.43289 s)
Cap 16 ... flow: 37744 (0.804015 s)
Flow search took (seconds) 8.91315
SUBG cut conductance: 0.0364476
SUBG cut minside volume 70128
SUBG cut maxside volume 80848
== End round 27 ==
H expansion: 10.7396, num cross: 405356
H conductance: 0.383558, num cross: 405356
H_single expansion: 10.0227, num cross: 378298
H_single conductance: 0.384609, num cross: 378298
Cap 1 ... flow: 24176 (2.23358 s)
Cap 2 ... flow: 27363 (1.98117 s)
Cap 4 ... flow: 31870 (2.78562 s)
Cap 8 ... flow: 36729 (3.6095 s)
Cap 16 ... flow: 37744 (1.20802 s)
Flow search took (seconds) 11.8496
SUBG cut conductance: 0.0258671
SUBG cut minside volume 13608
SUBG cut maxside volume 137368
== End round 28 ==
H expansion: 8.08404, num cross: 305124
H conductance: 0.27876, num cross: 305124
H_single expansion: 7.59602, num cross: 286704
H_single conductance: 0.281705, num cross: 286704
Cap 1 ... flow: 15033 (2.29403 s)
Cap 2 ... flow: 17729 (2.09115 s)
Cap 4 ... flow: 22571 (1.82442 s)
Cap 8 ... flow: 31465 (2.27386 s)
Cap 16 ... flow: 37744 (1.02839 s)
Flow search took (seconds) 9.53739
SUBG cut conductance: 0.02996
SUBG cut minside volume 71562
SUBG cut maxside volume 79414
== End round 29 ==
H expansion: 11.5084, num cross: 434374
H conductance: 0.383614, num cross: 434374
H_single expansion: 10.7607, num cross: 406151
H_single conductance: 0.385315, num cross: 406151
Cap 1 ... flow: 23823 (2.11018 s)
Cap 2 ... flow: 26861 (2.20193 s)
Cap 4 ... flow: 31729 (2.0596 s)
Cap 8 ... flow: 37196 (1.01978 s)
Cap 16 ... flow: 37744 (0.53915 s)
Flow search took (seconds) 7.95625
SUBG cut conductance: 0.0262813
SUBG cut minside volume 14497
SUBG cut maxside volume 136479
== End round 30 ==
H expansion: 10.5622, num cross: 398660
H conductance: 0.340716, num cross: 398660
H_single expansion: 9.90115, num cross: 373709
H_single conductance: 0.343275, num cross: 373709
Cap 1 ... flow: 19732 (2.03276 s)
Cap 2 ... flow: 23322 (1.98675 s)
Cap 4 ... flow: 29400 (2.05298 s)
Cap 8 ... flow: 37264 (2.69075 s)
Cap 16 ... flow: 37744 (1.10522 s)
Flow search took (seconds) 9.89732
SUBG cut conductance: 0.0259616
SUBG cut minside volume 13597
SUBG cut maxside volume 137379
== End round 31 ==
H expansion: 9.7013, num cross: 366166
H conductance: 0.303166, num cross: 366166
H_single expansion: 9.13605, num cross: 344831
H_single conductance: 0.306992, num cross: 344831
Cap 1 ... flow: 16688 (2.47532 s)
Cap 2 ... flow: 19352 (1.93458 s)
Cap 4 ... flow: 23864 (2.0088 s)
Cap 8 ... flow: 31469 (2.45052 s)
Cap 16 ... flow: 37744 (1.14295 s)
Flow search took (seconds) 10.0372
SUBG cut conductance: 0.0288373
SUBG cut minside volume 65332
SUBG cut maxside volume 85644
== End round 32 ==
H expansion: 13.6216, num cross: 514132
H conductance: 0.412774, num cross: 514132
H_single expansion: 12.741, num cross: 480895
H_single conductance: 0.414827, num cross: 480895
Cap 1 ... flow: 26442 (2.1315 s)
Cap 2 ... flow: 29163 (2.17633 s)
Cap 4 ... flow: 33369 (2.03816 s)
Cap 8 ... flow: 37744 (1.17501 s)
Flow search took (seconds) 7.54109
SUBG cut conductance: 0.031008
SUBG cut minside volume 57082
SUBG cut maxside volume 93894
== End round 33 ==
H expansion: 13.6282, num cross: 514382
H conductance: 0.400829, num cross: 514382
H_single expansion: 12.767, num cross: 481877
H_single conductance: 0.403555, num cross: 481877
Cap 1 ... flow: 25423 (1.9472 s)
Cap 2 ... flow: 28686 (2.04736 s)
Cap 4 ... flow: 33101 (6.02589 s)
Cap 8 ... flow: 34865 (2.51673 s)
Cap 16 ... flow: 37744 (1.91916 s)
Flow search took (seconds) 14.4851
SUBG cut conductance: 0.0262608
SUBG cut minside volume 15803
SUBG cut maxside volume 135173
== End round 34 ==
H expansion: 13.4565, num cross: 507904
H conductance: 0.384473, num cross: 507904
H_single expansion: 12.6156, num cross: 476162
H_single conductance: 0.388323, num cross: 476162
Cap 1 ... flow: 23407 (1.96478 s)
Cap 2 ... flow: 27182 (2.21137 s)
Cap 4 ... flow: 33628 (1.53856 s)
Cap 8 ... flow: 37744 (0.9078 s)
Flow search took (seconds) 6.64213
SUBG cut conductance: 0.0485624
SUBG cut minside volume 51789
SUBG cut maxside volume 99187
== End round 35 ==
H expansion: 12.0584, num cross: 455134
H conductance: 0.334957, num cross: 455134
H_single expansion: 11.3062, num cross: 426743
H_single conductance: 0.338535, num cross: 426743
Cap 1 ... flow: 19590 (2.24947 s)
Cap 2 ... flow: 23111 (1.75248 s)
Cap 4 ... flow: 27836 (2.04999 s)
Cap 8 ... flow: 34704 (4.5111 s)
Cap 16 ... flow: 37744 (1.2982 s)
Flow search took (seconds) 11.8883
SUBG cut conductance: 0.0283123
SUBG cut minside volume 55347
SUBG cut maxside volume 95629
== End round 36 ==
H expansion: 13.3101, num cross: 502378
H conductance: 0.359734, num cross: 502378
H_single expansion: 12.475, num cross: 470856
H_single conductance: 0.363518, num cross: 470856
Cap 1 ... flow: 21544 (2.16831 s)
Cap 2 ... flow: 24656 (1.87537 s)
Cap 4 ... flow: 29202 (2.05289 s)
Cap 8 ... flow: 36961 (3.04462 s)
Cap 16 ... flow: 37744 (0.804599 s)
Flow search took (seconds) 9.9734
SUBG cut conductance: 0.0270351
SUBG cut minside volume 60107
SUBG cut maxside volume 90869
== End round 37 ==
H expansion: 14.6514, num cross: 553002
H conductance: 0.385563, num cross: 553002
H_single expansion: 13.6997, num cross: 517083
H_single conductance: 0.38862, num cross: 517083
Cap 1 ... flow: 22883 (2.36991 s)
Cap 2 ... flow: 25622 (2.31393 s)
Cap 4 ... flow: 30233 (2.26899 s)
Cap 8 ... flow: 37744 (1.99558 s)
Flow search took (seconds) 8.97226
SUBG cut conductance: 0.0311289
SUBG cut minside volume 71991
SUBG cut maxside volume 78985
== End round 38 ==
H expansion: 14.4398, num cross: 545014
H conductance: 0.37025, num cross: 545014
H_single expansion: 13.5085, num cross: 509864
H_single conductance: 0.37326, num cross: 509864
Cap 1 ... flow: 21684 (2.42361 s)
Cap 2 ... flow: 25027 (1.79965 s)
Cap 4 ... flow: 30338 (1.8736 s)
Cap 8 ... flow: 35186 (0.873704 s)
Cap 16 ... flow: 37744 (0.654038 s)
Flow search took (seconds) 7.6472
SUBG cut conductance: 0.0274248
SUBG cut minside volume 17393
SUBG cut maxside volume 133583
== End round 39 ==
H expansion: 17.1196, num cross: 646162
H conductance: 0.42799, num cross: 646162
H_single expansion: 15.9509, num cross: 602051
H_single conductance: 0.429752, num cross: 602051
Cap 1 ... flow: 27768 (1.29669 s)
Cap 2 ... flow: 30872 (1.6345 s)
Cap 4 ... flow: 35599 (1.66481 s)
Cap 8 ... flow: 37744 (0.849999 s)
Flow search took (seconds) 5.4672
SUBG cut conductance: 0.0330335
SUBG cut minside volume 67144
SUBG cut maxside volume 83832
== End round 40 ==
H expansion: 14.8124, num cross: 559078
H conductance: 0.361277, num cross: 559078
H_single expansion: 13.8513, num cross: 522805
H_single conductance: 0.364687, num cross: 522805
Cap 1 ... flow: 20807 (2.07042 s)
Cap 2 ... flow: 24289 (2.03928 s)
Cap 4 ... flow: 30745 (1.46016 s)
Cap 8 ... flow: 37744 (1.1449 s)
Flow search took (seconds) 6.73475
SUBG cut conductance: 0.0457803
SUBG cut minside volume 69353
SUBG cut maxside volume 81623
== End round 41 ==
H expansion: 14.4396, num cross: 545008
H conductance: 0.3438, num cross: 545008
H_single expansion: 13.5445, num cross: 511224
H_single conductance: 0.348497, num cross: 511224
Cap 1 ... flow: 19271 (2.26552 s)
Cap 2 ... flow: 22225 (1.88682 s)
Cap 4 ... flow: 26880 (1.92265 s)
Cap 8 ... flow: 35192 (2.82371 s)
Cap 16 ... flow: 37744 (0.989933 s)
Flow search took (seconds) 9.91459
SUBG cut conductance: 0.0268401
SUBG cut minside volume 72876
SUBG cut maxside volume 78100
== End round 42 ==
H expansion: 14.6457, num cross: 552786
H conductance: 0.340597, num cross: 552786
H_single expansion: 13.7458, num cross: 518823
H_single conductance: 0.344852, num cross: 518823
Cap 1 ... flow: 18613 (2.10608 s)
Cap 2 ... flow: 20746 (2.01317 s)
Cap 4 ... flow: 24594 (1.8741 s)
Cap 8 ... flow: 31857 (2.28584 s)
Cap 16 ... flow: 37744 (1.16242 s)
Flow search took (seconds) 9.4669
SUBG cut conductance: 0.0233846
SUBG cut minside volume 74750
SUBG cut maxside volume 76226
== End round 43 ==
H expansion: 17.5311, num cross: 661692
H conductance: 0.398433, num cross: 661692
H_single expansion: 16.3525, num cross: 617210
H_single conductance: 0.401084, num cross: 617210
Cap 1 ... flow: 23876 (2.20585 s)
Cap 2 ... flow: 27011 (2.14989 s)
Cap 4 ... flow: 32068 (2.72595 s)
Cap 8 ... flow: 37744 (1.95008 s)
Flow search took (seconds) 9.05637
SUBG cut conductance: 0.0361735
SUBG cut minside volume 66568
SUBG cut maxside volume 84408
== End round 44 ==
H expansion: 15.2298, num cross: 574834
H conductance: 0.33844, num cross: 574834
H_single expansion: 14.3012, num cross: 539786
H_single conductance: 0.34314, num cross: 539786
Cap 1 ... flow: 18984 (2.0555 s)
Cap 2 ... flow: 22032 (2.12803 s)
Cap 4 ... flow: 27170 (2.25984 s)
Cap 8 ... flow: 33718 (3.19767 s)
Cap 16 ... flow: 36997 (2.75836 s)
Cap 32 ... flow: 37744 (0.989998 s)
Flow search took (seconds) 13.4229
SUBG cut conductance: 0.0258589
SUBG cut minside volume 13651
SUBG cut maxside volume 137325
== End round 45 ==
H expansion: 19.6018, num cross: 739850
H conductance: 0.426126, num cross: 739850
H_single expansion: 18.2535, num cross: 688960
H_single conductance: 0.428191, num cross: 688960
Cap 1 ... flow: 27154 (1.7635 s)
Cap 2 ... flow: 30635 (1.93784 s)
Cap 4 ... flow: 35009 (1.57428 s)
Cap 8 ... flow: 37744 (0.812109 s)
Flow search took (seconds) 6.10977
SUBG cut conductance: 0.0425645
SUBG cut minside volume 35687
SUBG cut maxside volume 115289
== End round 46 ==
H expansion: 16.5613, num cross: 625090
H conductance: 0.352368, num cross: 625090
H_single expansion: 15.5358, num cross: 586384
H_single conductance: 0.357464, num cross: 586384
Cap 1 ... flow: 19871 (2.0952 s)
Cap 2 ... flow: 23075 (2.22052 s)
Cap 4 ... flow: 27688 (1.69981 s)
Cap 8 ... flow: 34634 (3.14172 s)
Cap 16 ... flow: 37665 (2.43147 s)
Cap 32 ... flow: 37744 (0.884872 s)
Flow search took (seconds) 12.5061
SUBG cut conductance: 0.0258589
SUBG cut minside volume 13651
SUBG cut maxside volume 137325
== End round 47 ==
H expansion: 19.5928, num cross: 739510
H conductance: 0.408183, num cross: 739510
H_single expansion: 18.2601, num cross: 689211
H_single conductance: 0.410869, num cross: 689211
Cap 1 ... flow: 24712 (2.27819 s)
Cap 2 ... flow: 27932 (2.2361 s)
Cap 4 ... flow: 32858 (1.35418 s)
Cap 8 ... flow: 35937 (0.715608 s)
Cap 16 ... flow: 37744 (0.508515 s)
Flow search took (seconds) 7.11592
SUBG cut conductance: 0.0260903
SUBG cut minside volume 15523
SUBG cut maxside volume 135453
== End round 48 ==
H expansion: 19.8833, num cross: 750474
H conductance: 0.405781, num cross: 750474
H_single expansion: 18.5208, num cross: 699048
H_single conductance: 0.408272, num cross: 699048
Cap 1 ... flow: 24778 (2.28877 s)
Cap 2 ... flow: 28109 (2.2725 s)
Cap 4 ... flow: 32934 (1.35505 s)
Cap 8 ... flow: 35678 (0.778962 s)
Cap 16 ... flow: 37744 (0.560128 s)
Flow search took (seconds) 7.27813
SUBG cut conductance: 0.0262608
SUBG cut minside volume 15803
SUBG cut maxside volume 135173
== End round 49 ==
H expansion: 18.9636, num cross: 715764
H conductance: 0.379273, num cross: 715764
H_single expansion: 17.746, num cross: 669804
H_single conductance: 0.384366, num cross: 669804
Cap 1 ... flow: 22288 (1.91262 s)
Cap 2 ... flow: 25373 (1.3934 s)
Cap 4 ... flow: 30705 (1.24317 s)
Cap 8 ... flow: 37744 (0.981357 s)
Flow search took (seconds) 5.55366
SUBG cut conductance: 0.0487189
SUBG cut minside volume 50309
SUBG cut maxside volume 100667
== End round 50 ==
H expansion: 21.2099, num cross: 800548
H conductance: 0.415881, num cross: 800548
H_single expansion: 19.7511, num cross: 745486
H_single conductance: 0.418465, num cross: 745486
Cap 1 ... flow: 24827 (1.6234 s)
Cap 2 ... flow: 26819 (1.53689 s)
Cap 4 ... flow: 30243 (1.17769 s)
Cap 8 ... flow: 36724 (1.25004 s)
Cap 16 ... flow: 37744 (0.690334 s)
Flow search took (seconds) 6.30203
SUBG cut conductance: 0.0361235
SUBG cut minside volume 42244
SUBG cut maxside volume 108732
== End round 51 ==
H expansion: 19.876, num cross: 750200
H conductance: 0.382231, num cross: 750200
H_single expansion: 18.549, num cross: 700115
H_single conductance: 0.385817, num cross: 700115
Cap 1 ... flow: 21743 (2.53629 s)
Cap 2 ... flow: 24570 (1.75041 s)
Cap 4 ... flow: 29815 (2.44572 s)
Cap 8 ... flow: 36627 (1.1356 s)
Cap 16 ... flow: 37744 (0.577517 s)
Flow search took (seconds) 8.47169
SUBG cut conductance: 0.0259281
SUBG cut minside volume 13576
SUBG cut maxside volume 137400
== End round 52 ==
H expansion: 19.2456, num cross: 726406
H conductance: 0.363125, num cross: 726406
H_single expansion: 17.9968, num cross: 679271
H_single conductance: 0.367213, num cross: 679271
Cap 1 ... flow: 20680 (2.05146 s)
Cap 2 ... flow: 23640 (1.87393 s)
Cap 4 ... flow: 28086 (2.46206 s)
Cap 8 ... flow: 35916 (2.22732 s)
Cap 16 ... flow: 37744 (0.725579 s)
Flow search took (seconds) 9.36642
SUBG cut conductance: 0.025041
SUBG cut minside volume 74438
SUBG cut maxside volume 76538
== End round 53 ==
H expansion: 19.1506, num cross: 722820
H conductance: 0.354641, num cross: 722820
H_single expansion: 17.9125, num cross: 676090
H_single conductance: 0.358551, num cross: 676090
Cap 1 ... flow: 19856 (2.18823 s)
Cap 2 ... flow: 22922 (2.08978 s)
Cap 4 ... flow: 27865 (2.68544 s)
Cap 8 ... flow: 35972 (3.86902 s)
Cap 16 ... flow: 37744 (1.32067 s)
Flow search took (seconds) 12.18
SUBG cut conductance: 0.0328381
SUBG cut minside volume 50612
SUBG cut maxside volume 100364
== End round 54 ==
H expansion: 21.9538, num cross: 828624
H conductance: 0.39916, num cross: 828624
H_single expansion: 20.4757, num cross: 772835
H_single conductance: 0.40254, num cross: 772835
Cap 1 ... flow: 23757 (2.29281 s)
Cap 2 ... flow: 26978 (2.53395 s)
Cap 4 ... flow: 31663 (3.13185 s)
Cap 8 ... flow: 37744 (1.66469 s)
Flow search took (seconds) 9.64535
SUBG cut conductance: 0.0340064
SUBG cut minside volume 62400
SUBG cut maxside volume 88576
== End round 55 ==
H expansion: 20.9581, num cross: 791044
H conductance: 0.374252, num cross: 791044
H_single expansion: 19.5836, num cross: 739162
H_single conductance: 0.378476, num cross: 739162
Cap 1 ... flow: 21517 (1.97968 s)
Cap 2 ... flow: 25339 (2.11218 s)
Cap 4 ... flow: 31134 (1.54052 s)
Cap 8 ... flow: 37363 (3.09492 s)
Cap 16 ... flow: 37744 (1.0958 s)
Flow search took (seconds) 9.85588
SUBG cut conductance: 0.0261269
SUBG cut minside volume 13511
SUBG cut maxside volume 137465
== End round 56 ==
H expansion: 20.3583, num cross: 768404
H conductance: 0.357163, num cross: 768404
H_single expansion: 19.0501, num cross: 719026
H_single conductance: 0.361659, num cross: 719026
Cap 1 ... flow: 19847 (2.34569 s)
Cap 2 ... flow: 22028 (1.59044 s)
Cap 4 ... flow: 25743 (1.95118 s)
Cap 8 ... flow: 32632 (2.52405 s)
Cap 16 ... flow: 37744 (1.06434 s)
Flow search took (seconds) 9.5029
SUBG cut conductance: 0.0243407
SUBG cut minside volume 69842
SUBG cut maxside volume 81134
== End round 57 ==
H expansion: 18.9929, num cross: 716868
H conductance: 0.327464, num cross: 716868
H_single expansion: 17.8189, num cross: 672558
H_single conductance: 0.332536, num cross: 672558
Cap 1 ... flow: 16642 (1.9075 s)
Cap 2 ... flow: 19654 (2.33153 s)
Cap 4 ... flow: 25213 (2.54283 s)
Cap 8 ... flow: 35623 (3.18169 s)
Cap 16 ... flow: 37744 (0.763441 s)
Flow search took (seconds) 10.7518
SUBG cut conductance: 0.0351634
SUBG cut minside volume 72348
SUBG cut maxside volume 78628
== End round 58 ==
H expansion: 23.3597, num cross: 881688
H conductance: 0.395927, num cross: 881688
H_single expansion: 21.7767, num cross: 821940
H_single conductance: 0.399568, num cross: 821940
Cap 1 ... flow: 23005 (2.23015 s)
Cap 2 ... flow: 26210 (1.83931 s)
Cap 4 ... flow: 31506 (2.4144 s)
Cap 8 ... flow: 37047 (3.03291 s)
Cap 16 ... flow: 37744 (1.12205 s)
Flow search took (seconds) 10.6749
SUBG cut conductance: 0.0262958
SUBG cut minside volume 15820
SUBG cut maxside volume 135156
== End round 59 ==
H expansion: 22.9901, num cross: 867738
H conductance: 0.383168, num cross: 867738
H_single expansion: 21.4841, num cross: 810897
H_single conductance: 0.387807, num cross: 810897
Cap 1 ... flow: 21514 (1.96899 s)
Cap 2 ... flow: 23689 (2.03992 s)
Cap 4 ... flow: 27410 (2.27223 s)
Cap 8 ... flow: 34371 (2.44751 s)
Cap 16 ... flow: 37744 (0.876407 s)
Flow search took (seconds) 9.6346
SUBG cut conductance: 0.0238299
SUBG cut minside volume 72598
SUBG cut maxside volume 78378
== End round 60 ==
H expansion: 26.3967, num cross: 996318
H conductance: 0.432733, num cross: 996318
H_single expansion: 24.538, num cross: 926161
H_single conductance: 0.436086, num cross: 926161
Cap 1 ... flow: 26774 (2.05867 s)
Cap 2 ... flow: 30935 (1.63108 s)
Cap 4 ... flow: 37744 (2.25666 s)
Flow search took (seconds) 5.96199
SUBG cut conductance: 0.0573922
SUBG cut minside volume 67483
SUBG cut maxside volume 83493
== End round 61 ==
H expansion: 22.6948, num cross: 856592
H conductance: 0.366045, num cross: 856592
H_single expansion: 21.2277, num cross: 801218
H_single conductance: 0.371474, num cross: 801218
Cap 1 ... flow: 20189 (2.6018 s)
Cap 2 ... flow: 22218 (2.85439 s)
Cap 4 ... flow: 25750 (2.64264 s)
Cap 8 ... flow: 32498 (3.46348 s)
Cap 16 ... flow: 37744 (1.54111 s)
Flow search took (seconds) 13.1302
SUBG cut conductance: 0.0322633
SUBG cut minside volume 49716
SUBG cut maxside volume 101260
== End round 62 ==
H expansion: 22.6225, num cross: 853862
H conductance: 0.359087, num cross: 853862
H_single expansion: 21.1187, num cross: 797106
H_single conductance: 0.363689, num cross: 797106
Cap 1 ... flow: 19681 (2.69742 s)
Cap 2 ... flow: 23849 (2.47505 s)
Cap 4 ... flow: 30787 (2.83798 s)
Cap 8 ... flow: 37744 (1.2261 s)
Flow search took (seconds) 9.26051
SUBG cut conductance: 0.0477481
SUBG cut minside volume 70118
SUBG cut maxside volume 80858
== End round 63 ==
H expansion: 24.4575, num cross: 923124
H conductance: 0.382148, num cross: 923124
H_single expansion: 22.8183, num cross: 861255
H_single conductance: 0.387297, num cross: 861255
Cap 1 ... flow: 21636 (2.51638 s)
Cap 2 ... flow: 23509 (2.50006 s)
Cap 4 ... flow: 26755 (2.67453 s)
Cap 8 ... flow: 32994 (2.45447 s)
Cap 16 ... flow: 37744 (1.36037 s)
Flow search took (seconds) 11.536
SUBG cut conductance: 0.0265784
SUBG cut minside volume 58318
SUBG cut maxside volume 92658
== End round 64 ==
H expansion: 28.125, num cross: 1061550
H conductance: 0.432692, num cross: 1061550
H_single expansion: 26.131, num cross: 986290
H_single conductance: 0.436997, num cross: 986290
Cap 1 ... flow: 27938 (1.70534 s)
Cap 2 ... flow: 31112 (1.34424 s)
Cap 4 ... flow: 34031 (2.5299 s)
Cap 8 ... flow: 35670 (2.57964 s)
Cap 16 ... flow: 37744 (1.38072 s)
Flow search took (seconds) 9.56918
SUBG cut conductance: 0.0261105
SUBG cut minside volume 15511
SUBG cut maxside volume 135465
== End round 65 ==
H expansion: 20.9125, num cross: 789320
H conductance: 0.316855, num cross: 789320
H_single expansion: 19.6349, num cross: 741098
H_single conductance: 0.323669, num cross: 741098
Cap 1 ... flow: 15951 (2.49601 s)
Cap 2 ... flow: 19045 (2.23456 s)
Cap 4 ... flow: 24417 (2.16495 s)
Cap 8 ... flow: 33844 (4.17004 s)
Cap 16 ... flow: 37744 (2.07875 s)
Flow search took (seconds) 13.1708
SUBG cut conductance: 0.0344514
SUBG cut minside volume 61594
SUBG cut maxside volume 89382
== End round 66 ==
H expansion: 20.8207, num cross: 785856
H conductance: 0.310757, num cross: 785856
H_single expansion: 19.4917, num cross: 735694
H_single conductance: 0.316469, num cross: 735694
Cap 1 ... flow: 15347 (2.46412 s)
Cap 2 ... flow: 18895 (1.47898 s)
Cap 4 ... flow: 24716 (1.3273 s)
Cap 8 ... flow: 35269 (1.93127 s)
Cap 16 ... flow: 37744 (0.767575 s)
Flow search took (seconds) 7.99511
SUBG cut conductance: 0.0432986
SUBG cut minside volume 58570
SUBG cut maxside volume 92406
== End round 67 ==
H expansion: 24.3323, num cross: 918400
H conductance: 0.357829, num cross: 918400
H_single expansion: 22.6856, num cross: 856245
H_single conductance: 0.362987, num cross: 856245
Cap 1 ... flow: 19317 (2.10769 s)
Cap 2 ... flow: 22715 (2.05672 s)
Cap 4 ... flow: 28420 (2.68573 s)
Cap 8 ... flow: 35222 (3.18736 s)
Cap 16 ... flow: 37744 (1.83911 s)
Flow search took (seconds) 11.9099
SUBG cut conductance: 0.0274469
SUBG cut minside volume 17379
SUBG cut maxside volume 133597
== End round 68 ==
H expansion: 25.6205, num cross: 967022
H conductance: 0.371312, num cross: 967022
H_single expansion: 23.854, num cross: 900344
H_single conductance: 0.376312, num cross: 900344
Cap 1 ... flow: 21251 (2.4349 s)
Cap 2 ... flow: 24307 (2.50892 s)
Cap 4 ... flow: 28681 (2.26941 s)
Cap 8 ... flow: 36287 (2.65997 s)
Cap 16 ... flow: 37744 (0.75424 s)
Flow search took (seconds) 10.6545
SUBG cut conductance: 0.0351887
SUBG cut minside volume 52460
SUBG cut maxside volume 98516
== End round 69 ==
H expansion: 29.277, num cross: 1105032
H conductance: 0.418243, num cross: 1105032
H_single expansion: 27.1282, num cross: 1023927
H_single conductance: 0.421889, num cross: 1023927
Cap 1 ... flow: 24544 (2.28938 s)
Cap 2 ... flow: 27614 (2.47219 s)
Cap 4 ... flow: 32454 (2.40211 s)
Cap 8 ... flow: 37744 (1.12449 s)
Flow search took (seconds) 8.31194
SUBG cut conductance: 0.0329724
SUBG cut minside volume 65297
SUBG cut maxside volume 85679
== End round 70 ==
H expansion: 25.7997, num cross: 973782
H conductance: 0.363375, num cross: 973782
H_single expansion: 24.0399, num cross: 907362
H_single conductance: 0.369072, num cross: 907362
Cap 1 ... flow: 19968 (2.08368 s)
Cap 2 ... flow: 22265 (2.07554 s)
Cap 4 ... flow: 25968 (1.79648 s)
Cap 8 ... flow: 33221 (2.18741 s)
Cap 16 ... flow: 37744 (0.974175 s)
Flow search took (seconds) 9.14177
SUBG cut conductance: 0.0261025
SUBG cut minside volume 69342
SUBG cut maxside volume 81634
== End round 71 ==
H expansion: 30.2924, num cross: 1143358
H conductance: 0.420728, num cross: 1143358
H_single expansion: 28.0507, num cross: 1058744
H_single conductance: 0.425002, num cross: 1058744
Cap 1 ... flow: 25862 (1.52411 s)
Cap 2 ... flow: 28832 (1.51076 s)
Cap 4 ... flow: 33042 (1.13734 s)
Cap 8 ... flow: 35378 (0.699537 s)
Cap 16 ... flow: 37744 (0.544661 s)
Flow search took (seconds) 5.4394
SUBG cut conductance: 0.0258589
SUBG cut minside volume 13651
SUBG cut maxside volume 137325
== End round 72 ==
H expansion: 31.0086, num cross: 1170390
H conductance: 0.424776, num cross: 1170390
H_single expansion: 28.6843, num cross: 1082662
H_single conductance: 0.428489, num cross: 1082662
Cap 1 ... flow: 25715 (2.08577 s)
Cap 2 ... flow: 28373 (1.95024 s)
Cap 4 ... flow: 32764 (2.17449 s)
Cap 8 ... flow: 37744 (1.30313 s)
Flow search took (seconds) 7.5356
SUBG cut conductance: 0.0322207
SUBG cut minside volume 63903
SUBG cut maxside volume 87073
== End round 73 ==
H expansion: 30.3251, num cross: 1144590
H conductance: 0.409798, num cross: 1144590
H_single expansion: 28.0934, num cross: 1060357
H_single conductance: 0.414275, num cross: 1060357
Cap 1 ... flow: 24286 (1.8934 s)
Cap 2 ... flow: 27226 (1.33174 s)
Cap 4 ... flow: 31359 (1.413 s)
Cap 8 ... flow: 36843 (1.19776 s)
Cap 16 ... flow: 37744 (0.541593 s)
Flow search took (seconds) 6.39949
SUBG cut conductance: 0.0266564
SUBG cut minside volume 15606
SUBG cut maxside volume 135370
== End round 74 ==
H expansion: 28.6699, num cross: 1082118
H conductance: 0.382266, num cross: 1082118
H_single expansion: 26.5911, num cross: 1003653
H_single conductance: 0.38711, num cross: 1003653
Cap 1 ... flow: 21554 (2.49282 s)
Cap 2 ... flow: 24719 (2.52952 s)
Cap 4 ... flow: 29616 (2.61899 s)
Cap 8 ... flow: 37296 (3.00303 s)
Cap 16 ... flow: 37744 (0.681821 s)
Flow search took (seconds) 11.3559
SUBG cut conductance: 0.0261204
SUBG cut minside volume 69754
SUBG cut maxside volume 81222
== End round 75 ==
H expansion: 27.2794, num cross: 1029634
H conductance: 0.35894, num cross: 1029634
H_single expansion: 25.3751, num cross: 957758
H_single conductance: 0.364209, num cross: 957758
Cap 1 ... flow: 18854 (2.70483 s)
Cap 2 ... flow: 21890 (2.87368 s)
Cap 4 ... flow: 27132 (2.58968 s)
Cap 8 ... flow: 35420 (2.71764 s)
Cap 16 ... flow: 37744 (1.48754 s)
Flow search took (seconds) 12.4026
SUBG cut conductance: 0.0264755
SUBG cut minside volume 15486
SUBG cut maxside volume 135490
== End round 76 ==
H expansion: 27.5047, num cross: 1038136
H conductance: 0.357203, num cross: 1038136
H_single expansion: 25.6051, num cross: 966440
H_single conductance: 0.363125, num cross: 966440
Cap 1 ... flow: 18895 (2.63203 s)
Cap 2 ... flow: 21853 (2.4564 s)
Cap 4 ... flow: 26847 (1.90956 s)
Cap 8 ... flow: 36059 (2.2813 s)
Cap 16 ... flow: 37744 (0.703852 s)
Flow search took (seconds) 10.0163
SUBG cut conductance: 0.0319302
SUBG cut minside volume 69464
SUBG cut maxside volume 81512
== End round 77 ==
H expansion: 34.2124, num cross: 1291314
H conductance: 0.438621, num cross: 1291314
H_single expansion: 31.6161, num cross: 1193317
H_single conductance: 0.443161, num cross: 1193317
Cap 1 ... flow: 27154 (1.75118 s)
Cap 2 ... flow: 31250 (1.90427 s)
Cap 4 ... flow: 36971 (1.17527 s)
Cap 8 ... flow: 37744 (0.803168 s)
Flow search took (seconds) 5.65215
SUBG cut conductance: 0.0652781
SUBG cut minside volume 19685
SUBG cut maxside volume 131291
== End round 78 ==
H expansion: 27.1102, num cross: 1023248
H conductance: 0.343167, num cross: 1023248
H_single expansion: 25.2883, num cross: 954482
H_single conductance: 0.35031, num cross: 954482
Cap 1 ... flow: 17884 (2.24652 s)
Cap 2 ... flow: 19933 (1.57592 s)
Cap 4 ... flow: 23282 (1.55622 s)
Cap 8 ... flow: 29572 (1.487 s)
Cap 16 ... flow: 37555 (1.17816 s)
Cap 32 ... flow: 37744 (0.484912 s)
Flow search took (seconds) 8.55591
SUBG cut conductance: 0.0258671
SUBG cut minside volume 13608
SUBG cut maxside volume 137368
== End round 79 ==
H expansion: 32.3254, num cross: 1220090
H conductance: 0.404068, num cross: 1220090
H_single expansion: 29.8842, num cross: 1127949
H_single conductance: 0.408728, num cross: 1127949
Cap 1 ... flow: 23291 (1.92624 s)
Cap 2 ... flow: 26953 (2.43216 s)
Cap 4 ... flow: 32317 (2.06262 s)
Cap 8 ... flow: 37744 (1.17232 s)
Flow search took (seconds) 7.61663
SUBG cut conductance: 0.0369512
SUBG cut minside volume 59511
SUBG cut maxside volume 91465
== End round 80 ==
H expansion: 34.4271, num cross: 1299416
H conductance: 0.425026, num cross: 1299416
H_single expansion: 31.7679, num cross: 1199047
H_single conductance: 0.428667, num cross: 1199047
Cap 1 ... flow: 25433 (2.31236 s)
Cap 2 ... flow: 29020 (2.13395 s)
Cap 4 ... flow: 34236 (2.0989 s)
Cap 8 ... flow: 37744 (0.889861 s)
Flow search took (seconds) 7.45636
SUBG cut conductance: 0.0329959
SUBG cut minside volume 66887
SUBG cut maxside volume 84089
== End round 81 ==
H expansion: 33.6934, num cross: 1271724
H conductance: 0.410895, num cross: 1271724
H_single expansion: 31.1163, num cross: 1174454
H_single conductance: 0.415429, num cross: 1174454
Cap 1 ... flow: 24144 (1.77759 s)
Cap 2 ... flow: 27916 (1.80924 s)
Cap 4 ... flow: 33899 (1.69383 s)
Cap 8 ... flow: 37744 (0.820008 s)
Flow search took (seconds) 6.12042
SUBG cut conductance: 0.0495809
SUBG cut minside volume 53448
SUBG cut maxside volume 97528
== End round 82 ==
H expansion: 30.253, num cross: 1141868
H conductance: 0.364494, num cross: 1141868
H_single expansion: 28.0969, num cross: 1060490
H_single conductance: 0.37105, num cross: 1060490
Cap 1 ... flow: 19430 (1.92621 s)
Cap 2 ... flow: 22003 (1.87582 s)
Cap 4 ... flow: 26470 (1.81811 s)
Cap 8 ... flow: 34558 (1.50613 s)
Cap 16 ... flow: 37690 (0.949371 s)
Cap 32 ... flow: 37744 (0.501158 s)
Flow search took (seconds) 8.60346
SUBG cut conductance: 0.0258671
SUBG cut minside volume 13608
SUBG cut maxside volume 137368
== End round 83 ==
H expansion: 28.1896, num cross: 1063988
H conductance: 0.33559, num cross: 1063988
H_single expansion: 26.2448, num cross: 990583
H_single conductance: 0.342166, num cross: 990583
Cap 1 ... flow: 16835 (2.09969 s)
Cap 2 ... flow: 19783 (2.09497 s)
Cap 4 ... flow: 24994 (2.0839 s)
Cap 8 ... flow: 33072 (2.39758 s)
Cap 16 ... flow: 37744 (0.855388 s)
Flow search took (seconds) 9.55644
SUBG cut conductance: 0.0300742
SUBG cut minside volume 60916
SUBG cut maxside volume 90060
== End round 84 ==
H expansion: 31.0777, num cross: 1172996
H conductance: 0.36562, num cross: 1172996
H_single expansion: 28.7794, num cross: 1086250
H_single conductance: 0.370478, num cross: 1086250
Cap 1 ... flow: 19978 (1.93013 s)
Cap 2 ... flow: 23816 (1.68014 s)
Cap 4 ... flow: 29555 (1.63155 s)
Cap 8 ... flow: 37744 (2.05856 s)
Flow search took (seconds) 7.31977
SUBG cut conductance: 0.0511803
SUBG cut minside volume 47870
SUBG cut maxside volume 103106
== End round 85 ==
H expansion: 36.3781, num cross: 1373054
H conductance: 0.423001, num cross: 1373054
H_single expansion: 33.543, num cross: 1266047
H_single conductance: 0.427029, num cross: 1266047
Cap 1 ... flow: 25623 (1.9498 s)
Cap 2 ... flow: 28823 (2.11503 s)
Cap 4 ... flow: 34101 (2.75179 s)
Cap 8 ... flow: 37341 (2.62619 s)
Cap 16 ... flow: 37744 (1.00451 s)
Flow search took (seconds) 10.4779
SUBG cut conductance: 0.0263011
SUBG cut minside volume 14372
SUBG cut maxside volume 136604
== End round 86 ==
H expansion: 34.9883, num cross: 1320600
H conductance: 0.402165, num cross: 1320600
H_single expansion: 32.3432, num cross: 1220763
H_single conductance: 0.407032, num cross: 1220763
Cap 1 ... flow: 22847 (1.87563 s)
Cap 2 ... flow: 25838 (1.65246 s)
Cap 4 ... flow: 31097 (1.87753 s)
Cap 8 ... flow: 36589 (2.63731 s)
Cap 16 ... flow: 37744 (1.1606 s)
Flow search took (seconds) 9.23181
SUBG cut conductance: 0.0258779
SUBG cut minside volume 13641
SUBG cut maxside volume 137335
== End round 87 ==
H expansion: 29.8961, num cross: 1128398
H conductance: 0.339728, num cross: 1128398
H_single expansion: 27.8545, num cross: 1051340
H_single conductance: 0.346829, num cross: 1051340
Cap 1 ... flow: 17045 (1.97569 s)
Cap 2 ... flow: 19403 (2.40584 s)
Cap 4 ... flow: 23473 (2.16373 s)
Cap 8 ... flow: 31191 (2.14539 s)
Cap 16 ... flow: 37744 (1.1729 s)
Flow search took (seconds) 9.89001
SUBG cut conductance: 0.0251896
SUBG cut minside volume 72133
SUBG cut maxside volume 78843
== End round 88 ==
H expansion: 38.3719, num cross: 1448308
H conductance: 0.431145, num cross: 1448308
H_single expansion: 35.3479, num cross: 1334173
H_single conductance: 0.436036, num cross: 1334173
Cap 1 ... flow: 26169 (1.92398 s)
Cap 2 ... flow: 29089 (2.02362 s)
Cap 4 ... flow: 33675 (3.39512 s)
Cap 8 ... flow: 36059 (3.11311 s)
Cap 16 ... flow: 37744 (1.3646 s)
Flow search took (seconds) 11.855
SUBG cut conductance: 0.0261324
SUBG cut minside volume 13776
SUBG cut maxside volume 137200
== End round 89 ==
H expansion: 34.5558, num cross: 1304276
H conductance: 0.383954, num cross: 1304276
H_single expansion: 31.977, num cross: 1206939
H_single conductance: 0.390272, num cross: 1206939
Cap 1 ... flow: 21334 (1.80949 s)
Cap 2 ... flow: 24421 (1.87369 s)
Cap 4 ... flow: 29695 (2.24239 s)
Cap 8 ... flow: 37744 (2.32397 s)
Flow search took (seconds) 8.27333
SUBG cut conductance: 0.0362806
SUBG cut minside volume 69624
SUBG cut maxside volume 81352
== End round 90 ==
H expansion: 32.021, num cross: 1208602
H conductance: 0.35188, num cross: 1208602
H_single expansion: 29.7323, num cross: 1122217
H_single conductance: 0.358299, num cross: 1122217
Cap 1 ... flow: 18504 (2.02795 s)
Cap 2 ... flow: 21600 (1.96196 s)
Cap 4 ... flow: 25868 (1.87903 s)
Cap 8 ... flow: 32418 (1.47333 s)
Cap 16 ... flow: 37289 (0.86185 s)
Cap 32 ... flow: 37744 (0.435979 s)
Flow search took (seconds) 8.66762
SUBG cut conductance: 0.0258589
SUBG cut minside volume 13651
SUBG cut maxside volume 137325
== End round 91 ==
H expansion: 28.9341, num cross: 1092090
H conductance: 0.314501, num cross: 1092090
H_single expansion: 26.943, num cross: 1016935
H_single conductance: 0.321539, num cross: 1016935
Cap 1 ... flow: 15131 (2.10533 s)
Cap 2 ... flow: 18070 (1.82215 s)
Cap 4 ... flow: 22968 (2.0123 s)
Cap 8 ... flow: 31691 (2.89115 s)
Cap 16 ... flow: 37744 (1.1793 s)
Flow search took (seconds) 10.0383
SUBG cut conductance: 0.0286651
SUBG cut minside volume 73190
SUBG cut maxside volume 77786
== End round 92 ==
H expansion: 38.0815, num cross: 1437348
H conductance: 0.409478, num cross: 1437348
H_single expansion: 35.095, num cross: 1324625
H_single conductance: 0.414023, num cross: 1324625
Cap 1 ... flow: 23829 (2.04586 s)
Cap 2 ... flow: 27732 (1.92125 s)
Cap 4 ... flow: 33851 (3.31953 s)
Cap 8 ... flow: 37744 (1.06124 s)
Flow search took (seconds) 8.36945
SUBG cut conductance: 0.0448659
SUBG cut minside volume 62163
SUBG cut maxside volume 88813
== End round 93 ==
H expansion: 41.2348, num cross: 1556368
H conductance: 0.438669, num cross: 1556368
H_single expansion: 37.8867, num cross: 1429995
H_single conductance: 0.442519, num cross: 1429995
Cap 1 ... flow: 26878 (1.92495 s)
Cap 2 ... flow: 30080 (1.96097 s)
Cap 4 ... flow: 34345 (3.3576 s)
Cap 8 ... flow: 36747 (3.02664 s)
Cap 16 ... flow: 37744 (1.13693 s)
Flow search took (seconds) 11.4355
SUBG cut conductance: 0.0262178
SUBG cut minside volume 14227
SUBG cut maxside volume 136749
== End round 94 ==
H expansion: 37.524, num cross: 1416304
H conductance: 0.394989, num cross: 1416304
H_single expansion: 34.6326, num cross: 1307174
H_single conductance: 0.400296, num cross: 1307174
Cap 1 ... flow: 22636 (2.07309 s)
Cap 2 ... flow: 24958 (1.85735 s)
Cap 4 ... flow: 28545 (2.56757 s)
Cap 8 ... flow: 35468 (3.27412 s)
Cap 16 ... flow: 37744 (0.999094 s)
Flow search took (seconds) 10.7984
SUBG cut conductance: 0.0302301
SUBG cut minside volume 56533
SUBG cut maxside volume 94443
== End round 95 ==
H expansion: 40.607, num cross: 1532670
H conductance: 0.422989, num cross: 1532670
H_single expansion: 37.3251, num cross: 1408798
H_single conductance: 0.427121, num cross: 1408798
Cap 1 ... flow: 25351 (2.00496 s)
Cap 2 ... flow: 28591 (2.2775 s)
Cap 4 ... flow: 33080 (2.58821 s)
Cap 8 ... flow: 37744 (1.19873 s)
Flow search took (seconds) 8.09008
SUBG cut conductance: 0.030568
SUBG cut minside volume 63596
SUBG cut maxside volume 87380
== End round 96 ==
H expansion: 38.8057, num cross: 1464682
H conductance: 0.400059, num cross: 1464682
H_single expansion: 35.7486, num cross: 1349296
H_single conductance: 0.40509, num cross: 1349296
Cap 1 ... flow: 23085 (1.79443 s)
Cap 2 ... flow: 26683 (2.11437 s)
Cap 4 ... flow: 32018 (2.90013 s)
Cap 8 ... flow: 37744 (1.52425 s)
Flow search took (seconds) 8.35556
SUBG cut conductance: 0.0385092
SUBG cut minside volume 51676
SUBG cut maxside volume 99300
== End round 97 ==
H expansion: 38.5751, num cross: 1455978
H conductance: 0.393623, num cross: 1455978
H_single expansion: 35.6674, num cross: 1346232
H_single conductance: 0.401557, num cross: 1346232
Cap 1 ... flow: 22282 (1.78621 s)
Cap 2 ... flow: 25498 (1.67776 s)
Cap 4 ... flow: 30105 (1.12069 s)
Cap 8 ... flow: 36266 (1.08773 s)
Cap 16 ... flow: 37744 (0.803133 s)
Flow search took (seconds) 6.50178
SUBG cut conductance: 0.0457228
SUBG cut minside volume 28126
SUBG cut maxside volume 122850
== End round 98 ==
H expansion: 37.6785, num cross: 1422136
H conductance: 0.380591, num cross: 1422136
H_single expansion: 34.7864, num cross: 1312976
H_single conductance: 0.387073, num cross: 1312976
Cap 1 ... flow: 20926 (1.83746 s)
Cap 2 ... flow: 23761 (1.84418 s)
Cap 4 ... flow: 28591 (1.90041 s)
Cap 8 ... flow: 34297 (3.08945 s)
Cap 16 ... flow: 37687 (2.63027 s)
Cap 32 ... flow: 37744 (0.905017 s)
Flow search took (seconds) 12.2428
SUBG cut conductance: 0.0258589
SUBG cut minside volume 13651
SUBG cut maxside volume 137325
== End round 99 ==
H expansion: 31.5764, num cross: 1191820
H conductance: 0.315764, num cross: 1191820
H_single expansion: 29.2936, num cross: 1105659
H_single conductance: 0.322492, num cross: 1105659
Cap 1 ... flow: 15044 (2.04257 s)
Cap 2 ... flow: 18362 (2.42168 s)
Cap 4 ... flow: 24070 (1.8266 s)
Cap 8 ... flow: 34562 (2.25212 s)
Cap 16 ... flow: 37744 (0.876334 s)
Flow search took (seconds) 9.44496
SUBG cut conductance: 0.0374906
SUBG cut minside volume 69084
SUBG cut maxside volume 81892
== End round 100 ==
H expansion: 44.2149, num cross: 1668848
H conductance: 0.437772, num cross: 1668848
H_single expansion: 40.4841, num cross: 1528030
H_single conductance: 0.441086, num cross: 1528030
Cap 1 ... flow: 26843 (2.12309 s)
Cap 2 ... flow: 30082 (2.62447 s)
Cap 4 ... flow: 34414 (2.86605 s)
Cap 8 ... flow: 37744 (0.900721 s)
Flow search took (seconds) 8.53577
SUBG cut conductance: 0.0268936
SUBG cut minside volume 76051
SUBG cut maxside volume 74925
== End round 101 ==
H expansion: 37.5309, num cross: 1416566
H conductance: 0.36795, num cross: 1416566
H_single expansion: 34.7012, num cross: 1309763
H_single conductance: 0.374853, num cross: 1309763
Cap 1 ... flow: 19440 (1.9748 s)
Cap 2 ... flow: 22258 (1.80284 s)
Cap 4 ... flow: 26282 (1.02056 s)
Cap 8 ... flow: 32609 (1.63836 s)
Cap 16 ... flow: 37744 (0.790292 s)
Flow search took (seconds) 7.25136
SUBG cut conductance: 0.0266769
SUBG cut minside volume 58515
SUBG cut maxside volume 92461
== End round 102 ==
H expansion: 43.7885, num cross: 1652754
H conductance: 0.425131, num cross: 1652754
H_single expansion: 40.1603, num cross: 1515810
H_single conductance: 0.42979, num cross: 1515810
Cap 1 ... flow: 25812 (1.67081 s)
Cap 2 ... flow: 28839 (1.90291 s)
Cap 4 ... flow: 32888 (1.73321 s)
Cap 8 ... flow: 37744 (1.28081 s)
Flow search took (seconds) 6.60913
SUBG cut conductance: 0.0304942
SUBG cut minside volume 64373
SUBG cut maxside volume 86603
== End round 103 ==
H expansion: 36.6167, num cross: 1382060
H conductance: 0.352083, num cross: 1382060
H_single expansion: 33.9543, num cross: 1281572
H_single conductance: 0.360354, num cross: 1281572
Cap 1 ... flow: 18064 (1.93013 s)
Cap 2 ... flow: 21183 (1.89195 s)
Cap 4 ... flow: 26551 (1.8794 s)
Cap 8 ... flow: 34063 (1.23176 s)
Cap 16 ... flow: 37449 (0.785454 s)
Cap 32 ... flow: 37744 (0.432693 s)
Flow search took (seconds) 8.17809
SUBG cut conductance: 0.0258671
SUBG cut minside volume 13608
SUBG cut maxside volume 137368
== End round 104 ==
H expansion: 38.4746, num cross: 1452186
H conductance: 0.366425, num cross: 1452186
H_single expansion: 35.4776, num cross: 1339065
H_single conductance: 0.372388, num cross: 1339065
Cap 1 ... flow: 19072 (1.89622 s)
Cap 2 ... flow: 22727 (1.8402 s)
Cap 4 ... flow: 28478 (1.64699 s)
Cap 8 ... flow: 37417 (1.72794 s)
Cap 16 ... flow: 37744 (0.553983 s)
Flow search took (seconds) 7.69244
SUBG cut conductance: 0.0323607
SUBG cut minside volume 67273
SUBG cut maxside volume 83703
== End round 105 ==
H expansion: 45.637, num cross: 1722524
H conductance: 0.430538, num cross: 1722524
H_single expansion: 41.8581, num cross: 1579893
H_single conductance: 0.435695, num cross: 1579893
Cap 1 ... flow: 25459 (1.43242 s)
Cap 2 ... flow: 28243 (2.17572 s)
Cap 4 ... flow: 32894 (2.09022 s)
Cap 8 ... flow: 36426 (2.83266 s)
Cap 16 ... flow: 37744 (1.10238 s)
Flow search took (seconds) 9.66577
SUBG cut conductance: 0.0258671
SUBG cut minside volume 13608
SUBG cut maxside volume 137368
== End round 106 ==
H expansion: 42.8425, num cross: 1617046
H conductance: 0.400397, num cross: 1617046
H_single expansion: 39.3975, num cross: 1487019
H_single conductance: 0.405792, num cross: 1487019
Cap 1 ... flow: 22353 (2.09897 s)
Cap 2 ... flow: 25527 (2.24226 s)
Cap 4 ... flow: 30983 (3.18409 s)
Cap 8 ... flow: 36589 (2.47932 s)
Cap 16 ... flow: 37744 (1.09123 s)
Flow search took (seconds) 11.1254
SUBG cut conductance: 0.0262775
SUBG cut minside volume 14423
SUBG cut maxside volume 136553
== End round 107 ==
H expansion: 34.2375, num cross: 1292262
H conductance: 0.317014, num cross: 1292262
H_single expansion: 31.8507, num cross: 1202174
H_single conductance: 0.325268, num cross: 1202174
Cap 1 ... flow: 14825 (1.4767 s)
Cap 2 ... flow: 16953 (1.59902 s)
Cap 4 ... flow: 20767 (1.80255 s)
Cap 8 ... flow: 28192 (2.01872 s)
Cap 16 ... flow: 37744 (1.10421 s)
Flow search took (seconds) 8.02734
SUBG cut conductance: 0.0253968
SUBG cut minside volume 72647
SUBG cut maxside volume 78329
== End round 108 ==
H expansion: 49.2098, num cross: 1857376
H conductance: 0.451466, num cross: 1857376
H_single expansion: 44.947, num cross: 1696478
H_single conductance: 0.454972, num cross: 1696478
Cap 1 ... flow: 28324 (1.57765 s)
Cap 2 ... flow: 31296 (1.92493 s)
Cap 4 ... flow: 35082 (1.20078 s)
Cap 8 ... flow: 37597 (0.869078 s)
Cap 16 ... flow: 37744 (0.444935 s)
Flow search took (seconds) 6.04306
SUBG cut conductance: 0.0259205
SUBG cut minside volume 13580
SUBG cut maxside volume 137396
== End round 109 ==
H expansion: 38.3554, num cross: 1447686
H conductance: 0.348685, num cross: 1447686
H_single expansion: 35.4409, num cross: 1337681
H_single conductance: 0.355706, num cross: 1337681
Cap 1 ... flow: 17751 (1.85559 s)
Cap 2 ... flow: 20802 (2.29442 s)
Cap 4 ... flow: 26464 (2.10126 s)
Cap 8 ... flow: 34019 (3.07284 s)
Cap 16 ... flow: 37235 (2.72202 s)
Cap 32 ... flow: 37744 (0.989639 s)
Flow search took (seconds) 13.069
SUBG cut conductance: 0.0258589
SUBG cut minside volume 13651
SUBG cut maxside volume 137325
== End round 110 ==
H expansion: 46.9238, num cross: 1771092
H conductance: 0.422737, num cross: 1771092
H_single expansion: 43.0024, num cross: 1623081
H_single conductance: 0.427655, num cross: 1623081
Cap 1 ... flow: 24940 (1.92051 s)
Cap 2 ... flow: 28045 (2.25661 s)
Cap 4 ... flow: 32363 (3.17939 s)
Cap 8 ... flow: 37744 (2.46946 s)
Flow search took (seconds) 9.84802
SUBG cut conductance: 0.0312399
SUBG cut minside volume 52849
SUBG cut maxside volume 98127
== End round 111 ==
H expansion: 48.3503, num cross: 1824934
H conductance: 0.431699, num cross: 1824934
H_single expansion: 44.2125, num cross: 1668757
H_single conductance: 0.436048, num cross: 1668757
Cap 1 ... flow: 25894 (1.86363 s)
Cap 2 ... flow: 28823 (2.15119 s)
Cap 4 ... flow: 33493 (3.46193 s)
Cap 8 ... flow: 37744 (1.92529 s)
Flow search took (seconds) 9.42314
SUBG cut conductance: 0.0337065
SUBG cut minside volume 67346
SUBG cut maxside volume 83630
== End round 112 ==
H expansion: 39.0169, num cross: 1472654
H conductance: 0.345282, num cross: 1472654
H_single expansion: 36.0192, num cross: 1359507
H_single conductance: 0.352205, num cross: 1359507
Cap 1 ... flow: 17726 (2.0723 s)
Cap 2 ... flow: 21592 (1.9924 s)
Cap 4 ... flow: 28009 (1.51217 s)
Cap 8 ... flow: 37161 (1.41995 s)
Cap 16 ... flow: 37744 (0.639976 s)
Flow search took (seconds) 7.6597
SUBG cut conductance: 0.0556603
SUBG cut minside volume 29716
SUBG cut maxside volume 121260
== End round 113 ==
H expansion: 44.7421, num cross: 1688744
H conductance: 0.392474, num cross: 1688744
H_single expansion: 41.0842, num cross: 1550682
H_single conductance: 0.39873, num cross: 1550682
Cap 1 ... flow: 21606 (2.37236 s)
Cap 2 ... flow: 24886 (2.17864 s)
Cap 4 ... flow: 30049 (2.50077 s)
Cap 8 ... flow: 37744 (1.64155 s)
Flow search took (seconds) 8.71495
SUBG cut conductance: 0.0373771
SUBG cut minside volume 66003
SUBG cut maxside volume 84973
== End round 114 ==
H expansion: 41.6308, num cross: 1571312
H conductance: 0.362007, num cross: 1571312
H_single expansion: 38.4291, num cross: 1450469
H_single conductance: 0.369766, num cross: 1450469
Cap 1 ... flow: 18649 (2.03055 s)
Cap 2 ... flow: 20953 (2.0679 s)
Cap 4 ... flow: 24696 (2.10342 s)
Cap 8 ... flow: 31817 (2.85471 s)
Cap 16 ... flow: 37744 (1.54864 s)
Flow search took (seconds) 10.6323
SUBG cut conductance: 0.024018
SUBG cut minside volume 73778
SUBG cut maxside volume 77198
== End round 115 ==
H expansion: 51.3801, num cross: 1939292
H conductance: 0.442932, num cross: 1939292
H_single expansion: 46.8296, num cross: 1767536
H_single conductance: 0.446046, num cross: 1767536
Cap 1 ... flow: 27102 (1.78138 s)
Cap 2 ... flow: 29941 (2.25703 s)
Cap 4 ... flow: 33848 (2.88373 s)
Cap 8 ... flow: 37744 (1.20204 s)
Flow search took (seconds) 8.14558
SUBG cut conductance: 0.0318492
SUBG cut minside volume 56642
SUBG cut maxside volume 94334
== End round 116 ==
H expansion: 50.8441, num cross: 1919058
H conductance: 0.434565, num cross: 1919058
H_single expansion: 46.4786, num cross: 1754288
H_single conductance: 0.439562, num cross: 1754288
Cap 1 ... flow: 26275 (1.84954 s)
Cap 2 ... flow: 29432 (2.27959 s)
Cap 4 ... flow: 34611 (2.63733 s)
Cap 8 ... flow: 36680 (0.901594 s)
Cap 16 ... flow: 37744 (0.543941 s)
Flow search took (seconds) 8.23435
SUBG cut conductance: 0.0262178
SUBG cut minside volume 14227
SUBG cut maxside volume 136749
== End round 117 ==
H expansion: 47.6795, num cross: 1799616
H conductance: 0.404064, num cross: 1799616
H_single expansion: 43.5955, num cross: 1645468
H_single conductance: 0.408735, num cross: 1645468
Cap 1 ... flow: 22935 (2.19633 s)
Cap 2 ... flow: 26676 (2.70922 s)
Cap 4 ... flow: 32658 (3.12955 s)
Cap 8 ... flow: 37744 (1.24487 s)
Flow search took (seconds) 9.30578
SUBG cut conductance: 0.0507001
SUBG cut minside volume 46706
SUBG cut maxside volume 104270
== End round 118 ==
H expansion: 32.1877, num cross: 1214894
H conductance: 0.270485, num cross: 1214894
H_single expansion: 30.227, num cross: 1140887
H_single conductance: 0.281587, num cross: 1140887
Cap 1 ... flow: 10925 (2.55411 s)
Cap 2 ... flow: 13071 (2.19673 s)
Cap 4 ... flow: 17172 (1.90317 s)
Cap 8 ... flow: 25103 (1.62586 s)
Cap 16 ... flow: 37004 (1.3988 s)
Cap 32 ... flow: 37744 (0.592421 s)
Flow search took (seconds) 10.3024
SUBG cut conductance: 0.0258589
SUBG cut minside volume 13651
SUBG cut maxside volume 137325
== End round 119 ==
H expansion: 43.2817, num cross: 1633626
H conductance: 0.360681, num cross: 1633626
H_single expansion: 39.7894, num cross: 1501813
H_single conductance: 0.367292, num cross: 1501813
Cap 1 ... flow: 18818 (2.07524 s)
Cap 2 ... flow: 22316 (2.38411 s)
Cap 4 ... flow: 28847 (1.96926 s)
Cap 8 ... flow: 36491 (1.08434 s)
Cap 16 ... flow: 37744 (0.551267 s)
Flow search took (seconds) 8.08645
SUBG cut conductance: 0.026244
SUBG cut minside volume 15394
SUBG cut maxside volume 135582
== End round 120 ==
H expansion: 51.6723, num cross: 1950318
H conductance: 0.427044, num cross: 1950318
H_single expansion: 47.205, num cross: 1781704
H_single conductance: 0.432991, num cross: 1781704
Cap 1 ... flow: 25372 (1.90338 s)
Cap 2 ... flow: 28366 (1.85408 s)
Cap 4 ... flow: 32214 (1.61938 s)
Cap 8 ... flow: 36412 (0.949927 s)
Cap 16 ... flow: 37744 (0.535691 s)
Flow search took (seconds) 6.88853
SUBG cut conductance: 0.0258671
SUBG cut minside volume 13608
SUBG cut maxside volume 137368
== End round 121 ==
H expansion: 56.3779, num cross: 2127926
H conductance: 0.462114, num cross: 2127926
H_single expansion: 51.2726, num cross: 1935234
H_single conductance: 0.465326, num cross: 1935234
Cap 1 ... flow: 29872 (1.52834 s)
Cap 2 ... flow: 32747 (2.06873 s)
Cap 4 ... flow: 35443 (1.03677 s)
Cap 8 ... flow: 36950 (0.765734 s)
Cap 16 ... flow: 37744 (0.511299 s)
Flow search took (seconds) 5.9371
SUBG cut conductance: 0.0259425
SUBG cut minside volume 13607
SUBG cut maxside volume 137369
== End round 122 ==
H expansion: 46.1837, num cross: 1743158
H conductance: 0.375477, num cross: 1743158
H_single expansion: 42.4163, num cross: 1600959
H_single conductance: 0.382355, num cross: 1600959
Cap 1 ... flow: 19926 (1.96094 s)
Cap 2 ... flow: 22842 (1.82622 s)
Cap 4 ... flow: 27528 (2.16107 s)
Cap 8 ... flow: 35738 (4.54347 s)
Cap 16 ... flow: 37744 (0.939857 s)
Flow search took (seconds) 11.4586
SUBG cut conductance: 0.0307594
SUBG cut minside volume 60957
SUBG cut maxside volume 90019
== End round 123 ==
H expansion: 43.8843, num cross: 1656370
H conductance: 0.353906, num cross: 1656370
H_single expansion: 40.3937, num cross: 1524621
H_single conductance: 0.361161, num cross: 1524621
Cap 1 ... flow: 18023 (1.96765 s)
Cap 2 ... flow: 21693 (1.94539 s)
Cap 4 ... flow: 27942 (2.99216 s)
Cap 8 ... flow: 37575 (2.80393 s)
Cap 16 ... flow: 37744 (0.720108 s)
Flow search took (seconds) 10.4567
SUBG cut conductance: 0.0408284
SUBG cut minside volume 57558
SUBG cut maxside volume 93418
== End round 124 ==
H expansion: 48.0913, num cross: 1815158
H conductance: 0.38473, num cross: 1815158
H_single expansion: 44.0848, num cross: 1663938
H_single conductance: 0.391319, num cross: 1663938
Cap 1 ... flow: 21115 (2.28161 s)
Cap 2 ... flow: 23432 (1.96319 s)
Cap 4 ... flow: 27225 (2.309 s)
Cap 8 ... flow: 34361 (2.17358 s)
Cap 16 ... flow: 37744 (0.783002 s)
Flow search took (seconds) 9.53575
SUBG cut conductance: 0.0233608
SUBG cut minside volume 74441
SUBG cut maxside volume 76535
== End round 125 ==
H expansion: 51.1945, num cross: 1932286
H conductance: 0.406306, num cross: 1932286
H_single expansion: 46.8451, num cross: 1768123
H_single conductance: 0.413322, num cross: 1768123
Cap 1 ... flow: 22761 (1.68418 s)
Cap 2 ... flow: 25500 (2.17317 s)
Cap 4 ... flow: 30423 (2.65362 s)
Cap 8 ... flow: 36101 (3.80256 s)
Cap 16 ... flow: 37744 (1.47132 s)
Flow search took (seconds) 11.8188
SUBG cut conductance: 0.0259014
SUBG cut minside volume 13590
SUBG cut maxside volume 137386
== End round 126 ==
H expansion: 54.5313, num cross: 2058228
H conductance: 0.42938, num cross: 2058228
H_single expansion: 49.802, num cross: 1879728
H_single conductance: 0.434676, num cross: 1879728
Cap 1 ... flow: 25887 (1.34876 s)
Cap 2 ... flow: 28810 (1.13622 s)
Cap 4 ... flow: 32042 (1.32166 s)
Cap 8 ... flow: 36479 (1.08563 s)
Cap 16 ... flow: 37744 (0.553804 s)
Flow search took (seconds) 5.46871
SUBG cut conductance: 0.0262608
SUBG cut minside volume 15803
SUBG cut maxside volume 135173
== End round 127 ==
H expansion: 52.1112, num cross: 1966884
H conductance: 0.407119, num cross: 1966884
H_single expansion: 47.5585, num cross: 1795048
H_single conductance: 0.412278, num cross: 1795048
Cap 1 ... flow: 22525 (2.16985 s)
Cap 2 ... flow: 24942 (2.29993 s)
Cap 4 ... flow: 29278 (2.83378 s)
Cap 8 ... flow: 36876 (1.8389 s)
Cap 16 ... flow: 37744 (0.819023 s)
Flow search took (seconds) 9.98695
SUBG cut conductance: 0.0258589
SUBG cut minside volume 13651
SUBG cut maxside volume 137325
== End round 128 ==
H expansion: 46.777, num cross: 1765552
H conductance: 0.362613, num cross: 1765552
H_single expansion: 42.9792, num cross: 1622208
H_single conductance: 0.369956, num cross: 1622208
Cap 1 ... flow: 18605 (1.99133 s)
We ran out of time, wrapping up!
R0 cond 0.952381
R1 cond 999
R2 cond 0.0734616
R3 cond 0.133383
R4 cond 0.0299393
R5 cond 0.146667
R6 cond 0.149039
R7 cond 0.031763
R8 cond 0.167606
R9 cond 0.0410262
R10 cond 0.0679496
R11 cond 0.0755274
R12 cond 0.0264853
R13 cond 0.0262744
R14 cond 0.0430763
R15 cond 0.0481782
R16 cond 0.0377951
R17 cond 0.0446834
R18 cond 0.0661509
R19 cond 0.0258589
R20 cond 0.0243799
R21 cond 0.0252634
R22 cond 0.0311639
R23 cond 0.0260244
R24 cond 0.0336534
R25 cond 0.0388515
R26 cond 0.0258589
R27 cond 0.0364476
R28 cond 0.0258671
R29 cond 0.02996
R30 cond 0.0262813
R31 cond 0.0259616
R32 cond 0.0288373
R33 cond 0.031008
R34 cond 0.0262608
R35 cond 0.0485624
R36 cond 0.0283123
R37 cond 0.0270351
R38 cond 0.0311289
R39 cond 0.0274248
R40 cond 0.0330335
R41 cond 0.0457803
R42 cond 0.0268401
R43 cond 0.0233846
R44 cond 0.0361735
R45 cond 0.0258589
R46 cond 0.0425645
R47 cond 0.0258589
R48 cond 0.0260903
R49 cond 0.0262608
R50 cond 0.0487189
R51 cond 0.0361235
R52 cond 0.0259281
R53 cond 0.025041
R54 cond 0.0328381
R55 cond 0.0340064
R56 cond 0.0261269
R57 cond 0.0243407
R58 cond 0.0351634
R59 cond 0.0262958
R60 cond 0.0238299
R61 cond 0.0573922
R62 cond 0.0322633
R63 cond 0.0477481
R64 cond 0.0265784
R65 cond 0.0261105
R66 cond 0.0344514
R67 cond 0.0432986
R68 cond 0.0274469
R69 cond 0.0351887
R70 cond 0.0329724
R71 cond 0.0261025
R72 cond 0.0258589
R73 cond 0.0322207
R74 cond 0.0266564
R75 cond 0.0261204
R76 cond 0.0264755
R77 cond 0.0319302
R78 cond 0.0652781
R79 cond 0.0258671
R80 cond 0.0369512
R81 cond 0.0329959
R82 cond 0.0495809
R83 cond 0.0258671
R84 cond 0.0300742
R85 cond 0.0511803
R86 cond 0.0263011
R87 cond 0.0258779
R88 cond 0.0251896
R89 cond 0.0261324
R90 cond 0.0362806
R91 cond 0.0258589
R92 cond 0.0286651
R93 cond 0.0448659
R94 cond 0.0262178
R95 cond 0.0302301
R96 cond 0.030568
R97 cond 0.0385092
R98 cond 0.0457228
R99 cond 0.0258589
R100 cond 0.0374906
R101 cond 0.0268936
R102 cond 0.0266769
R103 cond 0.0304942
R104 cond 0.0258671
R105 cond 0.0323607
R106 cond 0.0258671
R107 cond 0.0262775
R108 cond 0.0253968
R109 cond 0.0259205
R110 cond 0.0258589
R111 cond 0.0312399
R112 cond 0.0337065
R113 cond 0.0556603
R114 cond 0.0373771
R115 cond 0.024018
R116 cond 0.0318492
R117 cond 0.0262178
R118 cond 0.0507001
R119 cond 0.0258589
R120 cond 0.026244
R121 cond 0.0258671
R122 cond 0.0259425
R123 cond 0.0307594
R124 cond 0.0408284
R125 cond 0.0233608
R126 cond 0.0259014
R127 cond 0.0262608
R128 cond 0.0258589
The best with best expansion was found on round125
final_Edge crossings (E) : 1739
final_cut size: ( 5431 | 5506 )
diff: 75 (factor 0.00685746 of total n vertices)
final_cut volumes: ( 74441 | 76535 )
final_expansion: 0.320199
final_conductance: 0.0233608
CASE4 Time ran out, we were not able to finish the algorithm.

The given partition achieved the following:
Edge crossings (E) : 1668
cut size: ( 5195 | 5742 )
diff: 547 (factor 0.0500137 of total n vertices)
cut volumes: ( 71052 | 79924 )
expansion: 0.321078
conductance: 0.0234758
