time -o output/fe_4elt2-h-0.009473248608555434-g-0.1-t-30m.out.time timeout 30m cmake-build-debug/a.out -f graphs/fe_4elt2.graph --ignore-multi -r 0 -s --H_phi=0.009473248608555434 --G_phi=0.1 --vol 0.1 -o output/fe_4elt2-h-0.009473248608555434-g-0.1-t-30m.ptn >> output/fe_4elt2-h-0.009473248608555434-g-0.1-t-30m.outReading graph from graphs/fe_4elt2.graph
Reading a graph with V 11143E 32818
32818
11143
H expansion: 0, num cross: 0
H conductance: -nan, num cross: 0
H_single expansion: 0, num cross: 0
H_single conductance: -nan, num cross: 0
Cap 1 ... flow: 15393 (0.352903 s)
Cap 2 ... flow: 16397 (0.799886 s)
Cap 4 ... flow: 16409 (0.459676 s)
Flow search took (seconds) 1.61652
SUBG cut conductance: 0.0235519
SUBG cut minside volume 4713
SUBG cut maxside volume 60923
== End round 0 ==
CASE2 G Expansion target reached with a cut that is relatively balanced. Cut-matching game has found a balanced cut as good as you wanted it.
Claimed g conductance: 0.0235519
R0 cond 0.0235519
The best with best expansion was found on round0
final_Edge crossings (E) : 111
final_cut size: ( 808 | 10335 )
diff: 9527 (factor 0.854976 of total n vertices)
final_cut volumes: ( 4713 | 60923 )
final_expansion: 0.137376
final_conductance: 0.0235519
CASE2 Goodenough balanced cut
