time -o run_output/barbell1000-1000-h-0.1-g-0.017306632041178306-t-30m.out.time timeout 30m cmake-build-debug/a.out -f graphs/barbell1000-1000.graph  -r 30 -s --H_phi=0.1 --G_phi=0.017306632041178306 --vol 0.1 -o run_output/barbell1000-1000-h-0.1-g-0.017306632041178306-t-30m.ptn >> run_output/barbell1000-1000-h-0.1-g-0.017306632041178306-t-30m.outReading graph from graphs/barbell1000-1000.graph
Reading a graph with V 2001E 999002
999002
2001
H expansion: 0, num cross: 0
H conductance: -nan, num cross: 0
H_single expansion: 0, num cross: 0
H_single conductance: -nan, num cross: 0
Cap 1 ... flow: 499256 (23.0927 s)
Cap 2 ... flow: 499257 (26.4665 s)
Cap 4 ... flow: 499259 (29.7253 s)
Cap 8 ... flow: 499263 (23.789 s)
Cap 16 ... flow: 499271 (34.8964 s)
Cap 32 ... flow: 499287 (45.7443 s)
Cap 64 ... flow: 499319 (46.974 s)
Cap 128 ... flow: 499383 (46.2395 s)
Cap 256 ... flow: 499501 (25.5228 s)
Flow search took (seconds) 303.385
SUBG cut conductance: 1.001e-06
SUBG cut minside volume 999001
SUBG cut maxside volume 999003
== End round 0 ==
CASE2 G Expansion target reached with a cut that is relatively balanced. Cut-matching game has found a balanced cut as good as you wanted it.
Claimed g conductance: 1.001e-06
R0 cond 1.001e-06
The best with best expansion was found on round0
final_Edge crossings (E) : 1
final_cut size: ( 1000 | 1001 )
diff: 1 (factor 0.00049975 of total n vertices)
final_cut volumes: ( 999001 | 999003 )
final_expansion: 0.001
final_conductance: 1.001e-06
CASE2 Goodenough balanced cut
