time -o final/bcsstk33-hphi-0.4.out.time timeout 15m cmake-build-debug/a.out -f graphs/bcsstk33.graph -r 0 -s --H_phi=0.4 --G_phi=0.00011444266422522316 --vol 0.1 -o final/bcsstk33-hphi-0.4.ptn >> final/bcsstk33-hphi-0.4.outReading graph from graphs/bcsstk33.graph
Reading a graph with V 8738E 291583
H expansion: 0, num cross: 0
H conductance: -nan, num cross: 0
H_single expansion: 0, num cross: 0
H_single conductance: -nan, num cross: 0
Cap 1 ... flow: 145791 (4.86912 s)
Flow search took (seconds) 4.88375
SUBG cut conductance: 999
SUBG cut minside volume 0
SUBG cut maxside volume 583166
== End round 0 ==
H expansion: 0.249844, num cross: 36425
H conductance: 0.249844, num cross: 36425
H_single expansion: 0.249844, num cross: 36425
H_single conductance: 0.249844, num cross: 36425
Cap 1 ... flow: 145791 (5.00816 s)
Flow search took (seconds) 5.023
SUBG cut conductance: 999
SUBG cut minside volume 0
SUBG cut maxside volume 583166
== End round 1 ==
H expansion: 0.549451, num cross: 80105
H conductance: 0.274726, num cross: 80105
H_single expansion: 0.546255, num cross: 79639
H_single conductance: 0.274944, num cross: 79639
Cap 1 ... flow: 145791 (4.83671 s)
Flow search took (seconds) 4.85169
SUBG cut conductance: 999
SUBG cut minside volume 0
SUBG cut maxside volume 583166
== End round 2 ==
H expansion: 0.892456, num cross: 130112
H conductance: 0.297486, num cross: 130112
H_single expansion: 0.885192, num cross: 129053
H_single conductance: 0.298842, num cross: 129053
Cap 1 ... flow: 145791 (4.96209 s)
Flow search took (seconds) 4.97697
SUBG cut conductance: 999
SUBG cut minside volume 0
SUBG cut maxside volume 583166
== End round 3 ==
H expansion: 1.27051, num cross: 185229
H conductance: 0.317629, num cross: 185229
H_single expansion: 1.25532, num cross: 183014
H_single conductance: 0.320176, num cross: 183014
Cap 1 ... flow: 145791 (5.51071 s)
Flow search took (seconds) 5.52487
SUBG cut conductance: 999
SUBG cut minside volume 0
SUBG cut maxside volume 583166
== End round 4 ==
H expansion: 1.67045, num cross: 243536
H conductance: 0.334091, num cross: 243536
H_single expansion: 1.64011, num cross: 239114
H_single conductance: 0.337025, num cross: 239114
Cap 1 ... flow: 145791 (6.34672 s)
Flow search took (seconds) 6.36078
SUBG cut conductance: 999
SUBG cut minside volume 0
SUBG cut maxside volume 583166
== End round 5 ==
H expansion: 2.08315, num cross: 303704
H conductance: 0.347192, num cross: 303704
H_single expansion: 2.03299, num cross: 296391
H_single conductance: 0.350489, num cross: 296391
Cap 1 ... flow: 145791 (7.17758 s)
Flow search took (seconds) 7.19154
SUBG cut conductance: 999
SUBG cut minside volume 0
SUBG cut maxside volume 583166
== End round 6 ==
H expansion: 2.50065, num cross: 364572
H conductance: 0.357237, num cross: 364572
H_single expansion: 2.42677, num cross: 353801
H_single conductance: 0.360625, num cross: 353801
Cap 1 ... flow: 145706 (6.31823 s)
Cap 2 ... flow: 145791 (4.82502 s)
Flow search took (seconds) 11.1688
SUBG cut conductance: 0.412262
SUBG cut minside volume 1892
SUBG cut maxside volume 581274
== End round 7 ==
H expansion: 2.91788, num cross: 425400
H conductance: 0.364735, num cross: 425400
H_single expansion: 2.81637, num cross: 410602
H_single conductance: 0.367929, num cross: 410602
Cap 1 ... flow: 144106 (12.4928 s)
Cap 2 ... flow: 145791 (4.91968 s)
Flow search took (seconds) 17.4799
SUBG cut conductance: 0.19818
SUBG cut minside volume 55616
SUBG cut maxside volume 527550
== End round 8 ==
H expansion: 3.34471, num cross: 487628
H conductance: 0.371635, num cross: 487628
H_single expansion: 3.21167, num cross: 468233
H_single conductance: 0.374402, num cross: 468233
Cap 1 ... flow: 140968 (5.20011 s)
Cap 2 ... flow: 145791 (4.61129 s)
Flow search took (seconds) 9.84801
SUBG cut conductance: 0.124095
SUBG cut minside volume 196930
SUBG cut maxside volume 386236
== End round 9 ==
H expansion: 3.75046, num cross: 546783
H conductance: 0.375047, num cross: 546783
H_single expansion: 3.58748, num cross: 523022
H_single conductance: 0.377856, num cross: 523022
Cap 1 ... flow: 136668 (8.58122 s)
Cap 2 ... flow: 145791 (5.6674 s)
Flow search took (seconds) 14.2966
SUBG cut conductance: 0.112691
SUBG cut minside volume 250242
SUBG cut maxside volume 332924
== End round 10 ==
H expansion: 4.15049, num cross: 605104
H conductance: 0.377319, num cross: 605104
H_single expansion: 3.95505, num cross: 576611
H_single conductance: 0.379644, num cross: 576611
Cap 1 ... flow: 134002 (8.62717 s)
Cap 2 ... flow: 145791 (4.48651 s)
Flow search took (seconds) 13.1582
SUBG cut conductance: 0.116132
SUBG cut minside volume 295440
SUBG cut maxside volume 287726
== End round 11 ==
H expansion: 4.54942, num cross: 663265
H conductance: 0.37912, num cross: 663265
H_single expansion: 4.32136, num cross: 630015
H_single conductance: 0.381383, num cross: 630015
Cap 1 ... flow: 127826 (10.3891 s)
Cap 2 ... flow: 142498 (7.10838 s)
Cap 4 ... flow: 145791 (4.60903 s)
Flow search took (seconds) 22.1618
SUBG cut conductance: 0.034236
SUBG cut minside volume 216877
SUBG cut maxside volume 366289
== End round 12 ==
H expansion: 4.77337, num cross: 695914
H conductance: 0.367184, num cross: 695914
H_single expansion: 4.52377, num cross: 659525
H_single conductance: 0.368697, num cross: 659525
Cap 1 ... flow: 120007 (8.6986 s)
Cap 2 ... flow: 138493 (4.62822 s)
Cap 4 ... flow: 145791 (4.62704 s)
Flow search took (seconds) 18.001
SUBG cut conductance: 0.0862513
SUBG cut minside volume 148763
SUBG cut maxside volume 434403
== End round 13 ==
H expansion: 5.26238, num cross: 767207
H conductance: 0.375885, num cross: 767207
H_single expansion: 4.97585, num cross: 725434
H_single conductance: 0.377355, num cross: 725434
Cap 1 ... flow: 119312 (9.89781 s)
Cap 2 ... flow: 135967 (6.71752 s)
Cap 4 ... flow: 145791 (3.29434 s)
Flow search took (seconds) 19.9648
SUBG cut conductance: 0.0486043
SUBG cut minside volume 276066
SUBG cut maxside volume 307100
== End round 14 ==
H expansion: 5.58725, num cross: 814571
H conductance: 0.372485, num cross: 814571
H_single expansion: 5.28061, num cross: 769865
H_single conductance: 0.373393, num cross: 769865
Cap 1 ... flow: 117796 (9.25022 s)
Cap 2 ... flow: 138090 (6.44544 s)
Cap 4 ... flow: 145791 (3.62252 s)
Flow search took (seconds) 19.3705
SUBG cut conductance: 0.0635052
SUBG cut minside volume 265994
SUBG cut maxside volume 317172
== End round 15 ==
H expansion: 6.22266, num cross: 907208
H conductance: 0.388917, num cross: 907208
H_single expansion: 5.87905, num cross: 857112
H_single conductance: 0.390025, num cross: 857112
Cap 1 ... flow: 123851 (8.30661 s)
Cap 2 ... flow: 142022 (4.33176 s)
Cap 4 ... flow: 145791 (3.79952 s)
Flow search took (seconds) 16.4816
SUBG cut conductance: 0.115026
SUBG cut minside volume 112505
SUBG cut maxside volume 470661
== End round 16 ==
H expansion: 5.46294, num cross: 796448
H conductance: 0.321352, num cross: 796448
H_single expansion: 5.1675, num cross: 753375
H_single conductance: 0.323362, num cross: 753375
Cap 1 ... flow: 96276 (11.9924 s)
Cap 2 ... flow: 116285 (2.82053 s)
Cap 4 ... flow: 131631 (1.8098 s)
Cap 8 ... flow: 145056 (3.84443 s)
Cap 16 ... flow: 145791 (3.94697 s)
Flow search took (seconds) 24.4826
SUBG cut conductance: 0.0529131
SUBG cut minside volume 59456
SUBG cut maxside volume 523710
== End round 17 ==
H expansion: 5.51088, num cross: 803436
H conductance: 0.306161, num cross: 803436
H_single expansion: 5.19895, num cross: 757960
H_single conductance: 0.306479, num cross: 757960
Cap 1 ... flow: 87007 (16.9934 s)
Cap 2 ... flow: 109194 (6.08725 s)
Cap 4 ... flow: 139040 (9.32145 s)
Cap 8 ... flow: 145791 (6.42344 s)
Flow search took (seconds) 38.9076
SUBG cut conductance: 0.0830399
SUBG cut minside volume 61344
SUBG cut maxside volume 521822
== End round 18 ==
H expansion: 5.11724, num cross: 746048
H conductance: 0.269329, num cross: 746048
H_single expansion: 4.82958, num cross: 704109
H_single conductance: 0.270729, num cross: 704109
Cap 1 ... flow: 69008 (13.4167 s)
Cap 2 ... flow: 85417 (11.1929 s)
Cap 4 ... flow: 111595 (5.97531 s)
Cap 8 ... flow: 139386 (4.0239 s)
Cap 16 ... flow: 145791 (3.47105 s)
Flow search took (seconds) 38.1481
SUBG cut conductance: 0.0501648
SUBG cut minside volume 124390
SUBG cut maxside volume 458776
== End round 19 ==
H expansion: 7.41648, num cross: 1081256
H conductance: 0.370826, num cross: 1081256
H_single expansion: 7.00778, num cross: 1021671
H_single conductance: 0.371444, num cross: 1021671
Cap 1 ... flow: 105762 (4.79889 s)
Cap 2 ... flow: 124467 (3.38534 s)
Cap 4 ... flow: 145791 (6.48635 s)
Flow search took (seconds) 14.7191
SUBG cut conductance: 0.0682565
SUBG cut minside volume 224843
SUBG cut maxside volume 358323
== End round 20 ==
H expansion: 6.51499, num cross: 949827
H conductance: 0.310239, num cross: 949827
H_single expansion: 6.16434, num cross: 898705
H_single conductance: 0.310661, num cross: 898705
Cap 1 ... flow: 79089 (9.4597 s)
Cap 2 ... flow: 96801 (4.17376 s)
Cap 4 ... flow: 120570 (4.83784 s)
Cap 8 ... flow: 145791 (7.16395 s)
Flow search took (seconds) 25.705
SUBG cut conductance: 0.034291
SUBG cut minside volume 214371
SUBG cut maxside volume 368795
== End round 21 ==
H expansion: 8.2719, num cross: 1205969
H conductance: 0.375997, num cross: 1205969
H_single expansion: 7.82166, num cross: 1140327
H_single conductance: 0.37549, num cross: 1140327
Cap 1 ... flow: 102316 (13.6858 s)
Cap 2 ... flow: 119739 (5.14733 s)
Cap 4 ... flow: 143923 (11.4241 s)
Cap 8 ... flow: 145791 (2.36591 s)
Flow search took (seconds) 32.6991
SUBG cut conductance: 0.0520302
SUBG cut minside volume 224389
SUBG cut maxside volume 358777
== End round 22 ==
H expansion: 9.43363, num cross: 1375338
H conductance: 0.410159, num cross: 1375338
H_single expansion: 8.92633, num cross: 1301378
H_single conductance: 0.41118, num cross: 1301378
Cap 1 ... flow: 115174 (10.5836 s)
Cap 2 ... flow: 133683 (5.91702 s)
Cap 4 ... flow: 143933 (3.48909 s)
Cap 8 ... flow: 145791 (3.7097 s)
Flow search took (seconds) 23.758
SUBG cut conductance: 0.0529131
SUBG cut minside volume 59456
SUBG cut maxside volume 523710
== End round 23 ==
H Conductance target reached, this will be case 1 or 3. According to theory, this means we probably won't find a better cut. That is, assuming you set H_phi right. If was used together with G_phi target, this also certifies the input graph is a G_phi expander unless there was a very unbaanced cut somewhere, which we will proceed to look for.
R0 cond 999
R1 cond 999
R2 cond 999
R3 cond 999
R4 cond 999
R5 cond 999
R6 cond 999
R7 cond 0.412262
R8 cond 0.19818
R9 cond 0.124095
R10 cond 0.112691
R11 cond 0.116132
R12 cond 0.034236
R13 cond 0.0862513
R14 cond 0.0486043
R15 cond 0.0635052
R16 cond 0.115026
R17 cond 0.0529131
R18 cond 0.0830399
R19 cond 0.0501648
R20 cond 0.0682565
R21 cond 0.034291
R22 cond 0.0520302
R23 cond 0.0529131
The best with best expansion was found on round12
Edge crossings (E) : 7425
cut size: (3299 | 5439)
diff: 2140 (0.244907 of total n vertices)
Min side: 3299
expansion: 2.25068
conductance: 2.25068
cut volume: 216877
noncut volume: 366289
CASE1 NO Goodenough cut, G certified expander.
