time -o final/fe_sphere-hphi-0.4.out.time timeout 15m cmake-build-debug/a.out -f graphs/fe_sphere.graph -r 0 -s --H_phi=0.4 --G_phi=6.102770657878677e-05 --vol 0.1 -o final/fe_sphere-hphi-0.4.ptn >> final/fe_sphere-hphi-0.4.outReading graph from graphs/fe_sphere.graph
Reading a graph with V 16386E 49152
H expansion: 0, num cross: 0
H conductance: -nan, num cross: 0
H_single expansion: 0, num cross: 0
H_single conductance: -nan, num cross: 0
Cap 1 ... flow: 23197 (0.978044 s)
Cap 2 ... flow: 24576 (0.804015 s)
Flow search took (seconds) 1.78967
SUBG cut conductance: 0.142234
SUBG cut minside volume 42620
SUBG cut maxside volume 55684
== End round 0 ==
H expansion: 0.24707, num cross: 6072
H conductance: 0.24707, num cross: 6072
H_single expansion: 0.24707, num cross: 6072
H_single conductance: 0.24707, num cross: 6072
Cap 1 ... flow: 22455 (0.915623 s)
Cap 2 ... flow: 24576 (1.08259 s)
Flow search took (seconds) 2.0056
SUBG cut conductance: 0.143194
SUBG cut minside volume 44108
SUBG cut maxside volume 54196
== End round 1 ==
H expansion: 0.537923, num cross: 13220
H conductance: 0.268962, num cross: 13220
H_single expansion: 0.53064, num cross: 13041
H_single conductance: 0.26907, num cross: 13041
Cap 1 ... flow: 21555 (0.950456 s)
Cap 2 ... flow: 24212 (0.938221 s)
Cap 4 ... flow: 24576 (0.947732 s)
Flow search took (seconds) 2.84666
SUBG cut conductance: 0.0204217
SUBG cut minside volume 30164
SUBG cut maxside volume 68140
== End round 2 ==
H expansion: 0.852051, num cross: 20940
H conductance: 0.284017, num cross: 20940
H_single expansion: 0.836589, num cross: 20560
H_single conductance: 0.286862, num cross: 20560
Cap 1 ... flow: 20379 (1.02834 s)
Cap 2 ... flow: 23607 (1.37153 s)
Cap 4 ... flow: 24576 (1.38268 s)
Flow search took (seconds) 3.79222
SUBG cut conductance: 0.0269884
SUBG cut minside volume 44760
SUBG cut maxside volume 53544
== End round 3 ==
H expansion: 1.20296, num cross: 29564
H conductance: 0.300741, num cross: 29564
H_single expansion: 1.17122, num cross: 28784
H_single conductance: 0.304277, num cross: 28784
Cap 1 ... flow: 19567 (0.962185 s)
Cap 2 ... flow: 22979 (1.14903 s)
Cap 4 ... flow: 24401 (3.13887 s)
Cap 8 ... flow: 24576 (1.36932 s)
Flow search took (seconds) 6.63608
SUBG cut conductance: 0.0217476
SUBG cut minside volume 15358
SUBG cut maxside volume 82946
== End round 4 ==
H expansion: 1.55013, num cross: 38096
H conductance: 0.310026, num cross: 38096
H_single expansion: 1.49719, num cross: 36795
H_single conductance: 0.314721, num cross: 36795
Cap 1 ... flow: 18574 (0.9153 s)
Cap 2 ... flow: 22100 (0.913852 s)
Cap 4 ... flow: 24401 (0.679854 s)
Cap 8 ... flow: 24576 (0.54718 s)
Flow search took (seconds) 3.06418
SUBG cut conductance: 0.0401208
SUBG cut minside volume 4636
SUBG cut maxside volume 93668
== End round 5 ==
H expansion: 1.90145, num cross: 46730
H conductance: 0.316908, num cross: 46730
H_single expansion: 1.8186, num cross: 44694
H_single conductance: 0.322151, num cross: 44694
Cap 1 ... flow: 17677 (1.11844 s)
Cap 2 ... flow: 21313 (1.35066 s)
Cap 4 ... flow: 23830 (1.33208 s)
Cap 8 ... flow: 24576 (1.06057 s)
Flow search took (seconds) 4.87389
SUBG cut conductance: 0.0206782
SUBG cut minside volume 31434
SUBG cut maxside volume 66870
== End round 6 ==
H expansion: 2.28662, num cross: 56196
H conductance: 0.32666, num cross: 56196
H_single expansion: 2.16715, num cross: 53260
H_single conductance: 0.331112, num cross: 53260
Cap 1 ... flow: 17372 (1.07725 s)
Cap 2 ... flow: 20596 (1.26629 s)
Cap 4 ... flow: 23122 (1.6715 s)
Cap 8 ... flow: 24576 (1.28103 s)
Flow search took (seconds) 5.30953
SUBG cut conductance: 0.018784
SUBG cut minside volume 46742
SUBG cut maxside volume 51562
== End round 7 ==
H expansion: 2.63395, num cross: 64732
H conductance: 0.329244, num cross: 64732
H_single expansion: 2.48039, num cross: 60958
H_single conductance: 0.333768, num cross: 60958
Cap 1 ... flow: 16552 (1.01489 s)
Cap 2 ... flow: 19894 (1.01561 s)
Cap 4 ... flow: 22933 (1.40705 s)
Cap 8 ... flow: 24576 (1.08627 s)
Flow search took (seconds) 4.53733
SUBG cut conductance: 0.0218394
SUBG cut minside volume 47712
SUBG cut maxside volume 50592
== End round 8 ==
H expansion: 2.96956, num cross: 72980
H conductance: 0.329952, num cross: 72980
H_single expansion: 2.7795, num cross: 68309
H_single conductance: 0.334286, num cross: 68309
Cap 1 ... flow: 15944 (1.02435 s)
Cap 2 ... flow: 18580 (1.07081 s)
Cap 4 ... flow: 20868 (1.22429 s)
Cap 8 ... flow: 23233 (2.12166 s)
Cap 16 ... flow: 24576 (0.9535 s)
Flow search took (seconds) 6.40786
SUBG cut conductance: 0.0135979
SUBG cut minside volume 41624
SUBG cut maxside volume 56680
== End round 9 ==
H expansion: 3.4091, num cross: 83782
H conductance: 0.34091, num cross: 83782
H_single expansion: 3.16597, num cross: 77807
H_single conductance: 0.344799, num cross: 77807
Cap 1 ... flow: 15962 (1.13485 s)
Cap 2 ... flow: 18580 (1.1179 s)
Cap 4 ... flow: 21285 (1.1558 s)
Cap 8 ... flow: 24324 (2.10152 s)
Cap 16 ... flow: 24576 (0.93965 s)
Flow search took (seconds) 6.46596
SUBG cut conductance: 0.032737
SUBG cut minside volume 5254
SUBG cut maxside volume 93050
== End round 10 ==
H expansion: 3.47493, num cross: 85400
H conductance: 0.315903, num cross: 85400
H_single expansion: 3.22021, num cross: 79140
H_single conductance: 0.320571, num cross: 79140
Cap 1 ... flow: 14201 (1.20714 s)
Cap 2 ... flow: 16504 (1.39004 s)
Cap 4 ... flow: 18972 (1.62344 s)
Cap 8 ... flow: 21965 (1.61989 s)
Cap 16 ... flow: 24576 (2.03799 s)
Flow search took (seconds) 7.89014
SUBG cut conductance: 0.013845
SUBG cut minside volume 36114
SUBG cut maxside volume 62190
== End round 11 ==
H expansion: 3.96899, num cross: 97542
H conductance: 0.33075, num cross: 97542
H_single expansion: 3.65674, num cross: 89868
H_single conductance: 0.335732, num cross: 89868
Cap 1 ... flow: 14555 (1.3463 s)
Cap 2 ... flow: 16615 (1.34038 s)
Cap 4 ... flow: 19400 (1.59351 s)
Cap 8 ... flow: 22854 (2.08636 s)
Cap 16 ... flow: 24576 (1.16343 s)
Flow search took (seconds) 7.54515
SUBG cut conductance: 0.0103157
SUBG cut minside volume 47888
SUBG cut maxside volume 50416
== End round 12 ==
H expansion: 3.98291, num cross: 97884
H conductance: 0.306378, num cross: 97884
H_single expansion: 3.65491, num cross: 89823
H_single conductance: 0.309222, num cross: 89823
Cap 1 ... flow: 12632 (1.41742 s)
Cap 2 ... flow: 14135 (1.42142 s)
Cap 4 ... flow: 16169 (1.61814 s)
Cap 8 ... flow: 19361 (2.05206 s)
Cap 16 ... flow: 23902 (2.47544 s)
Cap 32 ... flow: 24576 (0.560796 s)
Flow search took (seconds) 9.55827
SUBG cut conductance: 0.0138139
SUBG cut minside volume 32576
SUBG cut maxside volume 65728
== End round 13 ==
H expansion: 4.30916, num cross: 105902
H conductance: 0.307797, num cross: 105902
H_single expansion: 3.95475, num cross: 97192
H_single conductance: 0.312049, num cross: 97192
Cap 1 ... flow: 12672 (1.16982 s)
Cap 2 ... flow: 14056 (1.2352 s)
Cap 4 ... flow: 15947 (1.16282 s)
Cap 8 ... flow: 18508 (1.45511 s)
Cap 16 ... flow: 22412 (2.89033 s)
Cap 32 ... flow: 24576 (1.35807 s)
Flow search took (seconds) 9.28707
SUBG cut conductance: 0.012642
SUBG cut minside volume 37336
SUBG cut maxside volume 60968
== End round 14 ==
H expansion: 4.86532, num cross: 119570
H conductance: 0.324354, num cross: 119570
H_single expansion: 4.45471, num cross: 109479
H_single conductance: 0.324847, num cross: 109479
Cap 1 ... flow: 13258 (1.5992 s)
Cap 2 ... flow: 14407 (1.61336 s)
Cap 4 ... flow: 15888 (1.96815 s)
Cap 8 ... flow: 18333 (2.5502 s)
Cap 16 ... flow: 22620 (3.4341 s)
Cap 32 ... flow: 24576 (0.509828 s)
Flow search took (seconds) 11.6927
SUBG cut conductance: 0.0155531
SUBG cut minside volume 28676
SUBG cut maxside volume 69628
== End round 15 ==
H expansion: 5.60319, num cross: 137704
H conductance: 0.350199, num cross: 137704
H_single expansion: 5.1344, num cross: 126183
H_single conductance: 0.354952, num cross: 126183
Cap 1 ... flow: 14419 (1.29553 s)
Cap 2 ... flow: 15891 (1.23552 s)
Cap 4 ... flow: 18049 (1.24039 s)
Cap 8 ... flow: 20986 (1.08016 s)
Cap 16 ... flow: 24576 (1.16532 s)
Flow search took (seconds) 6.02802
SUBG cut conductance: 0.019867
SUBG cut minside volume 24664
SUBG cut maxside volume 73640
== End round 16 ==
H expansion: 5.27482, num cross: 129634
H conductance: 0.310284, num cross: 129634
H_single expansion: 4.82442, num cross: 118565
H_single conductance: 0.314497, num cross: 118565
Cap 1 ... flow: 12035 (1.34146 s)
Cap 2 ... flow: 13127 (1.45938 s)
Cap 4 ... flow: 14743 (1.55825 s)
Cap 8 ... flow: 17085 (1.72975 s)
Cap 16 ... flow: 20987 (1.94778 s)
Cap 32 ... flow: 24576 (1.62048 s)
Flow search took (seconds) 9.67029
SUBG cut conductance: 0.0116953
SUBG cut minside volume 36596
SUBG cut maxside volume 61708
== End round 17 ==
H expansion: 5.7876, num cross: 142236
H conductance: 0.321533, num cross: 142236
H_single expansion: 5.26595, num cross: 129416
H_single conductance: 0.322118, num cross: 129416
Cap 1 ... flow: 12338 (1.24019 s)
Cap 2 ... flow: 13099 (1.27056 s)
Cap 4 ... flow: 14093 (1.42983 s)
Cap 8 ... flow: 15921 (2.04297 s)
Cap 16 ... flow: 19478 (3.68229 s)
Cap 32 ... flow: 24576 (2.01565 s)
Flow search took (seconds) 11.6955
SUBG cut conductance: 0.0089502
SUBG cut minside volume 48714
SUBG cut maxside volume 49590
== End round 18 ==
H expansion: 6.40934, num cross: 157516
H conductance: 0.337334, num cross: 157516
H_single expansion: 5.85136, num cross: 143803
H_single conductance: 0.340051, num cross: 143803
Cap 1 ... flow: 13167 (1.36439 s)
Cap 2 ... flow: 14189 (1.42309 s)
Cap 4 ... flow: 15650 (1.71504 s)
Cap 8 ... flow: 17508 (2.47988 s)
Cap 16 ... flow: 21016 (4.7466 s)
Cap 32 ... flow: 24576 (1.54414 s)
Flow search took (seconds) 13.288
SUBG cut conductance: 0.0117209
SUBG cut minside volume 37028
SUBG cut maxside volume 61276
== End round 19 ==
H expansion: 6.46444, num cross: 158870
H conductance: 0.323222, num cross: 158870
H_single expansion: 5.91231, num cross: 145301
H_single conductance: 0.327381, num cross: 145301
Cap 1 ... flow: 12819 (0.995849 s)
Cap 2 ... flow: 13522 (1.04349 s)
Cap 4 ... flow: 14520 (1.08335 s)
Cap 8 ... flow: 16403 (1.30625 s)
Cap 16 ... flow: 20078 (2.3234 s)
Cap 32 ... flow: 24576 (1.45226 s)
Flow search took (seconds) 8.22032
SUBG cut conductance: 0.011662
SUBG cut minside volume 38930
SUBG cut maxside volume 59374
== End round 20 ==
H expansion: 7.74292, num cross: 190290
H conductance: 0.36871, num cross: 190290
H_single expansion: 7.06527, num cross: 173636
H_single conductance: 0.37188, num cross: 173636
Cap 1 ... flow: 14993 (1.31079 s)
Cap 2 ... flow: 15891 (1.37767 s)
Cap 4 ... flow: 16931 (1.5067 s)
Cap 8 ... flow: 18886 (2.47726 s)
Cap 16 ... flow: 22499 (4.53371 s)
Cap 32 ... flow: 24576 (1.44097 s)
Flow search took (seconds) 12.6617
SUBG cut conductance: 0.00892748
SUBG cut minside volume 49062
SUBG cut maxside volume 49242
== End round 21 ==
H expansion: 5.20898, num cross: 128016
H conductance: 0.236772, num cross: 128016
H_single expansion: 4.78097, num cross: 117497
H_single conductance: 0.239437, num cross: 117497
Cap 1 ... flow: 8316 (1.21742 s)
Cap 2 ... flow: 8925 (1.4523 s)
Cap 4 ... flow: 9937 (1.53798 s)
Cap 8 ... flow: 11805 (2.83662 s)
Cap 16 ... flow: 15422 (4.99514 s)
Cap 32 ... flow: 22478 (4.61186 s)
Cap 64 ... flow: 24576 (1.52122 s)
Flow search took (seconds) 18.1905
SUBG cut conductance: 0.00891667
SUBG cut minside volume 48000
SUBG cut maxside volume 50304
== End round 22 ==
H expansion: 8.62337, num cross: 211928
H conductance: 0.374929, num cross: 211928
H_single expansion: 7.87215, num cross: 193466
H_single conductance: 0.378236, num cross: 193466
Cap 1 ... flow: 14721 (1.27411 s)
Cap 2 ... flow: 15613 (1.31054 s)
Cap 4 ... flow: 16806 (1.43184 s)
Cap 8 ... flow: 18979 (1.8042 s)
Cap 16 ... flow: 22456 (2.43055 s)
Cap 32 ... flow: 24576 (1.58199 s)
Flow search took (seconds) 9.84898
SUBG cut conductance: 0.0117395
SUBG cut minside volume 36458
SUBG cut maxside volume 61846
== End round 23 ==
H expansion: 7.0577, num cross: 173450
H conductance: 0.294071, num cross: 173450
H_single expansion: 6.48027, num cross: 159259
H_single conductance: 0.29574, num cross: 159259
Cap 1 ... flow: 10070 (1.34163 s)
Cap 2 ... flow: 10703 (1.51222 s)
Cap 4 ... flow: 11745 (1.53539 s)
Cap 8 ... flow: 13648 (1.93541 s)
Cap 16 ... flow: 17353 (2.19439 s)
Cap 32 ... flow: 24306 (2.26476 s)
Cap 64 ... flow: 24576 (0.579946 s)
Flow search took (seconds) 11.3815
SUBG cut conductance: 0.00887134
SUBG cut minside volume 47118
SUBG cut maxside volume 51186
== End round 24 ==
H expansion: 5.69621, num cross: 139990
H conductance: 0.227848, num cross: 139990
H_single expansion: 5.28617, num cross: 129913
H_single conductance: 0.231932, num cross: 129913
Cap 1 ... flow: 7038 (1.76387 s)
Cap 2 ... flow: 7549 (1.80416 s)
Cap 4 ... flow: 8450 (1.88937 s)
Cap 8 ... flow: 10179 (2.41741 s)
Cap 16 ... flow: 13572 (3.05931 s)
Cap 32 ... flow: 20111 (3.5391 s)
Cap 64 ... flow: 24576 (1.39383 s)
Flow search took (seconds) 15.8818
SUBG cut conductance: 0.00817494
SUBG cut minside volume 48930
SUBG cut maxside volume 49374
== End round 25 ==
H expansion: 9.90299, num cross: 243376
H conductance: 0.380884, num cross: 243376
H_single expansion: 9.06205, num cross: 222709
H_single conductance: 0.385973, num cross: 222709
Cap 1 ... flow: 14647 (0.920192 s)
Cap 2 ... flow: 15456 (1.10579 s)
Cap 4 ... flow: 16418 (1.233 s)
Cap 8 ... flow: 18200 (2.14519 s)
Cap 16 ... flow: 21467 (3.08061 s)
Cap 32 ... flow: 24576 (1.63674 s)
Flow search took (seconds) 10.1398
SUBG cut conductance: 0.00901866
SUBG cut minside volume 44796
SUBG cut maxside volume 53508
== End round 26 ==
H expansion: 10.3551, num cross: 254486
H conductance: 0.383521, num cross: 254486
H_single expansion: 9.48564, num cross: 233119
H_single conductance: 0.387509, num cross: 233119
Cap 1 ... flow: 14793 (1.47853 s)
Cap 2 ... flow: 15456 (1.63639 s)
Cap 4 ... flow: 16382 (1.79852 s)
Cap 8 ... flow: 18121 (3.37748 s)
Cap 16 ... flow: 21520 (4.52849 s)
Cap 32 ... flow: 24576 (1.47459 s)
Flow search took (seconds) 14.3107
SUBG cut conductance: 0.00919207
SUBG cut minside volume 45474
SUBG cut maxside volume 52830
== End round 27 ==
H expansion: 10.2556, num cross: 252042
H conductance: 0.366272, num cross: 252042
H_single expansion: 9.41215, num cross: 231313
H_single conductance: 0.371516, num cross: 231313
Cap 1 ... flow: 13644 (1.51804 s)
Cap 2 ... flow: 14333 (1.40428 s)
Cap 4 ... flow: 15366 (1.57922 s)
Cap 8 ... flow: 17329 (2.39681 s)
Cap 16 ... flow: 21171 (3.7051 s)
Cap 32 ... flow: 24576 (1.55881 s)
Flow search took (seconds) 12.1784
SUBG cut conductance: 0.00987347
SUBG cut minside volume 48210
SUBG cut maxside volume 50094
== End round 28 ==
H expansion: 12.692, num cross: 311918
H conductance: 0.437654, num cross: 311918
H_single expansion: 11.5859, num cross: 284734
H_single conductance: 0.440617, num cross: 284734
Cap 1 ... flow: 18467 (0.926111 s)
Cap 2 ... flow: 19224 (1.11941 s)
Cap 4 ... flow: 20130 (1.38074 s)
Cap 8 ... flow: 21840 (2.6128 s)
Cap 16 ... flow: 24576 (1.80783 s)
Flow search took (seconds) 7.85907
SUBG cut conductance: 0.00928725
SUBG cut minside volume 45654
SUBG cut maxside volume 52650
== End round 29 ==
H Conductance target reached, this will be case 1 or 3. According to theory, this means we probably won't find a better cut. That is, assuming you set H_phi right. If was used together with G_phi target, this also certifies the input graph is a G_phi expander unless there was a very unbaanced cut somewhere, which we will proceed to look for.
R0 cond 0.142234
R1 cond 0.143194
R2 cond 0.0204217
R3 cond 0.0269884
R4 cond 0.0217476
R5 cond 0.0401208
R6 cond 0.0206782
R7 cond 0.018784
R8 cond 0.0218394
R9 cond 0.0135979
R10 cond 0.032737
R11 cond 0.013845
R12 cond 0.0103157
R13 cond 0.0138139
R14 cond 0.012642
R15 cond 0.0155531
R16 cond 0.019867
R17 cond 0.0116953
R18 cond 0.0089502
R19 cond 0.0117209
R20 cond 0.011662
R21 cond 0.00892748
R22 cond 0.00891667
R23 cond 0.0117395
R24 cond 0.00887134
R25 cond 0.00817494
R26 cond 0.00901866
R27 cond 0.00919207
R28 cond 0.00987347
R29 cond 0.00928725
The best with best expansion was found on round25
Edge crossings (E) : 400
cut size: (8156 | 8230)
diff: 74 (0.00451605 of total n vertices)
Min side: 8156
expansion: 0.0490436
conductance: 0.0490436
cut volume: 49374
noncut volume: 48930
CASE1 NO Goodenough cut, G certified expander.
