time -o final/vibrobox-hphi-0.4.out.time timeout 15m cmake-build-debug/a.out -f graphs/vibrobox.graph -r 0 -s --H_phi=0.4 --G_phi=8.111615833874107e-05 --vol 0.1 -o final/vibrobox-hphi-0.4.ptn >> final/vibrobox-hphi-0.4.outReading graph from graphs/vibrobox.graph
Reading a graph with V 12328E 165250
H expansion: 0, num cross: 0
H conductance: -nan, num cross: 0
H_single expansion: 0, num cross: 0
H_single conductance: -nan, num cross: 0
Cap 1 ... flow: 82625 (0.496813 s)
Flow search took (seconds) 0.504365
SUBG cut conductance: 999
SUBG cut minside volume 0
SUBG cut maxside volume 330500
== End round 0 ==
H expansion: 0.248871, num cross: 20563
H conductance: 0.248871, num cross: 20563
H_single expansion: 0.248871, num cross: 20563
H_single conductance: 0.248871, num cross: 20563
Cap 1 ... flow: 82622 (0.530592 s)
Cap 2 ... flow: 82625 (0.494498 s)
Flow search took (seconds) 1.04217
SUBG cut conductance: 0.736842
SUBG cut minside volume 114
SUBG cut maxside volume 330386
== End round 1 ==
H expansion: 0.547098, num cross: 45204
H conductance: 0.273549, num cross: 45204
H_single expansion: 0.544109, num cross: 44957
H_single conductance: 0.273666, num cross: 44957
Cap 1 ... flow: 82619 (0.509745 s)
Cap 2 ... flow: 82625 (0.472167 s)
Flow search took (seconds) 0.996938
SUBG cut conductance: 0.558282
SUBG cut minside volume 163
SUBG cut maxside volume 330337
== End round 2 ==
H expansion: 0.894439, num cross: 73903
H conductance: 0.298146, num cross: 73903
H_single expansion: 0.887407, num cross: 73322
H_single conductance: 0.29964, num cross: 73322
Cap 1 ... flow: 82609 (0.717761 s)
Cap 2 ... flow: 82625 (0.518689 s)
Flow search took (seconds) 1.2517
SUBG cut conductance: 0.598109
SUBG cut minside volume 423
SUBG cut maxside volume 330077
== End round 3 ==
H expansion: 1.27697, num cross: 105510
H conductance: 0.319244, num cross: 105510
H_single expansion: 1.26171, num cross: 104249
H_single conductance: 0.321825, num cross: 104249
Cap 1 ... flow: 82582 (1.21258 s)
Cap 2 ... flow: 82625 (0.495199 s)
Flow search took (seconds) 1.72611
SUBG cut conductance: 0.618349
SUBG cut minside volume 1090
SUBG cut maxside volume 329410
== End round 4 ==
H expansion: 1.67323, num cross: 138251
H conductance: 0.334647, num cross: 138251
H_single expansion: 1.64401, num cross: 135836
H_single conductance: 0.338136, num cross: 135836
Cap 1 ... flow: 82294 (2.66828 s)
Cap 2 ... flow: 82625 (0.588196 s)
Flow search took (seconds) 3.29424
SUBG cut conductance: 0.312127
SUBG cut minside volume 17605
SUBG cut maxside volume 312895
== End round 5 ==
H expansion: 2.07124, num cross: 171136
H conductance: 0.345206, num cross: 171136
H_single expansion: 2.02204, num cross: 167071
H_single conductance: 0.349159, num cross: 167071
Cap 1 ... flow: 81968 (2.85376 s)
Cap 2 ... flow: 82625 (0.561019 s)
Flow search took (seconds) 3.45156
SUBG cut conductance: 0.297113
SUBG cut minside volume 24351
SUBG cut maxside volume 306149
== End round 6 ==
H expansion: 2.47176, num cross: 204229
H conductance: 0.353108, num cross: 204229
H_single expansion: 2.39711, num cross: 198061
H_single conductance: 0.357216, num cross: 198061
Cap 1 ... flow: 80610 (2.42494 s)
Cap 2 ... flow: 82625 (0.592366 s)
Flow search took (seconds) 3.03594
SUBG cut conductance: 0.261644
SUBG cut minside volume 58614
SUBG cut maxside volume 271886
== End round 7 ==
H expansion: 2.85325, num cross: 235750
H conductance: 0.356657, num cross: 235750
H_single expansion: 2.74913, num cross: 227147
H_single conductance: 0.360885, num cross: 227147
Cap 1 ... flow: 77452 (6.18871 s)
Cap 2 ... flow: 82625 (0.768658 s)
Flow search took (seconds) 6.9863
SUBG cut conductance: 0.190576
SUBG cut minside volume 125215
SUBG cut maxside volume 205285
== End round 8 ==
H expansion: 3.21848, num cross: 265927
H conductance: 0.357609, num cross: 265927
H_single expansion: 3.07897, num cross: 254400
H_single conductance: 0.361332, num cross: 254400
Cap 1 ... flow: 74001 (4.93143 s)
Cap 2 ... flow: 82625 (1.12302 s)
Flow search took (seconds) 6.07926
SUBG cut conductance: 0.153128
SUBG cut minside volume 152774
SUBG cut maxside volume 177726
== End round 9 ==
H expansion: 3.60155, num cross: 297578
H conductance: 0.360155, num cross: 297578
H_single expansion: 3.42895, num cross: 283317
H_single conductance: 0.364316, num cross: 283317
Cap 1 ... flow: 72706 (4.79124 s)
Cap 2 ... flow: 82625 (1.17463 s)
Flow search took (seconds) 5.98836
SUBG cut conductance: 0.166303
SUBG cut minside volume 145782
SUBG cut maxside volume 184718
== End round 10 ==
H expansion: 3.91689, num cross: 323633
H conductance: 0.356081, num cross: 323633
H_single expansion: 3.71132, num cross: 306648
H_single conductance: 0.360137, num cross: 306648
Cap 1 ... flow: 68764 (5.87134 s)
Cap 2 ... flow: 82439 (3.72946 s)
Cap 4 ... flow: 82625 (0.673675 s)
Flow search took (seconds) 10.3175
SUBG cut conductance: 0.211187
SUBG cut minside volume 5971
SUBG cut maxside volume 324529
== End round 11 ==
H expansion: 4.36684, num cross: 360810
H conductance: 0.363903, num cross: 360810
H_single expansion: 4.11676, num cross: 340147
H_single conductance: 0.366538, num cross: 340147
Cap 1 ... flow: 68844 (5.71525 s)
Cap 2 ... flow: 82244 (1.93013 s)
Cap 4 ... flow: 82625 (0.604395 s)
Flow search took (seconds) 8.27297
SUBG cut conductance: 0.210258
SUBG cut minside volume 10801
SUBG cut maxside volume 319699
== End round 12 ==
H expansion: 4.47759, num cross: 369961
H conductance: 0.34443, num cross: 369961
H_single expansion: 4.21458, num cross: 348230
H_single conductance: 0.34693, num cross: 348230
Cap 1 ... flow: 62663 (6.68697 s)
Cap 2 ... flow: 80149 (5.05736 s)
Cap 4 ... flow: 82625 (0.807632 s)
Flow search took (seconds) 12.5918
SUBG cut conductance: 0.192191
SUBG cut minside volume 40876
SUBG cut maxside volume 289624
== End round 13 ==
H expansion: 5.13426, num cross: 424218
H conductance: 0.366733, num cross: 424218
H_single expansion: 4.82129, num cross: 398359
H_single conductance: 0.368494, num cross: 398359
Cap 1 ... flow: 65454 (5.98513 s)
Cap 2 ... flow: 81106 (4.59052 s)
Cap 4 ... flow: 82625 (0.796843 s)
Flow search took (seconds) 11.4157
SUBG cut conductance: 0.162781
SUBG cut minside volume 19216
SUBG cut maxside volume 311284
== End round 14 ==
H expansion: 5.41789, num cross: 447653
H conductance: 0.361193, num cross: 447653
H_single expansion: 5.08332, num cross: 420009
H_single conductance: 0.363699, num cross: 420009
Cap 1 ... flow: 63331 (5.61074 s)
Cap 2 ... flow: 80371 (6.31098 s)
Cap 4 ... flow: 82625 (0.777859 s)
Flow search took (seconds) 12.7359
SUBG cut conductance: 0.152023
SUBG cut minside volume 79613
SUBG cut maxside volume 250887
== End round 15 ==
H expansion: 5.3591, num cross: 442796
H conductance: 0.334944, num cross: 442796
H_single expansion: 5.0291, num cross: 415529
H_single conductance: 0.337783, num cross: 415529
Cap 1 ... flow: 57420 (5.55674 s)
Cap 2 ... flow: 75639 (4.41892 s)
Cap 4 ... flow: 82625 (0.878802 s)
Flow search took (seconds) 10.883
SUBG cut conductance: 0.125696
SUBG cut minside volume 111515
SUBG cut maxside volume 218985
== End round 16 ==
H expansion: 5.65634, num cross: 467355
H conductance: 0.332726, num cross: 467355
H_single expansion: 5.29928, num cross: 437853
H_single conductance: 0.335158, num cross: 437853
Cap 1 ... flow: 54765 (7.04562 s)
Cap 2 ... flow: 72188 (4.80677 s)
Cap 4 ... flow: 82625 (1.19012 s)
Flow search took (seconds) 13.0779
SUBG cut conductance: 0.106457
SUBG cut minside volume 146858
SUBG cut maxside volume 183642
== End round 17 ==
H expansion: 5.86183, num cross: 484334
H conductance: 0.325657, num cross: 484334
H_single expansion: 5.49159, num cross: 453743
H_single conductance: 0.328653, num cross: 453743
Cap 1 ... flow: 51346 (6.66819 s)
Cap 2 ... flow: 67287 (4.01523 s)
Cap 4 ... flow: 82625 (1.13479 s)
Flow search took (seconds) 11.849
SUBG cut conductance: 0.0933645
SUBG cut minside volume 158240
SUBG cut maxside volume 172260
== End round 18 ==
H expansion: 6.38825, num cross: 527829
H conductance: 0.336224, num cross: 527829
H_single expansion: 5.98076, num cross: 494160
H_single conductance: 0.338865, num cross: 494160
Cap 1 ... flow: 54769 (4.77788 s)
Cap 2 ... flow: 72155 (3.2508 s)
Cap 4 ... flow: 82625 (0.969769 s)
Flow search took (seconds) 9.02817
SUBG cut conductance: 0.115785
SUBG cut minside volume 136822
SUBG cut maxside volume 193678
== End round 19 ==
H expansion: 6.37023, num cross: 526340
H conductance: 0.318511, num cross: 526340
H_single expansion: 5.96491, num cross: 492851
H_single conductance: 0.321106, num cross: 492851
Cap 1 ... flow: 49368 (7.08785 s)
Cap 2 ... flow: 65486 (3.8967 s)
Cap 4 ... flow: 82625 (1.11597 s)
Flow search took (seconds) 12.1315
SUBG cut conductance: 0.0921669
SUBG cut minside volume 165222
SUBG cut maxside volume 165278
== End round 20 ==
H expansion: 6.88313, num cross: 568719
H conductance: 0.327768, num cross: 568719
H_single expansion: 6.4351, num cross: 531700
H_single conductance: 0.329837, num cross: 531700
Cap 1 ... flow: 50470 (6.00142 s)
Cap 2 ... flow: 66664 (3.81931 s)
Cap 4 ... flow: 82625 (1.20881 s)
Flow search took (seconds) 11.0581
SUBG cut conductance: 0.0946917
SUBG cut minside volume 159581
SUBG cut maxside volume 170919
== End round 21 ==
H expansion: 7.3776, num cross: 609574
H conductance: 0.335345, num cross: 609574
H_single expansion: 6.90147, num cross: 570234
H_single conductance: 0.337709, num cross: 570234
Cap 1 ... flow: 52054 (7.20495 s)
Cap 2 ... flow: 68075 (4.44097 s)
Cap 4 ... flow: 82625 (1.30841 s)
Flow search took (seconds) 12.9859
SUBG cut conductance: 0.0988854
SUBG cut minside volume 151357
SUBG cut maxside volume 179143
== End round 22 ==
H expansion: 7.64646, num cross: 631789
H conductance: 0.332455, num cross: 631789
H_single expansion: 7.15946, num cross: 591550
H_single conductance: 0.335965, num cross: 591550
Cap 1 ... flow: 51121 (5.36697 s)
Cap 2 ... flow: 67629 (4.25237 s)
Cap 4 ... flow: 82625 (1.07736 s)
Flow search took (seconds) 10.7255
SUBG cut conductance: 0.0968158
SUBG cut minside volume 161389
SUBG cut maxside volume 169111
== End round 23 ==
H expansion: 8.22935, num cross: 679950
H conductance: 0.34289, num cross: 679950
H_single expansion: 7.69831, num cross: 636073
H_single conductance: 0.345731, num cross: 636073
Cap 1 ... flow: 52794 (5.30848 s)
Cap 2 ... flow: 68640 (2.71077 s)
Cap 4 ... flow: 82625 (0.887092 s)
Flow search took (seconds) 8.93695
SUBG cut conductance: 0.117629
SUBG cut minside volume 124009
SUBG cut maxside volume 206491
== End round 24 ==
H expansion: 7.01007, num cross: 579207
H conductance: 0.280403, num cross: 579207
H_single expansion: 6.56698, num cross: 542597
H_single conductance: 0.283523, num cross: 542597
Cap 1 ... flow: 40512 (6.37138 s)
Cap 2 ... flow: 54535 (3.45523 s)
Cap 4 ... flow: 78236 (2.51523 s)
Cap 8 ... flow: 82625 (0.704049 s)
Flow search took (seconds) 13.0804
SUBG cut conductance: 0.0805462
SUBG cut minside volume 138554
SUBG cut maxside volume 191946
== End round 25 ==
H expansion: 7.065, num cross: 583746
H conductance: 0.271731, num cross: 583746
H_single expansion: 6.61575, num cross: 546626
H_single conductance: 0.274383, num cross: 546626
Cap 1 ... flow: 36370 (5.72401 s)
Cap 2 ... flow: 48604 (3.05716 s)
Cap 4 ... flow: 71227 (2.68224 s)
Cap 8 ... flow: 82625 (0.754837 s)
Flow search took (seconds) 12.2545
SUBG cut conductance: 0.0696571
SUBG cut minside volume 158907
SUBG cut maxside volume 171593
== End round 26 ==
H expansion: 8.83804, num cross: 730243
H conductance: 0.327335, num cross: 730243
H_single expansion: 8.25825, num cross: 682338
H_single conductance: 0.329542, num cross: 682338
Cap 1 ... flow: 46922 (6.40159 s)
Cap 2 ... flow: 61039 (4.05131 s)
Cap 4 ... flow: 82625 (1.58636 s)
Flow search took (seconds) 12.0699
SUBG cut conductance: 0.085682
SUBG cut minside volume 157536
SUBG cut maxside volume 172964
== End round 27 ==
H expansion: 10.7009, num cross: 884160
H conductance: 0.382174, num cross: 884160
H_single expansion: 10.0044, num cross: 826614
H_single conductance: 0.384686, num cross: 826614
Cap 1 ... flow: 58637 (6.1238 s)
Cap 2 ... flow: 75509 (4.87348 s)
Cap 4 ... flow: 82625 (0.949451 s)
Flow search took (seconds) 11.9816
SUBG cut conductance: 0.122082
SUBG cut minside volume 126481
SUBG cut maxside volume 204019
== End round 28 ==
H expansion: 10.2138, num cross: 843913
H conductance: 0.352199, num cross: 843913
H_single expansion: 9.56468, num cross: 790282
H_single conductance: 0.355684, num cross: 790282
Cap 1 ... flow: 51655 (6.43991 s)
Cap 2 ... flow: 67392 (4.44185 s)
Cap 4 ... flow: 82625 (1.11404 s)
Flow search took (seconds) 12.0249
SUBG cut conductance: 0.0921245
SUBG cut minside volume 160967
SUBG cut maxside volume 169533
== End round 29 ==
H expansion: 11.0421, num cross: 912352
H conductance: 0.368069, num cross: 912352
H_single expansion: 10.3267, num cross: 853246
H_single conductance: 0.371689, num cross: 853246
Cap 1 ... flow: 56293 (6.17596 s)
Cap 2 ... flow: 72523 (6.88528 s)
Cap 4 ... flow: 82625 (1.30427 s)
Flow search took (seconds) 14.3998
SUBG cut conductance: 0.139515
SUBG cut minside volume 79920
SUBG cut maxside volume 250580
== End round 30 ==
H expansion: 8.89613, num cross: 735043
H conductance: 0.286972, num cross: 735043
H_single expansion: 8.33959, num cross: 689059
H_single conductance: 0.290681, num cross: 689059
Cap 1 ... flow: 39263 (6.58003 s)
Cap 2 ... flow: 51903 (3.45079 s)
Cap 4 ... flow: 74093 (2.25156 s)
Cap 8 ... flow: 82625 (0.684994 s)
Flow search took (seconds) 13.0079
SUBG cut conductance: 0.070286
SUBG cut minside volume 154170
SUBG cut maxside volume 176330
== End round 31 ==
H expansion: 11.5642, num cross: 955490
H conductance: 0.36138, num cross: 955490
H_single expansion: 10.7802, num cross: 890714
H_single conductance: 0.363929, num cross: 890714
Cap 1 ... flow: 53404 (6.42374 s)
Cap 2 ... flow: 68778 (4.35299 s)
Cap 4 ... flow: 82625 (1.2168 s)
Flow search took (seconds) 12.0221
SUBG cut conductance: 0.0915482
SUBG cut minside volume 157316
SUBG cut maxside volume 173184
== End round 32 ==
H expansion: 11.2308, num cross: 927945
H conductance: 0.340327, num cross: 927945
H_single expansion: 10.5192, num cross: 869147
H_single conductance: 0.345016, num cross: 869147
Cap 1 ... flow: 47963 (6.34748 s)
Cap 2 ... flow: 63466 (4.22841 s)
Cap 4 ... flow: 82625 (1.22223 s)
Flow search took (seconds) 11.827
SUBG cut conductance: 0.0938692
SUBG cut minside volume 159392
SUBG cut maxside volume 171108
== End round 33 ==
H expansion: 11.58, num cross: 956798
H conductance: 0.340588, num cross: 956798
H_single expansion: 10.8226, num cross: 894215
H_single conductance: 0.344157, num cross: 894215
Cap 1 ... flow: 48019 (6.93304 s)
Cap 2 ... flow: 63039 (5.10925 s)
Cap 4 ... flow: 82625 (1.35318 s)
Flow search took (seconds) 13.4242
SUBG cut conductance: 0.0867325
SUBG cut minside volume 157761
SUBG cut maxside volume 172739
== End round 34 ==
H expansion: 12.7591, num cross: 1054217
H conductance: 0.364544, num cross: 1054217
H_single expansion: 11.9116, num cross: 984193
H_single conductance: 0.368366, num cross: 984193
Cap 1 ... flow: 52840 (5.4505 s)
Cap 2 ... flow: 68908 (4.20479 s)
Cap 4 ... flow: 82625 (1.08054 s)
Flow search took (seconds) 10.7633
SUBG cut conductance: 0.108076
SUBG cut minside volume 138292
SUBG cut maxside volume 192208
== End round 35 ==
H expansion: 12.9401, num cross: 1069172
H conductance: 0.359446, num cross: 1069172
H_single expansion: 12.078, num cross: 997943
H_single conductance: 0.363169, num cross: 997943
Cap 1 ... flow: 51403 (5.75212 s)
Cap 2 ... flow: 66343 (3.58006 s)
Cap 4 ... flow: 82625 (1.12343 s)
Flow search took (seconds) 10.4835
SUBG cut conductance: 0.0878205
SUBG cut minside volume 157002
SUBG cut maxside volume 173498
== End round 36 ==
H expansion: 12.2457, num cross: 1011803
H conductance: 0.330966, num cross: 1011803
H_single expansion: 11.4407, num cross: 945284
H_single conductance: 0.335357, num cross: 945284
Cap 1 ... flow: 44796 (7.35457 s)
Cap 2 ... flow: 58175 (3.31799 s)
Cap 4 ... flow: 82625 (1.87418 s)
Flow search took (seconds) 12.5768
SUBG cut conductance: 0.0801353
SUBG cut minside volume 161976
SUBG cut maxside volume 168524
== End round 37 ==
H expansion: 13.5703, num cross: 1121242
H conductance: 0.357112, num cross: 1121242
H_single expansion: 12.6658, num cross: 1046513
H_single conductance: 0.361132, num cross: 1046513
Cap 1 ... flow: 50731 (6.56807 s)
Cap 2 ... flow: 67095 (3.7479 s)
Cap 4 ... flow: 82625 (1.23781 s)
Flow search took (seconds) 11.5824
SUBG cut conductance: 0.0996119
SUBG cut minside volume 148918
SUBG cut maxside volume 181582
== End round 38 ==
H expansion: 13.9768, num cross: 1154837
H conductance: 0.358381, num cross: 1154837
H_single expansion: 13.033, num cross: 1076854
H_single conductance: 0.362872, num cross: 1076854
Cap 1 ... flow: 51786 (6.44785 s)
Cap 2 ... flow: 68432 (3.45453 s)
Cap 4 ... flow: 82625 (1.2046 s)
Flow search took (seconds) 11.1375
SUBG cut conductance: 0.107753
SUBG cut minside volume 140822
SUBG cut maxside volume 189678
== End round 39 ==
H expansion: 14.7298, num cross: 1217052
H conductance: 0.368246, num cross: 1217052
H_single expansion: 13.7182, num cross: 1133464
H_single conductance: 0.372116, num cross: 1133464
Cap 1 ... flow: 52541 (5.58157 s)
Cap 2 ... flow: 68618 (4.75579 s)
Cap 4 ... flow: 82625 (1.13075 s)
Flow search took (seconds) 11.4996
SUBG cut conductance: 0.0923298
SUBG cut minside volume 164324
SUBG cut maxside volume 166176
== End round 40 ==
H expansion: 13.1335, num cross: 1085153
H conductance: 0.320329, num cross: 1085153
H_single expansion: 12.2707, num cross: 1013870
H_single conductance: 0.325516, num cross: 1013870
Cap 1 ... flow: 42797 (5.63798 s)
Cap 2 ... flow: 56948 (3.53999 s)
Cap 4 ... flow: 81566 (2.98248 s)
Cap 8 ... flow: 82625 (0.725891 s)
Flow search took (seconds) 12.9233
SUBG cut conductance: 0.0766732
SUBG cut minside volume 157017
SUBG cut maxside volume 173483
== End round 41 ==
H expansion: 12.9351, num cross: 1068766
H conductance: 0.30798, num cross: 1068766
H_single expansion: 12.0621, num cross: 996632
H_single conductance: 0.312283, num cross: 996632
Cap 1 ... flow: 40529 (7.26569 s)
Cap 2 ... flow: 54255 (3.24082 s)
Cap 4 ... flow: 79657 (5.96393 s)
Cap 8 ... flow: 82625 (0.786801 s)
Flow search took (seconds) 17.2944
SUBG cut conductance: 0.0782867
SUBG cut minside volume 155352
SUBG cut maxside volume 175148
== End round 42 ==
H expansion: 15.6989, num cross: 1297123
H conductance: 0.365091, num cross: 1297123
H_single expansion: 14.5956, num cross: 1205964
H_single conductance: 0.368954, num cross: 1205964
Cap 1 ... flow: 50750 (6.18765 s)
Cap 2 ... flow: 66004 (4.71099 s)
Cap 4 ... flow: 82625 (1.28596 s)
Flow search took (seconds) 12.2138
SUBG cut conductance: 0.0933373
SUBG cut minside volume 156197
SUBG cut maxside volume 174303
== End round 43 ==
H expansion: 17.3707, num cross: 1435252
H conductance: 0.394788, num cross: 1435252
H_single expansion: 16.1235, num cross: 1332206
H_single conductance: 0.398077, num cross: 1332206
Cap 1 ... flow: 56985 (5.82693 s)
Cap 2 ... flow: 70947 (3.0943 s)
Cap 4 ... flow: 82625 (1.017 s)
Flow search took (seconds) 9.96708
SUBG cut conductance: 0.0765757
SUBG cut minside volume 162545
SUBG cut maxside volume 167955
== End round 44 ==
H expansion: 16.3628, num cross: 1351973
H conductance: 0.363617, num cross: 1351973
H_single expansion: 15.2452, num cross: 1259636
H_single conductance: 0.368947, num cross: 1259636
Cap 1 ... flow: 51069 (7.57937 s)
Cap 2 ... flow: 67516 (4.77022 s)
Cap 4 ... flow: 82625 (1.32231 s)
Flow search took (seconds) 13.7008
SUBG cut conductance: 0.103168
SUBG cut minside volume 153837
SUBG cut maxside volume 176663
== End round 45 ==
H expansion: 16.8281, num cross: 1390418
H conductance: 0.365827, num cross: 1390418
H_single expansion: 15.6455, num cross: 1292709
H_single conductance: 0.370694, num cross: 1292709
Cap 1 ... flow: 51120 (6.33514 s)
Cap 2 ... flow: 67056 (3.77671 s)
Cap 4 ... flow: 82625 (1.24321 s)
Flow search took (seconds) 11.3841
SUBG cut conductance: 0.0976407
SUBG cut minside volume 155089
SUBG cut maxside volume 175411
== End round 46 ==
H expansion: 17.1878, num cross: 1420141
H conductance: 0.365698, num cross: 1420141
H_single expansion: 15.9662, num cross: 1319210
H_single conductance: 0.370163, num cross: 1319210
Cap 1 ... flow: 50697 (5.62727 s)
Cap 2 ... flow: 65919 (4.55761 s)
Cap 4 ... flow: 82625 (1.24707 s)
Flow search took (seconds) 11.4613
SUBG cut conductance: 0.0922151
SUBG cut minside volume 157458
SUBG cut maxside volume 173042
== End round 47 ==
H expansion: 16.6044, num cross: 1371938
H conductance: 0.345925, num cross: 1371938
H_single expansion: 15.4421, num cross: 1275906
H_single conductance: 0.351774, num cross: 1275906
Cap 1 ... flow: 45971 (6.98184 s)
Cap 2 ... flow: 59823 (5.17105 s)
Cap 4 ... flow: 82625 (1.44312 s)
Flow search took (seconds) 13.6246
SUBG cut conductance: 0.0791673
SUBG cut minside volume 165346
SUBG cut maxside volume 165154
== End round 48 ==
H expansion: 18.4519, num cross: 1524589
H conductance: 0.37657, num cross: 1524589
H_single expansion: 17.0884, num cross: 1411930
H_single conductance: 0.380688, num cross: 1411930
Cap 1 ... flow: 51766 (5.18959 s)
Cap 2 ... flow: 65962 (4.07637 s)
Cap 4 ... flow: 82625 (1.17313 s)
Flow search took (seconds) 10.4666
SUBG cut conductance: 0.0892273
SUBG cut minside volume 148867
SUBG cut maxside volume 181633
== End round 49 ==
H expansion: 16.2916, num cross: 1346090
H conductance: 0.325831, num cross: 1346090
H_single expansion: 15.1781, num cross: 1254094
H_single conductance: 0.33162, num cross: 1254094
Cap 1 ... flow: 43050 (7.04779 s)
Cap 2 ... flow: 58273 (5.88355 s)
Cap 4 ... flow: 82625 (1.78071 s)
Flow search took (seconds) 14.7412
SUBG cut conductance: 0.091945
SUBG cut minside volume 156213
SUBG cut maxside volume 174287
== End round 50 ==
H expansion: 18.1075, num cross: 1496129
H conductance: 0.355048, num cross: 1496129
H_single expansion: 16.8165, num cross: 1389464
H_single conductance: 0.359953, num cross: 1389464
Cap 1 ... flow: 48551 (5.73928 s)
Cap 2 ... flow: 65258 (4.37953 s)
Cap 4 ... flow: 82625 (1.2576 s)
Flow search took (seconds) 11.4046
SUBG cut conductance: 0.104964
SUBG cut minside volume 150461
SUBG cut maxside volume 180039
== End round 51 ==
H expansion: 19.8755, num cross: 1642214
H conductance: 0.382221, num cross: 1642214
H_single expansion: 18.4191, num cross: 1521882
H_single conductance: 0.387143, num cross: 1521882
Cap 1 ... flow: 54847 (7.17899 s)
Cap 2 ... flow: 71024 (4.52469 s)
Cap 4 ... flow: 82625 (1.24284 s)
Flow search took (seconds) 12.9757
SUBG cut conductance: 0.0897198
SUBG cut minside volume 165103
SUBG cut maxside volume 165397
== End round 52 ==
H expansion: 18.3159, num cross: 1513353
H conductance: 0.345583, num cross: 1513353
H_single expansion: 17.0194, num cross: 1406224
H_single conductance: 0.352184, num cross: 1406224
Cap 1 ... 